# JRE version: OpenJDK Runtime Environment (8.0_222-b10) (build 1.8.0_222-b10)
# Java VM: OpenJDK 64-Bit Server VM (25.222-b10 mixed mode linux-amd64 compressed oops)
Heap:
 PSYoungGen      total 611840K, used 394656K [0x00000000d5580000, 0x0000000100000000, 0x0000000100000000)
  eden space 524800K, 75% used [0x00000000d5580000,0x00000000ed6e8120,0x00000000f5600000)
  from space 87040K, 0% used [0x00000000fab00000,0x00000000fab00000,0x0000000100000000)
  to   space 87040K, 0% used [0x00000000f5600000,0x00000000f5600000,0x00000000fab00000)
 ParOldGen       total 1398272K, used 26592K [0x0000000080000000, 0x00000000d5580000, 0x00000000d5580000)
  object space 1398272K, 1% used [0x0000000080000000,0x00000000819f8138,0x00000000d5580000)
 Metaspace       used 40837K, capacity 41358K, committed 41688K, reserved 1085440K
  class space    used 4607K, capacity 4767K, committed 4864K, reserved 1048576K
GC Heap History (8 events):
Event: 3.460 GC heap before
{Heap before GC invocations=1 (full 0):
 PSYoungGen      total 611840K, used 272897K [0x00000000d5580000, 0x0000000100000000, 0x0000000100000000)
  eden space 524800K, 52% used [0x00000000d5580000,0x00000000e6000740,0x00000000f5600000)
  from space 87040K, 0% used [0x00000000fab00000,0x00000000fab00000,0x0000000100000000)
  to   space 87040K, 0% used [0x00000000f5600000,0x00000000f5600000,0x00000000fab00000)
 ParOldGen       total 1398272K, used 0K [0x0000000080000000, 0x00000000d5580000, 0x00000000d5580000)
  object space 1398272K, 0% used [0x0000000080000000,0x0000000080000000,0x00000000d5580000)
 Metaspace       used 20865K, capacity 21056K, committed 21248K, reserved 1069056K
  class space    used 2413K, capacity 2492K, committed 2560K, reserved 1048576K
Event: 3.504 GC heap after
Heap after GC invocations=1 (full 0):
 PSYoungGen      total 611840K, used 18038K [0x00000000d5580000, 0x0000000100000000, 0x0000000100000000)
  eden space 524800K, 0% used [0x00000000d5580000,0x00000000d5580000,0x00000000f5600000)
  from space 87040K, 20% used [0x00000000f5600000,0x00000000f679d8c0,0x00000000fab00000)
  to   space 87040K, 0% used [0x00000000fab00000,0x00000000fab00000,0x0000000100000000)
 ParOldGen       total 1398272K, used 16K [0x0000000080000000, 0x00000000d5580000, 0x00000000d5580000)
  object space 1398272K, 0% used [0x0000000080000000,0x0000000080004000,0x00000000d5580000)
 Metaspace       used 20865K, capacity 21056K, committed 21248K, reserved 1069056K
  class space    used 2413K, capacity 2492K, committed 2560K, reserved 1048576K
}
Event: 3.504 GC heap before
{Heap before GC invocations=2 (full 1):
 PSYoungGen      total 611840K, used 18038K [0x00000000d5580000, 0x0000000100000000, 0x0000000100000000)
  eden space 524800K, 0% used [0x00000000d5580000,0x00000000d5580000,0x00000000f5600000)
  from space 87040K, 20% used [0x00000000f5600000,0x00000000f679d8c0,0x00000000fab00000)
  to   space 87040K, 0% used [0x00000000fab00000,0x00000000fab00000,0x0000000100000000)
 ParOldGen       total 1398272K, used 16K [0x0000000080000000, 0x00000000d5580000, 0x00000000d5580000)
  object space 1398272K, 0% used [0x0000000080000000,0x0000000080004000,0x00000000d5580000)
 Metaspace       used 20865K, capacity 21056K, committed 21248K, reserved 1069056K
  class space    used 2413K, capacity 2492K, committed 2560K, reserved 1048576K
Event: 3.582 GC heap after
Heap after GC invocations=2 (full 1):
 PSYoungGen      total 611840K, used 0K [0x00000000d5580000, 0x0000000100000000, 0x0000000100000000)
  eden space 524800K, 0% used [0x00000000d5580000,0x00000000d5580000,0x00000000f5600000)
  from space 87040K, 0% used [0x00000000f5600000,0x00000000f5600000,0x00000000fab00000)
  to   space 87040K, 0% used [0x00000000fab00000,0x00000000fab00000,0x0000000100000000)
 ParOldGen       total 875520K, used 17462K [0x0000000080000000, 0x00000000b5700000, 0x00000000d5580000)
  object space 875520K, 1% used [0x0000000080000000,0x000000008110daa0,0x00000000b5700000)
 Metaspace       used 20865K, capacity 21056K, committed 21248K, reserved 1069056K
  class space    used 2413K, capacity 2492K, committed 2560K, reserved 1048576K
}
Event: 6.999 GC heap before
{Heap before GC invocations=3 (full 1):
 PSYoungGen      total 611840K, used 267863K [0x00000000d5580000, 0x0000000100000000, 0x0000000100000000)
  eden space 524800K, 51% used [0x00000000d5580000,0x00000000e5b15c60,0x00000000f5600000)
  from space 87040K, 0% used [0x00000000f5600000,0x00000000f5600000,0x00000000fab00000)
  to   space 87040K, 0% used [0x00000000fab00000,0x00000000fab00000,0x0000000100000000)
 ParOldGen       total 875520K, used 17462K [0x0000000080000000, 0x00000000b5700000, 0x00000000d5580000)
  object space 875520K, 1% used [0x0000000080000000,0x000000008110daa0,0x00000000b5700000)
 Metaspace       used 34692K, capacity 35020K, committed 35416K, reserved 1081344K
  class space    used 4011K, capacity 4134K, committed 4224K, reserved 1048576K
Event: 7.026 GC heap after
Heap after GC invocations=3 (full 1):
 PSYoungGen      total 611840K, used 18763K [0x00000000d5580000, 0x0000000100000000, 0x0000000100000000)
  eden space 524800K, 0% used [0x00000000d5580000,0x00000000d5580000,0x00000000f5600000)
  from space 87040K, 21% used [0x00000000fab00000,0x00000000fbd52c60,0x0000000100000000)
  to   space 87040K, 0% used [0x00000000f5600000,0x00000000f5600000,0x00000000fab00000)
 ParOldGen       total 875520K, used 17470K [0x0000000080000000, 0x00000000b5700000, 0x00000000d5580000)
  object space 875520K, 1% used [0x0000000080000000,0x000000008110faa0,0x00000000b5700000)
 Metaspace       used 34692K, capacity 35020K, committed 35416K, reserved 1081344K
  class space    used 4011K, capacity 4134K, committed 4224K, reserved 1048576K
}
Event: 7.026 GC heap before
{Heap before GC invocations=4 (full 2):
 PSYoungGen      total 611840K, used 18763K [0x00000000d5580000, 0x0000000100000000, 0x0000000100000000)
  eden space 524800K, 0% used [0x00000000d5580000,0x00000000d5580000,0x00000000f5600000)
  from space 87040K, 21% used [0x00000000fab00000,0x00000000fbd52c60,0x0000000100000000)
  to   space 87040K, 0% used [0x00000000f5600000,0x00000000f5600000,0x00000000fab00000)
 ParOldGen       total 875520K, used 17470K [0x0000000080000000, 0x00000000b5700000, 0x00000000d5580000)
  object space 875520K, 1% used [0x0000000080000000,0x000000008110faa0,0x00000000b5700000)
 Metaspace       used 34692K, capacity 35020K, committed 35416K, reserved 1081344K
  class space    used 4011K, capacity 4134K, committed 4224K, reserved 1048576K
Event: 7.090 GC heap after
Heap after GC invocations=4 (full 2):
 PSYoungGen      total 611840K, used 0K [0x00000000d5580000, 0x0000000100000000, 0x0000000100000000)
  eden space 524800K, 0% used [0x00000000d5580000,0x00000000d5580000,0x00000000f5600000)
  from space 87040K, 0% used [0x00000000fab00000,0x00000000fab00000,0x0000000100000000)
  to   space 87040K, 0% used [0x00000000f5600000,0x00000000f5600000,0x00000000fab00000)
 ParOldGen       total 1398272K, used 26592K [0x0000000080000000, 0x00000000d5580000, 0x00000000d5580000)
  object space 1398272K, 1% used [0x0000000080000000,0x00000000819f8138,0x00000000d5580000)
 Metaspace       used 34692K, capacity 35020K, committed 35416K, reserved 1081344K
  class space    used 4011K, capacity 4134K, committed 4224K, reserved 1048576K
}

