<?xml version="1.0" encoding="UTF-8"?>
<testsuite xmlns:xsi="http://www.w3.org/2001/XMLSchema-instance" xsi:noNamespaceSchemaLocation="https://maven.apache.org/surefire/maven-surefire-plugin/xsd/surefire-test-report.xsd" name="org.apache.hadoop.fs.ozone.contract.ITestOzoneContractDistCp" time="56.964" tests="6" errors="3" skipped="0" failures="0">
  <properties>
[...]
</properties>
  <testcase name="testUpdateDeepDirectoryStructureNoChange" classname="org.apache.hadoop.fs.ozone.contract.ITestOzoneContractDistCp" time="15.588">
    <error message="DistCp failure: Job job_local758618715_0002 has failed: NA" type="java.io.IOException">java.io.IOException: DistCp failure: Job job_local758618715_0002 has failed: NA
	at org.apache.hadoop.tools.DistCp.waitForJobCompletion(DistCp.java:230)
	at org.apache.hadoop.tools.DistCp.execute(DistCp.java:185)
	at org.apache.hadoop.tools.contract.AbstractContractDistCpTest.runDistCp(AbstractContractDistCpTest.java:560)
	at org.apache.hadoop.tools.contract.AbstractContractDistCpTest.distCpUpdate(AbstractContractDistCpTest.java:316)
	at org.apache.hadoop.tools.contract.AbstractContractDistCpTest.testUpdateDeepDirectoryStructureNoChange(AbstractContractDistCpTest.java:234)
	at sun.reflect.NativeMethodAccessorImpl.invoke0(Native Method)
	at sun.reflect.NativeMethodAccessorImpl.invoke(NativeMethodAccessorImpl.java:62)
	at sun.reflect.DelegatingMethodAccessorImpl.invoke(DelegatingMethodAccessorImpl.java:43)
	at java.lang.reflect.Method.invoke(Method.java:498)
	at org.junit.runners.model.FrameworkMethod$1.runReflectiveCall(FrameworkMethod.java:47)
	at org.junit.internal.runners.model.ReflectiveCallable.run(ReflectiveCallable.java:12)
	at org.junit.runners.model.FrameworkMethod.invokeExplosively(FrameworkMethod.java:44)
	at org.junit.internal.runners.statements.InvokeMethod.evaluate(InvokeMethod.java:17)
	at org.junit.internal.runners.statements.RunBefores.evaluate(RunBefores.java:26)
	at org.junit.internal.runners.statements.RunAfters.evaluate(RunAfters.java:27)
	at org.junit.rules.TestWatcher$1.evaluate(TestWatcher.java:55)
	at org.junit.rules.TestWatcher$1.evaluate(TestWatcher.java:55)
	at org.junit.internal.runners.statements.FailOnTimeout$StatementThread.run(FailOnTimeout.java:74)
</error>
    <system-out><![CDATA[2019-11-07 23:15:34,724 [JUnit] WARN  server.ServerUtils (ServerUtils.java:getScmDbDir(145)) - ozone.scm.db.dirs is not configured. We recommend adding this setting. Falling back to ozone.metadata.dirs instead.
2019-11-07 23:15:34,831 [JUnit] WARN  server.ServerUtils (ServerUtils.java:getScmDbDir(145)) - ozone.scm.db.dirs is not configured. We recommend adding this setting. Falling back to ozone.metadata.dirs instead.
2019-11-07 23:15:34,834 [JUnit] WARN  server.ServerUtils (ServerUtils.java:getScmDbDir(145)) - ozone.scm.db.dirs is not configured. We recommend adding this setting. Falling back to ozone.metadata.dirs instead.
2019-11-07 23:15:34,858 [JUnit] INFO  util.log (Log.java:initialized(192)) - Logging initialized @865ms
2019-11-07 23:15:35,020 [JUnit] INFO  db.DBStoreBuilder (DBStoreBuilder.java:addTable(127)) - using custom profile for table: deletedBlocks
2019-11-07 23:15:35,021 [JUnit] INFO  db.DBStoreBuilder (DBStoreBuilder.java:processTables(183)) - Using default column profile:DBProfile.DISK for Table:deletedBlocks
2019-11-07 23:15:35,021 [JUnit] INFO  db.DBStoreBuilder (DBStoreBuilder.java:addTable(127)) - using custom profile for table: validCerts
2019-11-07 23:15:35,022 [JUnit] INFO  db.DBStoreBuilder (DBStoreBuilder.java:processTables(183)) - Using default column profile:DBProfile.DISK for Table:validCerts
2019-11-07 23:15:35,022 [JUnit] INFO  db.DBStoreBuilder (DBStoreBuilder.java:addTable(127)) - using custom profile for table: revokedCerts
2019-11-07 23:15:35,022 [JUnit] INFO  db.DBStoreBuilder (DBStoreBuilder.java:processTables(183)) - Using default column profile:DBProfile.DISK for Table:revokedCerts
2019-11-07 23:15:35,038 [JUnit] INFO  db.DBStoreBuilder (DBStoreBuilder.java:addTable(127)) - using custom profile for table: default
2019-11-07 23:15:35,039 [JUnit] INFO  db.DBStoreBuilder (DBStoreBuilder.java:processTables(189)) - Using default column profile:DBProfile.DISK for Table:default
2019-11-07 23:15:35,041 [JUnit] INFO  db.DBStoreBuilder (DBStoreBuilder.java:getDbProfile(220)) - Using default options. DBProfile.DISK
2019-11-07 23:15:35,407 [JUnit] INFO  net.NodeSchemaLoader (NodeSchemaLoader.java:loadSchemaFromFile(125)) - Loading file from sun.misc.CompoundEnumeration@31190526
2019-11-07 23:15:35,409 [JUnit] INFO  net.NodeSchemaLoader (NodeSchemaLoader.java:loadSchema(171)) - Loading network topology layer schema file
2019-11-07 23:15:35,482 [JUnit] WARN  server.ServerUtils (ServerUtils.java:sanitizeUserArgs(70)) - ozone.scm.stale.node.interval value = 300000 is larger than max = 100000 based on the key value of ozone.scm.heartbeat.thread.interval, reset to the max value 100000.
2019-11-07 23:15:35,484 [JUnit] WARN  server.ServerUtils (ServerUtils.java:sanitizeUserArgs(70)) - ozone.scm.stale.node.interval value = 300000 is larger than max = 100000 based on the key value of ozone.scm.heartbeat.thread.interval, reset to the max value 100000.
2019-11-07 23:15:35,487 [JUnit] INFO  node.SCMNodeManager (SCMNodeManager.java:<init>(116)) - Entering startup safe mode.
2019-11-07 23:15:35,613 [JUnit] INFO  algorithms.ContainerPlacementPolicyFactory (ContainerPlacementPolicyFactory.java:getPolicy(57)) - Create container placement policy of type org.apache.hadoop.hdds.scm.container.placement.algorithms.SCMContainerPlacementRandom
2019-11-07 23:15:35,628 [JUnit] WARN  server.ServerUtils (ServerUtils.java:getScmDbDir(145)) - ozone.scm.db.dirs is not configured. We recommend adding this setting. Falling back to ozone.metadata.dirs instead.
2019-11-07 23:15:35,732 [JUnit] INFO  pipeline.SCMPipelineManager (SCMPipelineManager.java:initializePipelineState(132)) - No pipeline exists in current db
2019-11-07 23:15:35,736 [JUnit] WARN  server.ServerUtils (ServerUtils.java:getScmDbDir(145)) - ozone.scm.db.dirs is not configured. We recommend adding this setting. Falling back to ozone.metadata.dirs instead.
2019-11-07 23:15:35,866 [JUnit] WARN  events.EventQueue (EventQueue.java:fireEvent(183)) - No event handler registered for event TypedEvent{payloadType=SafeModeStatus, name='SafeModeStatus'}
2019-11-07 23:15:36,268 [JUnit] INFO  ipc.CallQueueManager (CallQueueManager.java:<init>(84)) - Using callQueue: class java.util.concurrent.LinkedBlockingQueue, queueCapacity: 2000, scheduler: class org.apache.hadoop.ipc.DefaultRpcScheduler, ipcBackoff: false.
2019-11-07 23:15:36,375 [Socket Reader #1 for port 43279] INFO  ipc.Server (Server.java:run(1074)) - Starting Socket Reader #1 for port 43279
2019-11-07 23:15:36,399 [JUnit] INFO  ipc.CallQueueManager (CallQueueManager.java:<init>(84)) - Using callQueue: class java.util.concurrent.LinkedBlockingQueue, queueCapacity: 2000, scheduler: class org.apache.hadoop.ipc.DefaultRpcScheduler, ipcBackoff: false.
2019-11-07 23:15:36,400 [Socket Reader #1 for port 46786] INFO  ipc.Server (Server.java:run(1074)) - Starting Socket Reader #1 for port 46786
2019-11-07 23:15:36,408 [JUnit] INFO  ipc.CallQueueManager (CallQueueManager.java:<init>(84)) - Using callQueue: class java.util.concurrent.LinkedBlockingQueue, queueCapacity: 2000, scheduler: class org.apache.hadoop.ipc.DefaultRpcScheduler, ipcBackoff: false.
2019-11-07 23:15:36,408 [Socket Reader #1 for port 38234] INFO  ipc.Server (Server.java:run(1074)) - Starting Socket Reader #1 for port 38234
2019-11-07 23:15:36,429 [JUnit] INFO  hdfs.DFSUtil (DFSUtil.java:httpServerTemplateForNNAndJN(1641)) - Starting Web-server for scm at: http://0.0.0.0:0
2019-11-07 23:15:36,534 [JUnit] INFO  server.AuthenticationFilter (AuthenticationFilter.java:constructSecretProvider(240)) - Unable to initialize FileSignerSecretProvider, falling back to use random secrets.
2019-11-07 23:15:36,549 [JUnit] WARN  http.HttpRequestLog (HttpRequestLog.java:getRequestLog(97)) - Jetty request log can only be enabled using Log4j
2019-11-07 23:15:36,557 [JUnit] INFO  http.HttpServer2 (HttpServer2.java:addGlobalFilter(975)) - Added global filter 'safety' (class=org.apache.hadoop.http.HttpServer2$QuotingInputFilter)
2019-11-07 23:15:36,560 [JUnit] INFO  http.HttpServer2 (HttpServer2.java:addFilter(948)) - Added filter static_user_filter (class=org.apache.hadoop.http.lib.StaticUserWebFilter$StaticUserFilter) to context scm
2019-11-07 23:15:36,560 [JUnit] INFO  http.HttpServer2 (HttpServer2.java:addFilter(958)) - Added filter static_user_filter (class=org.apache.hadoop.http.lib.StaticUserWebFilter$StaticUserFilter) to context logs
2019-11-07 23:15:36,560 [JUnit] INFO  http.HttpServer2 (HttpServer2.java:addFilter(958)) - Added filter static_user_filter (class=org.apache.hadoop.http.lib.StaticUserWebFilter$StaticUserFilter) to context static
2019-11-07 23:15:36,587 [JUnit] INFO  server.StorageContainerManager (StorageContainerManager.java:start(764)) - StorageContainerLocationProtocol RPC server is listening at /0.0.0.0:38234
2019-11-07 23:15:36,635 [JUnit] WARN  impl.MetricsConfig (MetricsConfig.java:loadFirst(134)) - Cannot locate configuration: tried hadoop-metrics2-storagecontainermanager.properties,hadoop-metrics2.properties
2019-11-07 23:15:36,646 [JUnit] INFO  impl.MetricsSystemImpl (MetricsSystemImpl.java:startTimer(374)) - Scheduled Metric snapshot period at 10 second(s).
2019-11-07 23:15:36,647 [JUnit] INFO  impl.MetricsSystemImpl (MetricsSystemImpl.java:start(191)) - StorageContainerManager metrics system started
2019-11-07 23:15:36,843 [JUnit] INFO  server.SCMClientProtocolServer (SCMClientProtocolServer.java:start(159)) - RPC server for Client  is listening at /0.0.0.0:38234
2019-11-07 23:15:36,843 [IPC Server Responder] INFO  ipc.Server (Server.java:run(1314)) - IPC Server Responder: starting
2019-11-07 23:15:36,843 [IPC Server listener on 38234] INFO  ipc.Server (Server.java:run(1153)) - IPC Server listener on 38234: starting
2019-11-07 23:15:36,846 [JUnit] INFO  server.StorageContainerManager (StorageContainerManager.java:start(774)) - ScmBlockLocationProtocol RPC server is listening at /0.0.0.0:46786
2019-11-07 23:15:36,847 [JUnit] INFO  server.SCMBlockProtocolServer (SCMBlockProtocolServer.java:start(146)) - RPC server for Block Protocol is listening at /0.0.0.0:46786
2019-11-07 23:15:36,847 [IPC Server Responder] INFO  ipc.Server (Server.java:run(1314)) - IPC Server Responder: starting
2019-11-07 23:15:36,848 [IPC Server listener on 46786] INFO  ipc.Server (Server.java:run(1153)) - IPC Server listener on 46786: starting
2019-11-07 23:15:36,850 [JUnit] INFO  server.StorageContainerManager (StorageContainerManager.java:start(778)) - ScmDatanodeProtocl RPC server is listening at /0.0.0.0:43279
2019-11-07 23:15:36,850 [JUnit] INFO  server.SCMDatanodeProtocolServer (SCMDatanodeProtocolServer.java:start(169)) - RPC server for DataNodes is listening at /0.0.0.0:43279
2019-11-07 23:15:36,851 [IPC Server Responder] INFO  ipc.Server (Server.java:run(1314)) - IPC Server Responder: starting
2019-11-07 23:15:36,851 [IPC Server listener on 43279] INFO  ipc.Server (Server.java:run(1153)) - IPC Server listener on 43279: starting
2019-11-07 23:15:36,855 [JUnit] INFO  http.HttpServer2 (HttpServer2.java:bindListener(1191)) - Jetty bound to port 38653
2019-11-07 23:15:36,857 [JUnit] INFO  server.Server (Server.java:doStart(351)) - jetty-9.3.25.v20180904, build timestamp: 2018-09-04T21:11:46Z, git hash: 3ce520221d0240229c862b122d2b06c12a625732
2019-11-07 23:15:36,893 [JUnit] INFO  handler.ContextHandler (ContextHandler.java:doStart(781)) - Started o.e.j.s.ServletContextHandler@7096b474{/logs,file:///workdir/hadoop-ozone/ozonefs/target/log,AVAILABLE}
2019-11-07 23:15:36,894 [JUnit] INFO  handler.ContextHandler (ContextHandler.java:doStart(781)) - Started o.e.j.s.ServletContextHandler@3d3ba765{/static,jar:file:/home/user/.m2/repository/org/apache/hadoop/hadoop-hdds-server-scm/0.5.0-SNAPSHOT/hadoop-hdds-server-scm-0.5.0-SNAPSHOT.jar!/webapps/static,AVAILABLE}
2019-11-07 23:15:36,974 [JUnit] INFO  handler.ContextHandler (ContextHandler.java:doStart(781)) - Started o.e.j.w.WebAppContext@797501a{/,file:///tmp/jetty-0.0.0.0-38653-scm-_-any-5928604747189913481.dir/webapp/,AVAILABLE}{/scm}
2019-11-07 23:15:36,981 [JUnit] INFO  server.AbstractConnector (AbstractConnector.java:doStart(278)) - Started ServerConnector@285f09de{HTTP/1.1,[http/1.1]}{0.0.0.0:38653}
2019-11-07 23:15:36,981 [JUnit] INFO  server.Server (Server.java:doStart(419)) - Started @2988ms
2019-11-07 23:15:36,983 [JUnit] INFO  impl.MetricsSinkAdapter (MetricsSinkAdapter.java:start(204)) - Sink prometheus started
2019-11-07 23:15:36,983 [JUnit] INFO  impl.MetricsSystemImpl (MetricsSystemImpl.java:registerSink(301)) - Registered sink prometheus
2019-11-07 23:15:36,985 [JUnit] INFO  server.BaseHttpServer (BaseHttpServer.java:updateConnectorAddress(215)) - HTTP server of SCM is listening at http://0.0.0.0:38653
2019-11-07 23:15:36,993 [org.apache.hadoop.util.JvmPauseMonitor$Monitor@345e5a17] INFO  util.JvmPauseMonitor (JvmPauseMonitor.java:run(188)) - Starting JVM pause monitor
2019-11-07 23:15:36,999 [JUnit] WARN  server.ServerUtils (ServerUtils.java:getDBPath(222)) - ozone.om.db.dirs is not configured. We recommend adding this setting. Falling back to ozone.metadata.dirs instead.
2019-11-07 23:15:37,109 [JUnit] INFO  ha.OMHANodeDetails (OMHANodeDetails.java:loadOMHAConfig(190)) - Configuration either no ozone.om.address set. Falling back to the default OM address /127.0.0.1:0
2019-11-07 23:15:37,109 [JUnit] INFO  ha.OMHANodeDetails (OMHANodeDetails.java:getOMNodeDetails(220)) - OM Service ID is not set. Setting it to the default ID: omServiceIdDefault
2019-11-07 23:15:37,111 [JUnit] WARN  server.ServerUtils (ServerUtils.java:getDBPath(222)) - ozone.om.db.dirs is not configured. We recommend adding this setting. Falling back to ozone.metadata.dirs instead.
2019-11-07 23:15:37,112 [JUnit] WARN  server.ServerUtils (ServerUtils.java:getDBPath(222)) - ozone.om.db.dirs is not configured. We recommend adding this setting. Falling back to ozone.metadata.dirs instead.
2019-11-07 23:15:37,763 [JUnit] WARN  server.ServerUtils (ServerUtils.java:getDBPath(222)) - ozone.om.db.dirs is not configured. We recommend adding this setting. Falling back to ozone.metadata.dirs instead.
2019-11-07 23:15:37,774 [JUnit] INFO  db.DBStoreBuilder (DBStoreBuilder.java:addTable(127)) - using custom profile for table: userTable
2019-11-07 23:15:37,774 [JUnit] INFO  db.DBStoreBuilder (DBStoreBuilder.java:processTables(183)) - Using default column profile:DBProfile.DISK for Table:userTable
2019-11-07 23:15:37,775 [JUnit] INFO  db.DBStoreBuilder (DBStoreBuilder.java:addTable(127)) - using custom profile for table: volumeTable
2019-11-07 23:15:37,775 [JUnit] INFO  db.DBStoreBuilder (DBStoreBuilder.java:processTables(183)) - Using default column profile:DBProfile.DISK for Table:volumeTable
2019-11-07 23:15:37,775 [JUnit] INFO  db.DBStoreBuilder (DBStoreBuilder.java:addTable(127)) - using custom profile for table: bucketTable
2019-11-07 23:15:37,775 [JUnit] INFO  db.DBStoreBuilder (DBStoreBuilder.java:processTables(183)) - Using default column profile:DBProfile.DISK for Table:bucketTable
2019-11-07 23:15:37,776 [JUnit] INFO  db.DBStoreBuilder (DBStoreBuilder.java:addTable(127)) - using custom profile for table: keyTable
2019-11-07 23:15:37,776 [JUnit] INFO  db.DBStoreBuilder (DBStoreBuilder.java:processTables(183)) - Using default column profile:DBProfile.DISK for Table:keyTable
2019-11-07 23:15:37,776 [JUnit] INFO  db.DBStoreBuilder (DBStoreBuilder.java:addTable(127)) - using custom profile for table: deletedTable
2019-11-07 23:15:37,776 [JUnit] INFO  db.DBStoreBuilder (DBStoreBuilder.java:processTables(183)) - Using default column profile:DBProfile.DISK for Table:deletedTable
2019-11-07 23:15:37,776 [JUnit] INFO  db.DBStoreBuilder (DBStoreBuilder.java:addTable(127)) - using custom profile for table: openKeyTable
2019-11-07 23:15:37,777 [JUnit] INFO  db.DBStoreBuilder (DBStoreBuilder.java:processTables(183)) - Using default column profile:DBProfile.DISK for Table:openKeyTable
2019-11-07 23:15:37,777 [JUnit] INFO  db.DBStoreBuilder (DBStoreBuilder.java:addTable(127)) - using custom profile for table: s3Table
2019-11-07 23:15:37,777 [JUnit] INFO  db.DBStoreBuilder (DBStoreBuilder.java:processTables(183)) - Using default column profile:DBProfile.DISK for Table:s3Table
2019-11-07 23:15:37,777 [JUnit] INFO  db.DBStoreBuilder (DBStoreBuilder.java:addTable(127)) - using custom profile for table: multipartInfoTable
2019-11-07 23:15:37,777 [JUnit] INFO  db.DBStoreBuilder (DBStoreBuilder.java:processTables(183)) - Using default column profile:DBProfile.DISK for Table:multipartInfoTable
2019-11-07 23:15:37,778 [JUnit] INFO  db.DBStoreBuilder (DBStoreBuilder.java:addTable(127)) - using custom profile for table: dTokenTable
2019-11-07 23:15:37,778 [JUnit] INFO  db.DBStoreBuilder (DBStoreBuilder.java:processTables(183)) - Using default column profile:DBProfile.DISK for Table:dTokenTable
2019-11-07 23:15:37,778 [JUnit] INFO  db.DBStoreBuilder (DBStoreBuilder.java:addTable(127)) - using custom profile for table: s3SecretTable
2019-11-07 23:15:37,778 [JUnit] INFO  db.DBStoreBuilder (DBStoreBuilder.java:processTables(183)) - Using default column profile:DBProfile.DISK for Table:s3SecretTable
2019-11-07 23:15:37,778 [JUnit] INFO  db.DBStoreBuilder (DBStoreBuilder.java:addTable(127)) - using custom profile for table: prefixTable
2019-11-07 23:15:37,779 [JUnit] INFO  db.DBStoreBuilder (DBStoreBuilder.java:processTables(183)) - Using default column profile:DBProfile.DISK for Table:prefixTable
2019-11-07 23:15:37,779 [JUnit] INFO  db.DBStoreBuilder (DBStoreBuilder.java:addTable(127)) - using custom profile for table: default
2019-11-07 23:15:37,779 [JUnit] INFO  db.DBStoreBuilder (DBStoreBuilder.java:processTables(189)) - Using default column profile:DBProfile.DISK for Table:default
2019-11-07 23:15:37,779 [JUnit] INFO  db.DBStoreBuilder (DBStoreBuilder.java:getDbProfile(220)) - Using default options. DBProfile.DISK
2019-11-07 23:15:38,316 [JUnit] INFO  ipc.CallQueueManager (CallQueueManager.java:<init>(84)) - Using callQueue: class java.util.concurrent.LinkedBlockingQueue, queueCapacity: 2000, scheduler: class org.apache.hadoop.ipc.DefaultRpcScheduler, ipcBackoff: false.
2019-11-07 23:15:38,317 [Socket Reader #1 for port 34155] INFO  ipc.Server (Server.java:run(1074)) - Starting Socket Reader #1 for port 34155
2019-11-07 23:15:38,346 [JUnit] INFO  om.OzoneManager (OzoneManager.java:start(1076)) - OzoneManager RPC server is listening at localhost/127.0.0.1:34155
2019-11-07 23:15:38,346 [JUnit] INFO  impl.MetricsSystemImpl (MetricsSystemImpl.java:init(158)) - OzoneManager metrics system started (again)
2019-11-07 23:15:38,357 [IPC Server Responder] INFO  ipc.Server (Server.java:run(1314)) - IPC Server Responder: starting
2019-11-07 23:15:38,357 [IPC Server listener on 34155] INFO  ipc.Server (Server.java:run(1153)) - IPC Server listener on 34155: starting
2019-11-07 23:15:38,364 [JUnit] INFO  hdfs.DFSUtil (DFSUtil.java:httpServerTemplateForNNAndJN(1641)) - Starting Web-server for ozoneManager at: http://0.0.0.0:0
2019-11-07 23:15:38,368 [JUnit] INFO  server.AuthenticationFilter (AuthenticationFilter.java:constructSecretProvider(240)) - Unable to initialize FileSignerSecretProvider, falling back to use random secrets.
2019-11-07 23:15:38,369 [JUnit] WARN  http.HttpRequestLog (HttpRequestLog.java:getRequestLog(97)) - Jetty request log can only be enabled using Log4j
2019-11-07 23:15:38,373 [JUnit] INFO  http.HttpServer2 (HttpServer2.java:addGlobalFilter(975)) - Added global filter 'safety' (class=org.apache.hadoop.http.HttpServer2$QuotingInputFilter)
2019-11-07 23:15:38,375 [JUnit] INFO  http.HttpServer2 (HttpServer2.java:addFilter(948)) - Added filter static_user_filter (class=org.apache.hadoop.http.lib.StaticUserWebFilter$StaticUserFilter) to context ozoneManager
2019-11-07 23:15:38,375 [JUnit] INFO  http.HttpServer2 (HttpServer2.java:addFilter(958)) - Added filter static_user_filter (class=org.apache.hadoop.http.lib.StaticUserWebFilter$StaticUserFilter) to context static
2019-11-07 23:15:38,376 [JUnit] INFO  http.HttpServer2 (HttpServer2.java:addFilter(958)) - Added filter static_user_filter (class=org.apache.hadoop.http.lib.StaticUserWebFilter$StaticUserFilter) to context logs
2019-11-07 23:15:38,379 [JUnit] INFO  http.HttpServer2 (HttpServer2.java:bindListener(1191)) - Jetty bound to port 39861
2019-11-07 23:15:38,379 [JUnit] INFO  server.Server (Server.java:doStart(351)) - jetty-9.3.25.v20180904, build timestamp: 2018-09-04T21:11:46Z, git hash: 3ce520221d0240229c862b122d2b06c12a625732
2019-11-07 23:15:38,382 [JUnit] INFO  handler.ContextHandler (ContextHandler.java:doStart(781)) - Started o.e.j.s.ServletContextHandler@4a55a6e8{/logs,file:///workdir/hadoop-ozone/ozonefs/target/log,AVAILABLE}
2019-11-07 23:15:38,383 [JUnit] INFO  handler.ContextHandler (ContextHandler.java:doStart(781)) - Started o.e.j.s.ServletContextHandler@226b143b{/static,jar:file:/home/user/.m2/repository/org/apache/hadoop/hadoop-ozone-ozone-manager/0.5.0-SNAPSHOT/hadoop-ozone-ozone-manager-0.5.0-SNAPSHOT.jar!/webapps/static,AVAILABLE}
2019-11-07 23:15:38,446 [JUnit] INFO  handler.ContextHandler (ContextHandler.java:doStart(781)) - Started o.e.j.w.WebAppContext@476ec9d0{/,file:///tmp/jetty-0.0.0.0-39861-ozoneManager-_-any-8693752257286023308.dir/webapp/,AVAILABLE}{/ozoneManager}
2019-11-07 23:15:38,446 [JUnit] INFO  server.AbstractConnector (AbstractConnector.java:doStart(278)) - Started ServerConnector@325bb9a6{HTTP/1.1,[http/1.1]}{0.0.0.0:39861}
2019-11-07 23:15:38,447 [JUnit] INFO  server.Server (Server.java:doStart(419)) - Started @4454ms
2019-11-07 23:15:38,447 [JUnit] WARN  impl.MetricsSystemImpl (MetricsSystemImpl.java:register(276)) - Sink prometheus already exists!
2019-11-07 23:15:38,449 [JUnit] INFO  server.BaseHttpServer (BaseHttpServer.java:updateConnectorAddress(215)) - HTTP server of OZONEMANAGER is listening at http://0.0.0.0:39861
2019-11-07 23:15:38,721 [JUnit] INFO  impl.MetricsSystemImpl (MetricsSystemImpl.java:init(158)) - HddsDatanode metrics system started (again)
2019-11-07 23:15:38,780 [JUnit] INFO  ozone.HddsDatanodeService (HddsDatanodeService.java:start(186)) - HddsDatanodeService host:pr-hdds-1987-lwcp2-3076063516 ip:192.168.157.230
2019-11-07 23:15:38,820 [JUnit] INFO  volume.HddsVolume (HddsVolume.java:<init>(176)) - Creating Volume: /workdir/hadoop-ozone/ozonefs/target/test-dir/MiniOzoneClusterImpl-ce19a789-e322-46fb-9c0a-968c15258761/datanode-0/data/containers/hdds of  storage type : DISK and capacity : 1482555576320
2019-11-07 23:15:38,823 [JUnit] INFO  volume.VolumeSet (VolumeSet.java:initializeVolumeSet(170)) - Added Volume : /workdir/hadoop-ozone/ozonefs/target/test-dir/MiniOzoneClusterImpl-ce19a789-e322-46fb-9c0a-968c15258761/datanode-0/data/containers/hdds to VolumeSet
2019-11-07 23:15:38,828 [JUnit] INFO  volume.ThrottledAsyncChecker (ThrottledAsyncChecker.java:schedule(141)) - Scheduling a check for /workdir/hadoop-ozone/ozonefs/target/test-dir/MiniOzoneClusterImpl-ce19a789-e322-46fb-9c0a-968c15258761/datanode-0/data/containers/hdds
2019-11-07 23:15:38,854 [JUnit] INFO  volume.HddsVolumeChecker (HddsVolumeChecker.java:checkAllVolumes(204)) - Scheduled health check for volume /workdir/hadoop-ozone/ozonefs/target/test-dir/MiniOzoneClusterImpl-ce19a789-e322-46fb-9c0a-968c15258761/datanode-0/data/containers/hdds
2019-11-07 23:15:38,974 [JUnit] INFO  impl.RaftServerProxy (ConfUtils.java:logGet(43)) - raft.rpc.type = GRPC (default)
2019-11-07 23:15:39,030 [JUnit] INFO  grpc.GrpcFactory (GrpcFactory.java:checkPooledByteBufAllocatorUseCacheForAllThreads(45)) - PERFORMANCE WARNING: useCacheForAllThreads is true that may cause Netty to create a lot garbage objects and, as a result, trigger GC.
	It is recommended to disable useCacheForAllThreads by setting -Dorg.apache.ratis.thirdparty.io.netty.allocator.useCacheForAllThreads=false in command line.
2019-11-07 23:15:39,035 [JUnit] INFO  grpc.GrpcConfigKeys$Server (ConfUtils.java:logGet(43)) - raft.grpc.server.port = 0 (default)
2019-11-07 23:15:39,035 [JUnit] INFO  server.GrpcService (ConfUtils.java:logGet(43)) - raft.grpc.message.size.max = 33570816 (custom)
2019-11-07 23:15:39,036 [JUnit] INFO  server.RaftServerConfigKeys (ConfUtils.java:logGet(43)) - raft.server.log.appender.buffer.byte-limit = 33554432 (custom)
2019-11-07 23:15:39,037 [JUnit] INFO  server.GrpcService (ConfUtils.java:logGet(43)) - raft.grpc.flow.control.window = 1MB (=1048576) (default)
2019-11-07 23:15:39,038 [JUnit] INFO  server.RaftServerConfigKeys (ConfUtils.java:logGet(43)) - raft.server.rpc.request.timeout = 3000ms (default)
2019-11-07 23:15:39,275 [JUnit] INFO  server.RaftServerConfigKeys (ConfUtils.java:logGet(43)) - raft.server.storage.dir = [/workdir/hadoop-ozone/ozonefs/target/test-dir/MiniOzoneClusterImpl-ce19a789-e322-46fb-9c0a-968c15258761/datanode-0/data/ratis] (custom)
2019-11-07 23:15:39,370 [JUnit] INFO  hdfs.DFSUtil (DFSUtil.java:httpServerTemplateForNNAndJN(1641)) - Starting Web-server for hddsDatanode at: http://0.0.0.0:0
2019-11-07 23:15:39,374 [JUnit] INFO  server.AuthenticationFilter (AuthenticationFilter.java:constructSecretProvider(240)) - Unable to initialize FileSignerSecretProvider, falling back to use random secrets.
2019-11-07 23:15:39,375 [JUnit] WARN  http.HttpRequestLog (HttpRequestLog.java:getRequestLog(97)) - Jetty request log can only be enabled using Log4j
2019-11-07 23:15:39,378 [JUnit] INFO  http.HttpServer2 (HttpServer2.java:addGlobalFilter(975)) - Added global filter 'safety' (class=org.apache.hadoop.http.HttpServer2$QuotingInputFilter)
2019-11-07 23:15:39,379 [JUnit] INFO  http.HttpServer2 (HttpServer2.java:addFilter(948)) - Added filter static_user_filter (class=org.apache.hadoop.http.lib.StaticUserWebFilter$StaticUserFilter) to context hddsDatanode
2019-11-07 23:15:39,379 [JUnit] INFO  http.HttpServer2 (HttpServer2.java:addFilter(958)) - Added filter static_user_filter (class=org.apache.hadoop.http.lib.StaticUserWebFilter$StaticUserFilter) to context logs
2019-11-07 23:15:39,380 [JUnit] INFO  http.HttpServer2 (HttpServer2.java:addFilter(958)) - Added filter static_user_filter (class=org.apache.hadoop.http.lib.StaticUserWebFilter$StaticUserFilter) to context static
2019-11-07 23:15:39,381 [JUnit] INFO  http.HttpServer2 (HttpServer2.java:bindListener(1191)) - Jetty bound to port 33924
2019-11-07 23:15:39,381 [JUnit] INFO  server.Server (Server.java:doStart(351)) - jetty-9.3.25.v20180904, build timestamp: 2018-09-04T21:11:46Z, git hash: 3ce520221d0240229c862b122d2b06c12a625732
2019-11-07 23:15:39,385 [JUnit] INFO  handler.ContextHandler (ContextHandler.java:doStart(781)) - Started o.e.j.s.ServletContextHandler@cb7fa71{/logs,file:///workdir/hadoop-ozone/ozonefs/target/log,AVAILABLE}
2019-11-07 23:15:39,386 [JUnit] INFO  handler.ContextHandler (ContextHandler.java:doStart(781)) - Started o.e.j.s.ServletContextHandler@4b6e1c0{/static,jar:file:/home/user/.m2/repository/org/apache/hadoop/hadoop-hdds-container-service/0.5.0-SNAPSHOT/hadoop-hdds-container-service-0.5.0-SNAPSHOT.jar!/webapps/static,AVAILABLE}
2019-11-07 23:15:39,450 [JUnit] INFO  handler.ContextHandler (ContextHandler.java:doStart(781)) - Started o.e.j.w.WebAppContext@7ceb4478{/,file:///tmp/jetty-0.0.0.0-33924-hddsDatanode-_-any-2535319377902175337.dir/webapp/,AVAILABLE}{/hddsDatanode}
2019-11-07 23:15:39,452 [JUnit] INFO  server.AbstractConnector (AbstractConnector.java:doStart(278)) - Started ServerConnector@7fdab70c{HTTP/1.1,[http/1.1]}{0.0.0.0:33924}
2019-11-07 23:15:39,453 [JUnit] INFO  server.Server (Server.java:doStart(419)) - Started @5460ms
2019-11-07 23:15:39,453 [JUnit] WARN  impl.MetricsSystemImpl (MetricsSystemImpl.java:register(276)) - Sink prometheus already exists!
2019-11-07 23:15:39,454 [JUnit] INFO  server.BaseHttpServer (BaseHttpServer.java:updateConnectorAddress(215)) - HTTP server of HDDSDATANODE is listening at http://0.0.0.0:33924
2019-11-07 23:15:39,455 [JUnit] INFO  impl.MetricsSystemImpl (MetricsSystemImpl.java:init(158)) - HddsDatanode metrics system started (again)
2019-11-07 23:15:39,459 [JUnit] INFO  ozone.HddsDatanodeService (HddsDatanodeService.java:start(186)) - HddsDatanodeService host:pr-hdds-1987-lwcp2-3076063516 ip:192.168.157.230
2019-11-07 23:15:39,461 [org.apache.hadoop.util.JvmPauseMonitor$Monitor@ca31140] INFO  util.JvmPauseMonitor (JvmPauseMonitor.java:run(188)) - Starting JVM pause monitor
2019-11-07 23:15:39,467 [JUnit] INFO  volume.HddsVolume (HddsVolume.java:<init>(176)) - Creating Volume: /workdir/hadoop-ozone/ozonefs/target/test-dir/MiniOzoneClusterImpl-ce19a789-e322-46fb-9c0a-968c15258761/datanode-1/data/containers/hdds of  storage type : DISK and capacity : 1482555576320
2019-11-07 23:15:39,468 [JUnit] INFO  volume.VolumeSet (VolumeSet.java:initializeVolumeSet(170)) - Added Volume : /workdir/hadoop-ozone/ozonefs/target/test-dir/MiniOzoneClusterImpl-ce19a789-e322-46fb-9c0a-968c15258761/datanode-1/data/containers/hdds to VolumeSet
2019-11-07 23:15:39,468 [JUnit] INFO  volume.ThrottledAsyncChecker (ThrottledAsyncChecker.java:schedule(141)) - Scheduling a check for /workdir/hadoop-ozone/ozonefs/target/test-dir/MiniOzoneClusterImpl-ce19a789-e322-46fb-9c0a-968c15258761/datanode-1/data/containers/hdds
2019-11-07 23:15:39,469 [JUnit] INFO  volume.HddsVolumeChecker (HddsVolumeChecker.java:checkAllVolumes(204)) - Scheduled health check for volume /workdir/hadoop-ozone/ozonefs/target/test-dir/MiniOzoneClusterImpl-ce19a789-e322-46fb-9c0a-968c15258761/datanode-1/data/containers/hdds
2019-11-07 23:15:39,500 [JUnit] INFO  impl.RaftServerProxy (ConfUtils.java:logGet(43)) - raft.rpc.type = GRPC (default)
2019-11-07 23:15:39,501 [JUnit] INFO  grpc.GrpcFactory (GrpcFactory.java:checkPooledByteBufAllocatorUseCacheForAllThreads(45)) - PERFORMANCE WARNING: useCacheForAllThreads is true that may cause Netty to create a lot garbage objects and, as a result, trigger GC.
	It is recommended to disable useCacheForAllThreads by setting -Dorg.apache.ratis.thirdparty.io.netty.allocator.useCacheForAllThreads=false in command line.
2019-11-07 23:15:39,501 [JUnit] INFO  grpc.GrpcConfigKeys$Server (ConfUtils.java:logGet(43)) - raft.grpc.server.port = 0 (default)
2019-11-07 23:15:39,501 [JUnit] INFO  server.GrpcService (ConfUtils.java:logGet(43)) - raft.grpc.message.size.max = 33570816 (custom)
2019-11-07 23:15:39,501 [JUnit] INFO  server.RaftServerConfigKeys (ConfUtils.java:logGet(43)) - raft.server.log.appender.buffer.byte-limit = 33554432 (custom)
2019-11-07 23:15:39,502 [JUnit] INFO  server.GrpcService (ConfUtils.java:logGet(43)) - raft.grpc.flow.control.window = 1MB (=1048576) (default)
2019-11-07 23:15:39,505 [JUnit] INFO  server.RaftServerConfigKeys (ConfUtils.java:logGet(43)) - raft.server.rpc.request.timeout = 3000ms (default)
2019-11-07 23:15:39,506 [JUnit] INFO  server.RaftServerConfigKeys (ConfUtils.java:logGet(43)) - raft.server.storage.dir = [/workdir/hadoop-ozone/ozonefs/target/test-dir/MiniOzoneClusterImpl-ce19a789-e322-46fb-9c0a-968c15258761/datanode-1/data/ratis] (custom)
2019-11-07 23:15:39,508 [JUnit] INFO  hdfs.DFSUtil (DFSUtil.java:httpServerTemplateForNNAndJN(1641)) - Starting Web-server for hddsDatanode at: http://0.0.0.0:0
2019-11-07 23:15:39,510 [JUnit] INFO  server.AuthenticationFilter (AuthenticationFilter.java:constructSecretProvider(240)) - Unable to initialize FileSignerSecretProvider, falling back to use random secrets.
2019-11-07 23:15:39,511 [JUnit] WARN  http.HttpRequestLog (HttpRequestLog.java:getRequestLog(97)) - Jetty request log can only be enabled using Log4j
2019-11-07 23:15:39,514 [JUnit] INFO  http.HttpServer2 (HttpServer2.java:addGlobalFilter(975)) - Added global filter 'safety' (class=org.apache.hadoop.http.HttpServer2$QuotingInputFilter)
2019-11-07 23:15:39,515 [JUnit] INFO  http.HttpServer2 (HttpServer2.java:addFilter(948)) - Added filter static_user_filter (class=org.apache.hadoop.http.lib.StaticUserWebFilter$StaticUserFilter) to context hddsDatanode
2019-11-07 23:15:39,516 [JUnit] INFO  http.HttpServer2 (HttpServer2.java:addFilter(958)) - Added filter static_user_filter (class=org.apache.hadoop.http.lib.StaticUserWebFilter$StaticUserFilter) to context logs
2019-11-07 23:15:39,516 [JUnit] INFO  http.HttpServer2 (HttpServer2.java:addFilter(958)) - Added filter static_user_filter (class=org.apache.hadoop.http.lib.StaticUserWebFilter$StaticUserFilter) to context static
2019-11-07 23:15:39,517 [JUnit] INFO  http.HttpServer2 (HttpServer2.java:bindListener(1191)) - Jetty bound to port 32889
2019-11-07 23:15:39,517 [JUnit] INFO  server.Server (Server.java:doStart(351)) - jetty-9.3.25.v20180904, build timestamp: 2018-09-04T21:11:46Z, git hash: 3ce520221d0240229c862b122d2b06c12a625732
2019-11-07 23:15:39,521 [JUnit] INFO  handler.ContextHandler (ContextHandler.java:doStart(781)) - Started o.e.j.s.ServletContextHandler@28da7d11{/logs,file:///workdir/hadoop-ozone/ozonefs/target/log,AVAILABLE}
2019-11-07 23:15:39,522 [JUnit] INFO  handler.ContextHandler (ContextHandler.java:doStart(781)) - Started o.e.j.s.ServletContextHandler@5624657a{/static,jar:file:/home/user/.m2/repository/org/apache/hadoop/hadoop-hdds-container-service/0.5.0-SNAPSHOT/hadoop-hdds-container-service-0.5.0-SNAPSHOT.jar!/webapps/static,AVAILABLE}
2019-11-07 23:15:39,558 [JUnit] INFO  handler.ContextHandler (ContextHandler.java:doStart(781)) - Started o.e.j.w.WebAppContext@5dd903be{/,file:///tmp/jetty-0.0.0.0-32889-hddsDatanode-_-any-3396316684292528205.dir/webapp/,AVAILABLE}{/hddsDatanode}
2019-11-07 23:15:39,560 [JUnit] INFO  server.AbstractConnector (AbstractConnector.java:doStart(278)) - Started ServerConnector@12e0f1cb{HTTP/1.1,[http/1.1]}{0.0.0.0:32889}
2019-11-07 23:15:39,561 [JUnit] INFO  server.Server (Server.java:doStart(419)) - Started @5568ms
2019-11-07 23:15:39,561 [JUnit] WARN  impl.MetricsSystemImpl (MetricsSystemImpl.java:register(276)) - Sink prometheus already exists!
2019-11-07 23:15:39,562 [JUnit] INFO  server.BaseHttpServer (BaseHttpServer.java:updateConnectorAddress(215)) - HTTP server of HDDSDATANODE is listening at http://0.0.0.0:32889
2019-11-07 23:15:39,563 [JUnit] INFO  impl.MetricsSystemImpl (MetricsSystemImpl.java:init(158)) - HddsDatanode metrics system started (again)
2019-11-07 23:15:39,564 [org.apache.hadoop.util.JvmPauseMonitor$Monitor@1940d0ce] INFO  util.JvmPauseMonitor (JvmPauseMonitor.java:run(188)) - Starting JVM pause monitor
2019-11-07 23:15:39,567 [JUnit] INFO  ozone.HddsDatanodeService (HddsDatanodeService.java:start(186)) - HddsDatanodeService host:pr-hdds-1987-lwcp2-3076063516 ip:192.168.157.230
2019-11-07 23:15:39,577 [JUnit] INFO  volume.HddsVolume (HddsVolume.java:<init>(176)) - Creating Volume: /workdir/hadoop-ozone/ozonefs/target/test-dir/MiniOzoneClusterImpl-ce19a789-e322-46fb-9c0a-968c15258761/datanode-2/data/containers/hdds of  storage type : DISK and capacity : 1482555576320
2019-11-07 23:15:39,577 [JUnit] INFO  volume.VolumeSet (VolumeSet.java:initializeVolumeSet(170)) - Added Volume : /workdir/hadoop-ozone/ozonefs/target/test-dir/MiniOzoneClusterImpl-ce19a789-e322-46fb-9c0a-968c15258761/datanode-2/data/containers/hdds to VolumeSet
2019-11-07 23:15:39,578 [JUnit] INFO  volume.ThrottledAsyncChecker (ThrottledAsyncChecker.java:schedule(141)) - Scheduling a check for /workdir/hadoop-ozone/ozonefs/target/test-dir/MiniOzoneClusterImpl-ce19a789-e322-46fb-9c0a-968c15258761/datanode-2/data/containers/hdds
2019-11-07 23:15:39,579 [JUnit] INFO  volume.HddsVolumeChecker (HddsVolumeChecker.java:checkAllVolumes(204)) - Scheduled health check for volume /workdir/hadoop-ozone/ozonefs/target/test-dir/MiniOzoneClusterImpl-ce19a789-e322-46fb-9c0a-968c15258761/datanode-2/data/containers/hdds
2019-11-07 23:15:39,588 [Datanode State Machine Thread - 0] INFO  datanode.InitDatanodeState (InitDatanodeState.java:persistContainerDatanodeDetails(140)) - DatanodeDetails is persisted to /workdir/hadoop-ozone/ozonefs/target/test-dir/MiniOzoneClusterImpl-ce19a789-e322-46fb-9c0a-968c15258761/datanode-0/meta/datanode.id
2019-11-07 23:15:39,591 [Datanode State Machine Thread - 0] INFO  datanode.InitDatanodeState (InitDatanodeState.java:persistContainerDatanodeDetails(140)) - DatanodeDetails is persisted to /workdir/hadoop-ozone/ozonefs/target/test-dir/MiniOzoneClusterImpl-ce19a789-e322-46fb-9c0a-968c15258761/datanode-1/meta/datanode.id
2019-11-07 23:15:39,609 [JUnit] INFO  impl.RaftServerProxy (ConfUtils.java:logGet(43)) - raft.rpc.type = GRPC (default)
2019-11-07 23:15:39,609 [JUnit] INFO  grpc.GrpcFactory (GrpcFactory.java:checkPooledByteBufAllocatorUseCacheForAllThreads(45)) - PERFORMANCE WARNING: useCacheForAllThreads is true that may cause Netty to create a lot garbage objects and, as a result, trigger GC.
	It is recommended to disable useCacheForAllThreads by setting -Dorg.apache.ratis.thirdparty.io.netty.allocator.useCacheForAllThreads=false in command line.
2019-11-07 23:15:39,609 [JUnit] INFO  grpc.GrpcConfigKeys$Server (ConfUtils.java:logGet(43)) - raft.grpc.server.port = 0 (default)
2019-11-07 23:15:39,610 [JUnit] INFO  server.GrpcService (ConfUtils.java:logGet(43)) - raft.grpc.message.size.max = 33570816 (custom)
2019-11-07 23:15:39,610 [JUnit] INFO  server.RaftServerConfigKeys (ConfUtils.java:logGet(43)) - raft.server.log.appender.buffer.byte-limit = 33554432 (custom)
2019-11-07 23:15:39,610 [JUnit] INFO  server.GrpcService (ConfUtils.java:logGet(43)) - raft.grpc.flow.control.window = 1MB (=1048576) (default)
2019-11-07 23:15:39,610 [JUnit] INFO  server.RaftServerConfigKeys (ConfUtils.java:logGet(43)) - raft.server.rpc.request.timeout = 3000ms (default)
2019-11-07 23:15:39,611 [JUnit] INFO  server.RaftServerConfigKeys (ConfUtils.java:logGet(43)) - raft.server.storage.dir = [/workdir/hadoop-ozone/ozonefs/target/test-dir/MiniOzoneClusterImpl-ce19a789-e322-46fb-9c0a-968c15258761/datanode-2/data/ratis] (custom)
2019-11-07 23:15:39,613 [JUnit] INFO  hdfs.DFSUtil (DFSUtil.java:httpServerTemplateForNNAndJN(1641)) - Starting Web-server for hddsDatanode at: http://0.0.0.0:0
2019-11-07 23:15:39,615 [JUnit] INFO  server.AuthenticationFilter (AuthenticationFilter.java:constructSecretProvider(240)) - Unable to initialize FileSignerSecretProvider, falling back to use random secrets.
2019-11-07 23:15:39,615 [JUnit] WARN  http.HttpRequestLog (HttpRequestLog.java:getRequestLog(97)) - Jetty request log can only be enabled using Log4j
2019-11-07 23:15:39,617 [JUnit] INFO  http.HttpServer2 (HttpServer2.java:addGlobalFilter(975)) - Added global filter 'safety' (class=org.apache.hadoop.http.HttpServer2$QuotingInputFilter)
2019-11-07 23:15:39,618 [JUnit] INFO  http.HttpServer2 (HttpServer2.java:addFilter(948)) - Added filter static_user_filter (class=org.apache.hadoop.http.lib.StaticUserWebFilter$StaticUserFilter) to context hddsDatanode
2019-11-07 23:15:39,618 [JUnit] INFO  http.HttpServer2 (HttpServer2.java:addFilter(958)) - Added filter static_user_filter (class=org.apache.hadoop.http.lib.StaticUserWebFilter$StaticUserFilter) to context logs
2019-11-07 23:15:39,619 [JUnit] INFO  http.HttpServer2 (HttpServer2.java:addFilter(958)) - Added filter static_user_filter (class=org.apache.hadoop.http.lib.StaticUserWebFilter$StaticUserFilter) to context static
2019-11-07 23:15:39,619 [JUnit] INFO  http.HttpServer2 (HttpServer2.java:bindListener(1191)) - Jetty bound to port 37074
2019-11-07 23:15:39,619 [JUnit] INFO  server.Server (Server.java:doStart(351)) - jetty-9.3.25.v20180904, build timestamp: 2018-09-04T21:11:46Z, git hash: 3ce520221d0240229c862b122d2b06c12a625732
2019-11-07 23:15:39,621 [JUnit] INFO  handler.ContextHandler (ContextHandler.java:doStart(781)) - Started o.e.j.s.ServletContextHandler@72f9f27c{/logs,file:///workdir/hadoop-ozone/ozonefs/target/log,AVAILABLE}
2019-11-07 23:15:39,622 [JUnit] INFO  handler.ContextHandler (ContextHandler.java:doStart(781)) - Started o.e.j.s.ServletContextHandler@762637be{/static,jar:file:/home/user/.m2/repository/org/apache/hadoop/hadoop-hdds-container-service/0.5.0-SNAPSHOT/hadoop-hdds-container-service-0.5.0-SNAPSHOT.jar!/webapps/static,AVAILABLE}
2019-11-07 23:15:39,652 [JUnit] INFO  handler.ContextHandler (ContextHandler.java:doStart(781)) - Started o.e.j.w.WebAppContext@715b886f{/,file:///tmp/jetty-0.0.0.0-37074-hddsDatanode-_-any-4518354308247879405.dir/webapp/,AVAILABLE}{/hddsDatanode}
2019-11-07 23:15:39,653 [JUnit] INFO  server.AbstractConnector (AbstractConnector.java:doStart(278)) - Started ServerConnector@7fb29ca9{HTTP/1.1,[http/1.1]}{0.0.0.0:37074}
2019-11-07 23:15:39,654 [JUnit] INFO  server.Server (Server.java:doStart(419)) - Started @5661ms
2019-11-07 23:15:39,654 [JUnit] WARN  impl.MetricsSystemImpl (MetricsSystemImpl.java:register(276)) - Sink prometheus already exists!
2019-11-07 23:15:39,655 [JUnit] INFO  server.BaseHttpServer (BaseHttpServer.java:updateConnectorAddress(215)) - HTTP server of HDDSDATANODE is listening at http://0.0.0.0:37074
2019-11-07 23:15:39,656 [JUnit] INFO  impl.MetricsSystemImpl (MetricsSystemImpl.java:init(158)) - HddsDatanode metrics system started (again)
2019-11-07 23:15:39,658 [org.apache.hadoop.util.JvmPauseMonitor$Monitor@ebfcdc0] INFO  util.JvmPauseMonitor (JvmPauseMonitor.java:run(188)) - Starting JVM pause monitor
2019-11-07 23:15:39,658 [JUnit] INFO  ozone.HddsDatanodeService (HddsDatanodeService.java:start(186)) - HddsDatanodeService host:pr-hdds-1987-lwcp2-3076063516 ip:192.168.157.230
2019-11-07 23:15:39,660 [Datanode State Machine Thread - 0] INFO  datanode.InitDatanodeState (InitDatanodeState.java:persistContainerDatanodeDetails(140)) - DatanodeDetails is persisted to /workdir/hadoop-ozone/ozonefs/target/test-dir/MiniOzoneClusterImpl-ce19a789-e322-46fb-9c0a-968c15258761/datanode-2/meta/datanode.id
2019-11-07 23:15:39,665 [JUnit] INFO  volume.HddsVolume (HddsVolume.java:<init>(176)) - Creating Volume: /workdir/hadoop-ozone/ozonefs/target/test-dir/MiniOzoneClusterImpl-ce19a789-e322-46fb-9c0a-968c15258761/datanode-3/data/containers/hdds of  storage type : DISK and capacity : 1482555576320
2019-11-07 23:15:39,666 [JUnit] INFO  volume.VolumeSet (VolumeSet.java:initializeVolumeSet(170)) - Added Volume : /workdir/hadoop-ozone/ozonefs/target/test-dir/MiniOzoneClusterImpl-ce19a789-e322-46fb-9c0a-968c15258761/datanode-3/data/containers/hdds to VolumeSet
2019-11-07 23:15:39,666 [JUnit] INFO  volume.ThrottledAsyncChecker (ThrottledAsyncChecker.java:schedule(141)) - Scheduling a check for /workdir/hadoop-ozone/ozonefs/target/test-dir/MiniOzoneClusterImpl-ce19a789-e322-46fb-9c0a-968c15258761/datanode-3/data/containers/hdds
2019-11-07 23:15:39,666 [JUnit] INFO  volume.HddsVolumeChecker (HddsVolumeChecker.java:checkAllVolumes(204)) - Scheduled health check for volume /workdir/hadoop-ozone/ozonefs/target/test-dir/MiniOzoneClusterImpl-ce19a789-e322-46fb-9c0a-968c15258761/datanode-3/data/containers/hdds
2019-11-07 23:15:39,689 [JUnit] INFO  impl.RaftServerProxy (ConfUtils.java:logGet(43)) - raft.rpc.type = GRPC (default)
2019-11-07 23:15:39,689 [JUnit] INFO  grpc.GrpcFactory (GrpcFactory.java:checkPooledByteBufAllocatorUseCacheForAllThreads(45)) - PERFORMANCE WARNING: useCacheForAllThreads is true that may cause Netty to create a lot garbage objects and, as a result, trigger GC.
	It is recommended to disable useCacheForAllThreads by setting -Dorg.apache.ratis.thirdparty.io.netty.allocator.useCacheForAllThreads=false in command line.
2019-11-07 23:15:39,690 [JUnit] INFO  grpc.GrpcConfigKeys$Server (ConfUtils.java:logGet(43)) - raft.grpc.server.port = 0 (default)
2019-11-07 23:15:39,690 [JUnit] INFO  server.GrpcService (ConfUtils.java:logGet(43)) - raft.grpc.message.size.max = 33570816 (custom)
2019-11-07 23:15:39,690 [JUnit] INFO  server.RaftServerConfigKeys (ConfUtils.java:logGet(43)) - raft.server.log.appender.buffer.byte-limit = 33554432 (custom)
2019-11-07 23:15:39,690 [JUnit] INFO  server.GrpcService (ConfUtils.java:logGet(43)) - raft.grpc.flow.control.window = 1MB (=1048576) (default)
2019-11-07 23:15:39,690 [JUnit] INFO  server.RaftServerConfigKeys (ConfUtils.java:logGet(43)) - raft.server.rpc.request.timeout = 3000ms (default)
2019-11-07 23:15:39,691 [JUnit] INFO  server.RaftServerConfigKeys (ConfUtils.java:logGet(43)) - raft.server.storage.dir = [/workdir/hadoop-ozone/ozonefs/target/test-dir/MiniOzoneClusterImpl-ce19a789-e322-46fb-9c0a-968c15258761/datanode-3/data/ratis] (custom)
2019-11-07 23:15:39,693 [JUnit] INFO  hdfs.DFSUtil (DFSUtil.java:httpServerTemplateForNNAndJN(1641)) - Starting Web-server for hddsDatanode at: http://0.0.0.0:0
2019-11-07 23:15:39,695 [JUnit] INFO  server.AuthenticationFilter (AuthenticationFilter.java:constructSecretProvider(240)) - Unable to initialize FileSignerSecretProvider, falling back to use random secrets.
2019-11-07 23:15:39,696 [JUnit] WARN  http.HttpRequestLog (HttpRequestLog.java:getRequestLog(97)) - Jetty request log can only be enabled using Log4j
2019-11-07 23:15:39,699 [JUnit] INFO  http.HttpServer2 (HttpServer2.java:addGlobalFilter(975)) - Added global filter 'safety' (class=org.apache.hadoop.http.HttpServer2$QuotingInputFilter)
2019-11-07 23:15:39,700 [JUnit] INFO  http.HttpServer2 (HttpServer2.java:addFilter(948)) - Added filter static_user_filter (class=org.apache.hadoop.http.lib.StaticUserWebFilter$StaticUserFilter) to context hddsDatanode
2019-11-07 23:15:39,701 [JUnit] INFO  http.HttpServer2 (HttpServer2.java:addFilter(958)) - Added filter static_user_filter (class=org.apache.hadoop.http.lib.StaticUserWebFilter$StaticUserFilter) to context static
2019-11-07 23:15:39,701 [JUnit] INFO  http.HttpServer2 (HttpServer2.java:addFilter(958)) - Added filter static_user_filter (class=org.apache.hadoop.http.lib.StaticUserWebFilter$StaticUserFilter) to context logs
2019-11-07 23:15:39,702 [JUnit] INFO  http.HttpServer2 (HttpServer2.java:bindListener(1191)) - Jetty bound to port 46706
2019-11-07 23:15:39,702 [JUnit] INFO  server.Server (Server.java:doStart(351)) - jetty-9.3.25.v20180904, build timestamp: 2018-09-04T21:11:46Z, git hash: 3ce520221d0240229c862b122d2b06c12a625732
2019-11-07 23:15:39,706 [JUnit] INFO  handler.ContextHandler (ContextHandler.java:doStart(781)) - Started o.e.j.s.ServletContextHandler@44cffc25{/logs,file:///workdir/hadoop-ozone/ozonefs/target/log,AVAILABLE}
2019-11-07 23:15:39,707 [JUnit] INFO  handler.ContextHandler (ContextHandler.java:doStart(781)) - Started o.e.j.s.ServletContextHandler@25aeb5ac{/static,jar:file:/home/user/.m2/repository/org/apache/hadoop/hadoop-hdds-container-service/0.5.0-SNAPSHOT/hadoop-hdds-container-service-0.5.0-SNAPSHOT.jar!/webapps/static,AVAILABLE}
2019-11-07 23:15:39,744 [JUnit] INFO  handler.ContextHandler (ContextHandler.java:doStart(781)) - Started o.e.j.w.WebAppContext@127a7272{/,file:///tmp/jetty-0.0.0.0-46706-hddsDatanode-_-any-1706050694831837140.dir/webapp/,AVAILABLE}{/hddsDatanode}
2019-11-07 23:15:39,745 [JUnit] INFO  server.AbstractConnector (AbstractConnector.java:doStart(278)) - Started ServerConnector@ff23ae7{HTTP/1.1,[http/1.1]}{0.0.0.0:46706}
2019-11-07 23:15:39,745 [JUnit] INFO  server.Server (Server.java:doStart(419)) - Started @5752ms
2019-11-07 23:15:39,745 [JUnit] WARN  impl.MetricsSystemImpl (MetricsSystemImpl.java:register(276)) - Sink prometheus already exists!
2019-11-07 23:15:39,746 [JUnit] INFO  server.BaseHttpServer (BaseHttpServer.java:updateConnectorAddress(215)) - HTTP server of HDDSDATANODE is listening at http://0.0.0.0:46706
2019-11-07 23:15:39,747 [JUnit] INFO  impl.MetricsSystemImpl (MetricsSystemImpl.java:init(158)) - HddsDatanode metrics system started (again)
2019-11-07 23:15:39,749 [org.apache.hadoop.util.JvmPauseMonitor$Monitor@4622a457] INFO  util.JvmPauseMonitor (JvmPauseMonitor.java:run(188)) - Starting JVM pause monitor
2019-11-07 23:15:39,750 [JUnit] INFO  ozone.HddsDatanodeService (HddsDatanodeService.java:start(186)) - HddsDatanodeService host:pr-hdds-1987-lwcp2-3076063516 ip:192.168.157.230
2019-11-07 23:15:39,752 [Datanode State Machine Thread - 0] INFO  datanode.InitDatanodeState (InitDatanodeState.java:persistContainerDatanodeDetails(140)) - DatanodeDetails is persisted to /workdir/hadoop-ozone/ozonefs/target/test-dir/MiniOzoneClusterImpl-ce19a789-e322-46fb-9c0a-968c15258761/datanode-3/meta/datanode.id
2019-11-07 23:15:39,758 [JUnit] INFO  volume.HddsVolume (HddsVolume.java:<init>(176)) - Creating Volume: /workdir/hadoop-ozone/ozonefs/target/test-dir/MiniOzoneClusterImpl-ce19a789-e322-46fb-9c0a-968c15258761/datanode-4/data/containers/hdds of  storage type : DISK and capacity : 1482555576320
2019-11-07 23:15:39,759 [JUnit] INFO  volume.VolumeSet (VolumeSet.java:initializeVolumeSet(170)) - Added Volume : /workdir/hadoop-ozone/ozonefs/target/test-dir/MiniOzoneClusterImpl-ce19a789-e322-46fb-9c0a-968c15258761/datanode-4/data/containers/hdds to VolumeSet
2019-11-07 23:15:39,759 [JUnit] INFO  volume.ThrottledAsyncChecker (ThrottledAsyncChecker.java:schedule(141)) - Scheduling a check for /workdir/hadoop-ozone/ozonefs/target/test-dir/MiniOzoneClusterImpl-ce19a789-e322-46fb-9c0a-968c15258761/datanode-4/data/containers/hdds
2019-11-07 23:15:39,760 [JUnit] INFO  volume.HddsVolumeChecker (HddsVolumeChecker.java:checkAllVolumes(204)) - Scheduled health check for volume /workdir/hadoop-ozone/ozonefs/target/test-dir/MiniOzoneClusterImpl-ce19a789-e322-46fb-9c0a-968c15258761/datanode-4/data/containers/hdds
2019-11-07 23:15:39,783 [JUnit] INFO  impl.RaftServerProxy (ConfUtils.java:logGet(43)) - raft.rpc.type = GRPC (default)
2019-11-07 23:15:39,784 [JUnit] INFO  grpc.GrpcFactory (GrpcFactory.java:checkPooledByteBufAllocatorUseCacheForAllThreads(45)) - PERFORMANCE WARNING: useCacheForAllThreads is true that may cause Netty to create a lot garbage objects and, as a result, trigger GC.
	It is recommended to disable useCacheForAllThreads by setting -Dorg.apache.ratis.thirdparty.io.netty.allocator.useCacheForAllThreads=false in command line.
2019-11-07 23:15:39,784 [JUnit] INFO  grpc.GrpcConfigKeys$Server (ConfUtils.java:logGet(43)) - raft.grpc.server.port = 0 (default)
2019-11-07 23:15:39,784 [JUnit] INFO  server.GrpcService (ConfUtils.java:logGet(43)) - raft.grpc.message.size.max = 33570816 (custom)
2019-11-07 23:15:39,784 [JUnit] INFO  server.RaftServerConfigKeys (ConfUtils.java:logGet(43)) - raft.server.log.appender.buffer.byte-limit = 33554432 (custom)
2019-11-07 23:15:39,785 [JUnit] INFO  server.GrpcService (ConfUtils.java:logGet(43)) - raft.grpc.flow.control.window = 1MB (=1048576) (default)
2019-11-07 23:15:39,785 [JUnit] INFO  server.RaftServerConfigKeys (ConfUtils.java:logGet(43)) - raft.server.rpc.request.timeout = 3000ms (default)
2019-11-07 23:15:39,786 [JUnit] INFO  server.RaftServerConfigKeys (ConfUtils.java:logGet(43)) - raft.server.storage.dir = [/workdir/hadoop-ozone/ozonefs/target/test-dir/MiniOzoneClusterImpl-ce19a789-e322-46fb-9c0a-968c15258761/datanode-4/data/ratis] (custom)
2019-11-07 23:15:39,788 [JUnit] INFO  hdfs.DFSUtil (DFSUtil.java:httpServerTemplateForNNAndJN(1641)) - Starting Web-server for hddsDatanode at: http://0.0.0.0:0
2019-11-07 23:15:39,790 [JUnit] INFO  server.AuthenticationFilter (AuthenticationFilter.java:constructSecretProvider(240)) - Unable to initialize FileSignerSecretProvider, falling back to use random secrets.
2019-11-07 23:15:39,791 [JUnit] WARN  http.HttpRequestLog (HttpRequestLog.java:getRequestLog(97)) - Jetty request log can only be enabled using Log4j
2019-11-07 23:15:39,793 [JUnit] INFO  http.HttpServer2 (HttpServer2.java:addGlobalFilter(975)) - Added global filter 'safety' (class=org.apache.hadoop.http.HttpServer2$QuotingInputFilter)
2019-11-07 23:15:39,794 [JUnit] INFO  http.HttpServer2 (HttpServer2.java:addFilter(948)) - Added filter static_user_filter (class=org.apache.hadoop.http.lib.StaticUserWebFilter$StaticUserFilter) to context hddsDatanode
2019-11-07 23:15:39,794 [JUnit] INFO  http.HttpServer2 (HttpServer2.java:addFilter(958)) - Added filter static_user_filter (class=org.apache.hadoop.http.lib.StaticUserWebFilter$StaticUserFilter) to context static
2019-11-07 23:15:39,794 [JUnit] INFO  http.HttpServer2 (HttpServer2.java:addFilter(958)) - Added filter static_user_filter (class=org.apache.hadoop.http.lib.StaticUserWebFilter$StaticUserFilter) to context logs
2019-11-07 23:15:39,795 [JUnit] INFO  http.HttpServer2 (HttpServer2.java:bindListener(1191)) - Jetty bound to port 34812
2019-11-07 23:15:39,795 [JUnit] INFO  server.Server (Server.java:doStart(351)) - jetty-9.3.25.v20180904, build timestamp: 2018-09-04T21:11:46Z, git hash: 3ce520221d0240229c862b122d2b06c12a625732
2019-11-07 23:15:39,797 [JUnit] INFO  handler.ContextHandler (ContextHandler.java:doStart(781)) - Started o.e.j.s.ServletContextHandler@26586b74{/logs,file:///workdir/hadoop-ozone/ozonefs/target/log,AVAILABLE}
2019-11-07 23:15:39,798 [JUnit] INFO  handler.ContextHandler (ContextHandler.java:doStart(781)) - Started o.e.j.s.ServletContextHandler@6e041285{/static,jar:file:/home/user/.m2/repository/org/apache/hadoop/hadoop-hdds-container-service/0.5.0-SNAPSHOT/hadoop-hdds-container-service-0.5.0-SNAPSHOT.jar!/webapps/static,AVAILABLE}
2019-11-07 23:15:39,827 [JUnit] INFO  handler.ContextHandler (ContextHandler.java:doStart(781)) - Started o.e.j.w.WebAppContext@363c4251{/,file:///tmp/jetty-0.0.0.0-34812-hddsDatanode-_-any-3827516548171904514.dir/webapp/,AVAILABLE}{/hddsDatanode}
2019-11-07 23:15:39,829 [JUnit] INFO  server.AbstractConnector (AbstractConnector.java:doStart(278)) - Started ServerConnector@7afc4db9{HTTP/1.1,[http/1.1]}{0.0.0.0:34812}
2019-11-07 23:15:39,829 [JUnit] INFO  server.Server (Server.java:doStart(419)) - Started @5836ms
2019-11-07 23:15:39,829 [JUnit] WARN  impl.MetricsSystemImpl (MetricsSystemImpl.java:register(276)) - Sink prometheus already exists!
2019-11-07 23:15:39,830 [JUnit] INFO  server.BaseHttpServer (BaseHttpServer.java:updateConnectorAddress(215)) - HTTP server of HDDSDATANODE is listening at http://0.0.0.0:34812
2019-11-07 23:15:39,832 [JUnit] INFO  ozone.MiniOzoneClusterImpl (MiniOzoneClusterImpl.java:lambda$waitForClusterToBeReady$0(147)) - Waiting for cluster to be ready. Got 0 of 5 DN Heartbeats.
2019-11-07 23:15:39,833 [org.apache.hadoop.util.JvmPauseMonitor$Monitor@7cf8a55b] INFO  util.JvmPauseMonitor (JvmPauseMonitor.java:run(188)) - Starting JVM pause monitor
2019-11-07 23:15:39,836 [Datanode State Machine Thread - 0] INFO  datanode.InitDatanodeState (InitDatanodeState.java:persistContainerDatanodeDetails(140)) - DatanodeDetails is persisted to /workdir/hadoop-ozone/ozonefs/target/test-dir/MiniOzoneClusterImpl-ce19a789-e322-46fb-9c0a-968c15258761/datanode-4/meta/datanode.id
2019-11-07 23:15:40,832 [JUnit] INFO  ozone.MiniOzoneClusterImpl (MiniOzoneClusterImpl.java:lambda$waitForClusterToBeReady$0(147)) - Waiting for cluster to be ready. Got 0 of 5 DN Heartbeats.
2019-11-07 23:15:41,567 [Datanode State Machine Thread - 0] INFO  ozoneimpl.OzoneContainer (OzoneContainer.java:start(218)) - Attempting to start container services.
2019-11-07 23:15:41,570 [Datanode State Machine Thread - 0] INFO  ozoneimpl.OzoneContainer (OzoneContainer.java:startContainerScrub(182)) - Background container scanner has been disabled.
2019-11-07 23:15:41,570 [Datanode State Machine Thread - 0] INFO  ratis.XceiverServerRatis (XceiverServerRatis.java:start(414)) - Starting XceiverServerRatis bdf095fb-6c41-4861-bde0-b7ca7d5df851 at port 0
2019-11-07 23:15:41,592 [Datanode State Machine Thread - 0] INFO  ozoneimpl.OzoneContainer (OzoneContainer.java:start(218)) - Attempting to start container services.
2019-11-07 23:15:41,597 [Datanode State Machine Thread - 0] INFO  ozoneimpl.OzoneContainer (OzoneContainer.java:startContainerScrub(182)) - Background container scanner has been disabled.
2019-11-07 23:15:41,597 [Datanode State Machine Thread - 0] INFO  ratis.XceiverServerRatis (XceiverServerRatis.java:start(414)) - Starting XceiverServerRatis 13d3b13b-b664-4030-8330-82922795bf22 at port 0
2019-11-07 23:15:41,599 [Datanode State Machine Thread - 0] INFO  impl.RaftServerProxy (RaftServerProxy.java:lambda$start$3(299)) - bdf095fb-6c41-4861-bde0-b7ca7d5df851: start RPC server
2019-11-07 23:15:41,607 [Datanode State Machine Thread - 0] INFO  impl.RaftServerProxy (RaftServerProxy.java:lambda$start$3(299)) - 13d3b13b-b664-4030-8330-82922795bf22: start RPC server
2019-11-07 23:15:41,683 [Datanode State Machine Thread - 0] INFO  ozoneimpl.OzoneContainer (OzoneContainer.java:start(218)) - Attempting to start container services.
2019-11-07 23:15:41,685 [Datanode State Machine Thread - 0] INFO  ozoneimpl.OzoneContainer (OzoneContainer.java:startContainerScrub(182)) - Background container scanner has been disabled.
2019-11-07 23:15:41,685 [Datanode State Machine Thread - 0] INFO  ratis.XceiverServerRatis (XceiverServerRatis.java:start(414)) - Starting XceiverServerRatis d348c64c-664d-4f59-86f2-c06490b07a4d at port 0
2019-11-07 23:15:41,696 [Datanode State Machine Thread - 0] INFO  impl.RaftServerProxy (RaftServerProxy.java:lambda$start$3(299)) - d348c64c-664d-4f59-86f2-c06490b07a4d: start RPC server
2019-11-07 23:15:41,756 [Datanode State Machine Thread - 0] INFO  server.GrpcService (GrpcService.java:startImpl(158)) - d348c64c-664d-4f59-86f2-c06490b07a4d: GrpcService started, listening on 0.0.0.0/0.0.0.0:37987
2019-11-07 23:15:41,756 [Datanode State Machine Thread - 0] INFO  server.GrpcService (GrpcService.java:startImpl(158)) - 13d3b13b-b664-4030-8330-82922795bf22: GrpcService started, listening on 0.0.0.0/0.0.0.0:45383
2019-11-07 23:15:41,756 [Datanode State Machine Thread - 0] INFO  server.GrpcService (GrpcService.java:startImpl(158)) - bdf095fb-6c41-4861-bde0-b7ca7d5df851: GrpcService started, listening on 0.0.0.0/0.0.0.0:42757
2019-11-07 23:15:41,757 [Datanode State Machine Thread - 0] INFO  ratis.XceiverServerRatis (XceiverServerRatis.java:start(424)) - XceiverServerRatis 13d3b13b-b664-4030-8330-82922795bf22 is started using port 45383
2019-11-07 23:15:41,757 [Datanode State Machine Thread - 0] INFO  ratis.XceiverServerRatis (XceiverServerRatis.java:start(424)) - XceiverServerRatis d348c64c-664d-4f59-86f2-c06490b07a4d is started using port 37987
2019-11-07 23:15:41,757 [Datanode State Machine Thread - 0] INFO  ratis.XceiverServerRatis (XceiverServerRatis.java:start(424)) - XceiverServerRatis bdf095fb-6c41-4861-bde0-b7ca7d5df851 is started using port 42757
2019-11-07 23:15:41,766 [Datanode State Machine Thread - 0] INFO  server.XceiverServerGrpc (XceiverServerGrpc.java:start(145)) - XceiverServerGrpc bdf095fb-6c41-4861-bde0-b7ca7d5df851 is started using port 41450
2019-11-07 23:15:41,766 [Datanode State Machine Thread - 0] INFO  server.XceiverServerGrpc (XceiverServerGrpc.java:start(145)) - XceiverServerGrpc d348c64c-664d-4f59-86f2-c06490b07a4d is started using port 41276
2019-11-07 23:15:41,766 [Datanode State Machine Thread - 0] INFO  server.XceiverServerGrpc (XceiverServerGrpc.java:start(145)) - XceiverServerGrpc 13d3b13b-b664-4030-8330-82922795bf22 is started using port 35436
2019-11-07 23:15:41,781 [Datanode State Machine Thread - 0] INFO  ozoneimpl.OzoneContainer (OzoneContainer.java:start(218)) - Attempting to start container services.
2019-11-07 23:15:41,782 [Datanode State Machine Thread - 0] INFO  ozoneimpl.OzoneContainer (OzoneContainer.java:startContainerScrub(182)) - Background container scanner has been disabled.
2019-11-07 23:15:41,783 [Datanode State Machine Thread - 0] INFO  ratis.XceiverServerRatis (XceiverServerRatis.java:start(414)) - Starting XceiverServerRatis dd42c30e-b660-49b0-b92a-7ac6aab5e941 at port 0
2019-11-07 23:15:41,790 [Datanode State Machine Thread - 0] INFO  impl.RaftServerProxy (RaftServerProxy.java:lambda$start$3(299)) - dd42c30e-b660-49b0-b92a-7ac6aab5e941: start RPC server
2019-11-07 23:15:41,792 [Datanode State Machine Thread - 0] INFO  server.GrpcService (GrpcService.java:startImpl(158)) - dd42c30e-b660-49b0-b92a-7ac6aab5e941: GrpcService started, listening on 0.0.0.0/0.0.0.0:40128
2019-11-07 23:15:41,792 [Datanode State Machine Thread - 0] INFO  ratis.XceiverServerRatis (XceiverServerRatis.java:start(424)) - XceiverServerRatis dd42c30e-b660-49b0-b92a-7ac6aab5e941 is started using port 40128
2019-11-07 23:15:41,794 [Datanode State Machine Thread - 0] INFO  server.XceiverServerGrpc (XceiverServerGrpc.java:start(145)) - XceiverServerGrpc dd42c30e-b660-49b0-b92a-7ac6aab5e941 is started using port 44794
2019-11-07 23:15:41,833 [JUnit] INFO  ozone.MiniOzoneClusterImpl (MiniOzoneClusterImpl.java:lambda$waitForClusterToBeReady$0(147)) - Waiting for cluster to be ready. Got 0 of 5 DN Heartbeats.
2019-11-07 23:15:41,859 [Datanode State Machine Thread - 0] INFO  ozoneimpl.OzoneContainer (OzoneContainer.java:start(218)) - Attempting to start container services.
2019-11-07 23:15:41,864 [Datanode State Machine Thread - 0] INFO  ozoneimpl.OzoneContainer (OzoneContainer.java:startContainerScrub(182)) - Background container scanner has been disabled.
2019-11-07 23:15:41,865 [Datanode State Machine Thread - 0] INFO  ratis.XceiverServerRatis (XceiverServerRatis.java:start(414)) - Starting XceiverServerRatis 43255afe-7626-4b20-b15b-2bfed83d72d8 at port 0
2019-11-07 23:15:41,877 [Datanode State Machine Thread - 0] INFO  impl.RaftServerProxy (RaftServerProxy.java:lambda$start$3(299)) - 43255afe-7626-4b20-b15b-2bfed83d72d8: start RPC server
2019-11-07 23:15:41,880 [Datanode State Machine Thread - 0] INFO  server.GrpcService (GrpcService.java:startImpl(158)) - 43255afe-7626-4b20-b15b-2bfed83d72d8: GrpcService started, listening on 0.0.0.0/0.0.0.0:33146
2019-11-07 23:15:41,880 [Datanode State Machine Thread - 0] INFO  ratis.XceiverServerRatis (XceiverServerRatis.java:start(424)) - XceiverServerRatis 43255afe-7626-4b20-b15b-2bfed83d72d8 is started using port 33146
2019-11-07 23:15:41,883 [Datanode State Machine Thread - 0] INFO  server.XceiverServerGrpc (XceiverServerGrpc.java:start(145)) - XceiverServerGrpc 43255afe-7626-4b20-b15b-2bfed83d72d8 is started using port 34766
2019-11-07 23:15:42,833 [JUnit] INFO  ozone.MiniOzoneClusterImpl (MiniOzoneClusterImpl.java:lambda$waitForClusterToBeReady$0(147)) - Waiting for cluster to be ready. Got 0 of 5 DN Heartbeats.
2019-11-07 23:15:43,506 [IPC Server handler 0 on 43279] INFO  net.NetworkTopology (NetworkTopologyImpl.java:add(111)) - Added a new node: /default-rack/bdf095fb-6c41-4861-bde0-b7ca7d5df851
2019-11-07 23:15:43,508 [IPC Server handler 0 on 43279] INFO  node.SCMNodeManager (SCMNodeManager.java:register(267)) - Registered Data node : bdf095fb-6c41-4861-bde0-b7ca7d5df851{ip: 192.168.157.230, host: pr-hdds-1987-lwcp2-3076063516, networkLocation: /default-rack, certSerialId: null}
2019-11-07 23:15:43,511 [EventQueue-NodeRegistrationContainerReportForDataNodeSafeModeRule] INFO  safemode.SCMSafeModeManager (DataNodeSafeModeRule.java:process(71)) - SCM in safe mode. 1 DataNodes registered, 1 required.
2019-11-07 23:15:43,511 [EventQueue-NodeRegistrationContainerReportForDataNodeSafeModeRule] INFO  safemode.SCMSafeModeManager (SCMSafeModeManager.java:validateSafeModeExitRules(177)) - ScmSafeModeManager, all rules are successfully validated
2019-11-07 23:15:43,511 [EventQueue-NodeRegistrationContainerReportForDataNodeSafeModeRule] INFO  safemode.SCMSafeModeManager (SCMSafeModeManager.java:exitSafeMode(193)) - SCM exiting safe mode.
2019-11-07 23:15:43,569 [IPC Server handler 2 on 43279] INFO  net.NetworkTopology (NetworkTopologyImpl.java:add(111)) - Added a new node: /default-rack/13d3b13b-b664-4030-8330-82922795bf22
2019-11-07 23:15:43,569 [IPC Server handler 2 on 43279] INFO  node.SCMNodeManager (SCMNodeManager.java:register(267)) - Registered Data node : 13d3b13b-b664-4030-8330-82922795bf22{ip: 192.168.157.230, host: pr-hdds-1987-lwcp2-3076063516, networkLocation: /default-rack, certSerialId: null}
2019-11-07 23:15:43,662 [IPC Server handler 3 on 43279] INFO  net.NetworkTopology (NetworkTopologyImpl.java:add(111)) - Added a new node: /default-rack/d348c64c-664d-4f59-86f2-c06490b07a4d
2019-11-07 23:15:43,662 [IPC Server handler 3 on 43279] INFO  node.SCMNodeManager (SCMNodeManager.java:register(267)) - Registered Data node : d348c64c-664d-4f59-86f2-c06490b07a4d{ip: 192.168.157.230, host: pr-hdds-1987-lwcp2-3076063516, networkLocation: /default-rack, certSerialId: null}
2019-11-07 23:15:43,753 [IPC Server handler 4 on 43279] INFO  net.NetworkTopology (NetworkTopologyImpl.java:add(111)) - Added a new node: /default-rack/dd42c30e-b660-49b0-b92a-7ac6aab5e941
2019-11-07 23:15:43,753 [IPC Server handler 4 on 43279] INFO  node.SCMNodeManager (SCMNodeManager.java:register(267)) - Registered Data node : dd42c30e-b660-49b0-b92a-7ac6aab5e941{ip: 192.168.157.230, host: pr-hdds-1987-lwcp2-3076063516, networkLocation: /default-rack, certSerialId: null}
2019-11-07 23:15:43,834 [JUnit] INFO  ozone.MiniOzoneClusterImpl (MiniOzoneClusterImpl.java:lambda$waitForClusterToBeReady$0(147)) - Waiting for cluster to be ready. Got 4 of 5 DN Heartbeats.
2019-11-07 23:15:43,837 [IPC Server handler 5 on 43279] INFO  net.NetworkTopology (NetworkTopologyImpl.java:add(111)) - Added a new node: /default-rack/43255afe-7626-4b20-b15b-2bfed83d72d8
2019-11-07 23:15:43,838 [IPC Server handler 5 on 43279] INFO  node.SCMNodeManager (SCMNodeManager.java:register(267)) - Registered Data node : 43255afe-7626-4b20-b15b-2bfed83d72d8{ip: 192.168.157.230, host: pr-hdds-1987-lwcp2-3076063516, networkLocation: /default-rack, certSerialId: null}
2019-11-07 23:15:44,092 [grpc-default-executor-0] INFO  impl.RaftServerProxy (RaftServerProxy.java:addNew(89)) - bdf095fb-6c41-4861-bde0-b7ca7d5df851: addNew group-3E2943C92D57:[bdf095fb-6c41-4861-bde0-b7ca7d5df851:192.168.157.230:42757] returns group-3E2943C92D57:java.util.concurrent.CompletableFuture@4ddda37b[Not completed]
2019-11-07 23:15:44,111 [pool-27-thread-1] INFO  impl.RaftServerImpl (RaftServerImpl.java:<init>(98)) - bdf095fb-6c41-4861-bde0-b7ca7d5df851: new RaftServerImpl for group-3E2943C92D57:[bdf095fb-6c41-4861-bde0-b7ca7d5df851:192.168.157.230:42757] with ContainerStateMachine:uninitialized
2019-11-07 23:15:44,114 [pool-27-thread-1] INFO  server.RaftServerConfigKeys (ConfUtils.java:logGet(43)) - raft.server.rpc.timeout.min = 5s (custom)
2019-11-07 23:15:44,116 [pool-27-thread-1] INFO  server.RaftServerConfigKeys (ConfUtils.java:logGet(43)) - raft.server.rpc.timeout.max = 5200ms (custom)
2019-11-07 23:15:44,116 [pool-27-thread-1] INFO  server.RaftServerConfigKeys (ConfUtils.java:logGet(43)) - raft.server.rpcslowness.timeout = 120s (custom)
2019-11-07 23:15:44,117 [pool-27-thread-1] INFO  server.RaftServerConfigKeys (ConfUtils.java:logGet(43)) - raft.server.sleep.deviation.threshold = 300 (default)
2019-11-07 23:15:44,118 [pool-27-thread-1] INFO  server.RaftServerConfigKeys (ConfUtils.java:logGet(43)) - raft.server.log.appender.install.snapshot.enabled = false (custom)
2019-11-07 23:15:44,127 [pool-27-thread-1] INFO  impl.RaftServerImpl (ServerState.java:<init>(103)) - bdf095fb-6c41-4861-bde0-b7ca7d5df851@group-3E2943C92D57: ConfigurationManager, init=-1: [bdf095fb-6c41-4861-bde0-b7ca7d5df851:192.168.157.230:42757], old=null, confs=<EMPTY_MAP>
2019-11-07 23:15:44,127 [pool-27-thread-1] INFO  server.RaftServerConfigKeys (ConfUtils.java:logGet(43)) - raft.server.storage.dir = [/workdir/hadoop-ozone/ozonefs/target/test-dir/MiniOzoneClusterImpl-ce19a789-e322-46fb-9c0a-968c15258761/datanode-0/data/ratis] (custom)
2019-11-07 23:15:44,136 [pool-27-thread-1] INFO  server.RaftServerConfigKeys (ConfUtils.java:logGet(43)) - raft.server.log.corruption.policy = EXCEPTION (default)
2019-11-07 23:15:44,138 [pool-27-thread-1] INFO  storage.RaftStorageDirectory (RaftStorageDirectory.java:analyzeStorage(246)) - The storage directory /workdir/hadoop-ozone/ozonefs/target/test-dir/MiniOzoneClusterImpl-ce19a789-e322-46fb-9c0a-968c15258761/datanode-0/data/ratis/1a6f8847-f732-47c7-8f64-3e2943c92d57 does not exist. Creating ...
2019-11-07 23:15:44,159 [pool-27-thread-1] INFO  storage.RaftStorageDirectory (RaftStorageDirectory.java:tryLock(328)) - Lock on /workdir/hadoop-ozone/ozonefs/target/test-dir/MiniOzoneClusterImpl-ce19a789-e322-46fb-9c0a-968c15258761/datanode-0/data/ratis/1a6f8847-f732-47c7-8f64-3e2943c92d57/in_use.lock acquired by nodename 19666@pr-hdds-1987-lwcp2-3076063516
2019-11-07 23:15:44,185 [pool-27-thread-1] INFO  storage.RaftStorage (RaftStorage.java:format(84)) - Storage directory /workdir/hadoop-ozone/ozonefs/target/test-dir/MiniOzoneClusterImpl-ce19a789-e322-46fb-9c0a-968c15258761/datanode-0/data/ratis/1a6f8847-f732-47c7-8f64-3e2943c92d57 has been successfully formatted.
2019-11-07 23:15:44,189 [pool-27-thread-1] INFO  ratis.ContainerStateMachine (ContainerStateMachine.java:loadSnapshot(221)) - group-3E2943C92D57: The snapshot info is null. Setting the last applied indexto:(t:0, i:~)
2019-11-07 23:15:44,189 [pool-27-thread-1] INFO  server.RaftServerConfigKeys (ConfUtils.java:logGet(43)) - raft.server.notification.no-leader.timeout = 120s (custom)
2019-11-07 23:15:44,192 [pool-27-thread-1] INFO  server.RaftServerConfigKeys (ConfUtils.java:logGet(43)) - raft.server.log.use.memory = false (default)
2019-11-07 23:15:44,200 [pool-27-thread-1] INFO  server.RaftServerConfigKeys (ConfUtils.java:logGet(43)) - raft.server.log.purge.gap = 1000000 (custom)
2019-11-07 23:15:44,200 [pool-27-thread-1] INFO  server.RaftServerConfigKeys (ConfUtils.java:logGet(43)) - raft.server.log.appender.buffer.byte-limit = 33554432 (custom)
2019-11-07 23:15:44,204 [pool-27-thread-1] INFO  server.RaftServerConfigKeys (ConfUtils.java:logGet(43)) - raft.server.log.segment.size.max = 1048576 (custom)
2019-11-07 23:15:44,211 [pool-27-thread-1] INFO  metrics.MetricRegistries (MetricRegistriesLoader.java:load(64)) - Loaded MetricRegistries class org.apache.ratis.metrics.impl.MetricRegistriesImpl
2019-11-07 23:15:44,216 [pool-27-thread-1] WARN  impl.MetricRegistriesImpl (MetricRegistriesImpl.java:lambda$create$1(61)) - First MetricRegistry has been created without registering reporters. You may need to call MetricRegistries.global().addReportRegistration(...) before.
2019-11-07 23:15:44,224 [pool-27-thread-1] INFO  server.RaftServerConfigKeys (ConfUtils.java:logGet(43)) - raft.server.log.segment.cache.num.max = 2 (custom)
2019-11-07 23:15:44,232 [pool-27-thread-1] INFO  segmented.SegmentedRaftLogWorker (SegmentedRaftLogWorker.java:<init>(173)) - new bdf095fb-6c41-4861-bde0-b7ca7d5df851@group-3E2943C92D57-SegmentedRaftLogWorker for RaftStorage:Storage Directory /workdir/hadoop-ozone/ozonefs/target/test-dir/MiniOzoneClusterImpl-ce19a789-e322-46fb-9c0a-968c15258761/datanode-0/data/ratis/1a6f8847-f732-47c7-8f64-3e2943c92d57
2019-11-07 23:15:44,233 [pool-27-thread-1] INFO  server.RaftServerConfigKeys (ConfUtils.java:logGet(43)) - raft.server.log.queue.byte-limit = 2147483647 (custom)
2019-11-07 23:15:44,233 [pool-27-thread-1] INFO  server.RaftServerConfigKeys (ConfUtils.java:logGet(43)) - raft.server.log.queue.element-limit = 1024 (custom)
2019-11-07 23:15:44,235 [pool-27-thread-1] INFO  server.RaftServerConfigKeys (ConfUtils.java:logGet(43)) - raft.server.log.segment.size.max = 1048576 (custom)
2019-11-07 23:15:44,235 [pool-27-thread-1] INFO  server.RaftServerConfigKeys (ConfUtils.java:logGet(43)) - raft.server.log.preallocated.size = 16384 (custom)
2019-11-07 23:15:44,236 [pool-27-thread-1] INFO  server.RaftServerConfigKeys (ConfUtils.java:logGet(43)) - raft.server.log.write.buffer.size = 33554432 (custom)
2019-11-07 23:15:44,236 [pool-27-thread-1] INFO  server.RaftServerConfigKeys (ConfUtils.java:logGet(43)) - raft.server.log.force.sync.num = 128 (default)
2019-11-07 23:15:44,237 [pool-27-thread-1] INFO  server.RaftServerConfigKeys (ConfUtils.java:logGet(43)) - raft.server.log.statemachine.data.sync = true (default)
2019-11-07 23:15:44,238 [pool-27-thread-1] INFO  server.RaftServerConfigKeys (ConfUtils.java:logGet(43)) - raft.server.log.statemachine.data.sync.timeout = 10s (default)
2019-11-07 23:15:44,238 [pool-27-thread-1] INFO  server.RaftServerConfigKeys (ConfUtils.java:logGet(43)) - raft.server.log.statemachine.data.sync.timeout.retry = -1 (default)
2019-11-07 23:15:44,253 [pool-27-thread-1] INFO  server.RaftServerConfigKeys (ConfUtils.java:logGet(43)) - raft.server.log.statemachine.data.caching.enabled = true (custom)
2019-11-07 23:15:44,259 [pool-27-thread-1] INFO  segmented.SegmentedRaftLogWorker (SegmentedRaftLogWorker.java:lambda$new$0(128)) - bdf095fb-6c41-4861-bde0-b7ca7d5df851@group-3E2943C92D57-SegmentedRaftLogWorker: flushIndex: setUnconditionally 0 -> -1
2019-11-07 23:15:44,264 [pool-27-thread-1] INFO  server.RaftServerConfigKeys (ConfUtils.java:logGet(43)) - raft.server.snapshot.auto.trigger.enabled = true (custom)
2019-11-07 23:15:44,265 [pool-27-thread-1] INFO  server.RaftServerConfigKeys (ConfUtils.java:logGet(43)) - raft.server.snapshot.auto.trigger.threshold = 10000 (custom)
2019-11-07 23:15:44,266 [pool-27-thread-1] INFO  server.RaftServerConfigKeys (ConfUtils.java:logGet(43)) - raft.server.snapshot.retention.file.num = 5 (custom)
2019-11-07 23:15:44,266 [pool-27-thread-1] INFO  server.RaftServerConfigKeys (ConfUtils.java:logGet(43)) - raft.server.retrycache.expirytime = 600000ms (custom)
2019-11-07 23:15:44,290 [pool-27-thread-1] WARN  impl.MetricRegistriesImpl (MetricRegistriesImpl.java:lambda$create$1(61)) - First MetricRegistry has been created without registering reporters. You may need to call MetricRegistries.global().addReportRegistration(...) before.
2019-11-07 23:15:44,292 [pool-27-thread-1] WARN  impl.MetricRegistriesImpl (MetricRegistriesImpl.java:lambda$create$1(61)) - First MetricRegistry has been created without registering reporters. You may need to call MetricRegistries.global().addReportRegistration(...) before.
2019-11-07 23:15:44,294 [pool-27-thread-1] INFO  impl.RaftServerImpl (RaftServerImpl.java:start(184)) - bdf095fb-6c41-4861-bde0-b7ca7d5df851@group-3E2943C92D57: start as a follower, conf=-1: [bdf095fb-6c41-4861-bde0-b7ca7d5df851:192.168.157.230:42757], old=null
2019-11-07 23:15:44,295 [pool-27-thread-1] INFO  impl.RaftServerImpl (RaftServerImpl.java:setRole(173)) - bdf095fb-6c41-4861-bde0-b7ca7d5df851@group-3E2943C92D57: changes role from      null to FOLLOWER at term 0 for startAsFollower
2019-11-07 23:15:44,296 [pool-27-thread-1] INFO  impl.RoleInfo (RoleInfo.java:updateAndGet(143)) - bdf095fb-6c41-4861-bde0-b7ca7d5df851: start FollowerState
2019-11-07 23:15:44,298 [pool-27-thread-1] INFO  util.JmxRegister (JmxRegister.java:tryRegister(44)) - Successfully registered JMX Bean with object name Ratis:service=RaftServer,group=group-3E2943C92D57,id=bdf095fb-6c41-4861-bde0-b7ca7d5df851
2019-11-07 23:15:44,299 [pool-27-thread-1] WARN  impl.MetricRegistriesImpl (MetricRegistriesImpl.java:lambda$create$1(61)) - First MetricRegistry has been created without registering reporters. You may need to call MetricRegistries.global().addReportRegistration(...) before.
2019-11-07 23:15:44,366 [RatisPipelineUtilsThread] INFO  pipeline.PipelineStateManager (PipelineStateManager.java:addPipeline(56)) - Created pipeline Pipeline[ Id: 1a6f8847-f732-47c7-8f64-3e2943c92d57, Nodes: bdf095fb-6c41-4861-bde0-b7ca7d5df851{ip: 192.168.157.230, host: pr-hdds-1987-lwcp2-3076063516, networkLocation: /default-rack, certSerialId: null}, Type:RATIS, Factor:ONE, State:OPEN]
2019-11-07 23:15:44,388 [grpc-default-executor-0] INFO  impl.RaftServerProxy (RaftServerProxy.java:addNew(89)) - dd42c30e-b660-49b0-b92a-7ac6aab5e941: addNew group-E9A56D67B826:[dd42c30e-b660-49b0-b92a-7ac6aab5e941:192.168.157.230:40128] returns group-E9A56D67B826:java.util.concurrent.CompletableFuture@1eb69839[Not completed]
2019-11-07 23:15:44,408 [pool-57-thread-1] INFO  impl.RaftServerImpl (RaftServerImpl.java:<init>(98)) - dd42c30e-b660-49b0-b92a-7ac6aab5e941: new RaftServerImpl for group-E9A56D67B826:[dd42c30e-b660-49b0-b92a-7ac6aab5e941:192.168.157.230:40128] with ContainerStateMachine:uninitialized
2019-11-07 23:15:44,409 [pool-57-thread-1] INFO  server.RaftServerConfigKeys (ConfUtils.java:logGet(43)) - raft.server.rpc.timeout.min = 5s (custom)
2019-11-07 23:15:44,409 [pool-57-thread-1] INFO  server.RaftServerConfigKeys (ConfUtils.java:logGet(43)) - raft.server.rpc.timeout.max = 5200ms (custom)
2019-11-07 23:15:44,409 [pool-57-thread-1] INFO  server.RaftServerConfigKeys (ConfUtils.java:logGet(43)) - raft.server.rpcslowness.timeout = 120s (custom)
2019-11-07 23:15:44,410 [pool-57-thread-1] INFO  server.RaftServerConfigKeys (ConfUtils.java:logGet(43)) - raft.server.sleep.deviation.threshold = 300 (default)
2019-11-07 23:15:44,410 [pool-57-thread-1] INFO  server.RaftServerConfigKeys (ConfUtils.java:logGet(43)) - raft.server.log.appender.install.snapshot.enabled = false (custom)
2019-11-07 23:15:44,410 [pool-57-thread-1] INFO  impl.RaftServerImpl (ServerState.java:<init>(103)) - dd42c30e-b660-49b0-b92a-7ac6aab5e941@group-E9A56D67B826: ConfigurationManager, init=-1: [dd42c30e-b660-49b0-b92a-7ac6aab5e941:192.168.157.230:40128], old=null, confs=<EMPTY_MAP>
2019-11-07 23:15:44,410 [pool-57-thread-1] INFO  server.RaftServerConfigKeys (ConfUtils.java:logGet(43)) - raft.server.storage.dir = [/workdir/hadoop-ozone/ozonefs/target/test-dir/MiniOzoneClusterImpl-ce19a789-e322-46fb-9c0a-968c15258761/datanode-3/data/ratis] (custom)
2019-11-07 23:15:44,410 [pool-57-thread-1] INFO  server.RaftServerConfigKeys (ConfUtils.java:logGet(43)) - raft.server.log.corruption.policy = EXCEPTION (default)
2019-11-07 23:15:44,411 [pool-57-thread-1] INFO  storage.RaftStorageDirectory (RaftStorageDirectory.java:analyzeStorage(246)) - The storage directory /workdir/hadoop-ozone/ozonefs/target/test-dir/MiniOzoneClusterImpl-ce19a789-e322-46fb-9c0a-968c15258761/datanode-3/data/ratis/89a22704-aa5f-4b71-9aaf-e9a56d67b826 does not exist. Creating ...
2019-11-07 23:15:44,416 [pool-57-thread-1] INFO  storage.RaftStorageDirectory (RaftStorageDirectory.java:tryLock(328)) - Lock on /workdir/hadoop-ozone/ozonefs/target/test-dir/MiniOzoneClusterImpl-ce19a789-e322-46fb-9c0a-968c15258761/datanode-3/data/ratis/89a22704-aa5f-4b71-9aaf-e9a56d67b826/in_use.lock acquired by nodename 19666@pr-hdds-1987-lwcp2-3076063516
2019-11-07 23:15:44,420 [pool-57-thread-1] INFO  storage.RaftStorage (RaftStorage.java:format(84)) - Storage directory /workdir/hadoop-ozone/ozonefs/target/test-dir/MiniOzoneClusterImpl-ce19a789-e322-46fb-9c0a-968c15258761/datanode-3/data/ratis/89a22704-aa5f-4b71-9aaf-e9a56d67b826 has been successfully formatted.
2019-11-07 23:15:44,420 [pool-57-thread-1] INFO  ratis.ContainerStateMachine (ContainerStateMachine.java:loadSnapshot(221)) - group-E9A56D67B826: The snapshot info is null. Setting the last applied indexto:(t:0, i:~)
2019-11-07 23:15:44,421 [pool-57-thread-1] INFO  server.RaftServerConfigKeys (ConfUtils.java:logGet(43)) - raft.server.notification.no-leader.timeout = 120s (custom)
2019-11-07 23:15:44,421 [pool-57-thread-1] INFO  server.RaftServerConfigKeys (ConfUtils.java:logGet(43)) - raft.server.log.use.memory = false (default)
2019-11-07 23:15:44,421 [pool-57-thread-1] INFO  server.RaftServerConfigKeys (ConfUtils.java:logGet(43)) - raft.server.log.purge.gap = 1000000 (custom)
2019-11-07 23:15:44,421 [pool-57-thread-1] INFO  server.RaftServerConfigKeys (ConfUtils.java:logGet(43)) - raft.server.log.appender.buffer.byte-limit = 33554432 (custom)
2019-11-07 23:15:44,422 [pool-57-thread-1] INFO  server.RaftServerConfigKeys (ConfUtils.java:logGet(43)) - raft.server.log.segment.size.max = 1048576 (custom)
2019-11-07 23:15:44,422 [pool-57-thread-1] WARN  impl.MetricRegistriesImpl (MetricRegistriesImpl.java:lambda$create$1(61)) - First MetricRegistry has been created without registering reporters. You may need to call MetricRegistries.global().addReportRegistration(...) before.
2019-11-07 23:15:44,422 [pool-57-thread-1] INFO  server.RaftServerConfigKeys (ConfUtils.java:logGet(43)) - raft.server.log.segment.cache.num.max = 2 (custom)
[...]
2019-11-07 23:16:12,223 [LocalJobRunner Map Task Executor #0] INFO  mapred.Task (Task.java:initialize(626)) -  Using ResourceCalculatorProcessTree : [ ]
2019-11-07 23:16:12,223 [LocalJobRunner Map Task Executor #0] INFO  mapred.MapTask (MapTask.java:runNewMapper(768)) - Processing split: file:/tmp/hadoop/mapred/staging/jenkins1000516938374/.staging/_distcp1230026112/fileList.seq:350+256
2019-11-07 23:16:12,223 [LocalJobRunner Map Task Executor #0] INFO  output.FileOutputCommitter (FileOutputCommitter.java:<init>(140)) - File Output Committer Algorithm version is 2
2019-11-07 23:16:12,223 [LocalJobRunner Map Task Executor #0] INFO  output.FileOutputCommitter (FileOutputCommitter.java:<init>(155)) - FileOutputCommitter skip cleanup _temporary folders under output directory:false, ignore cleanup failures: false
2019-11-07 23:16:12,234 [LocalJobRunner Map Task Executor #0] INFO  mapred.CopyMapper (CopyMapper.java:map(154)) - Copying file:/workdir/hadoop-ozone/ozonefs/target/test-dir/ITestOzoneContractDistCp/testUpdateDeepDirectoryStructureToRemote/local/inputDir/subDir1 to o3fs://bucket05755.volume56609/test/ITestOzoneContractDistCp/testUpdateDeepDirectoryStructureToRemote/remote/outputDir/inputDir/subDir1
2019-11-07 23:16:12,253 [LocalJobRunner Map Task Executor #0] INFO  mapred.LocalJobRunner (LocalJobRunner.java:statusUpdate(634)) - 
2019-11-07 23:16:12,254 [LocalJobRunner Map Task Executor #0] INFO  mapred.Task (Task.java:done(1244)) - Task:attempt_local511960863_0008_m_000002_0 is done. And is in the process of committing
2019-11-07 23:16:12,254 [LocalJobRunner Map Task Executor #0] INFO  mapred.LocalJobRunner (LocalJobRunner.java:statusUpdate(634)) - 
2019-11-07 23:16:12,255 [LocalJobRunner Map Task Executor #0] INFO  mapred.Task (Task.java:commit(1421)) - Task attempt_local511960863_0008_m_000002_0 is allowed to commit now
2019-11-07 23:16:12,256 [LocalJobRunner Map Task Executor #0] INFO  output.FileOutputCommitter (FileOutputCommitter.java:commitTask(598)) - Saved output of task 'attempt_local511960863_0008_m_000002_0' to file:/tmp/hadoop/mapred/staging/jenkins1000516938374/.staging/_distcp1230026112/_logs
2019-11-07 23:16:12,256 [LocalJobRunner Map Task Executor #0] INFO  mapred.LocalJobRunner (LocalJobRunner.java:statusUpdate(634)) - Copying file:/workdir/hadoop-ozone/ozonefs/target/test-dir/ITestOzoneContractDistCp/testUpdateDeepDirectoryStructureToRemote/local/inputDir/subDir1 to o3fs://bucket05755.volume56609/test/ITestOzoneContractDistCp/testUpdateDeepDirectoryStructureToRemote/remote/outputDir/inputDir/subDir1
2019-11-07 23:16:12,256 [LocalJobRunner Map Task Executor #0] INFO  mapred.Task (Task.java:sendDone(1380)) - Task 'attempt_local511960863_0008_m_000002_0' done.
2019-11-07 23:16:12,256 [LocalJobRunner Map Task Executor #0] INFO  mapred.Task (Task.java:done(1276)) - Final Counters for attempt_local511960863_0008_m_000002_0: Counters: 22
	File System Counters
		FILE: Number of bytes read=20710442
		FILE: Number of bytes written=25508412
		FILE: Number of read operations=0
		FILE: Number of large read operations=0
		FILE: Number of write operations=0
		O3FS: Number of bytes read=0
		O3FS: Number of bytes written=18878868
		O3FS: Number of read operations=427
		O3FS: Number of large read operations=0
		O3FS: Number of write operations=87
	Map-Reduce Framework
		Map input records=1
		Map output records=0
		Input split bytes=157
		Spilled Records=0
		Failed Shuffles=0
		Merged Map outputs=0
		GC time elapsed (ms)=0
		Total committed heap usage (bytes)=2025848832
	File Input Format Counters 
		Bytes Read=1720
	File Output Format Counters 
		Bytes Written=8
	DistCp Counters
		Bandwidth in Btyes=0
		DIR_COPY=1
2019-11-07 23:16:12,256 [LocalJobRunner Map Task Executor #0] INFO  mapred.LocalJobRunner (LocalJobRunner.java:run(277)) - Finishing task: attempt_local511960863_0008_m_000002_0
2019-11-07 23:16:12,257 [LocalJobRunner Map Task Executor #0] INFO  mapred.LocalJobRunner (LocalJobRunner.java:run(252)) - Starting task: attempt_local511960863_0008_m_000003_0
2019-11-07 23:16:12,257 [LocalJobRunner Map Task Executor #0] INFO  output.FileOutputCommitter (FileOutputCommitter.java:<init>(140)) - File Output Committer Algorithm version is 2
2019-11-07 23:16:12,257 [LocalJobRunner Map Task Executor #0] INFO  output.FileOutputCommitter (FileOutputCommitter.java:<init>(155)) - FileOutputCommitter skip cleanup _temporary folders under output directory:false, ignore cleanup failures: false
2019-11-07 23:16:12,257 [LocalJobRunner Map Task Executor #0] INFO  mapred.Task (Task.java:initialize(626)) -  Using ResourceCalculatorProcessTree : [ ]
2019-11-07 23:16:12,258 [LocalJobRunner Map Task Executor #0] INFO  mapred.MapTask (MapTask.java:runNewMapper(768)) - Processing split: file:/tmp/hadoop/mapred/staging/jenkins1000516938374/.staging/_distcp1230026112/fileList.seq:1164+256
2019-11-07 23:16:12,258 [LocalJobRunner Map Task Executor #0] INFO  output.FileOutputCommitter (FileOutputCommitter.java:<init>(140)) - File Output Committer Algorithm version is 2
2019-11-07 23:16:12,258 [LocalJobRunner Map Task Executor #0] INFO  output.FileOutputCommitter (FileOutputCommitter.java:<init>(155)) - FileOutputCommitter skip cleanup _temporary folders under output directory:false, ignore cleanup failures: false
2019-11-07 23:16:12,269 [LocalJobRunner Map Task Executor #0] INFO  mapred.CopyMapper (CopyMapper.java:map(154)) - Copying file:/workdir/hadoop-ozone/ozonefs/target/test-dir/ITestOzoneContractDistCp/testUpdateDeepDirectoryStructureToRemote/local/inputDir/subDir2 to o3fs://bucket05755.volume56609/test/ITestOzoneContractDistCp/testUpdateDeepDirectoryStructureToRemote/remote/outputDir/inputDir/subDir2
2019-11-07 23:16:12,288 [LocalJobRunner Map Task Executor #0] INFO  mapred.LocalJobRunner (LocalJobRunner.java:statusUpdate(634)) - 
2019-11-07 23:16:12,288 [LocalJobRunner Map Task Executor #0] INFO  mapred.Task (Task.java:done(1244)) - Task:attempt_local511960863_0008_m_000003_0 is done. And is in the process of committing
2019-11-07 23:16:12,289 [LocalJobRunner Map Task Executor #0] INFO  mapred.LocalJobRunner (LocalJobRunner.java:statusUpdate(634)) - 
2019-11-07 23:16:12,289 [LocalJobRunner Map Task Executor #0] INFO  mapred.Task (Task.java:commit(1421)) - Task attempt_local511960863_0008_m_000003_0 is allowed to commit now
2019-11-07 23:16:12,289 [LocalJobRunner Map Task Executor #0] INFO  output.FileOutputCommitter (FileOutputCommitter.java:commitTask(598)) - Saved output of task 'attempt_local511960863_0008_m_000003_0' to file:/tmp/hadoop/mapred/staging/jenkins1000516938374/.staging/_distcp1230026112/_logs
2019-11-07 23:16:12,290 [LocalJobRunner Map Task Executor #0] INFO  mapred.LocalJobRunner (LocalJobRunner.java:statusUpdate(634)) - Copying file:/workdir/hadoop-ozone/ozonefs/target/test-dir/ITestOzoneContractDistCp/testUpdateDeepDirectoryStructureToRemote/local/inputDir/subDir2 to o3fs://bucket05755.volume56609/test/ITestOzoneContractDistCp/testUpdateDeepDirectoryStructureToRemote/remote/outputDir/inputDir/subDir2
2019-11-07 23:16:12,290 [LocalJobRunner Map Task Executor #0] INFO  mapred.Task (Task.java:sendDone(1380)) - Task 'attempt_local511960863_0008_m_000003_0' done.
2019-11-07 23:16:12,290 [LocalJobRunner Map Task Executor #0] INFO  mapred.Task (Task.java:done(1276)) - Final Counters for attempt_local511960863_0008_m_000003_0: Counters: 22
	File System Counters
		FILE: Number of bytes read=20712970
		FILE: Number of bytes written=25508420
		FILE: Number of read operations=0
		FILE: Number of large read operations=0
		FILE: Number of write operations=0
		O3FS: Number of bytes read=0
		O3FS: Number of bytes written=18878868
		O3FS: Number of read operations=429
		O3FS: Number of large read operations=0
		O3FS: Number of write operations=87
	Map-Reduce Framework
		Map input records=1
		Map output records=0
		Input split bytes=157
		Spilled Records=0
		Failed Shuffles=0
		Merged Map outputs=0
		GC time elapsed (ms)=0
		Total committed heap usage (bytes)=2025848832
	File Input Format Counters 
		Bytes Read=1720
	File Output Format Counters 
		Bytes Written=8
	DistCp Counters
		Bandwidth in Btyes=0
		DIR_COPY=1
2019-11-07 23:16:12,290 [LocalJobRunner Map Task Executor #0] INFO  mapred.LocalJobRunner (LocalJobRunner.java:run(277)) - Finishing task: attempt_local511960863_0008_m_000003_0
2019-11-07 23:16:12,290 [LocalJobRunner Map Task Executor #0] INFO  mapred.LocalJobRunner (LocalJobRunner.java:run(252)) - Starting task: attempt_local511960863_0008_m_000004_0
2019-11-07 23:16:12,290 [LocalJobRunner Map Task Executor #0] INFO  output.FileOutputCommitter (FileOutputCommitter.java:<init>(140)) - File Output Committer Algorithm version is 2
2019-11-07 23:16:12,291 [LocalJobRunner Map Task Executor #0] INFO  output.FileOutputCommitter (FileOutputCommitter.java:<init>(155)) - FileOutputCommitter skip cleanup _temporary folders under output directory:false, ignore cleanup failures: false
2019-11-07 23:16:12,291 [LocalJobRunner Map Task Executor #0] INFO  mapred.Task (Task.java:initialize(626)) -  Using ResourceCalculatorProcessTree : [ ]
2019-11-07 23:16:12,291 [LocalJobRunner Map Task Executor #0] INFO  mapred.MapTask (MapTask.java:runNewMapper(768)) - Processing split: file:/tmp/hadoop/mapred/staging/jenkins1000516938374/.staging/_distcp1230026112/fileList.seq:1420+256
2019-11-07 23:16:12,291 [LocalJobRunner Map Task Executor #0] INFO  output.FileOutputCommitter (FileOutputCommitter.java:<init>(140)) - File Output Committer Algorithm version is 2
2019-11-07 23:16:12,292 [LocalJobRunner Map Task Executor #0] INFO  output.FileOutputCommitter (FileOutputCommitter.java:<init>(155)) - FileOutputCommitter skip cleanup _temporary folders under output directory:false, ignore cleanup failures: false
2019-11-07 23:16:12,307 [LocalJobRunner Map Task Executor #0] INFO  mapred.CopyMapper (CopyMapper.java:map(154)) - Copying file:/workdir/hadoop-ozone/ozonefs/target/test-dir/ITestOzoneContractDistCp/testUpdateDeepDirectoryStructureToRemote/local/inputDir/subDir4 to o3fs://bucket05755.volume56609/test/ITestOzoneContractDistCp/testUpdateDeepDirectoryStructureToRemote/remote/outputDir/inputDir/subDir4
2019-11-07 23:16:12,327 [LocalJobRunner Map Task Executor #0] INFO  mapred.LocalJobRunner (LocalJobRunner.java:statusUpdate(634)) - 
2019-11-07 23:16:12,327 [LocalJobRunner Map Task Executor #0] INFO  mapred.Task (Task.java:done(1244)) - Task:attempt_local511960863_0008_m_000004_0 is done. And is in the process of committing
2019-11-07 23:16:12,328 [LocalJobRunner Map Task Executor #0] INFO  mapred.LocalJobRunner (LocalJobRunner.java:statusUpdate(634)) - 
2019-11-07 23:16:12,328 [LocalJobRunner Map Task Executor #0] INFO  mapred.Task (Task.java:commit(1421)) - Task attempt_local511960863_0008_m_000004_0 is allowed to commit now
2019-11-07 23:16:12,328 [LocalJobRunner Map Task Executor #0] INFO  output.FileOutputCommitter (FileOutputCommitter.java:commitTask(598)) - Saved output of task 'attempt_local511960863_0008_m_000004_0' to file:/tmp/hadoop/mapred/staging/jenkins1000516938374/.staging/_distcp1230026112/_logs
2019-11-07 23:16:12,329 [LocalJobRunner Map Task Executor #0] INFO  mapred.LocalJobRunner (LocalJobRunner.java:statusUpdate(634)) - Copying file:/workdir/hadoop-ozone/ozonefs/target/test-dir/ITestOzoneContractDistCp/testUpdateDeepDirectoryStructureToRemote/local/inputDir/subDir4 to o3fs://bucket05755.volume56609/test/ITestOzoneContractDistCp/testUpdateDeepDirectoryStructureToRemote/remote/outputDir/inputDir/subDir4
2019-11-07 23:16:12,329 [LocalJobRunner Map Task Executor #0] INFO  mapred.Task (Task.java:sendDone(1380)) - Task 'attempt_local511960863_0008_m_000004_0' done.
2019-11-07 23:16:12,329 [LocalJobRunner Map Task Executor #0] INFO  mapred.Task (Task.java:done(1276)) - Final Counters for attempt_local511960863_0008_m_000004_0: Counters: 22
	File System Counters
		FILE: Number of bytes read=20714986
		FILE: Number of bytes written=25508428
		FILE: Number of read operations=0
		FILE: Number of large read operations=0
		FILE: Number of write operations=0
		O3FS: Number of bytes read=0
		O3FS: Number of bytes written=18878868
		O3FS: Number of read operations=431
		O3FS: Number of large read operations=0
		O3FS: Number of write operations=87
	Map-Reduce Framework
		Map input records=1
		Map output records=0
		Input split bytes=157
		Spilled Records=0
		Failed Shuffles=0
		Merged Map outputs=0
		GC time elapsed (ms)=0
		Total committed heap usage (bytes)=2025848832
	File Input Format Counters 
		Bytes Read=1720
	File Output Format Counters 
		Bytes Written=8
	DistCp Counters
		Bandwidth in Btyes=0
		DIR_COPY=1
2019-11-07 23:16:12,329 [LocalJobRunner Map Task Executor #0] INFO  mapred.LocalJobRunner (LocalJobRunner.java:run(277)) - Finishing task: attempt_local511960863_0008_m_000004_0
2019-11-07 23:16:12,329 [Thread-1255] INFO  mapred.LocalJobRunner (LocalJobRunner.java:runTasks(486)) - map task executor complete.
2019-11-07 23:16:12,355 [Thread-1255] INFO  mapred.CopyCommitter (CopyCommitter.java:deleteMissing(393)) - -delete option is enabled. About to remove entries from target that are missing in source
2019-11-07 23:16:12,368 [Thread-1255] INFO  mapred.CopyCommitter (CopyCommitter.java:deleteMissing(402)) - Source listing completed in 0:00:00.013
2019-11-07 23:16:12,369 [Thread-1255] INFO  mapred.CopyCommitter (CopyCommitter.java:listTargetFiles(560)) - Scanning destination directory o3fs://bucket05755.volume56609/test/ITestOzoneContractDistCp/testUpdateDeepDirectoryStructureToRemote/remote/outputDir/inputDir with thread count: 40
23:16:12.370 [IPC Server handler 8 on 34155] ERROR OMAudit - user=jenkins1000 | ip=127.0.0.1 | op=GET_FILE_STATUS {volume=volume56609, bucket=bucket05755, key=NONE, dataSize=0, replicationType=null, replicationFactor=null, keyLocationInfo=null} | ret=FAILURE
org.apache.hadoop.ozone.om.exceptions.OMException: Unable to get file status: volume: volume56609 bucket: bucket05755 key: NONE
	at org.apache.hadoop.ozone.om.KeyManagerImpl.getFileStatus(KeyManagerImpl.java:1784) ~[hadoop-ozone-ozone-manager-0.5.0-SNAPSHOT.jar:?]
	at org.apache.hadoop.ozone.om.OzoneManager.getFileStatus(OzoneManager.java:2765) ~[hadoop-ozone-ozone-manager-0.5.0-SNAPSHOT.jar:?]
	at org.apache.hadoop.ozone.protocolPB.OzoneManagerRequestHandler.getOzoneFileStatus(OzoneManagerRequestHandler.java:1053) ~[hadoop-ozone-ozone-manager-0.5.0-SNAPSHOT.jar:?]
	at org.apache.hadoop.ozone.protocolPB.OzoneManagerRequestHandler.handle(OzoneManagerRequestHandler.java:340) ~[hadoop-ozone-ozone-manager-0.5.0-SNAPSHOT.jar:?]
	at org.apache.hadoop.ozone.protocolPB.OzoneManagerProtocolServerSideTranslatorPB.submitRequestDirectlyToOM(OzoneManagerProtocolServerSideTranslatorPB.java:208) ~[hadoop-ozone-ozone-manager-0.5.0-SNAPSHOT.jar:?]
	at org.apache.hadoop.ozone.protocolPB.OzoneManagerProtocolServerSideTranslatorPB.processRequest(OzoneManagerProtocolServerSideTranslatorPB.java:132) ~[hadoop-ozone-ozone-manager-0.5.0-SNAPSHOT.jar:?]
	at org.apache.hadoop.hdds.server.OzoneProtocolMessageDispatcher.processRequest(OzoneProtocolMessageDispatcher.java:72) [hadoop-hdds-server-framework-0.5.0-SNAPSHOT.jar:?]
	at org.apache.hadoop.ozone.protocolPB.OzoneManagerProtocolServerSideTranslatorPB.submitRequest(OzoneManagerProtocolServerSideTranslatorPB.java:100) [hadoop-ozone-ozone-manager-0.5.0-SNAPSHOT.jar:?]
	at org.apache.hadoop.ozone.protocol.proto.OzoneManagerProtocolProtos$OzoneManagerService$2.callBlockingMethod(OzoneManagerProtocolProtos.java) [hadoop-ozone-common-0.5.0-SNAPSHOT.jar:?]
	at org.apache.hadoop.ipc.ProtobufRpcEngine$Server$ProtoBufRpcInvoker.call(ProtobufRpcEngine.java:524) [hadoop-common-3.2.0.jar:?]
	at org.apache.hadoop.ipc.RPC$Server.call(RPC.java:1025) [hadoop-common-3.2.0.jar:?]
	at org.apache.hadoop.ipc.Server$RpcCall.run(Server.java:876) [hadoop-common-3.2.0.jar:?]
	at org.apache.hadoop.ipc.Server$RpcCall.run(Server.java:822) [hadoop-common-3.2.0.jar:?]
	at java.security.AccessController.doPrivileged(Native Method) [?:1.8.0_222]
	at javax.security.auth.Subject.doAs(Subject.java:422) [?:1.8.0_222]
	at org.apache.hadoop.security.UserGroupInformation.doAs(UserGroupInformation.java:1730) [hadoop-common-3.2.0.jar:?]
	at org.apache.hadoop.ipc.Server$Handler.run(Server.java:2682) [hadoop-common-3.2.0.jar:?]
2019-11-07 23:16:12,395 [Thread-1255] INFO  tools.SimpleCopyListing (SimpleCopyListing.java:printStats(608)) - Paths (files+dirs) cnt = 20; dirCnt = 5
2019-11-07 23:16:12,395 [Thread-1255] INFO  tools.SimpleCopyListing (SimpleCopyListing.java:doBuildListing(402)) - Build file listing completed.
2019-11-07 23:16:12,406 [Thread-1255] INFO  mapred.CopyCommitter (CopyCommitter.java:cleanup(189)) - Cleaning up temporary work folder: file:/tmp/hadoop/mapred/staging/jenkins1000516938374/.staging/_distcp1230026112
2019-11-07 23:16:12,412 [Thread-1255] INFO  mapred.CopyCommitter (CopyCommitter.java:cleanup(189)) - Cleaning up temporary work folder: file:/tmp/hadoop/mapred/staging/jenkins1000516938374/.staging/_distcp1230026112
2019-11-07 23:16:12,412 [Thread-1255] WARN  mapred.LocalJobRunner (LocalJobRunner.java:run(590)) - job_local511960863_0008
org.apache.hadoop.tools.CopyListing$DuplicateFileException: File o3fs://bucket05755.volume56609/test/ITestOzoneContractDistCp/testUpdateDeepDirectoryStructureToRemote/remote/outputDir/inputDir/subDir1/file2 and o3fs://bucket05755.volume56609/test/ITestOzoneContractDistCp/testUpdateDeepDirectoryStructureToRemote/remote/outputDir/inputDir/subDir1/file2 would cause duplicates. Aborting
	at org.apache.hadoop.tools.CopyListing.validateFinalListing(CopyListing.java:175)
	at org.apache.hadoop.tools.CopyListing.buildListing(CopyListing.java:93)
	at org.apache.hadoop.tools.GlobbedCopyListing.doBuildListing(GlobbedCopyListing.java:89)
	at org.apache.hadoop.tools.CopyListing.buildListing(CopyListing.java:86)
	at org.apache.hadoop.tools.mapred.CopyCommitter.listTargetFiles(CopyCommitter.java:570)
	at org.apache.hadoop.tools.mapred.CopyCommitter.deleteMissing(CopyCommitter.java:409)
	at org.apache.hadoop.tools.mapred.CopyCommitter.commitJob(CopyCommitter.java:121)
	at org.apache.hadoop.mapred.LocalJobRunner$Job.run(LocalJobRunner.java:567)
2019-11-07 23:16:13,005 [Thread-1032] INFO  mapreduce.Job (Job.java:monitorAndPrintJob(1640)) - Job job_local511960863_0008 running in uber mode : false
2019-11-07 23:16:13,006 [Thread-1032] INFO  mapreduce.Job (Job.java:monitorAndPrintJob(1647)) -  map 100% reduce 0%
2019-11-07 23:16:13,007 [Thread-1032] INFO  mapreduce.Job (Job.java:monitorAndPrintJob(1660)) - Job job_local511960863_0008 failed with state FAILED due to: NA
2019-11-07 23:16:13,009 [Thread-1032] INFO  mapreduce.Job (Job.java:monitorAndPrintJob(1665)) - Counters: 27
	File System Counters
		FILE: Number of bytes read=103551698
		FILE: Number of bytes written=127542060
		FILE: Number of read operations=0
		FILE: Number of large read operations=0
		FILE: Number of write operations=0
		O3FS: Number of bytes read=0
		O3FS: Number of bytes written=94394340
		O3FS: Number of read operations=2135
		O3FS: Number of large read operations=0
		O3FS: Number of write operations=435
	Map-Reduce Framework
		Map input records=6
		Map output records=1
		Input split bytes=785
		Spilled Records=0
		Failed Shuffles=0
		Merged Map outputs=0
		GC time elapsed (ms)=42
		Total committed heap usage (bytes)=10113515520
	File Input Format Counters 
		Bytes Read=8600
	File Output Format Counters 
		Bytes Written=196
	DistCp Counters
		Bandwidth in Btyes=0
		Bytes Copied=0
		Bytes Expected=0
		Bytes Skipped=200
		Files Copied=1
		DIR_COPY=4
		Files Skipped=1
]]></system-out>
  </testcase>
  <testcase name="testDeepDirectoryStructureFromRemote" classname="org.apache.hadoop.fs.ozone.contract.ITestOzoneContractDistCp" time="2.44"/>
</testsuite>