<?xml version="1.0" encoding="UTF-8"?>
<testsuite xmlns:xsi="http://www.w3.org/2001/XMLSchema-instance" xsi:noNamespaceSchemaLocation="https://maven.apache.org/surefire/maven-surefire-plugin/xsd/surefire-test-report.xsd" name="org.apache.hadoop.fs.ozone.contract.ITestOzoneContractDistCp" time="51.396" tests="6" errors="3" skipped="0" failures="0">
  <properties>
[...]
</properties>
  <testcase name="testUpdateDeepDirectoryStructureNoChange" classname="org.apache.hadoop.fs.ozone.contract.ITestOzoneContractDistCp" time="11.268">
    <error message="DistCp failure: Job job_local1829404252_0002 has failed: NA" type="java.io.IOException">java.io.IOException: DistCp failure: Job job_local1829404252_0002 has failed: NA
	at org.apache.hadoop.tools.DistCp.waitForJobCompletion(DistCp.java:230)
	at org.apache.hadoop.tools.DistCp.execute(DistCp.java:185)
	at org.apache.hadoop.tools.contract.AbstractContractDistCpTest.runDistCp(AbstractContractDistCpTest.java:560)
	at org.apache.hadoop.tools.contract.AbstractContractDistCpTest.distCpUpdate(AbstractContractDistCpTest.java:316)
	at org.apache.hadoop.tools.contract.AbstractContractDistCpTest.testUpdateDeepDirectoryStructureNoChange(AbstractContractDistCpTest.java:234)
	at sun.reflect.NativeMethodAccessorImpl.invoke0(Native Method)
	at sun.reflect.NativeMethodAccessorImpl.invoke(NativeMethodAccessorImpl.java:62)
	at sun.reflect.DelegatingMethodAccessorImpl.invoke(DelegatingMethodAccessorImpl.java:43)
	at java.lang.reflect.Method.invoke(Method.java:498)
	at org.junit.runners.model.FrameworkMethod$1.runReflectiveCall(FrameworkMethod.java:47)
	at org.junit.internal.runners.model.ReflectiveCallable.run(ReflectiveCallable.java:12)
	at org.junit.runners.model.FrameworkMethod.invokeExplosively(FrameworkMethod.java:44)
	at org.junit.internal.runners.statements.InvokeMethod.evaluate(InvokeMethod.java:17)
	at org.junit.internal.runners.statements.RunBefores.evaluate(RunBefores.java:26)
	at org.junit.internal.runners.statements.RunAfters.evaluate(RunAfters.java:27)
	at org.junit.rules.TestWatcher$1.evaluate(TestWatcher.java:55)
	at org.junit.rules.TestWatcher$1.evaluate(TestWatcher.java:55)
	at org.junit.internal.runners.statements.FailOnTimeout$StatementThread.run(FailOnTimeout.java:74)
</error>
    <system-out><![CDATA[2019-11-07 16:38:35,197 [JUnit] WARN  server.ServerUtils (ServerUtils.java:getScmDbDir(145)) - ozone.scm.db.dirs is not configured. We recommend adding this setting. Falling back to ozone.metadata.dirs instead.
2019-11-07 16:38:35,342 [JUnit] WARN  server.ServerUtils (ServerUtils.java:getScmDbDir(145)) - ozone.scm.db.dirs is not configured. We recommend adding this setting. Falling back to ozone.metadata.dirs instead.
2019-11-07 16:38:35,346 [JUnit] WARN  server.ServerUtils (ServerUtils.java:getScmDbDir(145)) - ozone.scm.db.dirs is not configured. We recommend adding this setting. Falling back to ozone.metadata.dirs instead.
2019-11-07 16:38:35,376 [JUnit] INFO  util.log (Log.java:initialized(192)) - Logging initialized @829ms
2019-11-07 16:38:35,474 [JUnit] INFO  db.DBStoreBuilder (DBStoreBuilder.java:addTable(127)) - using custom profile for table: deletedBlocks
2019-11-07 16:38:35,474 [JUnit] INFO  db.DBStoreBuilder (DBStoreBuilder.java:processTables(183)) - Using default column profile:DBProfile.DISK for Table:deletedBlocks
2019-11-07 16:38:35,474 [JUnit] INFO  db.DBStoreBuilder (DBStoreBuilder.java:addTable(127)) - using custom profile for table: validCerts
2019-11-07 16:38:35,475 [JUnit] INFO  db.DBStoreBuilder (DBStoreBuilder.java:processTables(183)) - Using default column profile:DBProfile.DISK for Table:validCerts
2019-11-07 16:38:35,475 [JUnit] INFO  db.DBStoreBuilder (DBStoreBuilder.java:addTable(127)) - using custom profile for table: revokedCerts
2019-11-07 16:38:35,475 [JUnit] INFO  db.DBStoreBuilder (DBStoreBuilder.java:processTables(183)) - Using default column profile:DBProfile.DISK for Table:revokedCerts
2019-11-07 16:38:35,486 [JUnit] INFO  db.DBStoreBuilder (DBStoreBuilder.java:addTable(127)) - using custom profile for table: default
2019-11-07 16:38:35,486 [JUnit] INFO  db.DBStoreBuilder (DBStoreBuilder.java:processTables(189)) - Using default column profile:DBProfile.DISK for Table:default
2019-11-07 16:38:35,488 [JUnit] INFO  db.DBStoreBuilder (DBStoreBuilder.java:getDbProfile(220)) - Using default options. DBProfile.DISK
2019-11-07 16:38:35,843 [JUnit] INFO  net.NodeSchemaLoader (NodeSchemaLoader.java:loadSchemaFromFile(125)) - Loading file from sun.misc.CompoundEnumeration@31190526
2019-11-07 16:38:35,845 [JUnit] INFO  net.NodeSchemaLoader (NodeSchemaLoader.java:loadSchema(171)) - Loading network topology layer schema file
2019-11-07 16:38:35,933 [JUnit] WARN  server.ServerUtils (ServerUtils.java:sanitizeUserArgs(70)) - ozone.scm.stale.node.interval value = 300000 is larger than max = 100000 based on the key value of ozone.scm.heartbeat.thread.interval, reset to the max value 100000.
2019-11-07 16:38:35,935 [JUnit] WARN  server.ServerUtils (ServerUtils.java:sanitizeUserArgs(70)) - ozone.scm.stale.node.interval value = 300000 is larger than max = 100000 based on the key value of ozone.scm.heartbeat.thread.interval, reset to the max value 100000.
2019-11-07 16:38:35,938 [JUnit] INFO  node.SCMNodeManager (SCMNodeManager.java:<init>(116)) - Entering startup safe mode.
2019-11-07 16:38:36,069 [JUnit] INFO  algorithms.ContainerPlacementPolicyFactory (ContainerPlacementPolicyFactory.java:getPolicy(57)) - Create container placement policy of type org.apache.hadoop.hdds.scm.container.placement.algorithms.SCMContainerPlacementRandom
2019-11-07 16:38:36,084 [JUnit] WARN  server.ServerUtils (ServerUtils.java:getScmDbDir(145)) - ozone.scm.db.dirs is not configured. We recommend adding this setting. Falling back to ozone.metadata.dirs instead.
2019-11-07 16:38:36,222 [JUnit] INFO  pipeline.SCMPipelineManager (SCMPipelineManager.java:initializePipelineState(132)) - No pipeline exists in current db
2019-11-07 16:38:36,225 [JUnit] WARN  server.ServerUtils (ServerUtils.java:getScmDbDir(145)) - ozone.scm.db.dirs is not configured. We recommend adding this setting. Falling back to ozone.metadata.dirs instead.
2019-11-07 16:38:36,392 [JUnit] WARN  events.EventQueue (EventQueue.java:fireEvent(183)) - No event handler registered for event TypedEvent{payloadType=SafeModeStatus, name='SafeModeStatus'}
2019-11-07 16:38:36,765 [JUnit] INFO  ipc.CallQueueManager (CallQueueManager.java:<init>(84)) - Using callQueue: class java.util.concurrent.LinkedBlockingQueue, queueCapacity: 2000, scheduler: class org.apache.hadoop.ipc.DefaultRpcScheduler, ipcBackoff: false.
2019-11-07 16:38:36,913 [Socket Reader #1 for port 46497] INFO  ipc.Server (Server.java:run(1074)) - Starting Socket Reader #1 for port 46497
2019-11-07 16:38:36,943 [JUnit] INFO  ipc.CallQueueManager (CallQueueManager.java:<init>(84)) - Using callQueue: class java.util.concurrent.LinkedBlockingQueue, queueCapacity: 2000, scheduler: class org.apache.hadoop.ipc.DefaultRpcScheduler, ipcBackoff: false.
2019-11-07 16:38:36,944 [Socket Reader #1 for port 38329] INFO  ipc.Server (Server.java:run(1074)) - Starting Socket Reader #1 for port 38329
2019-11-07 16:38:36,953 [JUnit] INFO  ipc.CallQueueManager (CallQueueManager.java:<init>(84)) - Using callQueue: class java.util.concurrent.LinkedBlockingQueue, queueCapacity: 2000, scheduler: class org.apache.hadoop.ipc.DefaultRpcScheduler, ipcBackoff: false.
2019-11-07 16:38:36,954 [Socket Reader #1 for port 37998] INFO  ipc.Server (Server.java:run(1074)) - Starting Socket Reader #1 for port 37998
2019-11-07 16:38:36,976 [JUnit] INFO  hdfs.DFSUtil (DFSUtil.java:httpServerTemplateForNNAndJN(1641)) - Starting Web-server for scm at: http://0.0.0.0:0
2019-11-07 16:38:37,107 [JUnit] INFO  server.AuthenticationFilter (AuthenticationFilter.java:constructSecretProvider(240)) - Unable to initialize FileSignerSecretProvider, falling back to use random secrets.
2019-11-07 16:38:37,121 [JUnit] WARN  http.HttpRequestLog (HttpRequestLog.java:getRequestLog(97)) - Jetty request log can only be enabled using Log4j
2019-11-07 16:38:37,129 [JUnit] INFO  http.HttpServer2 (HttpServer2.java:addGlobalFilter(975)) - Added global filter 'safety' (class=org.apache.hadoop.http.HttpServer2$QuotingInputFilter)
2019-11-07 16:38:37,131 [JUnit] INFO  http.HttpServer2 (HttpServer2.java:addFilter(948)) - Added filter static_user_filter (class=org.apache.hadoop.http.lib.StaticUserWebFilter$StaticUserFilter) to context scm
2019-11-07 16:38:37,131 [JUnit] INFO  http.HttpServer2 (HttpServer2.java:addFilter(958)) - Added filter static_user_filter (class=org.apache.hadoop.http.lib.StaticUserWebFilter$StaticUserFilter) to context logs
2019-11-07 16:38:37,132 [JUnit] INFO  http.HttpServer2 (HttpServer2.java:addFilter(958)) - Added filter static_user_filter (class=org.apache.hadoop.http.lib.StaticUserWebFilter$StaticUserFilter) to context static
2019-11-07 16:38:37,162 [JUnit] INFO  server.StorageContainerManager (StorageContainerManager.java:start(764)) - StorageContainerLocationProtocol RPC server is listening at /0.0.0.0:37998
2019-11-07 16:38:37,227 [JUnit] WARN  impl.MetricsConfig (MetricsConfig.java:loadFirst(134)) - Cannot locate configuration: tried hadoop-metrics2-storagecontainermanager.properties,hadoop-metrics2.properties
2019-11-07 16:38:37,242 [JUnit] INFO  impl.MetricsSystemImpl (MetricsSystemImpl.java:startTimer(374)) - Scheduled Metric snapshot period at 10 second(s).
2019-11-07 16:38:37,242 [JUnit] INFO  impl.MetricsSystemImpl (MetricsSystemImpl.java:start(191)) - StorageContainerManager metrics system started
2019-11-07 16:38:37,457 [JUnit] INFO  server.SCMClientProtocolServer (SCMClientProtocolServer.java:start(159)) - RPC server for Client  is listening at /0.0.0.0:37998
2019-11-07 16:38:37,458 [IPC Server Responder] INFO  ipc.Server (Server.java:run(1314)) - IPC Server Responder: starting
2019-11-07 16:38:37,458 [IPC Server listener on 37998] INFO  ipc.Server (Server.java:run(1153)) - IPC Server listener on 37998: starting
2019-11-07 16:38:37,461 [JUnit] INFO  server.StorageContainerManager (StorageContainerManager.java:start(774)) - ScmBlockLocationProtocol RPC server is listening at /0.0.0.0:38329
2019-11-07 16:38:37,462 [JUnit] INFO  server.SCMBlockProtocolServer (SCMBlockProtocolServer.java:start(146)) - RPC server for Block Protocol is listening at /0.0.0.0:38329
2019-11-07 16:38:37,462 [IPC Server Responder] INFO  ipc.Server (Server.java:run(1314)) - IPC Server Responder: starting
2019-11-07 16:38:37,462 [IPC Server listener on 38329] INFO  ipc.Server (Server.java:run(1153)) - IPC Server listener on 38329: starting
2019-11-07 16:38:37,465 [JUnit] INFO  server.StorageContainerManager (StorageContainerManager.java:start(778)) - ScmDatanodeProtocl RPC server is listening at /0.0.0.0:46497
2019-11-07 16:38:37,465 [JUnit] INFO  server.SCMDatanodeProtocolServer (SCMDatanodeProtocolServer.java:start(169)) - RPC server for DataNodes is listening at /0.0.0.0:46497
2019-11-07 16:38:37,466 [IPC Server Responder] INFO  ipc.Server (Server.java:run(1314)) - IPC Server Responder: starting
2019-11-07 16:38:37,466 [IPC Server listener on 46497] INFO  ipc.Server (Server.java:run(1153)) - IPC Server listener on 46497: starting
2019-11-07 16:38:37,470 [JUnit] INFO  http.HttpServer2 (HttpServer2.java:bindListener(1191)) - Jetty bound to port 41483
2019-11-07 16:38:37,471 [JUnit] INFO  server.Server (Server.java:doStart(351)) - jetty-9.3.25.v20180904, build timestamp: 2018-09-04T21:11:46Z, git hash: 3ce520221d0240229c862b122d2b06c12a625732
2019-11-07 16:38:37,504 [JUnit] INFO  handler.ContextHandler (ContextHandler.java:doStart(781)) - Started o.e.j.s.ServletContextHandler@7096b474{/logs,file:///workdir/hadoop-ozone/ozonefs/target/log,AVAILABLE}
2019-11-07 16:38:37,505 [JUnit] INFO  handler.ContextHandler (ContextHandler.java:doStart(781)) - Started o.e.j.s.ServletContextHandler@3d3ba765{/static,jar:file:/home/user/.m2/repository/org/apache/hadoop/hadoop-hdds-server-scm/0.5.0-SNAPSHOT/hadoop-hdds-server-scm-0.5.0-SNAPSHOT.jar!/webapps/static,AVAILABLE}
2019-11-07 16:38:37,571 [JUnit] INFO  handler.ContextHandler (ContextHandler.java:doStart(781)) - Started o.e.j.w.WebAppContext@797501a{/,file:///tmp/jetty-0.0.0.0-41483-scm-_-any-4540757007601426643.dir/webapp/,AVAILABLE}{/scm}
2019-11-07 16:38:37,576 [JUnit] INFO  server.AbstractConnector (AbstractConnector.java:doStart(278)) - Started ServerConnector@285f09de{HTTP/1.1,[http/1.1]}{0.0.0.0:41483}
2019-11-07 16:38:37,576 [JUnit] INFO  server.Server (Server.java:doStart(419)) - Started @3029ms
2019-11-07 16:38:37,578 [JUnit] INFO  impl.MetricsSinkAdapter (MetricsSinkAdapter.java:start(204)) - Sink prometheus started
2019-11-07 16:38:37,578 [JUnit] INFO  impl.MetricsSystemImpl (MetricsSystemImpl.java:registerSink(301)) - Registered sink prometheus
2019-11-07 16:38:37,579 [JUnit] INFO  server.BaseHttpServer (BaseHttpServer.java:updateConnectorAddress(215)) - HTTP server of SCM is listening at http://0.0.0.0:41483
2019-11-07 16:38:37,584 [org.apache.hadoop.util.JvmPauseMonitor$Monitor@345e5a17] INFO  util.JvmPauseMonitor (JvmPauseMonitor.java:run(188)) - Starting JVM pause monitor
2019-11-07 16:38:37,586 [JUnit] WARN  server.ServerUtils (ServerUtils.java:getDBPath(222)) - ozone.om.db.dirs is not configured. We recommend adding this setting. Falling back to ozone.metadata.dirs instead.
2019-11-07 16:38:37,700 [JUnit] INFO  ha.OMHANodeDetails (OMHANodeDetails.java:loadOMHAConfig(190)) - Configuration either no ozone.om.address set. Falling back to the default OM address /127.0.0.1:0
2019-11-07 16:38:37,700 [JUnit] INFO  ha.OMHANodeDetails (OMHANodeDetails.java:getOMNodeDetails(220)) - OM Service ID is not set. Setting it to the default ID: omServiceIdDefault
2019-11-07 16:38:37,703 [JUnit] WARN  server.ServerUtils (ServerUtils.java:getDBPath(222)) - ozone.om.db.dirs is not configured. We recommend adding this setting. Falling back to ozone.metadata.dirs instead.
2019-11-07 16:38:37,704 [JUnit] WARN  server.ServerUtils (ServerUtils.java:getDBPath(222)) - ozone.om.db.dirs is not configured. We recommend adding this setting. Falling back to ozone.metadata.dirs instead.
2019-11-07 16:38:38,416 [JUnit] WARN  server.ServerUtils (ServerUtils.java:getDBPath(222)) - ozone.om.db.dirs is not configured. We recommend adding this setting. Falling back to ozone.metadata.dirs instead.
2019-11-07 16:38:38,431 [JUnit] INFO  db.DBStoreBuilder (DBStoreBuilder.java:addTable(127)) - using custom profile for table: userTable
2019-11-07 16:38:38,431 [JUnit] INFO  db.DBStoreBuilder (DBStoreBuilder.java:processTables(183)) - Using default column profile:DBProfile.DISK for Table:userTable
2019-11-07 16:38:38,432 [JUnit] INFO  db.DBStoreBuilder (DBStoreBuilder.java:addTable(127)) - using custom profile for table: volumeTable
2019-11-07 16:38:38,432 [JUnit] INFO  db.DBStoreBuilder (DBStoreBuilder.java:processTables(183)) - Using default column profile:DBProfile.DISK for Table:volumeTable
2019-11-07 16:38:38,432 [JUnit] INFO  db.DBStoreBuilder (DBStoreBuilder.java:addTable(127)) - using custom profile for table: bucketTable
2019-11-07 16:38:38,432 [JUnit] INFO  db.DBStoreBuilder (DBStoreBuilder.java:processTables(183)) - Using default column profile:DBProfile.DISK for Table:bucketTable
2019-11-07 16:38:38,433 [JUnit] INFO  db.DBStoreBuilder (DBStoreBuilder.java:addTable(127)) - using custom profile for table: keyTable
2019-11-07 16:38:38,433 [JUnit] INFO  db.DBStoreBuilder (DBStoreBuilder.java:processTables(183)) - Using default column profile:DBProfile.DISK for Table:keyTable
2019-11-07 16:38:38,433 [JUnit] INFO  db.DBStoreBuilder (DBStoreBuilder.java:addTable(127)) - using custom profile for table: deletedTable
2019-11-07 16:38:38,434 [JUnit] INFO  db.DBStoreBuilder (DBStoreBuilder.java:processTables(183)) - Using default column profile:DBProfile.DISK for Table:deletedTable
2019-11-07 16:38:38,434 [JUnit] INFO  db.DBStoreBuilder (DBStoreBuilder.java:addTable(127)) - using custom profile for table: openKeyTable
2019-11-07 16:38:38,434 [JUnit] INFO  db.DBStoreBuilder (DBStoreBuilder.java:processTables(183)) - Using default column profile:DBProfile.DISK for Table:openKeyTable
2019-11-07 16:38:38,435 [JUnit] INFO  db.DBStoreBuilder (DBStoreBuilder.java:addTable(127)) - using custom profile for table: s3Table
2019-11-07 16:38:38,435 [JUnit] INFO  db.DBStoreBuilder (DBStoreBuilder.java:processTables(183)) - Using default column profile:DBProfile.DISK for Table:s3Table
2019-11-07 16:38:38,435 [JUnit] INFO  db.DBStoreBuilder (DBStoreBuilder.java:addTable(127)) - using custom profile for table: multipartInfoTable
2019-11-07 16:38:38,435 [JUnit] INFO  db.DBStoreBuilder (DBStoreBuilder.java:processTables(183)) - Using default column profile:DBProfile.DISK for Table:multipartInfoTable
2019-11-07 16:38:38,436 [JUnit] INFO  db.DBStoreBuilder (DBStoreBuilder.java:addTable(127)) - using custom profile for table: dTokenTable
2019-11-07 16:38:38,436 [JUnit] INFO  db.DBStoreBuilder (DBStoreBuilder.java:processTables(183)) - Using default column profile:DBProfile.DISK for Table:dTokenTable
2019-11-07 16:38:38,436 [JUnit] INFO  db.DBStoreBuilder (DBStoreBuilder.java:addTable(127)) - using custom profile for table: s3SecretTable
2019-11-07 16:38:38,436 [JUnit] INFO  db.DBStoreBuilder (DBStoreBuilder.java:processTables(183)) - Using default column profile:DBProfile.DISK for Table:s3SecretTable
2019-11-07 16:38:38,437 [JUnit] INFO  db.DBStoreBuilder (DBStoreBuilder.java:addTable(127)) - using custom profile for table: prefixTable
2019-11-07 16:38:38,437 [JUnit] INFO  db.DBStoreBuilder (DBStoreBuilder.java:processTables(183)) - Using default column profile:DBProfile.DISK for Table:prefixTable
2019-11-07 16:38:38,437 [JUnit] INFO  db.DBStoreBuilder (DBStoreBuilder.java:addTable(127)) - using custom profile for table: default
2019-11-07 16:38:38,438 [JUnit] INFO  db.DBStoreBuilder (DBStoreBuilder.java:processTables(189)) - Using default column profile:DBProfile.DISK for Table:default
2019-11-07 16:38:38,438 [JUnit] INFO  db.DBStoreBuilder (DBStoreBuilder.java:getDbProfile(220)) - Using default options. DBProfile.DISK
2019-11-07 16:38:39,110 [JUnit] INFO  ipc.CallQueueManager (CallQueueManager.java:<init>(84)) - Using callQueue: class java.util.concurrent.LinkedBlockingQueue, queueCapacity: 2000, scheduler: class org.apache.hadoop.ipc.DefaultRpcScheduler, ipcBackoff: false.
2019-11-07 16:38:39,112 [Socket Reader #1 for port 33756] INFO  ipc.Server (Server.java:run(1074)) - Starting Socket Reader #1 for port 33756
2019-11-07 16:38:39,139 [JUnit] INFO  om.OzoneManager (OzoneManager.java:start(1076)) - OzoneManager RPC server is listening at localhost/127.0.0.1:33756
2019-11-07 16:38:39,139 [JUnit] INFO  impl.MetricsSystemImpl (MetricsSystemImpl.java:init(158)) - OzoneManager metrics system started (again)
2019-11-07 16:38:39,148 [IPC Server Responder] INFO  ipc.Server (Server.java:run(1314)) - IPC Server Responder: starting
2019-11-07 16:38:39,148 [IPC Server listener on 33756] INFO  ipc.Server (Server.java:run(1153)) - IPC Server listener on 33756: starting
2019-11-07 16:38:39,154 [JUnit] INFO  hdfs.DFSUtil (DFSUtil.java:httpServerTemplateForNNAndJN(1641)) - Starting Web-server for ozoneManager at: http://0.0.0.0:0
2019-11-07 16:38:39,156 [JUnit] INFO  server.AuthenticationFilter (AuthenticationFilter.java:constructSecretProvider(240)) - Unable to initialize FileSignerSecretProvider, falling back to use random secrets.
2019-11-07 16:38:39,157 [JUnit] WARN  http.HttpRequestLog (HttpRequestLog.java:getRequestLog(97)) - Jetty request log can only be enabled using Log4j
2019-11-07 16:38:39,159 [JUnit] INFO  http.HttpServer2 (HttpServer2.java:addGlobalFilter(975)) - Added global filter 'safety' (class=org.apache.hadoop.http.HttpServer2$QuotingInputFilter)
2019-11-07 16:38:39,161 [JUnit] INFO  http.HttpServer2 (HttpServer2.java:addFilter(948)) - Added filter static_user_filter (class=org.apache.hadoop.http.lib.StaticUserWebFilter$StaticUserFilter) to context ozoneManager
2019-11-07 16:38:39,161 [JUnit] INFO  http.HttpServer2 (HttpServer2.java:addFilter(958)) - Added filter static_user_filter (class=org.apache.hadoop.http.lib.StaticUserWebFilter$StaticUserFilter) to context static
2019-11-07 16:38:39,161 [JUnit] INFO  http.HttpServer2 (HttpServer2.java:addFilter(958)) - Added filter static_user_filter (class=org.apache.hadoop.http.lib.StaticUserWebFilter$StaticUserFilter) to context logs
2019-11-07 16:38:39,163 [JUnit] INFO  http.HttpServer2 (HttpServer2.java:bindListener(1191)) - Jetty bound to port 40001
2019-11-07 16:38:39,163 [JUnit] INFO  server.Server (Server.java:doStart(351)) - jetty-9.3.25.v20180904, build timestamp: 2018-09-04T21:11:46Z, git hash: 3ce520221d0240229c862b122d2b06c12a625732
2019-11-07 16:38:39,165 [JUnit] INFO  handler.ContextHandler (ContextHandler.java:doStart(781)) - Started o.e.j.s.ServletContextHandler@4a55a6e8{/logs,file:///workdir/hadoop-ozone/ozonefs/target/log,AVAILABLE}
2019-11-07 16:38:39,166 [JUnit] INFO  handler.ContextHandler (ContextHandler.java:doStart(781)) - Started o.e.j.s.ServletContextHandler@226b143b{/static,jar:file:/home/user/.m2/repository/org/apache/hadoop/hadoop-ozone-ozone-manager/0.5.0-SNAPSHOT/hadoop-ozone-ozone-manager-0.5.0-SNAPSHOT.jar!/webapps/static,AVAILABLE}
2019-11-07 16:38:39,249 [JUnit] INFO  handler.ContextHandler (ContextHandler.java:doStart(781)) - Started o.e.j.w.WebAppContext@476ec9d0{/,file:///tmp/jetty-0.0.0.0-40001-ozoneManager-_-any-8032802908235113155.dir/webapp/,AVAILABLE}{/ozoneManager}
2019-11-07 16:38:39,250 [JUnit] INFO  server.AbstractConnector (AbstractConnector.java:doStart(278)) - Started ServerConnector@325bb9a6{HTTP/1.1,[http/1.1]}{0.0.0.0:40001}
2019-11-07 16:38:39,251 [JUnit] INFO  server.Server (Server.java:doStart(419)) - Started @4704ms
2019-11-07 16:38:39,251 [JUnit] WARN  impl.MetricsSystemImpl (MetricsSystemImpl.java:register(276)) - Sink prometheus already exists!
2019-11-07 16:38:39,252 [JUnit] INFO  server.BaseHttpServer (BaseHttpServer.java:updateConnectorAddress(215)) - HTTP server of OZONEMANAGER is listening at http://0.0.0.0:40001
2019-11-07 16:38:39,540 [JUnit] INFO  impl.MetricsSystemImpl (MetricsSystemImpl.java:init(158)) - HddsDatanode metrics system started (again)
2019-11-07 16:38:39,598 [JUnit] INFO  ozone.HddsDatanodeService (HddsDatanodeService.java:start(183)) - HddsDatanodeService host:pr-hdds-1987-s655p-391215153 ip:192.168.69.91
2019-11-07 16:38:39,632 [JUnit] INFO  volume.HddsVolume (HddsVolume.java:<init>(176)) - Creating Volume: /workdir/hadoop-ozone/ozonefs/target/test-dir/MiniOzoneClusterImpl-011926d7-1db7-4b70-8a4f-23cce51d49d2/datanode-0/data/containers/hdds of  storage type : DISK and capacity : 1482555576320
2019-11-07 16:38:39,634 [JUnit] INFO  volume.VolumeSet (VolumeSet.java:initializeVolumeSet(170)) - Added Volume : /workdir/hadoop-ozone/ozonefs/target/test-dir/MiniOzoneClusterImpl-011926d7-1db7-4b70-8a4f-23cce51d49d2/datanode-0/data/containers/hdds to VolumeSet
2019-11-07 16:38:39,636 [JUnit] INFO  volume.ThrottledAsyncChecker (ThrottledAsyncChecker.java:schedule(141)) - Scheduling a check for /workdir/hadoop-ozone/ozonefs/target/test-dir/MiniOzoneClusterImpl-011926d7-1db7-4b70-8a4f-23cce51d49d2/datanode-0/data/containers/hdds
2019-11-07 16:38:39,651 [JUnit] INFO  volume.HddsVolumeChecker (HddsVolumeChecker.java:checkAllVolumes(204)) - Scheduled health check for volume /workdir/hadoop-ozone/ozonefs/target/test-dir/MiniOzoneClusterImpl-011926d7-1db7-4b70-8a4f-23cce51d49d2/datanode-0/data/containers/hdds
2019-11-07 16:38:39,762 [JUnit] INFO  impl.RaftServerProxy (ConfUtils.java:logGet(43)) - raft.rpc.type = GRPC (default)
2019-11-07 16:38:39,821 [JUnit] INFO  grpc.GrpcFactory (GrpcFactory.java:checkPooledByteBufAllocatorUseCacheForAllThreads(45)) - PERFORMANCE WARNING: useCacheForAllThreads is true that may cause Netty to create a lot garbage objects and, as a result, trigger GC.
	It is recommended to disable useCacheForAllThreads by setting -Dorg.apache.ratis.thirdparty.io.netty.allocator.useCacheForAllThreads=false in command line.
2019-11-07 16:38:39,825 [JUnit] INFO  grpc.GrpcConfigKeys$Server (ConfUtils.java:logGet(43)) - raft.grpc.server.port = 0 (default)
2019-11-07 16:38:39,826 [JUnit] INFO  server.GrpcService (ConfUtils.java:logGet(43)) - raft.grpc.message.size.max = 33570816 (custom)
2019-11-07 16:38:39,827 [JUnit] INFO  server.RaftServerConfigKeys (ConfUtils.java:logGet(43)) - raft.server.log.appender.buffer.byte-limit = 33554432 (custom)
2019-11-07 16:38:39,828 [JUnit] INFO  server.GrpcService (ConfUtils.java:logGet(43)) - raft.grpc.flow.control.window = 1MB (=1048576) (default)
2019-11-07 16:38:39,829 [JUnit] INFO  server.RaftServerConfigKeys (ConfUtils.java:logGet(43)) - raft.server.rpc.request.timeout = 3000ms (default)
2019-11-07 16:38:39,985 [JUnit] INFO  server.RaftServerConfigKeys (ConfUtils.java:logGet(43)) - raft.server.storage.dir = [/workdir/hadoop-ozone/ozonefs/target/test-dir/MiniOzoneClusterImpl-011926d7-1db7-4b70-8a4f-23cce51d49d2/datanode-0/data/ratis] (custom)
2019-11-07 16:38:40,031 [JUnit] INFO  hdfs.DFSUtil (DFSUtil.java:httpServerTemplateForNNAndJN(1641)) - Starting Web-server for hddsDatanode at: http://0.0.0.0:0
2019-11-07 16:38:40,033 [JUnit] INFO  server.AuthenticationFilter (AuthenticationFilter.java:constructSecretProvider(240)) - Unable to initialize FileSignerSecretProvider, falling back to use random secrets.
2019-11-07 16:38:40,034 [JUnit] WARN  http.HttpRequestLog (HttpRequestLog.java:getRequestLog(97)) - Jetty request log can only be enabled using Log4j
2019-11-07 16:38:40,036 [JUnit] INFO  http.HttpServer2 (HttpServer2.java:addGlobalFilter(975)) - Added global filter 'safety' (class=org.apache.hadoop.http.HttpServer2$QuotingInputFilter)
2019-11-07 16:38:40,037 [JUnit] INFO  http.HttpServer2 (HttpServer2.java:addFilter(948)) - Added filter static_user_filter (class=org.apache.hadoop.http.lib.StaticUserWebFilter$StaticUserFilter) to context hddsDatanode
2019-11-07 16:38:40,038 [JUnit] INFO  http.HttpServer2 (HttpServer2.java:addFilter(958)) - Added filter static_user_filter (class=org.apache.hadoop.http.lib.StaticUserWebFilter$StaticUserFilter) to context logs
2019-11-07 16:38:40,038 [JUnit] INFO  http.HttpServer2 (HttpServer2.java:addFilter(958)) - Added filter static_user_filter (class=org.apache.hadoop.http.lib.StaticUserWebFilter$StaticUserFilter) to context static
2019-11-07 16:38:40,039 [JUnit] INFO  http.HttpServer2 (HttpServer2.java:bindListener(1191)) - Jetty bound to port 42760
2019-11-07 16:38:40,039 [JUnit] INFO  server.Server (Server.java:doStart(351)) - jetty-9.3.25.v20180904, build timestamp: 2018-09-04T21:11:46Z, git hash: 3ce520221d0240229c862b122d2b06c12a625732
2019-11-07 16:38:40,042 [JUnit] INFO  handler.ContextHandler (ContextHandler.java:doStart(781)) - Started o.e.j.s.ServletContextHandler@77774571{/logs,file:///workdir/hadoop-ozone/ozonefs/target/log,AVAILABLE}
2019-11-07 16:38:40,043 [JUnit] INFO  handler.ContextHandler (ContextHandler.java:doStart(781)) - Started o.e.j.s.ServletContextHandler@6cd64ee8{/static,jar:file:/home/user/.m2/repository/org/apache/hadoop/hadoop-hdds-container-service/0.5.0-SNAPSHOT/hadoop-hdds-container-service-0.5.0-SNAPSHOT.jar!/webapps/static,AVAILABLE}
2019-11-07 16:38:40,088 [JUnit] INFO  handler.ContextHandler (ContextHandler.java:doStart(781)) - Started o.e.j.w.WebAppContext@59072e9d{/,file:///tmp/jetty-0.0.0.0-42760-hddsDatanode-_-any-6326776150344132697.dir/webapp/,AVAILABLE}{/hddsDatanode}
2019-11-07 16:38:40,094 [JUnit] INFO  server.AbstractConnector (AbstractConnector.java:doStart(278)) - Started ServerConnector@58472096{HTTP/1.1,[http/1.1]}{0.0.0.0:42760}
2019-11-07 16:38:40,095 [JUnit] INFO  server.Server (Server.java:doStart(419)) - Started @5548ms
2019-11-07 16:38:40,095 [JUnit] WARN  impl.MetricsSystemImpl (MetricsSystemImpl.java:register(276)) - Sink prometheus already exists!
2019-11-07 16:38:40,097 [JUnit] INFO  server.BaseHttpServer (BaseHttpServer.java:updateConnectorAddress(215)) - HTTP server of HDDSDATANODE is listening at http://0.0.0.0:42760
2019-11-07 16:38:40,100 [JUnit] INFO  impl.MetricsSystemImpl (MetricsSystemImpl.java:init(158)) - HddsDatanode metrics system started (again)
2019-11-07 16:38:40,107 [JUnit] INFO  ozone.HddsDatanodeService (HddsDatanodeService.java:start(183)) - HddsDatanodeService host:pr-hdds-1987-s655p-391215153 ip:192.168.69.91
2019-11-07 16:38:40,110 [org.apache.hadoop.util.JvmPauseMonitor$Monitor@18667be2] INFO  util.JvmPauseMonitor (JvmPauseMonitor.java:run(188)) - Starting JVM pause monitor
2019-11-07 16:38:40,119 [JUnit] INFO  volume.HddsVolume (HddsVolume.java:<init>(176)) - Creating Volume: /workdir/hadoop-ozone/ozonefs/target/test-dir/MiniOzoneClusterImpl-011926d7-1db7-4b70-8a4f-23cce51d49d2/datanode-1/data/containers/hdds of  storage type : DISK and capacity : 1482555576320
2019-11-07 16:38:40,120 [JUnit] INFO  volume.VolumeSet (VolumeSet.java:initializeVolumeSet(170)) - Added Volume : /workdir/hadoop-ozone/ozonefs/target/test-dir/MiniOzoneClusterImpl-011926d7-1db7-4b70-8a4f-23cce51d49d2/datanode-1/data/containers/hdds to VolumeSet
2019-11-07 16:38:40,120 [JUnit] INFO  volume.ThrottledAsyncChecker (ThrottledAsyncChecker.java:schedule(141)) - Scheduling a check for /workdir/hadoop-ozone/ozonefs/target/test-dir/MiniOzoneClusterImpl-011926d7-1db7-4b70-8a4f-23cce51d49d2/datanode-1/data/containers/hdds
2019-11-07 16:38:40,121 [JUnit] INFO  volume.HddsVolumeChecker (HddsVolumeChecker.java:checkAllVolumes(204)) - Scheduled health check for volume /workdir/hadoop-ozone/ozonefs/target/test-dir/MiniOzoneClusterImpl-011926d7-1db7-4b70-8a4f-23cce51d49d2/datanode-1/data/containers/hdds
2019-11-07 16:38:40,154 [JUnit] INFO  impl.RaftServerProxy (ConfUtils.java:logGet(43)) - raft.rpc.type = GRPC (default)
2019-11-07 16:38:40,155 [JUnit] INFO  grpc.GrpcFactory (GrpcFactory.java:checkPooledByteBufAllocatorUseCacheForAllThreads(45)) - PERFORMANCE WARNING: useCacheForAllThreads is true that may cause Netty to create a lot garbage objects and, as a result, trigger GC.
	It is recommended to disable useCacheForAllThreads by setting -Dorg.apache.ratis.thirdparty.io.netty.allocator.useCacheForAllThreads=false in command line.
2019-11-07 16:38:40,155 [JUnit] INFO  grpc.GrpcConfigKeys$Server (ConfUtils.java:logGet(43)) - raft.grpc.server.port = 0 (default)
2019-11-07 16:38:40,155 [JUnit] INFO  server.GrpcService (ConfUtils.java:logGet(43)) - raft.grpc.message.size.max = 33570816 (custom)
2019-11-07 16:38:40,155 [JUnit] INFO  server.RaftServerConfigKeys (ConfUtils.java:logGet(43)) - raft.server.log.appender.buffer.byte-limit = 33554432 (custom)
2019-11-07 16:38:40,156 [JUnit] INFO  server.GrpcService (ConfUtils.java:logGet(43)) - raft.grpc.flow.control.window = 1MB (=1048576) (default)
2019-11-07 16:38:40,156 [JUnit] INFO  server.RaftServerConfigKeys (ConfUtils.java:logGet(43)) - raft.server.rpc.request.timeout = 3000ms (default)
2019-11-07 16:38:40,157 [JUnit] INFO  server.RaftServerConfigKeys (ConfUtils.java:logGet(43)) - raft.server.storage.dir = [/workdir/hadoop-ozone/ozonefs/target/test-dir/MiniOzoneClusterImpl-011926d7-1db7-4b70-8a4f-23cce51d49d2/datanode-1/data/ratis] (custom)
2019-11-07 16:38:40,160 [JUnit] INFO  hdfs.DFSUtil (DFSUtil.java:httpServerTemplateForNNAndJN(1641)) - Starting Web-server for hddsDatanode at: http://0.0.0.0:0
2019-11-07 16:38:40,162 [JUnit] INFO  server.AuthenticationFilter (AuthenticationFilter.java:constructSecretProvider(240)) - Unable to initialize FileSignerSecretProvider, falling back to use random secrets.
2019-11-07 16:38:40,163 [JUnit] WARN  http.HttpRequestLog (HttpRequestLog.java:getRequestLog(97)) - Jetty request log can only be enabled using Log4j
2019-11-07 16:38:40,165 [JUnit] INFO  http.HttpServer2 (HttpServer2.java:addGlobalFilter(975)) - Added global filter 'safety' (class=org.apache.hadoop.http.HttpServer2$QuotingInputFilter)
2019-11-07 16:38:40,167 [JUnit] INFO  http.HttpServer2 (HttpServer2.java:addFilter(948)) - Added filter static_user_filter (class=org.apache.hadoop.http.lib.StaticUserWebFilter$StaticUserFilter) to context hddsDatanode
2019-11-07 16:38:40,167 [JUnit] INFO  http.HttpServer2 (HttpServer2.java:addFilter(958)) - Added filter static_user_filter (class=org.apache.hadoop.http.lib.StaticUserWebFilter$StaticUserFilter) to context logs
2019-11-07 16:38:40,167 [JUnit] INFO  http.HttpServer2 (HttpServer2.java:addFilter(958)) - Added filter static_user_filter (class=org.apache.hadoop.http.lib.StaticUserWebFilter$StaticUserFilter) to context static
2019-11-07 16:38:40,169 [JUnit] INFO  http.HttpServer2 (HttpServer2.java:bindListener(1191)) - Jetty bound to port 41447
2019-11-07 16:38:40,169 [JUnit] INFO  server.Server (Server.java:doStart(351)) - jetty-9.3.25.v20180904, build timestamp: 2018-09-04T21:11:46Z, git hash: 3ce520221d0240229c862b122d2b06c12a625732
2019-11-07 16:38:40,173 [JUnit] INFO  handler.ContextHandler (ContextHandler.java:doStart(781)) - Started o.e.j.s.ServletContextHandler@121bb45b{/logs,file:///workdir/hadoop-ozone/ozonefs/target/log,AVAILABLE}
2019-11-07 16:38:40,173 [JUnit] INFO  handler.ContextHandler (ContextHandler.java:doStart(781)) - Started o.e.j.s.ServletContextHandler@1cd3b138{/static,jar:file:/home/user/.m2/repository/org/apache/hadoop/hadoop-hdds-container-service/0.5.0-SNAPSHOT/hadoop-hdds-container-service-0.5.0-SNAPSHOT.jar!/webapps/static,AVAILABLE}
2019-11-07 16:38:40,213 [JUnit] INFO  handler.ContextHandler (ContextHandler.java:doStart(781)) - Started o.e.j.w.WebAppContext@53f4c1e6{/,file:///tmp/jetty-0.0.0.0-41447-hddsDatanode-_-any-7675396772694685139.dir/webapp/,AVAILABLE}{/hddsDatanode}
2019-11-07 16:38:40,214 [JUnit] INFO  server.AbstractConnector (AbstractConnector.java:doStart(278)) - Started ServerConnector@74174a23{HTTP/1.1,[http/1.1]}{0.0.0.0:41447}
2019-11-07 16:38:40,215 [JUnit] INFO  server.Server (Server.java:doStart(419)) - Started @5668ms
2019-11-07 16:38:40,215 [JUnit] WARN  impl.MetricsSystemImpl (MetricsSystemImpl.java:register(276)) - Sink prometheus already exists!
2019-11-07 16:38:40,216 [JUnit] INFO  server.BaseHttpServer (BaseHttpServer.java:updateConnectorAddress(215)) - HTTP server of HDDSDATANODE is listening at http://0.0.0.0:41447
2019-11-07 16:38:40,217 [JUnit] INFO  impl.MetricsSystemImpl (MetricsSystemImpl.java:init(158)) - HddsDatanode metrics system started (again)
2019-11-07 16:38:40,220 [JUnit] INFO  ozone.HddsDatanodeService (HddsDatanodeService.java:start(183)) - HddsDatanodeService host:pr-hdds-1987-s655p-391215153 ip:192.168.69.91
2019-11-07 16:38:40,220 [org.apache.hadoop.util.JvmPauseMonitor$Monitor@2c9e813a] INFO  util.JvmPauseMonitor (JvmPauseMonitor.java:run(188)) - Starting JVM pause monitor
2019-11-07 16:38:40,228 [JUnit] INFO  volume.HddsVolume (HddsVolume.java:<init>(176)) - Creating Volume: /workdir/hadoop-ozone/ozonefs/target/test-dir/MiniOzoneClusterImpl-011926d7-1db7-4b70-8a4f-23cce51d49d2/datanode-2/data/containers/hdds of  storage type : DISK and capacity : 1482555576320
2019-11-07 16:38:40,228 [JUnit] INFO  volume.VolumeSet (VolumeSet.java:initializeVolumeSet(170)) - Added Volume : /workdir/hadoop-ozone/ozonefs/target/test-dir/MiniOzoneClusterImpl-011926d7-1db7-4b70-8a4f-23cce51d49d2/datanode-2/data/containers/hdds to VolumeSet
2019-11-07 16:38:40,229 [JUnit] INFO  volume.ThrottledAsyncChecker (ThrottledAsyncChecker.java:schedule(141)) - Scheduling a check for /workdir/hadoop-ozone/ozonefs/target/test-dir/MiniOzoneClusterImpl-011926d7-1db7-4b70-8a4f-23cce51d49d2/datanode-2/data/containers/hdds
2019-11-07 16:38:40,230 [JUnit] INFO  volume.HddsVolumeChecker (HddsVolumeChecker.java:checkAllVolumes(204)) - Scheduled health check for volume /workdir/hadoop-ozone/ozonefs/target/test-dir/MiniOzoneClusterImpl-011926d7-1db7-4b70-8a4f-23cce51d49d2/datanode-2/data/containers/hdds
2019-11-07 16:38:40,260 [JUnit] INFO  impl.RaftServerProxy (ConfUtils.java:logGet(43)) - raft.rpc.type = GRPC (default)
2019-11-07 16:38:40,260 [JUnit] INFO  grpc.GrpcFactory (GrpcFactory.java:checkPooledByteBufAllocatorUseCacheForAllThreads(45)) - PERFORMANCE WARNING: useCacheForAllThreads is true that may cause Netty to create a lot garbage objects and, as a result, trigger GC.
	It is recommended to disable useCacheForAllThreads by setting -Dorg.apache.ratis.thirdparty.io.netty.allocator.useCacheForAllThreads=false in command line.
2019-11-07 16:38:40,260 [JUnit] INFO  grpc.GrpcConfigKeys$Server (ConfUtils.java:logGet(43)) - raft.grpc.server.port = 0 (default)
2019-11-07 16:38:40,261 [JUnit] INFO  server.GrpcService (ConfUtils.java:logGet(43)) - raft.grpc.message.size.max = 33570816 (custom)
2019-11-07 16:38:40,261 [JUnit] INFO  server.RaftServerConfigKeys (ConfUtils.java:logGet(43)) - raft.server.log.appender.buffer.byte-limit = 33554432 (custom)
2019-11-07 16:38:40,261 [JUnit] INFO  server.GrpcService (ConfUtils.java:logGet(43)) - raft.grpc.flow.control.window = 1MB (=1048576) (default)
2019-11-07 16:38:40,262 [JUnit] INFO  server.RaftServerConfigKeys (ConfUtils.java:logGet(43)) - raft.server.rpc.request.timeout = 3000ms (default)
2019-11-07 16:38:40,262 [JUnit] INFO  server.RaftServerConfigKeys (ConfUtils.java:logGet(43)) - raft.server.storage.dir = [/workdir/hadoop-ozone/ozonefs/target/test-dir/MiniOzoneClusterImpl-011926d7-1db7-4b70-8a4f-23cce51d49d2/datanode-2/data/ratis] (custom)
2019-11-07 16:38:40,263 [Datanode State Machine Thread - 0] INFO  datanode.InitDatanodeState (InitDatanodeState.java:persistContainerDatanodeDetails(140)) - DatanodeDetails is persisted to /workdir/hadoop-ozone/ozonefs/target/test-dir/MiniOzoneClusterImpl-011926d7-1db7-4b70-8a4f-23cce51d49d2/datanode-0/meta/datanode.id
2019-11-07 16:38:40,266 [JUnit] INFO  hdfs.DFSUtil (DFSUtil.java:httpServerTemplateForNNAndJN(1641)) - Starting Web-server for hddsDatanode at: http://0.0.0.0:0
2019-11-07 16:38:40,267 [Datanode State Machine Thread - 0] INFO  datanode.InitDatanodeState (InitDatanodeState.java:persistContainerDatanodeDetails(140)) - DatanodeDetails is persisted to /workdir/hadoop-ozone/ozonefs/target/test-dir/MiniOzoneClusterImpl-011926d7-1db7-4b70-8a4f-23cce51d49d2/datanode-1/meta/datanode.id
2019-11-07 16:38:40,269 [JUnit] INFO  server.AuthenticationFilter (AuthenticationFilter.java:constructSecretProvider(240)) - Unable to initialize FileSignerSecretProvider, falling back to use random secrets.
2019-11-07 16:38:40,270 [JUnit] WARN  http.HttpRequestLog (HttpRequestLog.java:getRequestLog(97)) - Jetty request log can only be enabled using Log4j
2019-11-07 16:38:40,272 [JUnit] INFO  http.HttpServer2 (HttpServer2.java:addGlobalFilter(975)) - Added global filter 'safety' (class=org.apache.hadoop.http.HttpServer2$QuotingInputFilter)
2019-11-07 16:38:40,274 [JUnit] INFO  http.HttpServer2 (HttpServer2.java:addFilter(948)) - Added filter static_user_filter (class=org.apache.hadoop.http.lib.StaticUserWebFilter$StaticUserFilter) to context hddsDatanode
2019-11-07 16:38:40,274 [JUnit] INFO  http.HttpServer2 (HttpServer2.java:addFilter(958)) - Added filter static_user_filter (class=org.apache.hadoop.http.lib.StaticUserWebFilter$StaticUserFilter) to context logs
2019-11-07 16:38:40,274 [JUnit] INFO  http.HttpServer2 (HttpServer2.java:addFilter(958)) - Added filter static_user_filter (class=org.apache.hadoop.http.lib.StaticUserWebFilter$StaticUserFilter) to context static
2019-11-07 16:38:40,275 [JUnit] INFO  http.HttpServer2 (HttpServer2.java:bindListener(1191)) - Jetty bound to port 44093
2019-11-07 16:38:40,275 [JUnit] INFO  server.Server (Server.java:doStart(351)) - jetty-9.3.25.v20180904, build timestamp: 2018-09-04T21:11:46Z, git hash: 3ce520221d0240229c862b122d2b06c12a625732
2019-11-07 16:38:40,278 [JUnit] INFO  handler.ContextHandler (ContextHandler.java:doStart(781)) - Started o.e.j.s.ServletContextHandler@3d4e405e{/logs,file:///workdir/hadoop-ozone/ozonefs/target/log,AVAILABLE}
2019-11-07 16:38:40,278 [JUnit] INFO  handler.ContextHandler (ContextHandler.java:doStart(781)) - Started o.e.j.s.ServletContextHandler@70972170{/static,jar:file:/home/user/.m2/repository/org/apache/hadoop/hadoop-hdds-container-service/0.5.0-SNAPSHOT/hadoop-hdds-container-service-0.5.0-SNAPSHOT.jar!/webapps/static,AVAILABLE}
2019-11-07 16:38:40,322 [JUnit] INFO  handler.ContextHandler (ContextHandler.java:doStart(781)) - Started o.e.j.w.WebAppContext@176996c3{/,file:///tmp/jetty-0.0.0.0-44093-hddsDatanode-_-any-5187025975654160127.dir/webapp/,AVAILABLE}{/hddsDatanode}
2019-11-07 16:38:40,323 [JUnit] INFO  server.AbstractConnector (AbstractConnector.java:doStart(278)) - Started ServerConnector@411c6d44{HTTP/1.1,[http/1.1]}{0.0.0.0:44093}
2019-11-07 16:38:40,323 [JUnit] INFO  server.Server (Server.java:doStart(419)) - Started @5776ms
2019-11-07 16:38:40,324 [JUnit] WARN  impl.MetricsSystemImpl (MetricsSystemImpl.java:register(276)) - Sink prometheus already exists!
2019-11-07 16:38:40,325 [JUnit] INFO  server.BaseHttpServer (BaseHttpServer.java:updateConnectorAddress(215)) - HTTP server of HDDSDATANODE is listening at http://0.0.0.0:44093
2019-11-07 16:38:40,326 [JUnit] INFO  impl.MetricsSystemImpl (MetricsSystemImpl.java:init(158)) - HddsDatanode metrics system started (again)
2019-11-07 16:38:40,330 [org.apache.hadoop.util.JvmPauseMonitor$Monitor@aeebc80] INFO  util.JvmPauseMonitor (JvmPauseMonitor.java:run(188)) - Starting JVM pause monitor
2019-11-07 16:38:40,331 [JUnit] INFO  ozone.HddsDatanodeService (HddsDatanodeService.java:start(183)) - HddsDatanodeService host:pr-hdds-1987-s655p-391215153 ip:192.168.69.91
2019-11-07 16:38:40,334 [Datanode State Machine Thread - 0] INFO  datanode.InitDatanodeState (InitDatanodeState.java:persistContainerDatanodeDetails(140)) - DatanodeDetails is persisted to /workdir/hadoop-ozone/ozonefs/target/test-dir/MiniOzoneClusterImpl-011926d7-1db7-4b70-8a4f-23cce51d49d2/datanode-2/meta/datanode.id
2019-11-07 16:38:40,342 [JUnit] INFO  volume.HddsVolume (HddsVolume.java:<init>(176)) - Creating Volume: /workdir/hadoop-ozone/ozonefs/target/test-dir/MiniOzoneClusterImpl-011926d7-1db7-4b70-8a4f-23cce51d49d2/datanode-3/data/containers/hdds of  storage type : DISK and capacity : 1482555576320
2019-11-07 16:38:40,343 [JUnit] INFO  volume.VolumeSet (VolumeSet.java:initializeVolumeSet(170)) - Added Volume : /workdir/hadoop-ozone/ozonefs/target/test-dir/MiniOzoneClusterImpl-011926d7-1db7-4b70-8a4f-23cce51d49d2/datanode-3/data/containers/hdds to VolumeSet
2019-11-07 16:38:40,343 [JUnit] INFO  volume.ThrottledAsyncChecker (ThrottledAsyncChecker.java:schedule(141)) - Scheduling a check for /workdir/hadoop-ozone/ozonefs/target/test-dir/MiniOzoneClusterImpl-011926d7-1db7-4b70-8a4f-23cce51d49d2/datanode-3/data/containers/hdds
2019-11-07 16:38:40,344 [JUnit] INFO  volume.HddsVolumeChecker (HddsVolumeChecker.java:checkAllVolumes(204)) - Scheduled health check for volume /workdir/hadoop-ozone/ozonefs/target/test-dir/MiniOzoneClusterImpl-011926d7-1db7-4b70-8a4f-23cce51d49d2/datanode-3/data/containers/hdds
2019-11-07 16:38:40,380 [JUnit] INFO  impl.RaftServerProxy (ConfUtils.java:logGet(43)) - raft.rpc.type = GRPC (default)
2019-11-07 16:38:40,380 [JUnit] INFO  grpc.GrpcFactory (GrpcFactory.java:checkPooledByteBufAllocatorUseCacheForAllThreads(45)) - PERFORMANCE WARNING: useCacheForAllThreads is true that may cause Netty to create a lot garbage objects and, as a result, trigger GC.
	It is recommended to disable useCacheForAllThreads by setting -Dorg.apache.ratis.thirdparty.io.netty.allocator.useCacheForAllThreads=false in command line.
2019-11-07 16:38:40,381 [JUnit] INFO  grpc.GrpcConfigKeys$Server (ConfUtils.java:logGet(43)) - raft.grpc.server.port = 0 (default)
2019-11-07 16:38:40,383 [JUnit] INFO  server.GrpcService (ConfUtils.java:logGet(43)) - raft.grpc.message.size.max = 33570816 (custom)
2019-11-07 16:38:40,383 [JUnit] INFO  server.RaftServerConfigKeys (ConfUtils.java:logGet(43)) - raft.server.log.appender.buffer.byte-limit = 33554432 (custom)
2019-11-07 16:38:40,384 [JUnit] INFO  server.GrpcService (ConfUtils.java:logGet(43)) - raft.grpc.flow.control.window = 1MB (=1048576) (default)
2019-11-07 16:38:40,384 [JUnit] INFO  server.RaftServerConfigKeys (ConfUtils.java:logGet(43)) - raft.server.rpc.request.timeout = 3000ms (default)
2019-11-07 16:38:40,385 [JUnit] INFO  server.RaftServerConfigKeys (ConfUtils.java:logGet(43)) - raft.server.storage.dir = [/workdir/hadoop-ozone/ozonefs/target/test-dir/MiniOzoneClusterImpl-011926d7-1db7-4b70-8a4f-23cce51d49d2/datanode-3/data/ratis] (custom)
2019-11-07 16:38:40,387 [JUnit] INFO  hdfs.DFSUtil (DFSUtil.java:httpServerTemplateForNNAndJN(1641)) - Starting Web-server for hddsDatanode at: http://0.0.0.0:0
2019-11-07 16:38:40,389 [JUnit] INFO  server.AuthenticationFilter (AuthenticationFilter.java:constructSecretProvider(240)) - Unable to initialize FileSignerSecretProvider, falling back to use random secrets.
2019-11-07 16:38:40,390 [JUnit] WARN  http.HttpRequestLog (HttpRequestLog.java:getRequestLog(97)) - Jetty request log can only be enabled using Log4j
2019-11-07 16:38:40,393 [JUnit] INFO  http.HttpServer2 (HttpServer2.java:addGlobalFilter(975)) - Added global filter 'safety' (class=org.apache.hadoop.http.HttpServer2$QuotingInputFilter)
2019-11-07 16:38:40,394 [JUnit] INFO  http.HttpServer2 (HttpServer2.java:addFilter(948)) - Added filter static_user_filter (class=org.apache.hadoop.http.lib.StaticUserWebFilter$StaticUserFilter) to context hddsDatanode
2019-11-07 16:38:40,394 [JUnit] INFO  http.HttpServer2 (HttpServer2.java:addFilter(958)) - Added filter static_user_filter (class=org.apache.hadoop.http.lib.StaticUserWebFilter$StaticUserFilter) to context logs
2019-11-07 16:38:40,394 [JUnit] INFO  http.HttpServer2 (HttpServer2.java:addFilter(958)) - Added filter static_user_filter (class=org.apache.hadoop.http.lib.StaticUserWebFilter$StaticUserFilter) to context static
2019-11-07 16:38:40,395 [JUnit] INFO  http.HttpServer2 (HttpServer2.java:bindListener(1191)) - Jetty bound to port 33104
2019-11-07 16:38:40,395 [JUnit] INFO  server.Server (Server.java:doStart(351)) - jetty-9.3.25.v20180904, build timestamp: 2018-09-04T21:11:46Z, git hash: 3ce520221d0240229c862b122d2b06c12a625732
2019-11-07 16:38:40,400 [JUnit] INFO  handler.ContextHandler (ContextHandler.java:doStart(781)) - Started o.e.j.s.ServletContextHandler@2f84acf7{/logs,file:///workdir/hadoop-ozone/ozonefs/target/log,AVAILABLE}
2019-11-07 16:38:40,400 [JUnit] INFO  handler.ContextHandler (ContextHandler.java:doStart(781)) - Started o.e.j.s.ServletContextHandler@372ca2d6{/static,jar:file:/home/user/.m2/repository/org/apache/hadoop/hadoop-hdds-container-service/0.5.0-SNAPSHOT/hadoop-hdds-container-service-0.5.0-SNAPSHOT.jar!/webapps/static,AVAILABLE}
2019-11-07 16:38:40,437 [JUnit] INFO  handler.ContextHandler (ContextHandler.java:doStart(781)) - Started o.e.j.w.WebAppContext@2f5b8250{/,file:///tmp/jetty-0.0.0.0-33104-hddsDatanode-_-any-5989980598593224695.dir/webapp/,AVAILABLE}{/hddsDatanode}
2019-11-07 16:38:40,437 [JUnit] INFO  server.AbstractConnector (AbstractConnector.java:doStart(278)) - Started ServerConnector@4821aa9f{HTTP/1.1,[http/1.1]}{0.0.0.0:33104}
2019-11-07 16:38:40,438 [JUnit] INFO  server.Server (Server.java:doStart(419)) - Started @5891ms
2019-11-07 16:38:40,438 [JUnit] WARN  impl.MetricsSystemImpl (MetricsSystemImpl.java:register(276)) - Sink prometheus already exists!
2019-11-07 16:38:40,439 [JUnit] INFO  server.BaseHttpServer (BaseHttpServer.java:updateConnectorAddress(215)) - HTTP server of HDDSDATANODE is listening at http://0.0.0.0:33104
2019-11-07 16:38:40,440 [JUnit] INFO  impl.MetricsSystemImpl (MetricsSystemImpl.java:init(158)) - HddsDatanode metrics system started (again)
2019-11-07 16:38:40,444 [org.apache.hadoop.util.JvmPauseMonitor$Monitor@7bbc1e31] INFO  util.JvmPauseMonitor (JvmPauseMonitor.java:run(188)) - Starting JVM pause monitor
2019-11-07 16:38:40,445 [JUnit] INFO  ozone.HddsDatanodeService (HddsDatanodeService.java:start(183)) - HddsDatanodeService host:pr-hdds-1987-s655p-391215153 ip:192.168.69.91
2019-11-07 16:38:40,448 [Datanode State Machine Thread - 0] INFO  datanode.InitDatanodeState (InitDatanodeState.java:persistContainerDatanodeDetails(140)) - DatanodeDetails is persisted to /workdir/hadoop-ozone/ozonefs/target/test-dir/MiniOzoneClusterImpl-011926d7-1db7-4b70-8a4f-23cce51d49d2/datanode-3/meta/datanode.id
2019-11-07 16:38:40,454 [JUnit] INFO  volume.HddsVolume (HddsVolume.java:<init>(176)) - Creating Volume: /workdir/hadoop-ozone/ozonefs/target/test-dir/MiniOzoneClusterImpl-011926d7-1db7-4b70-8a4f-23cce51d49d2/datanode-4/data/containers/hdds of  storage type : DISK and capacity : 1482555576320
2019-11-07 16:38:40,454 [JUnit] INFO  volume.VolumeSet (VolumeSet.java:initializeVolumeSet(170)) - Added Volume : /workdir/hadoop-ozone/ozonefs/target/test-dir/MiniOzoneClusterImpl-011926d7-1db7-4b70-8a4f-23cce51d49d2/datanode-4/data/containers/hdds to VolumeSet
2019-11-07 16:38:40,455 [JUnit] INFO  volume.ThrottledAsyncChecker (ThrottledAsyncChecker.java:schedule(141)) - Scheduling a check for /workdir/hadoop-ozone/ozonefs/target/test-dir/MiniOzoneClusterImpl-011926d7-1db7-4b70-8a4f-23cce51d49d2/datanode-4/data/containers/hdds
2019-11-07 16:38:40,456 [JUnit] INFO  volume.HddsVolumeChecker (HddsVolumeChecker.java:checkAllVolumes(204)) - Scheduled health check for volume /workdir/hadoop-ozone/ozonefs/target/test-dir/MiniOzoneClusterImpl-011926d7-1db7-4b70-8a4f-23cce51d49d2/datanode-4/data/containers/hdds
2019-11-07 16:38:40,496 [JUnit] INFO  impl.RaftServerProxy (ConfUtils.java:logGet(43)) - raft.rpc.type = GRPC (default)
2019-11-07 16:38:40,496 [JUnit] INFO  grpc.GrpcFactory (GrpcFactory.java:checkPooledByteBufAllocatorUseCacheForAllThreads(45)) - PERFORMANCE WARNING: useCacheForAllThreads is true that may cause Netty to create a lot garbage objects and, as a result, trigger GC.
	It is recommended to disable useCacheForAllThreads by setting -Dorg.apache.ratis.thirdparty.io.netty.allocator.useCacheForAllThreads=false in command line.
2019-11-07 16:38:40,497 [JUnit] INFO  grpc.GrpcConfigKeys$Server (ConfUtils.java:logGet(43)) - raft.grpc.server.port = 0 (default)
2019-11-07 16:38:40,497 [JUnit] INFO  server.GrpcService (ConfUtils.java:logGet(43)) - raft.grpc.message.size.max = 33570816 (custom)
2019-11-07 16:38:40,497 [JUnit] INFO  server.RaftServerConfigKeys (ConfUtils.java:logGet(43)) - raft.server.log.appender.buffer.byte-limit = 33554432 (custom)
2019-11-07 16:38:40,498 [JUnit] INFO  server.GrpcService (ConfUtils.java:logGet(43)) - raft.grpc.flow.control.window = 1MB (=1048576) (default)
2019-11-07 16:38:40,498 [JUnit] INFO  server.RaftServerConfigKeys (ConfUtils.java:logGet(43)) - raft.server.rpc.request.timeout = 3000ms (default)
2019-11-07 16:38:40,499 [JUnit] INFO  server.RaftServerConfigKeys (ConfUtils.java:logGet(43)) - raft.server.storage.dir = [/workdir/hadoop-ozone/ozonefs/target/test-dir/MiniOzoneClusterImpl-011926d7-1db7-4b70-8a4f-23cce51d49d2/datanode-4/data/ratis] (custom)
2019-11-07 16:38:40,501 [JUnit] INFO  hdfs.DFSUtil (DFSUtil.java:httpServerTemplateForNNAndJN(1641)) - Starting Web-server for hddsDatanode at: http://0.0.0.0:0
2019-11-07 16:38:40,504 [JUnit] INFO  server.AuthenticationFilter (AuthenticationFilter.java:constructSecretProvider(240)) - Unable to initialize FileSignerSecretProvider, falling back to use random secrets.
2019-11-07 16:38:40,506 [JUnit] WARN  http.HttpRequestLog (HttpRequestLog.java:getRequestLog(97)) - Jetty request log can only be enabled using Log4j
2019-11-07 16:38:40,509 [JUnit] INFO  http.HttpServer2 (HttpServer2.java:addGlobalFilter(975)) - Added global filter 'safety' (class=org.apache.hadoop.http.HttpServer2$QuotingInputFilter)
2019-11-07 16:38:40,510 [JUnit] INFO  http.HttpServer2 (HttpServer2.java:addFilter(948)) - Added filter static_user_filter (class=org.apache.hadoop.http.lib.StaticUserWebFilter$StaticUserFilter) to context hddsDatanode
2019-11-07 16:38:40,510 [JUnit] INFO  http.HttpServer2 (HttpServer2.java:addFilter(958)) - Added filter static_user_filter (class=org.apache.hadoop.http.lib.StaticUserWebFilter$StaticUserFilter) to context logs
2019-11-07 16:38:40,511 [JUnit] INFO  http.HttpServer2 (HttpServer2.java:addFilter(958)) - Added filter static_user_filter (class=org.apache.hadoop.http.lib.StaticUserWebFilter$StaticUserFilter) to context static
2019-11-07 16:38:40,512 [JUnit] INFO  http.HttpServer2 (HttpServer2.java:bindListener(1191)) - Jetty bound to port 39927
2019-11-07 16:38:40,512 [JUnit] INFO  server.Server (Server.java:doStart(351)) - jetty-9.3.25.v20180904, build timestamp: 2018-09-04T21:11:46Z, git hash: 3ce520221d0240229c862b122d2b06c12a625732
2019-11-07 16:38:40,514 [JUnit] INFO  handler.ContextHandler (ContextHandler.java:doStart(781)) - Started o.e.j.s.ServletContextHandler@1c26273d{/logs,file:///workdir/hadoop-ozone/ozonefs/target/log,AVAILABLE}
2019-11-07 16:38:40,515 [JUnit] INFO  handler.ContextHandler (ContextHandler.java:doStart(781)) - Started o.e.j.s.ServletContextHandler@7a583586{/static,jar:file:/home/user/.m2/repository/org/apache/hadoop/hadoop-hdds-container-service/0.5.0-SNAPSHOT/hadoop-hdds-container-service-0.5.0-SNAPSHOT.jar!/webapps/static,AVAILABLE}
2019-11-07 16:38:40,546 [JUnit] INFO  handler.ContextHandler (ContextHandler.java:doStart(781)) - Started o.e.j.w.WebAppContext@68868328{/,file:///tmp/jetty-0.0.0.0-39927-hddsDatanode-_-any-3092477305589834810.dir/webapp/,AVAILABLE}{/hddsDatanode}
2019-11-07 16:38:40,547 [JUnit] INFO  server.AbstractConnector (AbstractConnector.java:doStart(278)) - Started ServerConnector@173a6728{HTTP/1.1,[http/1.1]}{0.0.0.0:39927}
2019-11-07 16:38:40,548 [JUnit] INFO  server.Server (Server.java:doStart(419)) - Started @6001ms
2019-11-07 16:38:40,548 [JUnit] WARN  impl.MetricsSystemImpl (MetricsSystemImpl.java:register(276)) - Sink prometheus already exists!
2019-11-07 16:38:40,549 [JUnit] INFO  server.BaseHttpServer (BaseHttpServer.java:updateConnectorAddress(215)) - HTTP server of HDDSDATANODE is listening at http://0.0.0.0:39927
2019-11-07 16:38:40,552 [JUnit] INFO  ozone.MiniOzoneClusterImpl (MiniOzoneClusterImpl.java:lambda$waitForClusterToBeReady$0(147)) - Waiting for cluster to be ready. Got 0 of 5 DN Heartbeats.
2019-11-07 16:38:40,553 [org.apache.hadoop.util.JvmPauseMonitor$Monitor@34eca178] INFO  util.JvmPauseMonitor (JvmPauseMonitor.java:run(188)) - Starting JVM pause monitor
2019-11-07 16:38:40,557 [Datanode State Machine Thread - 0] INFO  datanode.InitDatanodeState (InitDatanodeState.java:persistContainerDatanodeDetails(140)) - DatanodeDetails is persisted to /workdir/hadoop-ozone/ozonefs/target/test-dir/MiniOzoneClusterImpl-011926d7-1db7-4b70-8a4f-23cce51d49d2/datanode-4/meta/datanode.id
2019-11-07 16:38:41,553 [JUnit] INFO  ozone.MiniOzoneClusterImpl (MiniOzoneClusterImpl.java:lambda$waitForClusterToBeReady$0(147)) - Waiting for cluster to be ready. Got 0 of 5 DN Heartbeats.
2019-11-07 16:38:42,211 [Datanode State Machine Thread - 0] INFO  ozoneimpl.OzoneContainer (OzoneContainer.java:start(213)) - Attempting to start container services.
2019-11-07 16:38:42,214 [Datanode State Machine Thread - 0] INFO  ozoneimpl.OzoneContainer (OzoneContainer.java:startContainerScrub(177)) - Background container scanner has been disabled.
2019-11-07 16:38:42,214 [Datanode State Machine Thread - 0] INFO  ratis.XceiverServerRatis (XceiverServerRatis.java:start(418)) - Starting XceiverServerRatis b193f806-b2d3-46c4-be5f-27f195666146 at port 0
2019-11-07 16:38:42,241 [Datanode State Machine Thread - 0] INFO  impl.RaftServerProxy (RaftServerProxy.java:lambda$start$3(299)) - b193f806-b2d3-46c4-be5f-27f195666146: start RPC server
2019-11-07 16:38:42,247 [Datanode State Machine Thread - 0] INFO  ozoneimpl.OzoneContainer (OzoneContainer.java:start(213)) - Attempting to start container services.
2019-11-07 16:38:42,254 [Datanode State Machine Thread - 0] INFO  ozoneimpl.OzoneContainer (OzoneContainer.java:startContainerScrub(177)) - Background container scanner has been disabled.
2019-11-07 16:38:42,255 [Datanode State Machine Thread - 0] INFO  ratis.XceiverServerRatis (XceiverServerRatis.java:start(418)) - Starting XceiverServerRatis 0dd23c64-4670-4762-81e8-23874196de00 at port 0
2019-11-07 16:38:42,265 [Datanode State Machine Thread - 0] INFO  impl.RaftServerProxy (RaftServerProxy.java:lambda$start$3(299)) - 0dd23c64-4670-4762-81e8-23874196de00: start RPC server
2019-11-07 16:38:42,355 [Datanode State Machine Thread - 0] INFO  ozoneimpl.OzoneContainer (OzoneContainer.java:start(213)) - Attempting to start container services.
2019-11-07 16:38:42,357 [Datanode State Machine Thread - 0] INFO  ozoneimpl.OzoneContainer (OzoneContainer.java:startContainerScrub(177)) - Background container scanner has been disabled.
2019-11-07 16:38:42,358 [Datanode State Machine Thread - 0] INFO  ratis.XceiverServerRatis (XceiverServerRatis.java:start(418)) - Starting XceiverServerRatis 843ed6a7-3601-4ff2-87a0-625b71dfef50 at port 0
2019-11-07 16:38:42,368 [Datanode State Machine Thread - 0] INFO  impl.RaftServerProxy (RaftServerProxy.java:lambda$start$3(299)) - 843ed6a7-3601-4ff2-87a0-625b71dfef50: start RPC server
2019-11-07 16:38:42,394 [Datanode State Machine Thread - 0] INFO  server.GrpcService (GrpcService.java:startImpl(158)) - 0dd23c64-4670-4762-81e8-23874196de00: GrpcService started, listening on 0.0.0.0/0.0.0.0:43587
2019-11-07 16:38:42,394 [Datanode State Machine Thread - 0] INFO  server.GrpcService (GrpcService.java:startImpl(158)) - 843ed6a7-3601-4ff2-87a0-625b71dfef50: GrpcService started, listening on 0.0.0.0/0.0.0.0:43709
2019-11-07 16:38:42,394 [Datanode State Machine Thread - 0] INFO  server.GrpcService (GrpcService.java:startImpl(158)) - b193f806-b2d3-46c4-be5f-27f195666146: GrpcService started, listening on 0.0.0.0/0.0.0.0:37092
2019-11-07 16:38:42,395 [Datanode State Machine Thread - 0] INFO  ratis.XceiverServerRatis (XceiverServerRatis.java:start(428)) - XceiverServerRatis 843ed6a7-3601-4ff2-87a0-625b71dfef50 is started using port 43709
2019-11-07 16:38:42,395 [Datanode State Machine Thread - 0] INFO  ratis.XceiverServerRatis (XceiverServerRatis.java:start(428)) - XceiverServerRatis 0dd23c64-4670-4762-81e8-23874196de00 is started using port 43587
2019-11-07 16:38:42,396 [Datanode State Machine Thread - 0] INFO  ratis.XceiverServerRatis (XceiverServerRatis.java:start(428)) - XceiverServerRatis b193f806-b2d3-46c4-be5f-27f195666146 is started using port 37092
2019-11-07 16:38:42,403 [Datanode State Machine Thread - 0] INFO  server.XceiverServerGrpc (XceiverServerGrpc.java:start(149)) - XceiverServerGrpc b193f806-b2d3-46c4-be5f-27f195666146 is started using port 36291
2019-11-07 16:38:42,403 [Datanode State Machine Thread - 0] INFO  server.XceiverServerGrpc (XceiverServerGrpc.java:start(149)) - XceiverServerGrpc 843ed6a7-3601-4ff2-87a0-625b71dfef50 is started using port 33302
2019-11-07 16:38:42,403 [Datanode State Machine Thread - 0] INFO  server.XceiverServerGrpc (XceiverServerGrpc.java:start(149)) - XceiverServerGrpc 0dd23c64-4670-4762-81e8-23874196de00 is started using port 36614
2019-11-07 16:38:42,475 [Datanode State Machine Thread - 0] INFO  ozoneimpl.OzoneContainer (OzoneContainer.java:start(213)) - Attempting to start container services.
2019-11-07 16:38:42,476 [Datanode State Machine Thread - 0] INFO  ozoneimpl.OzoneContainer (OzoneContainer.java:startContainerScrub(177)) - Background container scanner has been disabled.
2019-11-07 16:38:42,476 [Datanode State Machine Thread - 0] INFO  ratis.XceiverServerRatis (XceiverServerRatis.java:start(418)) - Starting XceiverServerRatis da22a231-d268-48e9-a3fd-81921da8fd5c at port 0
2019-11-07 16:38:42,485 [Datanode State Machine Thread - 0] INFO  impl.RaftServerProxy (RaftServerProxy.java:lambda$start$3(299)) - da22a231-d268-48e9-a3fd-81921da8fd5c: start RPC server
2019-11-07 16:38:42,488 [Datanode State Machine Thread - 0] INFO  server.GrpcService (GrpcService.java:startImpl(158)) - da22a231-d268-48e9-a3fd-81921da8fd5c: GrpcService started, listening on 0.0.0.0/0.0.0.0:34496
2019-11-07 16:38:42,488 [Datanode State Machine Thread - 0] INFO  ratis.XceiverServerRatis (XceiverServerRatis.java:start(428)) - XceiverServerRatis da22a231-d268-48e9-a3fd-81921da8fd5c is started using port 34496
2019-11-07 16:38:42,490 [Datanode State Machine Thread - 0] INFO  server.XceiverServerGrpc (XceiverServerGrpc.java:start(149)) - XceiverServerGrpc da22a231-d268-48e9-a3fd-81921da8fd5c is started using port 46334
2019-11-07 16:38:42,553 [JUnit] INFO  ozone.MiniOzoneClusterImpl (MiniOzoneClusterImpl.java:lambda$waitForClusterToBeReady$0(147)) - Waiting for cluster to be ready. Got 0 of 5 DN Heartbeats.
2019-11-07 16:38:42,583 [Datanode State Machine Thread - 0] INFO  ozoneimpl.OzoneContainer (OzoneContainer.java:start(213)) - Attempting to start container services.
2019-11-07 16:38:42,589 [Datanode State Machine Thread - 0] INFO  ozoneimpl.OzoneContainer (OzoneContainer.java:startContainerScrub(177)) - Background container scanner has been disabled.
2019-11-07 16:38:42,589 [Datanode State Machine Thread - 0] INFO  ratis.XceiverServerRatis (XceiverServerRatis.java:start(418)) - Starting XceiverServerRatis 6a43a758-facd-401d-94d7-96d155a39d9f at port 0
2019-11-07 16:38:42,598 [Datanode State Machine Thread - 0] INFO  impl.RaftServerProxy (RaftServerProxy.java:lambda$start$3(299)) - 6a43a758-facd-401d-94d7-96d155a39d9f: start RPC server
2019-11-07 16:38:42,600 [Datanode State Machine Thread - 0] INFO  server.GrpcService (GrpcService.java:startImpl(158)) - 6a43a758-facd-401d-94d7-96d155a39d9f: GrpcService started, listening on 0.0.0.0/0.0.0.0:36842
2019-11-07 16:38:42,601 [Datanode State Machine Thread - 0] INFO  ratis.XceiverServerRatis (XceiverServerRatis.java:start(428)) - XceiverServerRatis 6a43a758-facd-401d-94d7-96d155a39d9f is started using port 36842
2019-11-07 16:38:42,603 [Datanode State Machine Thread - 0] INFO  server.XceiverServerGrpc (XceiverServerGrpc.java:start(149)) - XceiverServerGrpc 6a43a758-facd-401d-94d7-96d155a39d9f is started using port 33848
2019-11-07 16:38:43,555 [JUnit] INFO  ozone.MiniOzoneClusterImpl (MiniOzoneClusterImpl.java:lambda$waitForClusterToBeReady$0(147)) - Waiting for cluster to be ready. Got 0 of 5 DN Heartbeats.
2019-11-07 16:38:44,154 [IPC Server handler 1 on 46497] INFO  net.NetworkTopology (NetworkTopologyImpl.java:add(111)) - Added a new node: /default-rack/b193f806-b2d3-46c4-be5f-27f195666146
2019-11-07 16:38:44,154 [IPC Server handler 1 on 46497] INFO  node.SCMNodeManager (SCMNodeManager.java:register(267)) - Registered Data node : b193f806-b2d3-46c4-be5f-27f195666146{ip: 192.168.69.91, host: pr-hdds-1987-s655p-391215153, networkLocation: /default-rack, certSerialId: null}
2019-11-07 16:38:44,158 [EventQueue-NodeRegistrationContainerReportForDataNodeSafeModeRule] INFO  safemode.SCMSafeModeManager (DataNodeSafeModeRule.java:process(71)) - SCM in safe mode. 1 DataNodes registered, 1 required.
2019-11-07 16:38:44,159 [EventQueue-NodeRegistrationContainerReportForDataNodeSafeModeRule] INFO  safemode.SCMSafeModeManager (SCMSafeModeManager.java:validateSafeModeExitRules(177)) - ScmSafeModeManager, all rules are successfully validated
2019-11-07 16:38:44,159 [EventQueue-NodeRegistrationContainerReportForDataNodeSafeModeRule] INFO  safemode.SCMSafeModeManager (SCMSafeModeManager.java:exitSafeMode(193)) - SCM exiting safe mode.
2019-11-07 16:38:44,223 [IPC Server handler 3 on 46497] INFO  net.NetworkTopology (NetworkTopologyImpl.java:add(111)) - Added a new node: /default-rack/0dd23c64-4670-4762-81e8-23874196de00
2019-11-07 16:38:44,224 [IPC Server handler 3 on 46497] INFO  node.SCMNodeManager (SCMNodeManager.java:register(267)) - Registered Data node : 0dd23c64-4670-4762-81e8-23874196de00{ip: 192.168.69.91, host: pr-hdds-1987-s655p-391215153, networkLocation: /default-rack, certSerialId: null}
2019-11-07 16:38:44,333 [IPC Server handler 2 on 46497] INFO  net.NetworkTopology (NetworkTopologyImpl.java:add(111)) - Added a new node: /default-rack/843ed6a7-3601-4ff2-87a0-625b71dfef50
2019-11-07 16:38:44,333 [IPC Server handler 2 on 46497] INFO  node.SCMNodeManager (SCMNodeManager.java:register(267)) - Registered Data node : 843ed6a7-3601-4ff2-87a0-625b71dfef50{ip: 192.168.69.91, host: pr-hdds-1987-s655p-391215153, networkLocation: /default-rack, certSerialId: null}
2019-11-07 16:38:44,451 [IPC Server handler 4 on 46497] INFO  net.NetworkTopology (NetworkTopologyImpl.java:add(111)) - Added a new node: /default-rack/da22a231-d268-48e9-a3fd-81921da8fd5c
2019-11-07 16:38:44,452 [IPC Server handler 4 on 46497] INFO  node.SCMNodeManager (SCMNodeManager.java:register(267)) - Registered Data node : da22a231-d268-48e9-a3fd-81921da8fd5c{ip: 192.168.69.91, host: pr-hdds-1987-s655p-391215153, networkLocation: /default-rack, certSerialId: null}
2019-11-07 16:38:44,556 [IPC Server handler 0 on 46497] INFO  net.NetworkTopology (NetworkTopologyImpl.java:add(111)) - Added a new node: /default-rack/6a43a758-facd-401d-94d7-96d155a39d9f
2019-11-07 16:38:44,556 [IPC Server handler 0 on 46497] INFO  node.SCMNodeManager (SCMNodeManager.java:register(267)) - Registered Data node : 6a43a758-facd-401d-94d7-96d155a39d9f{ip: 192.168.69.91, host: pr-hdds-1987-s655p-391215153, networkLocation: /default-rack, certSerialId: null}
2019-11-07 16:38:44,556 [JUnit] INFO  ozone.MiniOzoneClusterImpl (MiniOzoneClusterImpl.java:lambda$waitForClusterToBeReady$0(147)) - Cluster is ready. Got 5 of 5 DN Heartbeats.
2019-11-07 16:38:44,608 [Thread-209] INFO  Configuration.deprecation (Configuration.java:logDeprecation(1394)) - mapred.job.tracker is deprecated. Instead, use mapreduce.jobtracker.address
2019-11-07 16:38:44,731 [grpc-default-executor-0] INFO  impl.RaftServerProxy (RaftServerProxy.java:addNew(89)) - b193f806-b2d3-46c4-be5f-27f195666146: addNew group-9012A827FD5B:[b193f806-b2d3-46c4-be5f-27f195666146:192.168.69.91:37092] returns group-9012A827FD5B:java.util.concurrent.CompletableFuture@48de64b5[Not completed]
2019-11-07 16:38:44,750 [pool-27-thread-1] INFO  impl.RaftServerImpl (RaftServerImpl.java:<init>(98)) - b193f806-b2d3-46c4-be5f-27f195666146: new RaftServerImpl for group-9012A827FD5B:[b193f806-b2d3-46c4-be5f-27f195666146:192.168.69.91:37092] with ContainerStateMachine:uninitialized
2019-11-07 16:38:44,753 [pool-27-thread-1] INFO  server.RaftServerConfigKeys (ConfUtils.java:logGet(43)) - raft.server.rpc.timeout.min = 5s (custom)
2019-11-07 16:38:44,754 [pool-27-thread-1] INFO  server.RaftServerConfigKeys (ConfUtils.java:logGet(43)) - raft.server.rpc.timeout.max = 5200ms (custom)
2019-11-07 16:38:44,754 [pool-27-thread-1] INFO  server.RaftServerConfigKeys (ConfUtils.java:logGet(43)) - raft.server.rpcslowness.timeout = 120s (custom)
2019-11-07 16:38:44,755 [pool-27-thread-1] INFO  server.RaftServerConfigKeys (ConfUtils.java:logGet(43)) - raft.server.sleep.deviation.threshold = 300 (default)
2019-11-07 16:38:44,756 [pool-27-thread-1] INFO  server.RaftServerConfigKeys (ConfUtils.java:logGet(43)) - raft.server.log.appender.install.snapshot.enabled = false (custom)
2019-11-07 16:38:44,765 [pool-27-thread-1] INFO  impl.RaftServerImpl (ServerState.java:<init>(103)) - b193f806-b2d3-46c4-be5f-27f195666146@group-9012A827FD5B: ConfigurationManager, init=-1: [b193f806-b2d3-46c4-be5f-27f195666146:192.168.69.91:37092], old=null, confs=<EMPTY_MAP>
2019-11-07 16:38:44,766 [pool-27-thread-1] INFO  server.RaftServerConfigKeys (ConfUtils.java:logGet(43)) - raft.server.storage.dir = [/workdir/hadoop-ozone/ozonefs/target/test-dir/MiniOzoneClusterImpl-011926d7-1db7-4b70-8a4f-23cce51d49d2/datanode-0/data/ratis] (custom)
2019-11-07 16:38:44,772 [pool-27-thread-1] INFO  server.RaftServerConfigKeys (ConfUtils.java:logGet(43)) - raft.server.log.corruption.policy = EXCEPTION (default)
2019-11-07 16:38:44,774 [pool-27-thread-1] INFO  storage.RaftStorageDirectory (RaftStorageDirectory.java:analyzeStorage(246)) - The storage directory /workdir/hadoop-ozone/ozonefs/target/test-dir/MiniOzoneClusterImpl-011926d7-1db7-4b70-8a4f-23cce51d49d2/datanode-0/data/ratis/6dbf37a1-4a7d-4618-a581-9012a827fd5b does not exist. Creating ...
2019-11-07 16:38:44,803 [pool-27-thread-1] INFO  storage.RaftStorageDirectory (RaftStorageDirectory.java:tryLock(328)) - Lock on /workdir/hadoop-ozone/ozonefs/target/test-dir/MiniOzoneClusterImpl-011926d7-1db7-4b70-8a4f-23cce51d49d2/datanode-0/data/ratis/6dbf37a1-4a7d-4618-a581-9012a827fd5b/in_use.lock acquired by nodename 16113@pr-hdds-1987-s655p-391215153
2019-11-07 16:38:44,826 [pool-27-thread-1] INFO  storage.RaftStorage (RaftStorage.java:format(84)) - Storage directory /workdir/hadoop-ozone/ozonefs/target/test-dir/MiniOzoneClusterImpl-011926d7-1db7-4b70-8a4f-23cce51d49d2/datanode-0/data/ratis/6dbf37a1-4a7d-4618-a581-9012a827fd5b has been successfully formatted.
2019-11-07 16:38:44,828 [pool-27-thread-1] INFO  ratis.ContainerStateMachine (ContainerStateMachine.java:loadSnapshot(231)) - group-9012A827FD5B: The snapshot info is null. Setting the last applied indexto:(t:0, i:~)
2019-11-07 16:38:44,828 [pool-27-thread-1] INFO  server.RaftServerConfigKeys (ConfUtils.java:logGet(43)) - raft.server.notification.no-leader.timeout = 120s (custom)
2019-11-07 16:38:44,831 [pool-27-thread-1] INFO  server.RaftServerConfigKeys (ConfUtils.java:logGet(43)) - raft.server.log.use.memory = false (default)
2019-11-07 16:38:44,837 [pool-27-thread-1] INFO  server.RaftServerConfigKeys (ConfUtils.java:logGet(43)) - raft.server.log.purge.gap = 1000000 (custom)
2019-11-07 16:38:44,837 [pool-27-thread-1] INFO  server.RaftServerConfigKeys (ConfUtils.java:logGet(43)) - raft.server.log.appender.buffer.byte-limit = 33554432 (custom)
2019-11-07 16:38:44,840 [pool-27-thread-1] INFO  server.RaftServerConfigKeys (ConfUtils.java:logGet(43)) - raft.server.log.segment.size.max = 1048576 (custom)
2019-11-07 16:38:44,849 [pool-27-thread-1] INFO  metrics.MetricRegistries (MetricRegistriesLoader.java:load(64)) - Loaded MetricRegistries class org.apache.ratis.metrics.impl.MetricRegistriesImpl
2019-11-07 16:38:44,853 [pool-27-thread-1] WARN  impl.MetricRegistriesImpl (MetricRegistriesImpl.java:lambda$create$1(61)) - First MetricRegistry has been created without registering reporters. You may need to call MetricRegistries.global().addReportRegistration(...) before.
2019-11-07 16:38:44,859 [pool-27-thread-1] INFO  server.RaftServerConfigKeys (ConfUtils.java:logGet(43)) - raft.server.log.segment.cache.num.max = 2 (custom)
2019-11-07 16:38:44,865 [pool-27-thread-1] INFO  segmented.SegmentedRaftLogWorker (SegmentedRaftLogWorker.java:<init>(173)) - new b193f806-b2d3-46c4-be5f-27f195666146@group-9012A827FD5B-SegmentedRaftLogWorker for RaftStorage:Storage Directory /workdir/hadoop-ozone/ozonefs/target/test-dir/MiniOzoneClusterImpl-011926d7-1db7-4b70-8a4f-23cce51d49d2/datanode-0/data/ratis/6dbf37a1-4a7d-4618-a581-9012a827fd5b
2019-11-07 16:38:44,866 [pool-27-thread-1] INFO  server.RaftServerConfigKeys (ConfUtils.java:logGet(43)) - raft.server.log.queue.byte-limit = 2147483647 (custom)
2019-11-07 16:38:44,866 [pool-27-thread-1] INFO  server.RaftServerConfigKeys (ConfUtils.java:logGet(43)) - raft.server.log.queue.element-limit = 1024 (custom)
2019-11-07 16:38:44,867 [pool-27-thread-1] INFO  server.RaftServerConfigKeys (ConfUtils.java:logGet(43)) - raft.server.log.segment.size.max = 1048576 (custom)
2019-11-07 16:38:44,868 [pool-27-thread-1] INFO  server.RaftServerConfigKeys (ConfUtils.java:logGet(43)) - raft.server.log.preallocated.size = 16384 (custom)
2019-11-07 16:38:44,868 [pool-27-thread-1] INFO  server.RaftServerConfigKeys (ConfUtils.java:logGet(43)) - raft.server.log.write.buffer.size = 33554432 (custom)
2019-11-07 16:38:44,869 [pool-27-thread-1] INFO  server.RaftServerConfigKeys (ConfUtils.java:logGet(43)) - raft.server.log.force.sync.num = 128 (default)
2019-11-07 16:38:44,869 [pool-27-thread-1] INFO  server.RaftServerConfigKeys (ConfUtils.java:logGet(43)) - raft.server.log.statemachine.data.sync = true (default)
2019-11-07 16:38:44,870 [pool-27-thread-1] INFO  server.RaftServerConfigKeys (ConfUtils.java:logGet(43)) - raft.server.log.statemachine.data.sync.timeout = 10s (default)
2019-11-07 16:38:44,870 [pool-27-thread-1] INFO  server.RaftServerConfigKeys (ConfUtils.java:logGet(43)) - raft.server.log.statemachine.data.sync.timeout.retry = -1 (default)
2019-11-07 16:38:44,881 [pool-27-thread-1] INFO  server.RaftServerConfigKeys (ConfUtils.java:logGet(43)) - raft.server.log.statemachine.data.caching.enabled = true (custom)
2019-11-07 16:38:44,886 [pool-27-thread-1] INFO  segmented.SegmentedRaftLogWorker (SegmentedRaftLogWorker.java:lambda$new$0(128)) - b193f806-b2d3-46c4-be5f-27f195666146@group-9012A827FD5B-SegmentedRaftLogWorker: flushIndex: setUnconditionally 0 -> -1
2019-11-07 16:38:44,890 [pool-27-thread-1] INFO  server.RaftServerConfigKeys (ConfUtils.java:logGet(43)) - raft.server.snapshot.auto.trigger.enabled = true (custom)
2019-11-07 16:38:44,891 [pool-27-thread-1] INFO  server.RaftServerConfigKeys (ConfUtils.java:logGet(43)) - raft.server.snapshot.auto.trigger.threshold = 10000 (custom)
2019-11-07 16:38:44,891 [pool-27-thread-1] INFO  server.RaftServerConfigKeys (ConfUtils.java:logGet(43)) - raft.server.snapshot.retention.file.num = 5 (custom)
2019-11-07 16:38:44,892 [pool-27-thread-1] INFO  server.RaftServerConfigKeys (ConfUtils.java:logGet(43)) - raft.server.retrycache.expirytime = 600000ms (custom)
2019-11-07 16:38:44,915 [pool-27-thread-1] WARN  impl.MetricRegistriesImpl (MetricRegistriesImpl.java:lambda$create$1(61)) - First MetricRegistry has been created without registering reporters. You may need to call MetricRegistries.global().addReportRegistration(...) before.
2019-11-07 16:38:44,917 [pool-27-thread-1] WARN  impl.MetricRegistriesImpl (MetricRegistriesImpl.java:lambda$create$1(61)) - First MetricRegistry has been created without registering reporters. You may need to call MetricRegistries.global().addReportRegistration(...) before.
2019-11-07 16:38:44,919 [pool-27-thread-1] INFO  impl.RaftServerImpl (RaftServerImpl.java:start(184)) - b193f806-b2d3-46c4-be5f-27f195666146@group-9012A827FD5B: start as a follower, conf=-1: [b193f806-b2d3-46c4-be5f-27f195666146:192.168.69.91:37092], old=null
2019-11-07 16:38:44,920 [pool-27-thread-1] INFO  impl.RaftServerImpl (RaftServerImpl.java:setRole(173)) - b193f806-b2d3-46c4-be5f-27f195666146@group-9012A827FD5B: changes role from      null to FOLLOWER at term 0 for startAsFollower
2019-11-07 16:38:44,921 [pool-27-thread-1] INFO  impl.RoleInfo (RoleInfo.java:updateAndGet(143)) - b193f806-b2d3-46c4-be5f-27f195666146: start FollowerState
2019-11-07 16:38:44,923 [pool-27-thread-1] INFO  util.JmxRegister (JmxRegister.java:tryRegister(44)) - Successfully registered JMX Bean with object name Ratis:service=RaftServer,group=group-9012A827FD5B,id=b193f806-b2d3-46c4-be5f-27f195666146
2019-11-07 16:38:44,924 [pool-27-thread-1] WARN  impl.MetricRegistriesImpl (MetricRegistriesImpl.java:lambda$create$1(61)) - First MetricRegistry has been created without registering reporters. You may need to call MetricRegistries.global().addReportRegistration(...) before.
2019-11-07 16:38:45,044 [RatisPipelineUtilsThread] INFO  pipeline.PipelineStateManager (PipelineStateManager.java:addPipeline(56)) - Created pipeline Pipeline[ Id: 6dbf37a1-4a7d-4618-a581-9012a827fd5b, Nodes: b193f806-b2d3-46c4-be5f-27f195666146{ip: 192.168.69.91, host: pr-hdds-1987-s655p-391215153, networkLocation: /default-rack, certSerialId: null}, Type:RATIS, Factor:ONE, State:OPEN]
2019-11-07 16:38:45,067 [grpc-default-executor-0] INFO  impl.RaftServerProxy (RaftServerProxy.java:addNew(89)) - 6a43a758-facd-401d-94d7-96d155a39d9f: addNew group-CE9BAA27D18E:[6a43a758-facd-401d-94d7-96d155a39d9f:192.168.69.91:36842] returns group-CE9BAA27D18E:java.util.concurrent.CompletableFuture@24c80c34[Not completed]
2019-11-07 16:38:45,089 [pool-67-thread-1] INFO  impl.RaftServerImpl (RaftServerImpl.java:<init>(98)) - 6a43a758-facd-401d-94d7-96d155a39d9f: new RaftServerImpl for group-CE9BAA27D18E:[6a43a758-facd-401d-94d7-96d155a39d9f:192.168.69.91:36842] with ContainerStateMachine:uninitialized
2019-11-07 16:38:45,090 [pool-67-thread-1] INFO  server.RaftServerConfigKeys (ConfUtils.java:logGet(43)) - raft.server.rpc.timeout.min = 5s (custom)
2019-11-07 16:38:45,090 [pool-67-thread-1] INFO  server.RaftServerConfigKeys (ConfUtils.java:logGet(43)) - raft.server.rpc.timeout.max = 5200ms (custom)
2019-11-07 16:38:45,091 [pool-67-thread-1] INFO  server.RaftServerConfigKeys (ConfUtils.java:logGet(43)) - raft.server.rpcslowness.timeout = 120s (custom)
2019-11-07 16:38:45,091 [pool-67-thread-1] INFO  server.RaftServerConfigKeys (ConfUtils.java:logGet(43)) - raft.server.sleep.deviation.threshold = 300 (default)
2019-11-07 16:38:45,091 [pool-67-thread-1] INFO  server.RaftServerConfigKeys (ConfUtils.java:logGet(43)) - raft.server.log.appender.install.snapshot.enabled = false (custom)
2019-11-07 16:38:45,091 [pool-67-thread-1] INFO  impl.RaftServerImpl (ServerState.java:<init>(103)) - 6a43a758-facd-401d-94d7-96d155a39d9f@group-CE9BAA27D18E: ConfigurationManager, init=-1: [6a43a758-facd-401d-94d7-96d155a39d9f:192.168.69.91:36842], old=null, confs=<EMPTY_MAP>
2019-11-07 16:38:45,092 [pool-67-thread-1] INFO  server.RaftServerConfigKeys (ConfUtils.java:logGet(43)) - raft.server.storage.dir = [/workdir/hadoop-ozone/ozonefs/target/test-dir/MiniOzoneClusterImpl-011926d7-1db7-4b70-8a4f-23cce51d49d2/datanode-4/data/ratis] (custom)
2019-11-07 16:38:45,092 [pool-67-thread-1] INFO  server.RaftServerConfigKeys (ConfUtils.java:logGet(43)) - raft.server.log.corruption.policy = EXCEPTION (default)
2019-11-07 16:38:45,092 [pool-67-thread-1] INFO  storage.RaftStorageDirectory (RaftStorageDirectory.java:analyzeStorage(246)) - The storage directory /workdir/hadoop-ozone/ozonefs/target/test-dir/MiniOzoneClusterImpl-011926d7-1db7-4b70-8a4f-23cce51d49d2/datanode-4/data/ratis/d90199d8-1da0-439b-ae78-ce9baa27d18e does not exist. Creating ...
2019-11-07 16:38:45,124 [pool-67-thread-1] INFO  storage.RaftStorageDirectory (RaftStorageDirectory.java:tryLock(328)) - Lock on /workdir/hadoop-ozone/ozonefs/target/test-dir/MiniOzoneClusterImpl-011926d7-1db7-4b70-8a4f-23cce51d49d2/datanode-4/data/ratis/d90199d8-1da0-439b-ae78-ce9baa27d18e/in_use.lock acquired by nodename 16113@pr-hdds-1987-s655p-391215153
2019-11-07 16:38:45,147 [pool-67-thread-1] INFO  storage.RaftStorage (RaftStorage.java:format(84)) - Storage directory /workdir/hadoop-ozone/ozonefs/target/test-dir/MiniOzoneClusterImpl-011926d7-1db7-4b70-8a4f-23cce51d49d2/datanode-4/data/ratis/d90199d8-1da0-439b-ae78-ce9baa27d18e has been successfully formatted.
2019-11-07 16:38:45,149 [pool-67-thread-1] INFO  ratis.ContainerStateMachine (ContainerStateMachine.java:loadSnapshot(231)) - group-CE9BAA27D18E: The snapshot info is null. Setting the last applied indexto:(t:0, i:~)
2019-11-07 16:38:45,150 [pool-67-thread-1] INFO  server.RaftServerConfigKeys (ConfUtils.java:logGet(43)) - raft.server.notification.no-leader.timeout = 120s (custom)
2019-11-07 16:38:45,150 [pool-67-thread-1] INFO  server.RaftServerConfigKeys (ConfUtils.java:logGet(43)) - raft.server.log.use.memory = false (default)
2019-11-07 16:38:45,150 [pool-67-thread-1] INFO  server.RaftServerConfigKeys (ConfUtils.java:logGet(43)) - raft.server.log.purge.gap = 1000000 (custom)
2019-11-07 16:38:45,151 [pool-67-thread-1] INFO  server.RaftServerConfigKeys (ConfUtils.java:logGet(43)) - raft.server.log.appender.buffer.byte-limit = 33554432 (custom)
2019-11-07 16:38:45,151 [pool-67-thread-1] INFO  server.RaftServerConfigKeys (ConfUtils.java:logGet(43)) - raft.server.log.segment.size.max = 1048576 (custom)
2019-11-07 16:38:45,151 [pool-67-thread-1] WARN  impl.MetricRegistriesImpl (MetricRegistriesImpl.java:lambda$create$1(61)) - First MetricRegistry has been created without registering reporters. You may need to call MetricRegistries.global().addReportRegistration(...) before.
2019-11-07 16:38:45,153 [pool-67-thread-1] INFO  server.RaftServerConfigKeys (ConfUtils.java:logGet(43)) - raft.server.log.segment.cache.num.max = 2 (custom)
[...]
2019-11-07 16:39:07,468 [LocalJobRunner Map Task Executor #0] INFO  mapred.Task (Task.java:initialize(626)) -  Using ResourceCalculatorProcessTree : [ ]
2019-11-07 16:39:07,469 [LocalJobRunner Map Task Executor #0] INFO  mapred.MapTask (MapTask.java:runNewMapper(768)) - Processing split: file:/tmp/hadoop/mapred/staging/jenkins10002147185945/.staging/_distcp1309374380/fileList.seq:1404+272
2019-11-07 16:39:07,469 [LocalJobRunner Map Task Executor #0] INFO  output.FileOutputCommitter (FileOutputCommitter.java:<init>(140)) - File Output Committer Algorithm version is 2
2019-11-07 16:39:07,469 [LocalJobRunner Map Task Executor #0] INFO  output.FileOutputCommitter (FileOutputCommitter.java:<init>(155)) - FileOutputCommitter skip cleanup _temporary folders under output directory:false, ignore cleanup failures: false
2019-11-07 16:39:07,482 [LocalJobRunner Map Task Executor #0] INFO  mapred.CopyMapper (CopyMapper.java:map(154)) - Copying file:/workdir/hadoop-ozone/ozonefs/target/test-dir/ITestOzoneContractDistCp/testUpdateDeepDirectoryStructureToRemote/local/inputDir/subDir2/subDir2 to o3fs://bucket87112.volume55379/test/ITestOzoneContractDistCp/testUpdateDeepDirectoryStructureToRemote/remote/outputDir/inputDir/subDir2/subDir2
2019-11-07 16:39:07,502 [LocalJobRunner Map Task Executor #0] INFO  mapred.LocalJobRunner (LocalJobRunner.java:statusUpdate(634)) - 
2019-11-07 16:39:07,503 [LocalJobRunner Map Task Executor #0] INFO  mapred.Task (Task.java:done(1244)) - Task:attempt_local738125219_0008_m_000002_0 is done. And is in the process of committing
2019-11-07 16:39:07,503 [LocalJobRunner Map Task Executor #0] INFO  mapred.LocalJobRunner (LocalJobRunner.java:statusUpdate(634)) - 
2019-11-07 16:39:07,503 [LocalJobRunner Map Task Executor #0] INFO  mapred.Task (Task.java:commit(1421)) - Task attempt_local738125219_0008_m_000002_0 is allowed to commit now
2019-11-07 16:39:07,504 [LocalJobRunner Map Task Executor #0] INFO  output.FileOutputCommitter (FileOutputCommitter.java:commitTask(598)) - Saved output of task 'attempt_local738125219_0008_m_000002_0' to file:/tmp/hadoop/mapred/staging/jenkins10002147185945/.staging/_distcp1309374380/_logs
2019-11-07 16:39:07,505 [LocalJobRunner Map Task Executor #0] INFO  mapred.LocalJobRunner (LocalJobRunner.java:statusUpdate(634)) - Copying file:/workdir/hadoop-ozone/ozonefs/target/test-dir/ITestOzoneContractDistCp/testUpdateDeepDirectoryStructureToRemote/local/inputDir/subDir2/subDir2 to o3fs://bucket87112.volume55379/test/ITestOzoneContractDistCp/testUpdateDeepDirectoryStructureToRemote/remote/outputDir/inputDir/subDir2/subDir2
2019-11-07 16:39:07,505 [LocalJobRunner Map Task Executor #0] INFO  mapred.Task (Task.java:sendDone(1380)) - Task 'attempt_local738125219_0008_m_000002_0' done.
2019-11-07 16:39:07,505 [LocalJobRunner Map Task Executor #0] INFO  mapred.Task (Task.java:done(1276)) - Final Counters for attempt_local738125219_0008_m_000002_0: Counters: 22
	File System Counters
		FILE: Number of bytes read=20705060
		FILE: Number of bytes written=25514214
		FILE: Number of read operations=0
		FILE: Number of large read operations=0
		FILE: Number of write operations=0
		O3FS: Number of bytes read=0
		O3FS: Number of bytes written=18878868
		O3FS: Number of read operations=426
		O3FS: Number of large read operations=0
		O3FS: Number of write operations=87
	Map-Reduce Framework
		Map input records=1
		Map output records=0
		Input split bytes=158
		Spilled Records=0
		Failed Shuffles=0
		Merged Map outputs=0
		GC time elapsed (ms)=0
		Total committed heap usage (bytes)=2011168768
	File Input Format Counters 
		Bytes Read=1720
	File Output Format Counters 
		Bytes Written=8
	DistCp Counters
		Bandwidth in Btyes=0
		DIR_COPY=1
2019-11-07 16:39:07,505 [LocalJobRunner Map Task Executor #0] INFO  mapred.LocalJobRunner (LocalJobRunner.java:run(277)) - Finishing task: attempt_local738125219_0008_m_000002_0
2019-11-07 16:39:07,505 [LocalJobRunner Map Task Executor #0] INFO  mapred.LocalJobRunner (LocalJobRunner.java:run(252)) - Starting task: attempt_local738125219_0008_m_000003_0
2019-11-07 16:39:07,506 [LocalJobRunner Map Task Executor #0] INFO  output.FileOutputCommitter (FileOutputCommitter.java:<init>(140)) - File Output Committer Algorithm version is 2
2019-11-07 16:39:07,506 [LocalJobRunner Map Task Executor #0] INFO  output.FileOutputCommitter (FileOutputCommitter.java:<init>(155)) - FileOutputCommitter skip cleanup _temporary folders under output directory:false, ignore cleanup failures: false
2019-11-07 16:39:07,507 [LocalJobRunner Map Task Executor #0] INFO  mapred.Task (Task.java:initialize(626)) -  Using ResourceCalculatorProcessTree : [ ]
2019-11-07 16:39:07,508 [LocalJobRunner Map Task Executor #0] INFO  mapred.MapTask (MapTask.java:runNewMapper(768)) - Processing split: file:/tmp/hadoop/mapred/staging/jenkins10002147185945/.staging/_distcp1309374380/fileList.seq:334+256
2019-11-07 16:39:07,508 [LocalJobRunner Map Task Executor #0] INFO  output.FileOutputCommitter (FileOutputCommitter.java:<init>(140)) - File Output Committer Algorithm version is 2
2019-11-07 16:39:07,508 [LocalJobRunner Map Task Executor #0] INFO  output.FileOutputCommitter (FileOutputCommitter.java:<init>(155)) - FileOutputCommitter skip cleanup _temporary folders under output directory:false, ignore cleanup failures: false
2019-11-07 16:39:07,523 [LocalJobRunner Map Task Executor #0] INFO  mapred.CopyMapper (CopyMapper.java:map(154)) - Copying file:/workdir/hadoop-ozone/ozonefs/target/test-dir/ITestOzoneContractDistCp/testUpdateDeepDirectoryStructureToRemote/local/inputDir/subDir1 to o3fs://bucket87112.volume55379/test/ITestOzoneContractDistCp/testUpdateDeepDirectoryStructureToRemote/remote/outputDir/inputDir/subDir1
2019-11-07 16:39:07,545 [LocalJobRunner Map Task Executor #0] INFO  mapred.LocalJobRunner (LocalJobRunner.java:statusUpdate(634)) - 
2019-11-07 16:39:07,546 [LocalJobRunner Map Task Executor #0] INFO  mapred.Task (Task.java:done(1244)) - Task:attempt_local738125219_0008_m_000003_0 is done. And is in the process of committing
2019-11-07 16:39:07,546 [LocalJobRunner Map Task Executor #0] INFO  mapred.LocalJobRunner (LocalJobRunner.java:statusUpdate(634)) - 
2019-11-07 16:39:07,546 [LocalJobRunner Map Task Executor #0] INFO  mapred.Task (Task.java:commit(1421)) - Task attempt_local738125219_0008_m_000003_0 is allowed to commit now
2019-11-07 16:39:07,547 [LocalJobRunner Map Task Executor #0] INFO  output.FileOutputCommitter (FileOutputCommitter.java:commitTask(598)) - Saved output of task 'attempt_local738125219_0008_m_000003_0' to file:/tmp/hadoop/mapred/staging/jenkins10002147185945/.staging/_distcp1309374380/_logs
2019-11-07 16:39:07,547 [LocalJobRunner Map Task Executor #0] INFO  mapred.LocalJobRunner (LocalJobRunner.java:statusUpdate(634)) - Copying file:/workdir/hadoop-ozone/ozonefs/target/test-dir/ITestOzoneContractDistCp/testUpdateDeepDirectoryStructureToRemote/local/inputDir/subDir1 to o3fs://bucket87112.volume55379/test/ITestOzoneContractDistCp/testUpdateDeepDirectoryStructureToRemote/remote/outputDir/inputDir/subDir1
2019-11-07 16:39:07,547 [LocalJobRunner Map Task Executor #0] INFO  mapred.Task (Task.java:sendDone(1380)) - Task 'attempt_local738125219_0008_m_000003_0' done.
2019-11-07 16:39:07,547 [LocalJobRunner Map Task Executor #0] INFO  mapred.Task (Task.java:done(1276)) - Final Counters for attempt_local738125219_0008_m_000003_0: Counters: 22
	File System Counters
		FILE: Number of bytes read=20707593
		FILE: Number of bytes written=25514222
		FILE: Number of read operations=0
		FILE: Number of large read operations=0
		FILE: Number of write operations=0
		O3FS: Number of bytes read=0
		O3FS: Number of bytes written=18878868
		O3FS: Number of read operations=428
		O3FS: Number of large read operations=0
		O3FS: Number of write operations=87
	Map-Reduce Framework
		Map input records=1
		Map output records=0
		Input split bytes=158
		Spilled Records=0
		Failed Shuffles=0
		Merged Map outputs=0
		GC time elapsed (ms)=0
		Total committed heap usage (bytes)=2011168768
	File Input Format Counters 
		Bytes Read=1720
	File Output Format Counters 
		Bytes Written=8
	DistCp Counters
		Bandwidth in Btyes=0
		DIR_COPY=1
2019-11-07 16:39:07,547 [LocalJobRunner Map Task Executor #0] INFO  mapred.LocalJobRunner (LocalJobRunner.java:run(277)) - Finishing task: attempt_local738125219_0008_m_000003_0
2019-11-07 16:39:07,548 [LocalJobRunner Map Task Executor #0] INFO  mapred.LocalJobRunner (LocalJobRunner.java:run(252)) - Starting task: attempt_local738125219_0008_m_000004_0
2019-11-07 16:39:07,548 [LocalJobRunner Map Task Executor #0] INFO  output.FileOutputCommitter (FileOutputCommitter.java:<init>(140)) - File Output Committer Algorithm version is 2
2019-11-07 16:39:07,548 [LocalJobRunner Map Task Executor #0] INFO  output.FileOutputCommitter (FileOutputCommitter.java:<init>(155)) - FileOutputCommitter skip cleanup _temporary folders under output directory:false, ignore cleanup failures: false
2019-11-07 16:39:07,548 [LocalJobRunner Map Task Executor #0] INFO  mapred.Task (Task.java:initialize(626)) -  Using ResourceCalculatorProcessTree : [ ]
2019-11-07 16:39:07,549 [LocalJobRunner Map Task Executor #0] INFO  mapred.MapTask (MapTask.java:runNewMapper(768)) - Processing split: file:/tmp/hadoop/mapred/staging/jenkins10002147185945/.staging/_distcp1309374380/fileList.seq:590+256
2019-11-07 16:39:07,549 [LocalJobRunner Map Task Executor #0] INFO  output.FileOutputCommitter (FileOutputCommitter.java:<init>(140)) - File Output Committer Algorithm version is 2
2019-11-07 16:39:07,549 [LocalJobRunner Map Task Executor #0] INFO  output.FileOutputCommitter (FileOutputCommitter.java:<init>(155)) - FileOutputCommitter skip cleanup _temporary folders under output directory:false, ignore cleanup failures: false
2019-11-07 16:39:07,564 [LocalJobRunner Map Task Executor #0] INFO  mapred.CopyMapper (CopyMapper.java:map(154)) - Copying file:/workdir/hadoop-ozone/ozonefs/target/test-dir/ITestOzoneContractDistCp/testUpdateDeepDirectoryStructureToRemote/local/inputDir/subDir4 to o3fs://bucket87112.volume55379/test/ITestOzoneContractDistCp/testUpdateDeepDirectoryStructureToRemote/remote/outputDir/inputDir/subDir4
2019-11-07 16:39:07,649 [LocalJobRunner Map Task Executor #0] INFO  mapred.LocalJobRunner (LocalJobRunner.java:statusUpdate(634)) - 
2019-11-07 16:39:07,649 [LocalJobRunner Map Task Executor #0] INFO  mapred.Task (Task.java:done(1244)) - Task:attempt_local738125219_0008_m_000004_0 is done. And is in the process of committing
2019-11-07 16:39:07,650 [LocalJobRunner Map Task Executor #0] INFO  mapred.LocalJobRunner (LocalJobRunner.java:statusUpdate(634)) - 
2019-11-07 16:39:07,650 [LocalJobRunner Map Task Executor #0] INFO  mapred.Task (Task.java:commit(1421)) - Task attempt_local738125219_0008_m_000004_0 is allowed to commit now
2019-11-07 16:39:07,651 [LocalJobRunner Map Task Executor #0] INFO  output.FileOutputCommitter (FileOutputCommitter.java:commitTask(598)) - Saved output of task 'attempt_local738125219_0008_m_000004_0' to file:/tmp/hadoop/mapred/staging/jenkins10002147185945/.staging/_distcp1309374380/_logs
2019-11-07 16:39:07,651 [LocalJobRunner Map Task Executor #0] INFO  mapred.LocalJobRunner (LocalJobRunner.java:statusUpdate(634)) - Copying file:/workdir/hadoop-ozone/ozonefs/target/test-dir/ITestOzoneContractDistCp/testUpdateDeepDirectoryStructureToRemote/local/inputDir/subDir4 to o3fs://bucket87112.volume55379/test/ITestOzoneContractDistCp/testUpdateDeepDirectoryStructureToRemote/remote/outputDir/inputDir/subDir4
2019-11-07 16:39:07,651 [LocalJobRunner Map Task Executor #0] INFO  mapred.Task (Task.java:sendDone(1380)) - Task 'attempt_local738125219_0008_m_000004_0' done.
2019-11-07 16:39:07,651 [LocalJobRunner Map Task Executor #0] INFO  mapred.Task (Task.java:done(1276)) - Final Counters for attempt_local738125219_0008_m_000004_0: Counters: 22
	File System Counters
		FILE: Number of bytes read=20709614
		FILE: Number of bytes written=25514230
		FILE: Number of read operations=0
		FILE: Number of large read operations=0
		FILE: Number of write operations=0
		O3FS: Number of bytes read=0
		O3FS: Number of bytes written=18878868
		O3FS: Number of read operations=430
		O3FS: Number of large read operations=0
		O3FS: Number of write operations=87
	Map-Reduce Framework
		Map input records=1
		Map output records=0
		Input split bytes=158
		Spilled Records=0
		Failed Shuffles=0
		Merged Map outputs=0
		GC time elapsed (ms)=59
		Total committed heap usage (bytes)=2024800256
	File Input Format Counters 
		Bytes Read=1720
	File Output Format Counters 
		Bytes Written=8
	DistCp Counters
		Bandwidth in Btyes=0
		DIR_COPY=1
2019-11-07 16:39:07,651 [LocalJobRunner Map Task Executor #0] INFO  mapred.LocalJobRunner (LocalJobRunner.java:run(277)) - Finishing task: attempt_local738125219_0008_m_000004_0
2019-11-07 16:39:07,651 [Thread-1240] INFO  mapred.LocalJobRunner (LocalJobRunner.java:runTasks(486)) - map task executor complete.
2019-11-07 16:39:07,668 [Thread-1240] INFO  mapred.CopyCommitter (CopyCommitter.java:deleteMissing(393)) - -delete option is enabled. About to remove entries from target that are missing in source
2019-11-07 16:39:07,676 [Thread-1240] INFO  mapred.CopyCommitter (CopyCommitter.java:deleteMissing(402)) - Source listing completed in 0:00:00.007
2019-11-07 16:39:07,676 [Thread-1240] INFO  mapred.CopyCommitter (CopyCommitter.java:listTargetFiles(560)) - Scanning destination directory o3fs://bucket87112.volume55379/test/ITestOzoneContractDistCp/testUpdateDeepDirectoryStructureToRemote/remote/outputDir/inputDir with thread count: 40
16:39:07.678 [IPC Server handler 16 on 33756] ERROR OMAudit - user=jenkins1000 | ip=127.0.0.1 | op=GET_FILE_STATUS {volume=volume55379, bucket=bucket87112, key=NONE, dataSize=0, replicationType=null, replicationFactor=null, keyLocationInfo=null} | ret=FAILURE
org.apache.hadoop.ozone.om.exceptions.OMException: Unable to get file status: volume: volume55379 bucket: bucket87112 key: NONE
	at org.apache.hadoop.ozone.om.KeyManagerImpl.getFileStatus(KeyManagerImpl.java:1784) ~[hadoop-ozone-ozone-manager-0.5.0-SNAPSHOT.jar:?]
	at org.apache.hadoop.ozone.om.OzoneManager.getFileStatus(OzoneManager.java:2762) ~[hadoop-ozone-ozone-manager-0.5.0-SNAPSHOT.jar:?]
	at org.apache.hadoop.ozone.protocolPB.OzoneManagerRequestHandler.getOzoneFileStatus(OzoneManagerRequestHandler.java:1053) ~[hadoop-ozone-ozone-manager-0.5.0-SNAPSHOT.jar:?]
	at org.apache.hadoop.ozone.protocolPB.OzoneManagerRequestHandler.handle(OzoneManagerRequestHandler.java:340) ~[hadoop-ozone-ozone-manager-0.5.0-SNAPSHOT.jar:?]
	at org.apache.hadoop.ozone.protocolPB.OzoneManagerProtocolServerSideTranslatorPB.submitRequestDirectlyToOM(OzoneManagerProtocolServerSideTranslatorPB.java:208) ~[hadoop-ozone-ozone-manager-0.5.0-SNAPSHOT.jar:?]
	at org.apache.hadoop.ozone.protocolPB.OzoneManagerProtocolServerSideTranslatorPB.processRequest(OzoneManagerProtocolServerSideTranslatorPB.java:132) ~[hadoop-ozone-ozone-manager-0.5.0-SNAPSHOT.jar:?]
	at org.apache.hadoop.hdds.server.OzoneProtocolMessageDispatcher.processRequest(OzoneProtocolMessageDispatcher.java:72) [hadoop-hdds-server-framework-0.5.0-SNAPSHOT.jar:?]
	at org.apache.hadoop.ozone.protocolPB.OzoneManagerProtocolServerSideTranslatorPB.submitRequest(OzoneManagerProtocolServerSideTranslatorPB.java:100) [hadoop-ozone-ozone-manager-0.5.0-SNAPSHOT.jar:?]
	at org.apache.hadoop.ozone.protocol.proto.OzoneManagerProtocolProtos$OzoneManagerService$2.callBlockingMethod(OzoneManagerProtocolProtos.java) [hadoop-ozone-common-0.5.0-SNAPSHOT.jar:?]
	at org.apache.hadoop.ipc.ProtobufRpcEngine$Server$ProtoBufRpcInvoker.call(ProtobufRpcEngine.java:524) [hadoop-common-3.2.0.jar:?]
	at org.apache.hadoop.ipc.RPC$Server.call(RPC.java:1025) [hadoop-common-3.2.0.jar:?]
	at org.apache.hadoop.ipc.Server$RpcCall.run(Server.java:876) [hadoop-common-3.2.0.jar:?]
	at org.apache.hadoop.ipc.Server$RpcCall.run(Server.java:822) [hadoop-common-3.2.0.jar:?]
	at java.security.AccessController.doPrivileged(Native Method) [?:1.8.0_222]
	at javax.security.auth.Subject.doAs(Subject.java:422) [?:1.8.0_222]
	at org.apache.hadoop.security.UserGroupInformation.doAs(UserGroupInformation.java:1730) [hadoop-common-3.2.0.jar:?]
	at org.apache.hadoop.ipc.Server$Handler.run(Server.java:2682) [hadoop-common-3.2.0.jar:?]
2019-11-07 16:39:07,695 [Thread-1240] INFO  tools.SimpleCopyListing (SimpleCopyListing.java:printStats(608)) - Paths (files+dirs) cnt = 20; dirCnt = 5
2019-11-07 16:39:07,696 [Thread-1240] INFO  tools.SimpleCopyListing (SimpleCopyListing.java:doBuildListing(402)) - Build file listing completed.
2019-11-07 16:39:07,703 [Thread-1240] INFO  mapred.CopyCommitter (CopyCommitter.java:cleanup(189)) - Cleaning up temporary work folder: file:/tmp/hadoop/mapred/staging/jenkins10002147185945/.staging/_distcp1309374380
2019-11-07 16:39:07,708 [Thread-1240] INFO  mapred.CopyCommitter (CopyCommitter.java:cleanup(189)) - Cleaning up temporary work folder: file:/tmp/hadoop/mapred/staging/jenkins10002147185945/.staging/_distcp1309374380
2019-11-07 16:39:07,709 [Thread-1240] WARN  mapred.LocalJobRunner (LocalJobRunner.java:run(590)) - job_local738125219_0008
org.apache.hadoop.tools.CopyListing$DuplicateFileException: File o3fs://bucket87112.volume55379/test/ITestOzoneContractDistCp/testUpdateDeepDirectoryStructureToRemote/remote/outputDir/inputDir/subDir1/file2 and o3fs://bucket87112.volume55379/test/ITestOzoneContractDistCp/testUpdateDeepDirectoryStructureToRemote/remote/outputDir/inputDir/subDir1/file2 would cause duplicates. Aborting
	at org.apache.hadoop.tools.CopyListing.validateFinalListing(CopyListing.java:175)
	at org.apache.hadoop.tools.CopyListing.buildListing(CopyListing.java:93)
	at org.apache.hadoop.tools.GlobbedCopyListing.doBuildListing(GlobbedCopyListing.java:89)
	at org.apache.hadoop.tools.CopyListing.buildListing(CopyListing.java:86)
	at org.apache.hadoop.tools.mapred.CopyCommitter.listTargetFiles(CopyCommitter.java:570)
	at org.apache.hadoop.tools.mapred.CopyCommitter.deleteMissing(CopyCommitter.java:409)
	at org.apache.hadoop.tools.mapred.CopyCommitter.commitJob(CopyCommitter.java:121)
	at org.apache.hadoop.mapred.LocalJobRunner$Job.run(LocalJobRunner.java:567)
2019-11-07 16:39:08,245 [Thread-1022] INFO  mapreduce.Job (Job.java:monitorAndPrintJob(1640)) - Job job_local738125219_0008 running in uber mode : false
2019-11-07 16:39:08,246 [Thread-1022] INFO  mapreduce.Job (Job.java:monitorAndPrintJob(1647)) -  map 100% reduce 0%
2019-11-07 16:39:08,246 [Thread-1022] INFO  mapreduce.Job (Job.java:monitorAndPrintJob(1660)) - Job job_local738125219_0008 failed with state FAILED due to: NA
2019-11-07 16:39:08,248 [Thread-1022] INFO  mapreduce.Job (Job.java:monitorAndPrintJob(1665)) - Counters: 27
	File System Counters
		FILE: Number of bytes read=103524788
		FILE: Number of bytes written=127571070
		FILE: Number of read operations=0
		FILE: Number of large read operations=0
		FILE: Number of write operations=0
		O3FS: Number of bytes read=0
		O3FS: Number of bytes written=94394340
		O3FS: Number of read operations=2130
		O3FS: Number of large read operations=0
		O3FS: Number of write operations=435
	Map-Reduce Framework
		Map input records=6
		Map output records=1
		Input split bytes=790
		Spilled Records=0
		Failed Shuffles=0
		Merged Map outputs=0
		GC time elapsed (ms)=59
		Total committed heap usage (bytes)=10069475328
	File Input Format Counters 
		Bytes Read=8600
	File Output Format Counters 
		Bytes Written=196
	DistCp Counters
		Bandwidth in Btyes=0
		Bytes Copied=0
		Bytes Expected=0
		Bytes Skipped=200
		Files Copied=1
		DIR_COPY=4
		Files Skipped=1
]]></system-out>
  </testcase>
  <testcase name="testDeepDirectoryStructureFromRemote" classname="org.apache.hadoop.fs.ozone.contract.ITestOzoneContractDistCp" time="2.171"/>
</testsuite>