<?xml version="1.0" encoding="UTF-8"?>
<testsuite xmlns:xsi="http://www.w3.org/2001/XMLSchema-instance" xsi:noNamespaceSchemaLocation="https://maven.apache.org/surefire/maven-surefire-plugin/xsd/surefire-test-report.xsd" name="org.apache.hadoop.fs.ozone.contract.ITestOzoneContractDistCp" time="50.896" tests="6" errors="3" skipped="0" failures="0">
  <properties>
[...]
</properties>
  <testcase name="testUpdateDeepDirectoryStructureNoChange" classname="org.apache.hadoop.fs.ozone.contract.ITestOzoneContractDistCp" time="9.119">
    <error message="DistCp failure: Job job_local812665517_0002 has failed: NA" type="java.io.IOException">java.io.IOException: DistCp failure: Job job_local812665517_0002 has failed: NA
	at org.apache.hadoop.tools.DistCp.waitForJobCompletion(DistCp.java:230)
	at org.apache.hadoop.tools.DistCp.execute(DistCp.java:185)
	at org.apache.hadoop.tools.contract.AbstractContractDistCpTest.runDistCp(AbstractContractDistCpTest.java:560)
	at org.apache.hadoop.tools.contract.AbstractContractDistCpTest.distCpUpdate(AbstractContractDistCpTest.java:316)
	at org.apache.hadoop.tools.contract.AbstractContractDistCpTest.testUpdateDeepDirectoryStructureNoChange(AbstractContractDistCpTest.java:234)
	at sun.reflect.NativeMethodAccessorImpl.invoke0(Native Method)
	at sun.reflect.NativeMethodAccessorImpl.invoke(NativeMethodAccessorImpl.java:62)
	at sun.reflect.DelegatingMethodAccessorImpl.invoke(DelegatingMethodAccessorImpl.java:43)
	at java.lang.reflect.Method.invoke(Method.java:498)
	at org.junit.runners.model.FrameworkMethod$1.runReflectiveCall(FrameworkMethod.java:47)
	at org.junit.internal.runners.model.ReflectiveCallable.run(ReflectiveCallable.java:12)
	at org.junit.runners.model.FrameworkMethod.invokeExplosively(FrameworkMethod.java:44)
	at org.junit.internal.runners.statements.InvokeMethod.evaluate(InvokeMethod.java:17)
	at org.junit.internal.runners.statements.RunBefores.evaluate(RunBefores.java:26)
	at org.junit.internal.runners.statements.RunAfters.evaluate(RunAfters.java:27)
	at org.junit.rules.TestWatcher$1.evaluate(TestWatcher.java:55)
	at org.junit.rules.TestWatcher$1.evaluate(TestWatcher.java:55)
	at org.junit.internal.runners.statements.FailOnTimeout$StatementThread.run(FailOnTimeout.java:74)
</error>
    <system-out><![CDATA[2019-11-07 22:33:28,456 [JUnit] WARN  server.ServerUtils (ServerUtils.java:getScmDbDir(145)) - ozone.scm.db.dirs is not configured. We recommend adding this setting. Falling back to ozone.metadata.dirs instead.
2019-11-07 22:33:28,596 [JUnit] WARN  server.ServerUtils (ServerUtils.java:getScmDbDir(145)) - ozone.scm.db.dirs is not configured. We recommend adding this setting. Falling back to ozone.metadata.dirs instead.
2019-11-07 22:33:28,599 [JUnit] WARN  server.ServerUtils (ServerUtils.java:getScmDbDir(145)) - ozone.scm.db.dirs is not configured. We recommend adding this setting. Falling back to ozone.metadata.dirs instead.
2019-11-07 22:33:28,630 [JUnit] INFO  util.log (Log.java:initialized(192)) - Logging initialized @911ms
2019-11-07 22:33:28,748 [JUnit] INFO  db.DBStoreBuilder (DBStoreBuilder.java:addTable(127)) - using custom profile for table: deletedBlocks
2019-11-07 22:33:28,748 [JUnit] INFO  db.DBStoreBuilder (DBStoreBuilder.java:processTables(183)) - Using default column profile:DBProfile.DISK for Table:deletedBlocks
2019-11-07 22:33:28,749 [JUnit] INFO  db.DBStoreBuilder (DBStoreBuilder.java:addTable(127)) - using custom profile for table: validCerts
2019-11-07 22:33:28,749 [JUnit] INFO  db.DBStoreBuilder (DBStoreBuilder.java:processTables(183)) - Using default column profile:DBProfile.DISK for Table:validCerts
2019-11-07 22:33:28,749 [JUnit] INFO  db.DBStoreBuilder (DBStoreBuilder.java:addTable(127)) - using custom profile for table: revokedCerts
2019-11-07 22:33:28,749 [JUnit] INFO  db.DBStoreBuilder (DBStoreBuilder.java:processTables(183)) - Using default column profile:DBProfile.DISK for Table:revokedCerts
2019-11-07 22:33:28,761 [JUnit] INFO  db.DBStoreBuilder (DBStoreBuilder.java:addTable(127)) - using custom profile for table: default
2019-11-07 22:33:28,761 [JUnit] INFO  db.DBStoreBuilder (DBStoreBuilder.java:processTables(189)) - Using default column profile:DBProfile.DISK for Table:default
2019-11-07 22:33:28,762 [JUnit] INFO  db.DBStoreBuilder (DBStoreBuilder.java:getDbProfile(220)) - Using default options. DBProfile.DISK
2019-11-07 22:33:29,014 [JUnit] INFO  net.NodeSchemaLoader (NodeSchemaLoader.java:loadSchemaFromFile(125)) - Loading file from sun.misc.CompoundEnumeration@31190526
2019-11-07 22:33:29,016 [JUnit] INFO  net.NodeSchemaLoader (NodeSchemaLoader.java:loadSchema(171)) - Loading network topology layer schema file
2019-11-07 22:33:29,079 [JUnit] WARN  server.ServerUtils (ServerUtils.java:sanitizeUserArgs(70)) - ozone.scm.stale.node.interval value = 300000 is larger than max = 100000 based on the key value of ozone.scm.heartbeat.thread.interval, reset to the max value 100000.
2019-11-07 22:33:29,081 [JUnit] WARN  server.ServerUtils (ServerUtils.java:sanitizeUserArgs(70)) - ozone.scm.stale.node.interval value = 300000 is larger than max = 100000 based on the key value of ozone.scm.heartbeat.thread.interval, reset to the max value 100000.
2019-11-07 22:33:29,084 [JUnit] INFO  node.SCMNodeManager (SCMNodeManager.java:<init>(116)) - Entering startup safe mode.
2019-11-07 22:33:29,212 [JUnit] INFO  algorithms.ContainerPlacementPolicyFactory (ContainerPlacementPolicyFactory.java:getPolicy(57)) - Create container placement policy of type org.apache.hadoop.hdds.scm.container.placement.algorithms.SCMContainerPlacementRandom
2019-11-07 22:33:29,227 [JUnit] WARN  server.ServerUtils (ServerUtils.java:getScmDbDir(145)) - ozone.scm.db.dirs is not configured. We recommend adding this setting. Falling back to ozone.metadata.dirs instead.
2019-11-07 22:33:29,328 [JUnit] INFO  pipeline.SCMPipelineManager (SCMPipelineManager.java:initializePipelineState(132)) - No pipeline exists in current db
2019-11-07 22:33:29,331 [JUnit] WARN  server.ServerUtils (ServerUtils.java:getScmDbDir(145)) - ozone.scm.db.dirs is not configured. We recommend adding this setting. Falling back to ozone.metadata.dirs instead.
2019-11-07 22:33:29,458 [JUnit] WARN  events.EventQueue (EventQueue.java:fireEvent(183)) - No event handler registered for event TypedEvent{payloadType=SafeModeStatus, name='SafeModeStatus'}
2019-11-07 22:33:29,856 [JUnit] INFO  ipc.CallQueueManager (CallQueueManager.java:<init>(84)) - Using callQueue: class java.util.concurrent.LinkedBlockingQueue, queueCapacity: 2000, scheduler: class org.apache.hadoop.ipc.DefaultRpcScheduler, ipcBackoff: false.
2019-11-07 22:33:29,995 [Socket Reader #1 for port 40120] INFO  ipc.Server (Server.java:run(1074)) - Starting Socket Reader #1 for port 40120
2019-11-07 22:33:30,029 [JUnit] INFO  ipc.CallQueueManager (CallQueueManager.java:<init>(84)) - Using callQueue: class java.util.concurrent.LinkedBlockingQueue, queueCapacity: 2000, scheduler: class org.apache.hadoop.ipc.DefaultRpcScheduler, ipcBackoff: false.
2019-11-07 22:33:30,030 [Socket Reader #1 for port 44441] INFO  ipc.Server (Server.java:run(1074)) - Starting Socket Reader #1 for port 44441
2019-11-07 22:33:30,040 [JUnit] INFO  ipc.CallQueueManager (CallQueueManager.java:<init>(84)) - Using callQueue: class java.util.concurrent.LinkedBlockingQueue, queueCapacity: 2000, scheduler: class org.apache.hadoop.ipc.DefaultRpcScheduler, ipcBackoff: false.
2019-11-07 22:33:30,041 [Socket Reader #1 for port 34549] INFO  ipc.Server (Server.java:run(1074)) - Starting Socket Reader #1 for port 34549
2019-11-07 22:33:30,065 [JUnit] INFO  hdfs.DFSUtil (DFSUtil.java:httpServerTemplateForNNAndJN(1641)) - Starting Web-server for scm at: http://0.0.0.0:0
2019-11-07 22:33:30,206 [JUnit] INFO  server.AuthenticationFilter (AuthenticationFilter.java:constructSecretProvider(240)) - Unable to initialize FileSignerSecretProvider, falling back to use random secrets.
2019-11-07 22:33:30,224 [JUnit] WARN  http.HttpRequestLog (HttpRequestLog.java:getRequestLog(97)) - Jetty request log can only be enabled using Log4j
2019-11-07 22:33:30,234 [JUnit] INFO  http.HttpServer2 (HttpServer2.java:addGlobalFilter(975)) - Added global filter 'safety' (class=org.apache.hadoop.http.HttpServer2$QuotingInputFilter)
2019-11-07 22:33:30,237 [JUnit] INFO  http.HttpServer2 (HttpServer2.java:addFilter(948)) - Added filter static_user_filter (class=org.apache.hadoop.http.lib.StaticUserWebFilter$StaticUserFilter) to context scm
2019-11-07 22:33:30,237 [JUnit] INFO  http.HttpServer2 (HttpServer2.java:addFilter(958)) - Added filter static_user_filter (class=org.apache.hadoop.http.lib.StaticUserWebFilter$StaticUserFilter) to context logs
2019-11-07 22:33:30,237 [JUnit] INFO  http.HttpServer2 (HttpServer2.java:addFilter(958)) - Added filter static_user_filter (class=org.apache.hadoop.http.lib.StaticUserWebFilter$StaticUserFilter) to context static
2019-11-07 22:33:30,265 [JUnit] INFO  server.StorageContainerManager (StorageContainerManager.java:start(764)) - StorageContainerLocationProtocol RPC server is listening at /0.0.0.0:34549
2019-11-07 22:33:30,312 [JUnit] WARN  impl.MetricsConfig (MetricsConfig.java:loadFirst(134)) - Cannot locate configuration: tried hadoop-metrics2-storagecontainermanager.properties,hadoop-metrics2.properties
2019-11-07 22:33:30,326 [JUnit] INFO  impl.MetricsSystemImpl (MetricsSystemImpl.java:startTimer(374)) - Scheduled Metric snapshot period at 10 second(s).
2019-11-07 22:33:30,326 [JUnit] INFO  impl.MetricsSystemImpl (MetricsSystemImpl.java:start(191)) - StorageContainerManager metrics system started
2019-11-07 22:33:30,562 [JUnit] INFO  server.SCMClientProtocolServer (SCMClientProtocolServer.java:start(159)) - RPC server for Client  is listening at /0.0.0.0:34549
2019-11-07 22:33:30,563 [IPC Server Responder] INFO  ipc.Server (Server.java:run(1314)) - IPC Server Responder: starting
2019-11-07 22:33:30,563 [IPC Server listener on 34549] INFO  ipc.Server (Server.java:run(1153)) - IPC Server listener on 34549: starting
2019-11-07 22:33:30,566 [JUnit] INFO  server.StorageContainerManager (StorageContainerManager.java:start(774)) - ScmBlockLocationProtocol RPC server is listening at /0.0.0.0:44441
2019-11-07 22:33:30,567 [JUnit] INFO  server.SCMBlockProtocolServer (SCMBlockProtocolServer.java:start(146)) - RPC server for Block Protocol is listening at /0.0.0.0:44441
2019-11-07 22:33:30,568 [IPC Server Responder] INFO  ipc.Server (Server.java:run(1314)) - IPC Server Responder: starting
2019-11-07 22:33:30,568 [IPC Server listener on 44441] INFO  ipc.Server (Server.java:run(1153)) - IPC Server listener on 44441: starting
2019-11-07 22:33:30,570 [JUnit] INFO  server.StorageContainerManager (StorageContainerManager.java:start(778)) - ScmDatanodeProtocl RPC server is listening at /0.0.0.0:40120
2019-11-07 22:33:30,570 [JUnit] INFO  server.SCMDatanodeProtocolServer (SCMDatanodeProtocolServer.java:start(169)) - RPC server for DataNodes is listening at /0.0.0.0:40120
2019-11-07 22:33:30,572 [IPC Server Responder] INFO  ipc.Server (Server.java:run(1314)) - IPC Server Responder: starting
2019-11-07 22:33:30,572 [IPC Server listener on 40120] INFO  ipc.Server (Server.java:run(1153)) - IPC Server listener on 40120: starting
2019-11-07 22:33:30,576 [JUnit] INFO  http.HttpServer2 (HttpServer2.java:bindListener(1191)) - Jetty bound to port 44299
2019-11-07 22:33:30,578 [JUnit] INFO  server.Server (Server.java:doStart(351)) - jetty-9.3.25.v20180904, build timestamp: 2018-09-04T21:11:46Z, git hash: 3ce520221d0240229c862b122d2b06c12a625732
2019-11-07 22:33:30,619 [JUnit] INFO  handler.ContextHandler (ContextHandler.java:doStart(781)) - Started o.e.j.s.ServletContextHandler@7096b474{/logs,file:///workdir/hadoop-ozone/ozonefs/target/log,AVAILABLE}
2019-11-07 22:33:30,620 [JUnit] INFO  handler.ContextHandler (ContextHandler.java:doStart(781)) - Started o.e.j.s.ServletContextHandler@3d3ba765{/static,jar:file:/home/user/.m2/repository/org/apache/hadoop/hadoop-hdds-server-scm/0.5.0-SNAPSHOT/hadoop-hdds-server-scm-0.5.0-SNAPSHOT.jar!/webapps/static,AVAILABLE}
2019-11-07 22:33:30,694 [JUnit] INFO  handler.ContextHandler (ContextHandler.java:doStart(781)) - Started o.e.j.w.WebAppContext@797501a{/,file:///tmp/jetty-0.0.0.0-44299-scm-_-any-5549102895616015203.dir/webapp/,AVAILABLE}{/scm}
2019-11-07 22:33:30,700 [JUnit] INFO  server.AbstractConnector (AbstractConnector.java:doStart(278)) - Started ServerConnector@285f09de{HTTP/1.1,[http/1.1]}{0.0.0.0:44299}
2019-11-07 22:33:30,700 [JUnit] INFO  server.Server (Server.java:doStart(419)) - Started @2982ms
2019-11-07 22:33:30,702 [JUnit] INFO  impl.MetricsSinkAdapter (MetricsSinkAdapter.java:start(204)) - Sink prometheus started
2019-11-07 22:33:30,702 [JUnit] INFO  impl.MetricsSystemImpl (MetricsSystemImpl.java:registerSink(301)) - Registered sink prometheus
2019-11-07 22:33:30,704 [JUnit] INFO  server.BaseHttpServer (BaseHttpServer.java:updateConnectorAddress(215)) - HTTP server of SCM is listening at http://0.0.0.0:44299
2019-11-07 22:33:30,710 [org.apache.hadoop.util.JvmPauseMonitor$Monitor@345e5a17] INFO  util.JvmPauseMonitor (JvmPauseMonitor.java:run(188)) - Starting JVM pause monitor
2019-11-07 22:33:30,715 [JUnit] WARN  server.ServerUtils (ServerUtils.java:getDBPath(222)) - ozone.om.db.dirs is not configured. We recommend adding this setting. Falling back to ozone.metadata.dirs instead.
2019-11-07 22:33:30,818 [JUnit] INFO  ha.OMHANodeDetails (OMHANodeDetails.java:loadOMHAConfig(190)) - Configuration either no ozone.om.address set. Falling back to the default OM address /127.0.0.1:0
2019-11-07 22:33:30,819 [JUnit] INFO  ha.OMHANodeDetails (OMHANodeDetails.java:getOMNodeDetails(220)) - OM Service ID is not set. Setting it to the default ID: omServiceIdDefault
2019-11-07 22:33:30,821 [JUnit] WARN  server.ServerUtils (ServerUtils.java:getDBPath(222)) - ozone.om.db.dirs is not configured. We recommend adding this setting. Falling back to ozone.metadata.dirs instead.
2019-11-07 22:33:30,821 [JUnit] WARN  server.ServerUtils (ServerUtils.java:getDBPath(222)) - ozone.om.db.dirs is not configured. We recommend adding this setting. Falling back to ozone.metadata.dirs instead.
2019-11-07 22:33:31,461 [JUnit] WARN  server.ServerUtils (ServerUtils.java:getDBPath(222)) - ozone.om.db.dirs is not configured. We recommend adding this setting. Falling back to ozone.metadata.dirs instead.
2019-11-07 22:33:31,473 [JUnit] INFO  db.DBStoreBuilder (DBStoreBuilder.java:addTable(127)) - using custom profile for table: userTable
2019-11-07 22:33:31,473 [JUnit] INFO  db.DBStoreBuilder (DBStoreBuilder.java:processTables(183)) - Using default column profile:DBProfile.DISK for Table:userTable
2019-11-07 22:33:31,473 [JUnit] INFO  db.DBStoreBuilder (DBStoreBuilder.java:addTable(127)) - using custom profile for table: volumeTable
2019-11-07 22:33:31,474 [JUnit] INFO  db.DBStoreBuilder (DBStoreBuilder.java:processTables(183)) - Using default column profile:DBProfile.DISK for Table:volumeTable
2019-11-07 22:33:31,474 [JUnit] INFO  db.DBStoreBuilder (DBStoreBuilder.java:addTable(127)) - using custom profile for table: bucketTable
2019-11-07 22:33:31,474 [JUnit] INFO  db.DBStoreBuilder (DBStoreBuilder.java:processTables(183)) - Using default column profile:DBProfile.DISK for Table:bucketTable
2019-11-07 22:33:31,474 [JUnit] INFO  db.DBStoreBuilder (DBStoreBuilder.java:addTable(127)) - using custom profile for table: keyTable
2019-11-07 22:33:31,474 [JUnit] INFO  db.DBStoreBuilder (DBStoreBuilder.java:processTables(183)) - Using default column profile:DBProfile.DISK for Table:keyTable
2019-11-07 22:33:31,475 [JUnit] INFO  db.DBStoreBuilder (DBStoreBuilder.java:addTable(127)) - using custom profile for table: deletedTable
2019-11-07 22:33:31,475 [JUnit] INFO  db.DBStoreBuilder (DBStoreBuilder.java:processTables(183)) - Using default column profile:DBProfile.DISK for Table:deletedTable
2019-11-07 22:33:31,475 [JUnit] INFO  db.DBStoreBuilder (DBStoreBuilder.java:addTable(127)) - using custom profile for table: openKeyTable
2019-11-07 22:33:31,475 [JUnit] INFO  db.DBStoreBuilder (DBStoreBuilder.java:processTables(183)) - Using default column profile:DBProfile.DISK for Table:openKeyTable
2019-11-07 22:33:31,476 [JUnit] INFO  db.DBStoreBuilder (DBStoreBuilder.java:addTable(127)) - using custom profile for table: s3Table
2019-11-07 22:33:31,476 [JUnit] INFO  db.DBStoreBuilder (DBStoreBuilder.java:processTables(183)) - Using default column profile:DBProfile.DISK for Table:s3Table
2019-11-07 22:33:31,476 [JUnit] INFO  db.DBStoreBuilder (DBStoreBuilder.java:addTable(127)) - using custom profile for table: multipartInfoTable
2019-11-07 22:33:31,476 [JUnit] INFO  db.DBStoreBuilder (DBStoreBuilder.java:processTables(183)) - Using default column profile:DBProfile.DISK for Table:multipartInfoTable
2019-11-07 22:33:31,477 [JUnit] INFO  db.DBStoreBuilder (DBStoreBuilder.java:addTable(127)) - using custom profile for table: dTokenTable
2019-11-07 22:33:31,477 [JUnit] INFO  db.DBStoreBuilder (DBStoreBuilder.java:processTables(183)) - Using default column profile:DBProfile.DISK for Table:dTokenTable
2019-11-07 22:33:31,477 [JUnit] INFO  db.DBStoreBuilder (DBStoreBuilder.java:addTable(127)) - using custom profile for table: s3SecretTable
2019-11-07 22:33:31,477 [JUnit] INFO  db.DBStoreBuilder (DBStoreBuilder.java:processTables(183)) - Using default column profile:DBProfile.DISK for Table:s3SecretTable
2019-11-07 22:33:31,477 [JUnit] INFO  db.DBStoreBuilder (DBStoreBuilder.java:addTable(127)) - using custom profile for table: prefixTable
2019-11-07 22:33:31,478 [JUnit] INFO  db.DBStoreBuilder (DBStoreBuilder.java:processTables(183)) - Using default column profile:DBProfile.DISK for Table:prefixTable
2019-11-07 22:33:31,478 [JUnit] INFO  db.DBStoreBuilder (DBStoreBuilder.java:addTable(127)) - using custom profile for table: default
2019-11-07 22:33:31,478 [JUnit] INFO  db.DBStoreBuilder (DBStoreBuilder.java:processTables(189)) - Using default column profile:DBProfile.DISK for Table:default
2019-11-07 22:33:31,478 [JUnit] INFO  db.DBStoreBuilder (DBStoreBuilder.java:getDbProfile(220)) - Using default options. DBProfile.DISK
2019-11-07 22:33:31,840 [JUnit] INFO  ipc.CallQueueManager (CallQueueManager.java:<init>(84)) - Using callQueue: class java.util.concurrent.LinkedBlockingQueue, queueCapacity: 2000, scheduler: class org.apache.hadoop.ipc.DefaultRpcScheduler, ipcBackoff: false.
2019-11-07 22:33:31,841 [Socket Reader #1 for port 44190] INFO  ipc.Server (Server.java:run(1074)) - Starting Socket Reader #1 for port 44190
2019-11-07 22:33:31,874 [JUnit] INFO  om.OzoneManager (OzoneManager.java:start(1076)) - OzoneManager RPC server is listening at localhost/127.0.0.1:44190
2019-11-07 22:33:31,874 [JUnit] INFO  impl.MetricsSystemImpl (MetricsSystemImpl.java:init(158)) - OzoneManager metrics system started (again)
2019-11-07 22:33:31,888 [IPC Server Responder] INFO  ipc.Server (Server.java:run(1314)) - IPC Server Responder: starting
2019-11-07 22:33:31,888 [IPC Server listener on 44190] INFO  ipc.Server (Server.java:run(1153)) - IPC Server listener on 44190: starting
2019-11-07 22:33:31,895 [JUnit] INFO  hdfs.DFSUtil (DFSUtil.java:httpServerTemplateForNNAndJN(1641)) - Starting Web-server for ozoneManager at: http://0.0.0.0:0
2019-11-07 22:33:31,898 [JUnit] INFO  server.AuthenticationFilter (AuthenticationFilter.java:constructSecretProvider(240)) - Unable to initialize FileSignerSecretProvider, falling back to use random secrets.
2019-11-07 22:33:31,898 [JUnit] WARN  http.HttpRequestLog (HttpRequestLog.java:getRequestLog(97)) - Jetty request log can only be enabled using Log4j
2019-11-07 22:33:31,901 [JUnit] INFO  http.HttpServer2 (HttpServer2.java:addGlobalFilter(975)) - Added global filter 'safety' (class=org.apache.hadoop.http.HttpServer2$QuotingInputFilter)
2019-11-07 22:33:31,902 [JUnit] INFO  http.HttpServer2 (HttpServer2.java:addFilter(948)) - Added filter static_user_filter (class=org.apache.hadoop.http.lib.StaticUserWebFilter$StaticUserFilter) to context ozoneManager
2019-11-07 22:33:31,902 [JUnit] INFO  http.HttpServer2 (HttpServer2.java:addFilter(958)) - Added filter static_user_filter (class=org.apache.hadoop.http.lib.StaticUserWebFilter$StaticUserFilter) to context static
2019-11-07 22:33:31,903 [JUnit] INFO  http.HttpServer2 (HttpServer2.java:addFilter(958)) - Added filter static_user_filter (class=org.apache.hadoop.http.lib.StaticUserWebFilter$StaticUserFilter) to context logs
2019-11-07 22:33:31,905 [JUnit] INFO  http.HttpServer2 (HttpServer2.java:bindListener(1191)) - Jetty bound to port 33922
2019-11-07 22:33:31,905 [JUnit] INFO  server.Server (Server.java:doStart(351)) - jetty-9.3.25.v20180904, build timestamp: 2018-09-04T21:11:46Z, git hash: 3ce520221d0240229c862b122d2b06c12a625732
2019-11-07 22:33:31,907 [JUnit] INFO  handler.ContextHandler (ContextHandler.java:doStart(781)) - Started o.e.j.s.ServletContextHandler@4a55a6e8{/logs,file:///workdir/hadoop-ozone/ozonefs/target/log,AVAILABLE}
2019-11-07 22:33:31,908 [JUnit] INFO  handler.ContextHandler (ContextHandler.java:doStart(781)) - Started o.e.j.s.ServletContextHandler@226b143b{/static,jar:file:/home/user/.m2/repository/org/apache/hadoop/hadoop-ozone-ozone-manager/0.5.0-SNAPSHOT/hadoop-ozone-ozone-manager-0.5.0-SNAPSHOT.jar!/webapps/static,AVAILABLE}
2019-11-07 22:33:31,981 [JUnit] INFO  handler.ContextHandler (ContextHandler.java:doStart(781)) - Started o.e.j.w.WebAppContext@476ec9d0{/,file:///tmp/jetty-0.0.0.0-33922-ozoneManager-_-any-8303936000718648884.dir/webapp/,AVAILABLE}{/ozoneManager}
2019-11-07 22:33:31,982 [JUnit] INFO  server.AbstractConnector (AbstractConnector.java:doStart(278)) - Started ServerConnector@325bb9a6{HTTP/1.1,[http/1.1]}{0.0.0.0:33922}
2019-11-07 22:33:31,983 [JUnit] INFO  server.Server (Server.java:doStart(419)) - Started @4265ms
2019-11-07 22:33:31,983 [JUnit] WARN  impl.MetricsSystemImpl (MetricsSystemImpl.java:register(276)) - Sink prometheus already exists!
2019-11-07 22:33:31,985 [JUnit] INFO  server.BaseHttpServer (BaseHttpServer.java:updateConnectorAddress(215)) - HTTP server of OZONEMANAGER is listening at http://0.0.0.0:33922
2019-11-07 22:33:32,272 [JUnit] INFO  impl.MetricsSystemImpl (MetricsSystemImpl.java:init(158)) - HddsDatanode metrics system started (again)
2019-11-07 22:33:32,330 [JUnit] INFO  ozone.HddsDatanodeService (HddsDatanodeService.java:start(186)) - HddsDatanodeService host:pr-hdds-1987-tb7ct-940245468 ip:192.168.34.6
2019-11-07 22:33:32,367 [JUnit] INFO  volume.HddsVolume (HddsVolume.java:<init>(176)) - Creating Volume: /workdir/hadoop-ozone/ozonefs/target/test-dir/MiniOzoneClusterImpl-2a4298e2-fd05-4542-aa51-7e336d4af558/datanode-0/data/containers/hdds of  storage type : DISK and capacity : 1482555576320
2019-11-07 22:33:32,369 [JUnit] INFO  volume.VolumeSet (VolumeSet.java:initializeVolumeSet(170)) - Added Volume : /workdir/hadoop-ozone/ozonefs/target/test-dir/MiniOzoneClusterImpl-2a4298e2-fd05-4542-aa51-7e336d4af558/datanode-0/data/containers/hdds to VolumeSet
2019-11-07 22:33:32,372 [JUnit] INFO  volume.ThrottledAsyncChecker (ThrottledAsyncChecker.java:schedule(141)) - Scheduling a check for /workdir/hadoop-ozone/ozonefs/target/test-dir/MiniOzoneClusterImpl-2a4298e2-fd05-4542-aa51-7e336d4af558/datanode-0/data/containers/hdds
2019-11-07 22:33:32,391 [JUnit] INFO  volume.HddsVolumeChecker (HddsVolumeChecker.java:checkAllVolumes(204)) - Scheduled health check for volume /workdir/hadoop-ozone/ozonefs/target/test-dir/MiniOzoneClusterImpl-2a4298e2-fd05-4542-aa51-7e336d4af558/datanode-0/data/containers/hdds
2019-11-07 22:33:32,517 [JUnit] INFO  impl.RaftServerProxy (ConfUtils.java:logGet(43)) - raft.rpc.type = GRPC (default)
2019-11-07 22:33:32,597 [JUnit] INFO  grpc.GrpcFactory (GrpcFactory.java:checkPooledByteBufAllocatorUseCacheForAllThreads(45)) - PERFORMANCE WARNING: useCacheForAllThreads is true that may cause Netty to create a lot garbage objects and, as a result, trigger GC.
	It is recommended to disable useCacheForAllThreads by setting -Dorg.apache.ratis.thirdparty.io.netty.allocator.useCacheForAllThreads=false in command line.
2019-11-07 22:33:32,602 [JUnit] INFO  grpc.GrpcConfigKeys$Server (ConfUtils.java:logGet(43)) - raft.grpc.server.port = 0 (default)
2019-11-07 22:33:32,603 [JUnit] INFO  server.GrpcService (ConfUtils.java:logGet(43)) - raft.grpc.message.size.max = 33570816 (custom)
2019-11-07 22:33:32,605 [JUnit] INFO  server.RaftServerConfigKeys (ConfUtils.java:logGet(43)) - raft.server.log.appender.buffer.byte-limit = 33554432 (custom)
2019-11-07 22:33:32,605 [JUnit] INFO  server.GrpcService (ConfUtils.java:logGet(43)) - raft.grpc.flow.control.window = 1MB (=1048576) (default)
2019-11-07 22:33:32,606 [JUnit] INFO  server.RaftServerConfigKeys (ConfUtils.java:logGet(43)) - raft.server.rpc.request.timeout = 3000ms (default)
2019-11-07 22:33:32,773 [JUnit] INFO  server.RaftServerConfigKeys (ConfUtils.java:logGet(43)) - raft.server.storage.dir = [/workdir/hadoop-ozone/ozonefs/target/test-dir/MiniOzoneClusterImpl-2a4298e2-fd05-4542-aa51-7e336d4af558/datanode-0/data/ratis] (custom)
2019-11-07 22:33:32,833 [JUnit] INFO  hdfs.DFSUtil (DFSUtil.java:httpServerTemplateForNNAndJN(1641)) - Starting Web-server for hddsDatanode at: http://0.0.0.0:0
2019-11-07 22:33:32,835 [JUnit] INFO  server.AuthenticationFilter (AuthenticationFilter.java:constructSecretProvider(240)) - Unable to initialize FileSignerSecretProvider, falling back to use random secrets.
2019-11-07 22:33:32,836 [JUnit] WARN  http.HttpRequestLog (HttpRequestLog.java:getRequestLog(97)) - Jetty request log can only be enabled using Log4j
2019-11-07 22:33:32,838 [JUnit] INFO  http.HttpServer2 (HttpServer2.java:addGlobalFilter(975)) - Added global filter 'safety' (class=org.apache.hadoop.http.HttpServer2$QuotingInputFilter)
2019-11-07 22:33:32,839 [JUnit] INFO  http.HttpServer2 (HttpServer2.java:addFilter(948)) - Added filter static_user_filter (class=org.apache.hadoop.http.lib.StaticUserWebFilter$StaticUserFilter) to context hddsDatanode
2019-11-07 22:33:32,839 [JUnit] INFO  http.HttpServer2 (HttpServer2.java:addFilter(958)) - Added filter static_user_filter (class=org.apache.hadoop.http.lib.StaticUserWebFilter$StaticUserFilter) to context logs
2019-11-07 22:33:32,839 [JUnit] INFO  http.HttpServer2 (HttpServer2.java:addFilter(958)) - Added filter static_user_filter (class=org.apache.hadoop.http.lib.StaticUserWebFilter$StaticUserFilter) to context static
2019-11-07 22:33:32,840 [JUnit] INFO  http.HttpServer2 (HttpServer2.java:bindListener(1191)) - Jetty bound to port 35111
2019-11-07 22:33:32,840 [JUnit] INFO  server.Server (Server.java:doStart(351)) - jetty-9.3.25.v20180904, build timestamp: 2018-09-04T21:11:46Z, git hash: 3ce520221d0240229c862b122d2b06c12a625732
2019-11-07 22:33:32,843 [JUnit] INFO  handler.ContextHandler (ContextHandler.java:doStart(781)) - Started o.e.j.s.ServletContextHandler@cb7fa71{/logs,file:///workdir/hadoop-ozone/ozonefs/target/log,AVAILABLE}
2019-11-07 22:33:32,844 [JUnit] INFO  handler.ContextHandler (ContextHandler.java:doStart(781)) - Started o.e.j.s.ServletContextHandler@4b6e1c0{/static,jar:file:/home/user/.m2/repository/org/apache/hadoop/hadoop-hdds-container-service/0.5.0-SNAPSHOT/hadoop-hdds-container-service-0.5.0-SNAPSHOT.jar!/webapps/static,AVAILABLE}
2019-11-07 22:33:32,874 [JUnit] INFO  handler.ContextHandler (ContextHandler.java:doStart(781)) - Started o.e.j.w.WebAppContext@7ceb4478{/,file:///tmp/jetty-0.0.0.0-35111-hddsDatanode-_-any-837320107429496282.dir/webapp/,AVAILABLE}{/hddsDatanode}
2019-11-07 22:33:32,875 [JUnit] INFO  server.AbstractConnector (AbstractConnector.java:doStart(278)) - Started ServerConnector@7fdab70c{HTTP/1.1,[http/1.1]}{0.0.0.0:35111}
2019-11-07 22:33:32,876 [JUnit] INFO  server.Server (Server.java:doStart(419)) - Started @5158ms
2019-11-07 22:33:32,877 [JUnit] WARN  impl.MetricsSystemImpl (MetricsSystemImpl.java:register(276)) - Sink prometheus already exists!
2019-11-07 22:33:32,878 [JUnit] INFO  server.BaseHttpServer (BaseHttpServer.java:updateConnectorAddress(215)) - HTTP server of HDDSDATANODE is listening at http://0.0.0.0:35111
2019-11-07 22:33:32,879 [JUnit] INFO  impl.MetricsSystemImpl (MetricsSystemImpl.java:init(158)) - HddsDatanode metrics system started (again)
2019-11-07 22:33:32,882 [JUnit] INFO  ozone.HddsDatanodeService (HddsDatanodeService.java:start(186)) - HddsDatanodeService host:pr-hdds-1987-tb7ct-940245468 ip:192.168.34.6
2019-11-07 22:33:32,886 [org.apache.hadoop.util.JvmPauseMonitor$Monitor@43c51c1] INFO  util.JvmPauseMonitor (JvmPauseMonitor.java:run(188)) - Starting JVM pause monitor
2019-11-07 22:33:32,892 [JUnit] INFO  volume.HddsVolume (HddsVolume.java:<init>(176)) - Creating Volume: /workdir/hadoop-ozone/ozonefs/target/test-dir/MiniOzoneClusterImpl-2a4298e2-fd05-4542-aa51-7e336d4af558/datanode-1/data/containers/hdds of  storage type : DISK and capacity : 1482555576320
2019-11-07 22:33:32,892 [JUnit] INFO  volume.VolumeSet (VolumeSet.java:initializeVolumeSet(170)) - Added Volume : /workdir/hadoop-ozone/ozonefs/target/test-dir/MiniOzoneClusterImpl-2a4298e2-fd05-4542-aa51-7e336d4af558/datanode-1/data/containers/hdds to VolumeSet
2019-11-07 22:33:32,893 [JUnit] INFO  volume.ThrottledAsyncChecker (ThrottledAsyncChecker.java:schedule(141)) - Scheduling a check for /workdir/hadoop-ozone/ozonefs/target/test-dir/MiniOzoneClusterImpl-2a4298e2-fd05-4542-aa51-7e336d4af558/datanode-1/data/containers/hdds
2019-11-07 22:33:32,894 [JUnit] INFO  volume.HddsVolumeChecker (HddsVolumeChecker.java:checkAllVolumes(204)) - Scheduled health check for volume /workdir/hadoop-ozone/ozonefs/target/test-dir/MiniOzoneClusterImpl-2a4298e2-fd05-4542-aa51-7e336d4af558/datanode-1/data/containers/hdds
2019-11-07 22:33:32,918 [JUnit] INFO  impl.RaftServerProxy (ConfUtils.java:logGet(43)) - raft.rpc.type = GRPC (default)
2019-11-07 22:33:32,918 [JUnit] INFO  grpc.GrpcFactory (GrpcFactory.java:checkPooledByteBufAllocatorUseCacheForAllThreads(45)) - PERFORMANCE WARNING: useCacheForAllThreads is true that may cause Netty to create a lot garbage objects and, as a result, trigger GC.
	It is recommended to disable useCacheForAllThreads by setting -Dorg.apache.ratis.thirdparty.io.netty.allocator.useCacheForAllThreads=false in command line.
2019-11-07 22:33:32,919 [JUnit] INFO  grpc.GrpcConfigKeys$Server (ConfUtils.java:logGet(43)) - raft.grpc.server.port = 0 (default)
2019-11-07 22:33:32,919 [JUnit] INFO  server.GrpcService (ConfUtils.java:logGet(43)) - raft.grpc.message.size.max = 33570816 (custom)
2019-11-07 22:33:32,919 [JUnit] INFO  server.RaftServerConfigKeys (ConfUtils.java:logGet(43)) - raft.server.log.appender.buffer.byte-limit = 33554432 (custom)
2019-11-07 22:33:32,919 [JUnit] INFO  server.GrpcService (ConfUtils.java:logGet(43)) - raft.grpc.flow.control.window = 1MB (=1048576) (default)
2019-11-07 22:33:32,919 [JUnit] INFO  server.RaftServerConfigKeys (ConfUtils.java:logGet(43)) - raft.server.rpc.request.timeout = 3000ms (default)
2019-11-07 22:33:32,920 [JUnit] INFO  server.RaftServerConfigKeys (ConfUtils.java:logGet(43)) - raft.server.storage.dir = [/workdir/hadoop-ozone/ozonefs/target/test-dir/MiniOzoneClusterImpl-2a4298e2-fd05-4542-aa51-7e336d4af558/datanode-1/data/ratis] (custom)
2019-11-07 22:33:32,925 [JUnit] INFO  hdfs.DFSUtil (DFSUtil.java:httpServerTemplateForNNAndJN(1641)) - Starting Web-server for hddsDatanode at: http://0.0.0.0:0
2019-11-07 22:33:32,928 [JUnit] INFO  server.AuthenticationFilter (AuthenticationFilter.java:constructSecretProvider(240)) - Unable to initialize FileSignerSecretProvider, falling back to use random secrets.
2019-11-07 22:33:32,929 [JUnit] WARN  http.HttpRequestLog (HttpRequestLog.java:getRequestLog(97)) - Jetty request log can only be enabled using Log4j
2019-11-07 22:33:32,932 [JUnit] INFO  http.HttpServer2 (HttpServer2.java:addGlobalFilter(975)) - Added global filter 'safety' (class=org.apache.hadoop.http.HttpServer2$QuotingInputFilter)
2019-11-07 22:33:32,933 [JUnit] INFO  http.HttpServer2 (HttpServer2.java:addFilter(948)) - Added filter static_user_filter (class=org.apache.hadoop.http.lib.StaticUserWebFilter$StaticUserFilter) to context hddsDatanode
2019-11-07 22:33:32,933 [JUnit] INFO  http.HttpServer2 (HttpServer2.java:addFilter(958)) - Added filter static_user_filter (class=org.apache.hadoop.http.lib.StaticUserWebFilter$StaticUserFilter) to context static
2019-11-07 22:33:32,934 [JUnit] INFO  http.HttpServer2 (HttpServer2.java:addFilter(958)) - Added filter static_user_filter (class=org.apache.hadoop.http.lib.StaticUserWebFilter$StaticUserFilter) to context logs
2019-11-07 22:33:32,935 [JUnit] INFO  http.HttpServer2 (HttpServer2.java:bindListener(1191)) - Jetty bound to port 40382
2019-11-07 22:33:32,935 [JUnit] INFO  server.Server (Server.java:doStart(351)) - jetty-9.3.25.v20180904, build timestamp: 2018-09-04T21:11:46Z, git hash: 3ce520221d0240229c862b122d2b06c12a625732
2019-11-07 22:33:32,941 [JUnit] INFO  handler.ContextHandler (ContextHandler.java:doStart(781)) - Started o.e.j.s.ServletContextHandler@4d95a72e{/logs,file:///workdir/hadoop-ozone/ozonefs/target/log,AVAILABLE}
2019-11-07 22:33:32,942 [JUnit] INFO  handler.ContextHandler (ContextHandler.java:doStart(781)) - Started o.e.j.s.ServletContextHandler@77b919a3{/static,jar:file:/home/user/.m2/repository/org/apache/hadoop/hadoop-hdds-container-service/0.5.0-SNAPSHOT/hadoop-hdds-container-service-0.5.0-SNAPSHOT.jar!/webapps/static,AVAILABLE}
2019-11-07 22:33:32,989 [JUnit] INFO  handler.ContextHandler (ContextHandler.java:doStart(781)) - Started o.e.j.w.WebAppContext@59cda16e{/,file:///tmp/jetty-0.0.0.0-40382-hddsDatanode-_-any-4547793282326042818.dir/webapp/,AVAILABLE}{/hddsDatanode}
2019-11-07 22:33:32,990 [JUnit] INFO  server.AbstractConnector (AbstractConnector.java:doStart(278)) - Started ServerConnector@5dd903be{HTTP/1.1,[http/1.1]}{0.0.0.0:40382}
2019-11-07 22:33:32,991 [JUnit] INFO  server.Server (Server.java:doStart(419)) - Started @5273ms
2019-11-07 22:33:32,992 [JUnit] WARN  impl.MetricsSystemImpl (MetricsSystemImpl.java:register(276)) - Sink prometheus already exists!
2019-11-07 22:33:32,993 [JUnit] INFO  server.BaseHttpServer (BaseHttpServer.java:updateConnectorAddress(215)) - HTTP server of HDDSDATANODE is listening at http://0.0.0.0:40382
2019-11-07 22:33:32,993 [JUnit] INFO  impl.MetricsSystemImpl (MetricsSystemImpl.java:init(158)) - HddsDatanode metrics system started (again)
2019-11-07 22:33:32,997 [org.apache.hadoop.util.JvmPauseMonitor$Monitor@30b110a5] INFO  util.JvmPauseMonitor (JvmPauseMonitor.java:run(188)) - Starting JVM pause monitor
2019-11-07 22:33:32,997 [JUnit] INFO  ozone.HddsDatanodeService (HddsDatanodeService.java:start(186)) - HddsDatanodeService host:pr-hdds-1987-tb7ct-940245468 ip:192.168.34.6
2019-11-07 22:33:33,007 [JUnit] INFO  volume.HddsVolume (HddsVolume.java:<init>(176)) - Creating Volume: /workdir/hadoop-ozone/ozonefs/target/test-dir/MiniOzoneClusterImpl-2a4298e2-fd05-4542-aa51-7e336d4af558/datanode-2/data/containers/hdds of  storage type : DISK and capacity : 1482555576320
2019-11-07 22:33:33,008 [JUnit] INFO  volume.VolumeSet (VolumeSet.java:initializeVolumeSet(170)) - Added Volume : /workdir/hadoop-ozone/ozonefs/target/test-dir/MiniOzoneClusterImpl-2a4298e2-fd05-4542-aa51-7e336d4af558/datanode-2/data/containers/hdds to VolumeSet
2019-11-07 22:33:33,008 [JUnit] INFO  volume.ThrottledAsyncChecker (ThrottledAsyncChecker.java:schedule(141)) - Scheduling a check for /workdir/hadoop-ozone/ozonefs/target/test-dir/MiniOzoneClusterImpl-2a4298e2-fd05-4542-aa51-7e336d4af558/datanode-2/data/containers/hdds
2019-11-07 22:33:33,009 [JUnit] INFO  volume.HddsVolumeChecker (HddsVolumeChecker.java:checkAllVolumes(204)) - Scheduled health check for volume /workdir/hadoop-ozone/ozonefs/target/test-dir/MiniOzoneClusterImpl-2a4298e2-fd05-4542-aa51-7e336d4af558/datanode-2/data/containers/hdds
2019-11-07 22:33:33,018 [Datanode State Machine Thread - 0] INFO  datanode.InitDatanodeState (InitDatanodeState.java:persistContainerDatanodeDetails(140)) - DatanodeDetails is persisted to /workdir/hadoop-ozone/ozonefs/target/test-dir/MiniOzoneClusterImpl-2a4298e2-fd05-4542-aa51-7e336d4af558/datanode-0/meta/datanode.id
2019-11-07 22:33:33,023 [Datanode State Machine Thread - 0] INFO  datanode.InitDatanodeState (InitDatanodeState.java:persistContainerDatanodeDetails(140)) - DatanodeDetails is persisted to /workdir/hadoop-ozone/ozonefs/target/test-dir/MiniOzoneClusterImpl-2a4298e2-fd05-4542-aa51-7e336d4af558/datanode-1/meta/datanode.id
2019-11-07 22:33:33,036 [JUnit] INFO  impl.RaftServerProxy (ConfUtils.java:logGet(43)) - raft.rpc.type = GRPC (default)
2019-11-07 22:33:33,037 [JUnit] INFO  grpc.GrpcFactory (GrpcFactory.java:checkPooledByteBufAllocatorUseCacheForAllThreads(45)) - PERFORMANCE WARNING: useCacheForAllThreads is true that may cause Netty to create a lot garbage objects and, as a result, trigger GC.
	It is recommended to disable useCacheForAllThreads by setting -Dorg.apache.ratis.thirdparty.io.netty.allocator.useCacheForAllThreads=false in command line.
2019-11-07 22:33:33,037 [JUnit] INFO  grpc.GrpcConfigKeys$Server (ConfUtils.java:logGet(43)) - raft.grpc.server.port = 0 (default)
2019-11-07 22:33:33,037 [JUnit] INFO  server.GrpcService (ConfUtils.java:logGet(43)) - raft.grpc.message.size.max = 33570816 (custom)
2019-11-07 22:33:33,037 [JUnit] INFO  server.RaftServerConfigKeys (ConfUtils.java:logGet(43)) - raft.server.log.appender.buffer.byte-limit = 33554432 (custom)
2019-11-07 22:33:33,037 [JUnit] INFO  server.GrpcService (ConfUtils.java:logGet(43)) - raft.grpc.flow.control.window = 1MB (=1048576) (default)
2019-11-07 22:33:33,038 [JUnit] INFO  server.RaftServerConfigKeys (ConfUtils.java:logGet(43)) - raft.server.rpc.request.timeout = 3000ms (default)
2019-11-07 22:33:33,038 [JUnit] INFO  server.RaftServerConfigKeys (ConfUtils.java:logGet(43)) - raft.server.storage.dir = [/workdir/hadoop-ozone/ozonefs/target/test-dir/MiniOzoneClusterImpl-2a4298e2-fd05-4542-aa51-7e336d4af558/datanode-2/data/ratis] (custom)
2019-11-07 22:33:33,041 [JUnit] INFO  hdfs.DFSUtil (DFSUtil.java:httpServerTemplateForNNAndJN(1641)) - Starting Web-server for hddsDatanode at: http://0.0.0.0:0
2019-11-07 22:33:33,043 [JUnit] INFO  server.AuthenticationFilter (AuthenticationFilter.java:constructSecretProvider(240)) - Unable to initialize FileSignerSecretProvider, falling back to use random secrets.
2019-11-07 22:33:33,043 [JUnit] WARN  http.HttpRequestLog (HttpRequestLog.java:getRequestLog(97)) - Jetty request log can only be enabled using Log4j
2019-11-07 22:33:33,045 [JUnit] INFO  http.HttpServer2 (HttpServer2.java:addGlobalFilter(975)) - Added global filter 'safety' (class=org.apache.hadoop.http.HttpServer2$QuotingInputFilter)
2019-11-07 22:33:33,046 [JUnit] INFO  http.HttpServer2 (HttpServer2.java:addFilter(948)) - Added filter static_user_filter (class=org.apache.hadoop.http.lib.StaticUserWebFilter$StaticUserFilter) to context hddsDatanode
2019-11-07 22:33:33,046 [JUnit] INFO  http.HttpServer2 (HttpServer2.java:addFilter(958)) - Added filter static_user_filter (class=org.apache.hadoop.http.lib.StaticUserWebFilter$StaticUserFilter) to context logs
2019-11-07 22:33:33,046 [JUnit] INFO  http.HttpServer2 (HttpServer2.java:addFilter(958)) - Added filter static_user_filter (class=org.apache.hadoop.http.lib.StaticUserWebFilter$StaticUserFilter) to context static
2019-11-07 22:33:33,047 [JUnit] INFO  http.HttpServer2 (HttpServer2.java:bindListener(1191)) - Jetty bound to port 40968
2019-11-07 22:33:33,047 [JUnit] INFO  server.Server (Server.java:doStart(351)) - jetty-9.3.25.v20180904, build timestamp: 2018-09-04T21:11:46Z, git hash: 3ce520221d0240229c862b122d2b06c12a625732
2019-11-07 22:33:33,050 [JUnit] INFO  handler.ContextHandler (ContextHandler.java:doStart(781)) - Started o.e.j.s.ServletContextHandler@72f9f27c{/logs,file:///workdir/hadoop-ozone/ozonefs/target/log,AVAILABLE}
2019-11-07 22:33:33,050 [JUnit] INFO  handler.ContextHandler (ContextHandler.java:doStart(781)) - Started o.e.j.s.ServletContextHandler@762637be{/static,jar:file:/home/user/.m2/repository/org/apache/hadoop/hadoop-hdds-container-service/0.5.0-SNAPSHOT/hadoop-hdds-container-service-0.5.0-SNAPSHOT.jar!/webapps/static,AVAILABLE}
2019-11-07 22:33:33,081 [JUnit] INFO  handler.ContextHandler (ContextHandler.java:doStart(781)) - Started o.e.j.w.WebAppContext@715b886f{/,file:///tmp/jetty-0.0.0.0-40968-hddsDatanode-_-any-516957432575087754.dir/webapp/,AVAILABLE}{/hddsDatanode}
2019-11-07 22:33:33,084 [JUnit] INFO  server.AbstractConnector (AbstractConnector.java:doStart(278)) - Started ServerConnector@7fb29ca9{HTTP/1.1,[http/1.1]}{0.0.0.0:40968}
2019-11-07 22:33:33,084 [JUnit] INFO  server.Server (Server.java:doStart(419)) - Started @5366ms
2019-11-07 22:33:33,086 [JUnit] WARN  impl.MetricsSystemImpl (MetricsSystemImpl.java:register(276)) - Sink prometheus already exists!
2019-11-07 22:33:33,087 [JUnit] INFO  server.BaseHttpServer (BaseHttpServer.java:updateConnectorAddress(215)) - HTTP server of HDDSDATANODE is listening at http://0.0.0.0:40968
2019-11-07 22:33:33,088 [JUnit] INFO  impl.MetricsSystemImpl (MetricsSystemImpl.java:init(158)) - HddsDatanode metrics system started (again)
2019-11-07 22:33:33,091 [org.apache.hadoop.util.JvmPauseMonitor$Monitor@7642d313] INFO  util.JvmPauseMonitor (JvmPauseMonitor.java:run(188)) - Starting JVM pause monitor
2019-11-07 22:33:33,091 [JUnit] INFO  ozone.HddsDatanodeService (HddsDatanodeService.java:start(186)) - HddsDatanodeService host:pr-hdds-1987-tb7ct-940245468 ip:192.168.34.6
2019-11-07 22:33:33,093 [Datanode State Machine Thread - 0] INFO  datanode.InitDatanodeState (InitDatanodeState.java:persistContainerDatanodeDetails(140)) - DatanodeDetails is persisted to /workdir/hadoop-ozone/ozonefs/target/test-dir/MiniOzoneClusterImpl-2a4298e2-fd05-4542-aa51-7e336d4af558/datanode-2/meta/datanode.id
2019-11-07 22:33:33,099 [JUnit] INFO  volume.HddsVolume (HddsVolume.java:<init>(176)) - Creating Volume: /workdir/hadoop-ozone/ozonefs/target/test-dir/MiniOzoneClusterImpl-2a4298e2-fd05-4542-aa51-7e336d4af558/datanode-3/data/containers/hdds of  storage type : DISK and capacity : 1482555576320
2019-11-07 22:33:33,100 [JUnit] INFO  volume.VolumeSet (VolumeSet.java:initializeVolumeSet(170)) - Added Volume : /workdir/hadoop-ozone/ozonefs/target/test-dir/MiniOzoneClusterImpl-2a4298e2-fd05-4542-aa51-7e336d4af558/datanode-3/data/containers/hdds to VolumeSet
2019-11-07 22:33:33,100 [JUnit] INFO  volume.ThrottledAsyncChecker (ThrottledAsyncChecker.java:schedule(141)) - Scheduling a check for /workdir/hadoop-ozone/ozonefs/target/test-dir/MiniOzoneClusterImpl-2a4298e2-fd05-4542-aa51-7e336d4af558/datanode-3/data/containers/hdds
2019-11-07 22:33:33,100 [JUnit] INFO  volume.HddsVolumeChecker (HddsVolumeChecker.java:checkAllVolumes(204)) - Scheduled health check for volume /workdir/hadoop-ozone/ozonefs/target/test-dir/MiniOzoneClusterImpl-2a4298e2-fd05-4542-aa51-7e336d4af558/datanode-3/data/containers/hdds
2019-11-07 22:33:33,121 [JUnit] INFO  impl.RaftServerProxy (ConfUtils.java:logGet(43)) - raft.rpc.type = GRPC (default)
2019-11-07 22:33:33,121 [JUnit] INFO  grpc.GrpcFactory (GrpcFactory.java:checkPooledByteBufAllocatorUseCacheForAllThreads(45)) - PERFORMANCE WARNING: useCacheForAllThreads is true that may cause Netty to create a lot garbage objects and, as a result, trigger GC.
	It is recommended to disable useCacheForAllThreads by setting -Dorg.apache.ratis.thirdparty.io.netty.allocator.useCacheForAllThreads=false in command line.
2019-11-07 22:33:33,121 [JUnit] INFO  grpc.GrpcConfigKeys$Server (ConfUtils.java:logGet(43)) - raft.grpc.server.port = 0 (default)
2019-11-07 22:33:33,122 [JUnit] INFO  server.GrpcService (ConfUtils.java:logGet(43)) - raft.grpc.message.size.max = 33570816 (custom)
2019-11-07 22:33:33,122 [JUnit] INFO  server.RaftServerConfigKeys (ConfUtils.java:logGet(43)) - raft.server.log.appender.buffer.byte-limit = 33554432 (custom)
2019-11-07 22:33:33,122 [JUnit] INFO  server.GrpcService (ConfUtils.java:logGet(43)) - raft.grpc.flow.control.window = 1MB (=1048576) (default)
2019-11-07 22:33:33,122 [JUnit] INFO  server.RaftServerConfigKeys (ConfUtils.java:logGet(43)) - raft.server.rpc.request.timeout = 3000ms (default)
2019-11-07 22:33:33,123 [JUnit] INFO  server.RaftServerConfigKeys (ConfUtils.java:logGet(43)) - raft.server.storage.dir = [/workdir/hadoop-ozone/ozonefs/target/test-dir/MiniOzoneClusterImpl-2a4298e2-fd05-4542-aa51-7e336d4af558/datanode-3/data/ratis] (custom)
2019-11-07 22:33:33,125 [JUnit] INFO  hdfs.DFSUtil (DFSUtil.java:httpServerTemplateForNNAndJN(1641)) - Starting Web-server for hddsDatanode at: http://0.0.0.0:0
2019-11-07 22:33:33,126 [JUnit] INFO  server.AuthenticationFilter (AuthenticationFilter.java:constructSecretProvider(240)) - Unable to initialize FileSignerSecretProvider, falling back to use random secrets.
2019-11-07 22:33:33,127 [JUnit] WARN  http.HttpRequestLog (HttpRequestLog.java:getRequestLog(97)) - Jetty request log can only be enabled using Log4j
2019-11-07 22:33:33,129 [JUnit] INFO  http.HttpServer2 (HttpServer2.java:addGlobalFilter(975)) - Added global filter 'safety' (class=org.apache.hadoop.http.HttpServer2$QuotingInputFilter)
2019-11-07 22:33:33,130 [JUnit] INFO  http.HttpServer2 (HttpServer2.java:addFilter(948)) - Added filter static_user_filter (class=org.apache.hadoop.http.lib.StaticUserWebFilter$StaticUserFilter) to context hddsDatanode
2019-11-07 22:33:33,130 [JUnit] INFO  http.HttpServer2 (HttpServer2.java:addFilter(958)) - Added filter static_user_filter (class=org.apache.hadoop.http.lib.StaticUserWebFilter$StaticUserFilter) to context static
2019-11-07 22:33:33,130 [JUnit] INFO  http.HttpServer2 (HttpServer2.java:addFilter(958)) - Added filter static_user_filter (class=org.apache.hadoop.http.lib.StaticUserWebFilter$StaticUserFilter) to context logs
2019-11-07 22:33:33,131 [JUnit] INFO  http.HttpServer2 (HttpServer2.java:bindListener(1191)) - Jetty bound to port 45796
2019-11-07 22:33:33,131 [JUnit] INFO  server.Server (Server.java:doStart(351)) - jetty-9.3.25.v20180904, build timestamp: 2018-09-04T21:11:46Z, git hash: 3ce520221d0240229c862b122d2b06c12a625732
2019-11-07 22:33:33,135 [JUnit] INFO  handler.ContextHandler (ContextHandler.java:doStart(781)) - Started o.e.j.s.ServletContextHandler@44cffc25{/logs,file:///workdir/hadoop-ozone/ozonefs/target/log,AVAILABLE}
2019-11-07 22:33:33,135 [JUnit] INFO  handler.ContextHandler (ContextHandler.java:doStart(781)) - Started o.e.j.s.ServletContextHandler@25aeb5ac{/static,jar:file:/home/user/.m2/repository/org/apache/hadoop/hadoop-hdds-container-service/0.5.0-SNAPSHOT/hadoop-hdds-container-service-0.5.0-SNAPSHOT.jar!/webapps/static,AVAILABLE}
2019-11-07 22:33:33,164 [JUnit] INFO  handler.ContextHandler (ContextHandler.java:doStart(781)) - Started o.e.j.w.WebAppContext@127a7272{/,file:///tmp/jetty-0.0.0.0-45796-hddsDatanode-_-any-9141562569324066021.dir/webapp/,AVAILABLE}{/hddsDatanode}
2019-11-07 22:33:33,165 [JUnit] INFO  server.AbstractConnector (AbstractConnector.java:doStart(278)) - Started ServerConnector@ff23ae7{HTTP/1.1,[http/1.1]}{0.0.0.0:45796}
2019-11-07 22:33:33,167 [JUnit] INFO  server.Server (Server.java:doStart(419)) - Started @5448ms
2019-11-07 22:33:33,167 [JUnit] WARN  impl.MetricsSystemImpl (MetricsSystemImpl.java:register(276)) - Sink prometheus already exists!
2019-11-07 22:33:33,171 [JUnit] INFO  server.BaseHttpServer (BaseHttpServer.java:updateConnectorAddress(215)) - HTTP server of HDDSDATANODE is listening at http://0.0.0.0:45796
2019-11-07 22:33:33,172 [JUnit] INFO  impl.MetricsSystemImpl (MetricsSystemImpl.java:init(158)) - HddsDatanode metrics system started (again)
2019-11-07 22:33:33,175 [org.apache.hadoop.util.JvmPauseMonitor$Monitor@4b9f9390] INFO  util.JvmPauseMonitor (JvmPauseMonitor.java:run(188)) - Starting JVM pause monitor
2019-11-07 22:33:33,175 [JUnit] INFO  ozone.HddsDatanodeService (HddsDatanodeService.java:start(186)) - HddsDatanodeService host:pr-hdds-1987-tb7ct-940245468 ip:192.168.34.6
2019-11-07 22:33:33,178 [Datanode State Machine Thread - 0] INFO  datanode.InitDatanodeState (InitDatanodeState.java:persistContainerDatanodeDetails(140)) - DatanodeDetails is persisted to /workdir/hadoop-ozone/ozonefs/target/test-dir/MiniOzoneClusterImpl-2a4298e2-fd05-4542-aa51-7e336d4af558/datanode-3/meta/datanode.id
2019-11-07 22:33:33,184 [JUnit] INFO  volume.HddsVolume (HddsVolume.java:<init>(176)) - Creating Volume: /workdir/hadoop-ozone/ozonefs/target/test-dir/MiniOzoneClusterImpl-2a4298e2-fd05-4542-aa51-7e336d4af558/datanode-4/data/containers/hdds of  storage type : DISK and capacity : 1482555576320
2019-11-07 22:33:33,184 [JUnit] INFO  volume.VolumeSet (VolumeSet.java:initializeVolumeSet(170)) - Added Volume : /workdir/hadoop-ozone/ozonefs/target/test-dir/MiniOzoneClusterImpl-2a4298e2-fd05-4542-aa51-7e336d4af558/datanode-4/data/containers/hdds to VolumeSet
2019-11-07 22:33:33,185 [JUnit] INFO  volume.ThrottledAsyncChecker (ThrottledAsyncChecker.java:schedule(141)) - Scheduling a check for /workdir/hadoop-ozone/ozonefs/target/test-dir/MiniOzoneClusterImpl-2a4298e2-fd05-4542-aa51-7e336d4af558/datanode-4/data/containers/hdds
2019-11-07 22:33:33,185 [JUnit] INFO  volume.HddsVolumeChecker (HddsVolumeChecker.java:checkAllVolumes(204)) - Scheduled health check for volume /workdir/hadoop-ozone/ozonefs/target/test-dir/MiniOzoneClusterImpl-2a4298e2-fd05-4542-aa51-7e336d4af558/datanode-4/data/containers/hdds
2019-11-07 22:33:33,213 [JUnit] INFO  impl.RaftServerProxy (ConfUtils.java:logGet(43)) - raft.rpc.type = GRPC (default)
2019-11-07 22:33:33,214 [JUnit] INFO  grpc.GrpcFactory (GrpcFactory.java:checkPooledByteBufAllocatorUseCacheForAllThreads(45)) - PERFORMANCE WARNING: useCacheForAllThreads is true that may cause Netty to create a lot garbage objects and, as a result, trigger GC.
	It is recommended to disable useCacheForAllThreads by setting -Dorg.apache.ratis.thirdparty.io.netty.allocator.useCacheForAllThreads=false in command line.
2019-11-07 22:33:33,214 [JUnit] INFO  grpc.GrpcConfigKeys$Server (ConfUtils.java:logGet(43)) - raft.grpc.server.port = 0 (default)
2019-11-07 22:33:33,214 [JUnit] INFO  server.GrpcService (ConfUtils.java:logGet(43)) - raft.grpc.message.size.max = 33570816 (custom)
2019-11-07 22:33:33,214 [JUnit] INFO  server.RaftServerConfigKeys (ConfUtils.java:logGet(43)) - raft.server.log.appender.buffer.byte-limit = 33554432 (custom)
2019-11-07 22:33:33,214 [JUnit] INFO  server.GrpcService (ConfUtils.java:logGet(43)) - raft.grpc.flow.control.window = 1MB (=1048576) (default)
2019-11-07 22:33:33,215 [JUnit] INFO  server.RaftServerConfigKeys (ConfUtils.java:logGet(43)) - raft.server.rpc.request.timeout = 3000ms (default)
2019-11-07 22:33:33,215 [JUnit] INFO  server.RaftServerConfigKeys (ConfUtils.java:logGet(43)) - raft.server.storage.dir = [/workdir/hadoop-ozone/ozonefs/target/test-dir/MiniOzoneClusterImpl-2a4298e2-fd05-4542-aa51-7e336d4af558/datanode-4/data/ratis] (custom)
2019-11-07 22:33:33,217 [JUnit] INFO  hdfs.DFSUtil (DFSUtil.java:httpServerTemplateForNNAndJN(1641)) - Starting Web-server for hddsDatanode at: http://0.0.0.0:0
2019-11-07 22:33:33,219 [JUnit] INFO  server.AuthenticationFilter (AuthenticationFilter.java:constructSecretProvider(240)) - Unable to initialize FileSignerSecretProvider, falling back to use random secrets.
2019-11-07 22:33:33,220 [JUnit] WARN  http.HttpRequestLog (HttpRequestLog.java:getRequestLog(97)) - Jetty request log can only be enabled using Log4j
2019-11-07 22:33:33,222 [JUnit] INFO  http.HttpServer2 (HttpServer2.java:addGlobalFilter(975)) - Added global filter 'safety' (class=org.apache.hadoop.http.HttpServer2$QuotingInputFilter)
2019-11-07 22:33:33,223 [JUnit] INFO  http.HttpServer2 (HttpServer2.java:addFilter(948)) - Added filter static_user_filter (class=org.apache.hadoop.http.lib.StaticUserWebFilter$StaticUserFilter) to context hddsDatanode
2019-11-07 22:33:33,223 [JUnit] INFO  http.HttpServer2 (HttpServer2.java:addFilter(958)) - Added filter static_user_filter (class=org.apache.hadoop.http.lib.StaticUserWebFilter$StaticUserFilter) to context static
2019-11-07 22:33:33,223 [JUnit] INFO  http.HttpServer2 (HttpServer2.java:addFilter(958)) - Added filter static_user_filter (class=org.apache.hadoop.http.lib.StaticUserWebFilter$StaticUserFilter) to context logs
2019-11-07 22:33:33,224 [JUnit] INFO  http.HttpServer2 (HttpServer2.java:bindListener(1191)) - Jetty bound to port 38072
2019-11-07 22:33:33,224 [JUnit] INFO  server.Server (Server.java:doStart(351)) - jetty-9.3.25.v20180904, build timestamp: 2018-09-04T21:11:46Z, git hash: 3ce520221d0240229c862b122d2b06c12a625732
2019-11-07 22:33:33,226 [JUnit] INFO  handler.ContextHandler (ContextHandler.java:doStart(781)) - Started o.e.j.s.ServletContextHandler@26586b74{/logs,file:///workdir/hadoop-ozone/ozonefs/target/log,AVAILABLE}
2019-11-07 22:33:33,226 [JUnit] INFO  handler.ContextHandler (ContextHandler.java:doStart(781)) - Started o.e.j.s.ServletContextHandler@6e041285{/static,jar:file:/home/user/.m2/repository/org/apache/hadoop/hadoop-hdds-container-service/0.5.0-SNAPSHOT/hadoop-hdds-container-service-0.5.0-SNAPSHOT.jar!/webapps/static,AVAILABLE}
2019-11-07 22:33:33,255 [JUnit] INFO  handler.ContextHandler (ContextHandler.java:doStart(781)) - Started o.e.j.w.WebAppContext@363c4251{/,file:///tmp/jetty-0.0.0.0-38072-hddsDatanode-_-any-1942129593027517691.dir/webapp/,AVAILABLE}{/hddsDatanode}
2019-11-07 22:33:33,256 [JUnit] INFO  server.AbstractConnector (AbstractConnector.java:doStart(278)) - Started ServerConnector@7afc4db9{HTTP/1.1,[http/1.1]}{0.0.0.0:38072}
2019-11-07 22:33:33,257 [JUnit] INFO  server.Server (Server.java:doStart(419)) - Started @5539ms
2019-11-07 22:33:33,257 [JUnit] WARN  impl.MetricsSystemImpl (MetricsSystemImpl.java:register(276)) - Sink prometheus already exists!
2019-11-07 22:33:33,258 [JUnit] INFO  server.BaseHttpServer (BaseHttpServer.java:updateConnectorAddress(215)) - HTTP server of HDDSDATANODE is listening at http://0.0.0.0:38072
2019-11-07 22:33:33,259 [JUnit] INFO  ozone.MiniOzoneClusterImpl (MiniOzoneClusterImpl.java:lambda$waitForClusterToBeReady$0(147)) - Waiting for cluster to be ready. Got 0 of 5 DN Heartbeats.
2019-11-07 22:33:33,261 [org.apache.hadoop.util.JvmPauseMonitor$Monitor@af63b25] INFO  util.JvmPauseMonitor (JvmPauseMonitor.java:run(188)) - Starting JVM pause monitor
2019-11-07 22:33:33,264 [Datanode State Machine Thread - 0] INFO  datanode.InitDatanodeState (InitDatanodeState.java:persistContainerDatanodeDetails(140)) - DatanodeDetails is persisted to /workdir/hadoop-ozone/ozonefs/target/test-dir/MiniOzoneClusterImpl-2a4298e2-fd05-4542-aa51-7e336d4af558/datanode-4/meta/datanode.id
2019-11-07 22:33:34,260 [JUnit] INFO  ozone.MiniOzoneClusterImpl (MiniOzoneClusterImpl.java:lambda$waitForClusterToBeReady$0(147)) - Waiting for cluster to be ready. Got 0 of 5 DN Heartbeats.
2019-11-07 22:33:34,972 [Datanode State Machine Thread - 0] INFO  ozoneimpl.OzoneContainer (OzoneContainer.java:start(218)) - Attempting to start container services.
2019-11-07 22:33:34,977 [Datanode State Machine Thread - 0] INFO  ozoneimpl.OzoneContainer (OzoneContainer.java:startContainerScrub(182)) - Background container scanner has been disabled.
2019-11-07 22:33:34,977 [Datanode State Machine Thread - 0] INFO  ratis.XceiverServerRatis (XceiverServerRatis.java:start(414)) - Starting XceiverServerRatis e962ad73-8df2-442a-a6aa-e432c4b367fb at port 0
2019-11-07 22:33:35,008 [Datanode State Machine Thread - 0] INFO  impl.RaftServerProxy (RaftServerProxy.java:lambda$start$3(299)) - e962ad73-8df2-442a-a6aa-e432c4b367fb: start RPC server
2019-11-07 22:33:35,016 [Datanode State Machine Thread - 0] INFO  ozoneimpl.OzoneContainer (OzoneContainer.java:start(218)) - Attempting to start container services.
2019-11-07 22:33:35,021 [Datanode State Machine Thread - 0] INFO  ozoneimpl.OzoneContainer (OzoneContainer.java:startContainerScrub(182)) - Background container scanner has been disabled.
2019-11-07 22:33:35,021 [Datanode State Machine Thread - 0] INFO  ratis.XceiverServerRatis (XceiverServerRatis.java:start(414)) - Starting XceiverServerRatis 99b133fa-ba4f-43b6-9c82-920224391335 at port 0
2019-11-07 22:33:35,033 [Datanode State Machine Thread - 0] INFO  impl.RaftServerProxy (RaftServerProxy.java:lambda$start$3(299)) - 99b133fa-ba4f-43b6-9c82-920224391335: start RPC server
2019-11-07 22:33:35,108 [Datanode State Machine Thread - 0] INFO  ozoneimpl.OzoneContainer (OzoneContainer.java:start(218)) - Attempting to start container services.
2019-11-07 22:33:35,110 [Datanode State Machine Thread - 0] INFO  ozoneimpl.OzoneContainer (OzoneContainer.java:startContainerScrub(182)) - Background container scanner has been disabled.
2019-11-07 22:33:35,110 [Datanode State Machine Thread - 0] INFO  ratis.XceiverServerRatis (XceiverServerRatis.java:start(414)) - Starting XceiverServerRatis 39a6f320-a9ff-4307-afce-0adc9d612cb3 at port 0
2019-11-07 22:33:35,122 [Datanode State Machine Thread - 0] INFO  impl.RaftServerProxy (RaftServerProxy.java:lambda$start$3(299)) - 39a6f320-a9ff-4307-afce-0adc9d612cb3: start RPC server
2019-11-07 22:33:35,163 [Datanode State Machine Thread - 0] INFO  server.GrpcService (GrpcService.java:startImpl(158)) - e962ad73-8df2-442a-a6aa-e432c4b367fb: GrpcService started, listening on 0.0.0.0/0.0.0.0:45916
2019-11-07 22:33:35,163 [Datanode State Machine Thread - 0] INFO  server.GrpcService (GrpcService.java:startImpl(158)) - 99b133fa-ba4f-43b6-9c82-920224391335: GrpcService started, listening on 0.0.0.0/0.0.0.0:36956
2019-11-07 22:33:35,163 [Datanode State Machine Thread - 0] INFO  server.GrpcService (GrpcService.java:startImpl(158)) - 39a6f320-a9ff-4307-afce-0adc9d612cb3: GrpcService started, listening on 0.0.0.0/0.0.0.0:43742
2019-11-07 22:33:35,164 [Datanode State Machine Thread - 0] INFO  ratis.XceiverServerRatis (XceiverServerRatis.java:start(424)) - XceiverServerRatis 99b133fa-ba4f-43b6-9c82-920224391335 is started using port 36956
2019-11-07 22:33:35,164 [Datanode State Machine Thread - 0] INFO  ratis.XceiverServerRatis (XceiverServerRatis.java:start(424)) - XceiverServerRatis e962ad73-8df2-442a-a6aa-e432c4b367fb is started using port 45916
2019-11-07 22:33:35,164 [Datanode State Machine Thread - 0] INFO  ratis.XceiverServerRatis (XceiverServerRatis.java:start(424)) - XceiverServerRatis 39a6f320-a9ff-4307-afce-0adc9d612cb3 is started using port 43742
2019-11-07 22:33:35,170 [Datanode State Machine Thread - 0] INFO  server.XceiverServerGrpc (XceiverServerGrpc.java:start(145)) - XceiverServerGrpc e962ad73-8df2-442a-a6aa-e432c4b367fb is started using port 43444
2019-11-07 22:33:35,170 [Datanode State Machine Thread - 0] INFO  server.XceiverServerGrpc (XceiverServerGrpc.java:start(145)) - XceiverServerGrpc 39a6f320-a9ff-4307-afce-0adc9d612cb3 is started using port 42410
2019-11-07 22:33:35,170 [Datanode State Machine Thread - 0] INFO  server.XceiverServerGrpc (XceiverServerGrpc.java:start(145)) - XceiverServerGrpc 99b133fa-ba4f-43b6-9c82-920224391335 is started using port 37090
2019-11-07 22:33:35,193 [Datanode State Machine Thread - 0] INFO  ozoneimpl.OzoneContainer (OzoneContainer.java:start(218)) - Attempting to start container services.
2019-11-07 22:33:35,194 [Datanode State Machine Thread - 0] INFO  ozoneimpl.OzoneContainer (OzoneContainer.java:startContainerScrub(182)) - Background container scanner has been disabled.
2019-11-07 22:33:35,194 [Datanode State Machine Thread - 0] INFO  ratis.XceiverServerRatis (XceiverServerRatis.java:start(414)) - Starting XceiverServerRatis 3a1ffc96-4896-44dd-8f7e-17f5b56e0b33 at port 0
2019-11-07 22:33:35,200 [Datanode State Machine Thread - 0] INFO  impl.RaftServerProxy (RaftServerProxy.java:lambda$start$3(299)) - 3a1ffc96-4896-44dd-8f7e-17f5b56e0b33: start RPC server
2019-11-07 22:33:35,203 [Datanode State Machine Thread - 0] INFO  server.GrpcService (GrpcService.java:startImpl(158)) - 3a1ffc96-4896-44dd-8f7e-17f5b56e0b33: GrpcService started, listening on 0.0.0.0/0.0.0.0:46493
2019-11-07 22:33:35,203 [Datanode State Machine Thread - 0] INFO  ratis.XceiverServerRatis (XceiverServerRatis.java:start(424)) - XceiverServerRatis 3a1ffc96-4896-44dd-8f7e-17f5b56e0b33 is started using port 46493
2019-11-07 22:33:35,205 [Datanode State Machine Thread - 0] INFO  server.XceiverServerGrpc (XceiverServerGrpc.java:start(145)) - XceiverServerGrpc 3a1ffc96-4896-44dd-8f7e-17f5b56e0b33 is started using port 37493
2019-11-07 22:33:35,260 [JUnit] INFO  ozone.MiniOzoneClusterImpl (MiniOzoneClusterImpl.java:lambda$waitForClusterToBeReady$0(147)) - Waiting for cluster to be ready. Got 0 of 5 DN Heartbeats.
2019-11-07 22:33:35,270 [Datanode State Machine Thread - 0] INFO  ozoneimpl.OzoneContainer (OzoneContainer.java:start(218)) - Attempting to start container services.
2019-11-07 22:33:35,274 [Datanode State Machine Thread - 0] INFO  ozoneimpl.OzoneContainer (OzoneContainer.java:startContainerScrub(182)) - Background container scanner has been disabled.
2019-11-07 22:33:35,274 [Datanode State Machine Thread - 0] INFO  ratis.XceiverServerRatis (XceiverServerRatis.java:start(414)) - Starting XceiverServerRatis 2af07712-d089-4799-a55f-17d31907430e at port 0
2019-11-07 22:33:35,282 [Datanode State Machine Thread - 0] INFO  impl.RaftServerProxy (RaftServerProxy.java:lambda$start$3(299)) - 2af07712-d089-4799-a55f-17d31907430e: start RPC server
2019-11-07 22:33:35,285 [Datanode State Machine Thread - 0] INFO  server.GrpcService (GrpcService.java:startImpl(158)) - 2af07712-d089-4799-a55f-17d31907430e: GrpcService started, listening on 0.0.0.0/0.0.0.0:36628
2019-11-07 22:33:35,285 [Datanode State Machine Thread - 0] INFO  ratis.XceiverServerRatis (XceiverServerRatis.java:start(424)) - XceiverServerRatis 2af07712-d089-4799-a55f-17d31907430e is started using port 36628
2019-11-07 22:33:35,287 [Datanode State Machine Thread - 0] INFO  server.XceiverServerGrpc (XceiverServerGrpc.java:start(145)) - XceiverServerGrpc 2af07712-d089-4799-a55f-17d31907430e is started using port 45175
2019-11-07 22:33:36,261 [JUnit] INFO  ozone.MiniOzoneClusterImpl (MiniOzoneClusterImpl.java:lambda$waitForClusterToBeReady$0(147)) - Waiting for cluster to be ready. Got 0 of 5 DN Heartbeats.
2019-11-07 22:33:36,925 [IPC Server handler 0 on 40120] INFO  net.NetworkTopology (NetworkTopologyImpl.java:add(111)) - Added a new node: /default-rack/e962ad73-8df2-442a-a6aa-e432c4b367fb
2019-11-07 22:33:36,925 [IPC Server handler 0 on 40120] INFO  node.SCMNodeManager (SCMNodeManager.java:register(267)) - Registered Data node : e962ad73-8df2-442a-a6aa-e432c4b367fb{ip: 192.168.34.6, host: pr-hdds-1987-tb7ct-940245468, networkLocation: /default-rack, certSerialId: null}
2019-11-07 22:33:36,929 [EventQueue-NodeRegistrationContainerReportForDataNodeSafeModeRule] INFO  safemode.SCMSafeModeManager (DataNodeSafeModeRule.java:process(71)) - SCM in safe mode. 1 DataNodes registered, 1 required.
2019-11-07 22:33:36,929 [EventQueue-NodeRegistrationContainerReportForContainerSafeModeRule] INFO  safemode.SCMSafeModeManager (SCMSafeModeManager.java:validateSafeModeExitRules(177)) - ScmSafeModeManager, all rules are successfully validated
2019-11-07 22:33:36,929 [EventQueue-NodeRegistrationContainerReportForContainerSafeModeRule] INFO  safemode.SCMSafeModeManager (SCMSafeModeManager.java:exitSafeMode(193)) - SCM exiting safe mode.
2019-11-07 22:33:37,000 [IPC Server handler 1 on 40120] INFO  net.NetworkTopology (NetworkTopologyImpl.java:add(111)) - Added a new node: /default-rack/99b133fa-ba4f-43b6-9c82-920224391335
2019-11-07 22:33:37,001 [IPC Server handler 1 on 40120] INFO  node.SCMNodeManager (SCMNodeManager.java:register(267)) - Registered Data node : 99b133fa-ba4f-43b6-9c82-920224391335{ip: 192.168.34.6, host: pr-hdds-1987-tb7ct-940245468, networkLocation: /default-rack, certSerialId: null}
2019-11-07 22:33:37,099 [IPC Server handler 3 on 40120] INFO  net.NetworkTopology (NetworkTopologyImpl.java:add(111)) - Added a new node: /default-rack/39a6f320-a9ff-4307-afce-0adc9d612cb3
2019-11-07 22:33:37,099 [IPC Server handler 3 on 40120] INFO  node.SCMNodeManager (SCMNodeManager.java:register(267)) - Registered Data node : 39a6f320-a9ff-4307-afce-0adc9d612cb3{ip: 192.168.34.6, host: pr-hdds-1987-tb7ct-940245468, networkLocation: /default-rack, certSerialId: null}
2019-11-07 22:33:37,180 [IPC Server handler 4 on 40120] INFO  net.NetworkTopology (NetworkTopologyImpl.java:add(111)) - Added a new node: /default-rack/3a1ffc96-4896-44dd-8f7e-17f5b56e0b33
2019-11-07 22:33:37,180 [IPC Server handler 4 on 40120] INFO  node.SCMNodeManager (SCMNodeManager.java:register(267)) - Registered Data node : 3a1ffc96-4896-44dd-8f7e-17f5b56e0b33{ip: 192.168.34.6, host: pr-hdds-1987-tb7ct-940245468, networkLocation: /default-rack, certSerialId: null}
2019-11-07 22:33:37,263 [JUnit] INFO  ozone.MiniOzoneClusterImpl (MiniOzoneClusterImpl.java:lambda$waitForClusterToBeReady$0(147)) - Waiting for cluster to be ready. Got 4 of 5 DN Heartbeats.
2019-11-07 22:33:37,264 [IPC Server handler 5 on 40120] INFO  net.NetworkTopology (NetworkTopologyImpl.java:add(111)) - Added a new node: /default-rack/2af07712-d089-4799-a55f-17d31907430e
2019-11-07 22:33:37,264 [IPC Server handler 5 on 40120] INFO  node.SCMNodeManager (SCMNodeManager.java:register(267)) - Registered Data node : 2af07712-d089-4799-a55f-17d31907430e{ip: 192.168.34.6, host: pr-hdds-1987-tb7ct-940245468, networkLocation: /default-rack, certSerialId: null}
2019-11-07 22:33:37,531 [grpc-default-executor-0] INFO  impl.RaftServerProxy (RaftServerProxy.java:addNew(89)) - e962ad73-8df2-442a-a6aa-e432c4b367fb: addNew group-E26BF42E228A:[e962ad73-8df2-442a-a6aa-e432c4b367fb:192.168.34.6:45916] returns group-E26BF42E228A:java.util.concurrent.CompletableFuture@66088061[Not completed]
2019-11-07 22:33:37,555 [pool-27-thread-1] INFO  impl.RaftServerImpl (RaftServerImpl.java:<init>(98)) - e962ad73-8df2-442a-a6aa-e432c4b367fb: new RaftServerImpl for group-E26BF42E228A:[e962ad73-8df2-442a-a6aa-e432c4b367fb:192.168.34.6:45916] with ContainerStateMachine:uninitialized
2019-11-07 22:33:37,557 [pool-27-thread-1] INFO  server.RaftServerConfigKeys (ConfUtils.java:logGet(43)) - raft.server.rpc.timeout.min = 5s (custom)
2019-11-07 22:33:37,558 [pool-27-thread-1] INFO  server.RaftServerConfigKeys (ConfUtils.java:logGet(43)) - raft.server.rpc.timeout.max = 5200ms (custom)
2019-11-07 22:33:37,559 [pool-27-thread-1] INFO  server.RaftServerConfigKeys (ConfUtils.java:logGet(43)) - raft.server.rpcslowness.timeout = 120s (custom)
2019-11-07 22:33:37,559 [pool-27-thread-1] INFO  server.RaftServerConfigKeys (ConfUtils.java:logGet(43)) - raft.server.sleep.deviation.threshold = 300 (default)
2019-11-07 22:33:37,560 [pool-27-thread-1] INFO  server.RaftServerConfigKeys (ConfUtils.java:logGet(43)) - raft.server.log.appender.install.snapshot.enabled = false (custom)
2019-11-07 22:33:37,572 [pool-27-thread-1] INFO  impl.RaftServerImpl (ServerState.java:<init>(103)) - e962ad73-8df2-442a-a6aa-e432c4b367fb@group-E26BF42E228A: ConfigurationManager, init=-1: [e962ad73-8df2-442a-a6aa-e432c4b367fb:192.168.34.6:45916], old=null, confs=<EMPTY_MAP>
2019-11-07 22:33:37,572 [pool-27-thread-1] INFO  server.RaftServerConfigKeys (ConfUtils.java:logGet(43)) - raft.server.storage.dir = [/workdir/hadoop-ozone/ozonefs/target/test-dir/MiniOzoneClusterImpl-2a4298e2-fd05-4542-aa51-7e336d4af558/datanode-0/data/ratis] (custom)
2019-11-07 22:33:37,581 [pool-27-thread-1] INFO  server.RaftServerConfigKeys (ConfUtils.java:logGet(43)) - raft.server.log.corruption.policy = EXCEPTION (default)
2019-11-07 22:33:37,584 [pool-27-thread-1] INFO  storage.RaftStorageDirectory (RaftStorageDirectory.java:analyzeStorage(246)) - The storage directory /workdir/hadoop-ozone/ozonefs/target/test-dir/MiniOzoneClusterImpl-2a4298e2-fd05-4542-aa51-7e336d4af558/datanode-0/data/ratis/9439bb7e-2f04-49b2-ad25-e26bf42e228a does not exist. Creating ...
2019-11-07 22:33:37,604 [pool-27-thread-1] INFO  storage.RaftStorageDirectory (RaftStorageDirectory.java:tryLock(328)) - Lock on /workdir/hadoop-ozone/ozonefs/target/test-dir/MiniOzoneClusterImpl-2a4298e2-fd05-4542-aa51-7e336d4af558/datanode-0/data/ratis/9439bb7e-2f04-49b2-ad25-e26bf42e228a/in_use.lock acquired by nodename 19624@pr-hdds-1987-tb7ct-940245468
2019-11-07 22:33:37,609 [pool-27-thread-1] INFO  storage.RaftStorage (RaftStorage.java:format(84)) - Storage directory /workdir/hadoop-ozone/ozonefs/target/test-dir/MiniOzoneClusterImpl-2a4298e2-fd05-4542-aa51-7e336d4af558/datanode-0/data/ratis/9439bb7e-2f04-49b2-ad25-e26bf42e228a has been successfully formatted.
2019-11-07 22:33:37,613 [pool-27-thread-1] INFO  ratis.ContainerStateMachine (ContainerStateMachine.java:loadSnapshot(221)) - group-E26BF42E228A: The snapshot info is null. Setting the last applied indexto:(t:0, i:~)
2019-11-07 22:33:37,613 [pool-27-thread-1] INFO  server.RaftServerConfigKeys (ConfUtils.java:logGet(43)) - raft.server.notification.no-leader.timeout = 120s (custom)
2019-11-07 22:33:37,616 [pool-27-thread-1] INFO  server.RaftServerConfigKeys (ConfUtils.java:logGet(43)) - raft.server.log.use.memory = false (default)
2019-11-07 22:33:37,622 [pool-27-thread-1] INFO  server.RaftServerConfigKeys (ConfUtils.java:logGet(43)) - raft.server.log.purge.gap = 1000000 (custom)
2019-11-07 22:33:37,622 [pool-27-thread-1] INFO  server.RaftServerConfigKeys (ConfUtils.java:logGet(43)) - raft.server.log.appender.buffer.byte-limit = 33554432 (custom)
2019-11-07 22:33:37,625 [pool-27-thread-1] INFO  server.RaftServerConfigKeys (ConfUtils.java:logGet(43)) - raft.server.log.segment.size.max = 1048576 (custom)
2019-11-07 22:33:37,633 [pool-27-thread-1] INFO  metrics.MetricRegistries (MetricRegistriesLoader.java:load(64)) - Loaded MetricRegistries class org.apache.ratis.metrics.impl.MetricRegistriesImpl
2019-11-07 22:33:37,637 [pool-27-thread-1] WARN  impl.MetricRegistriesImpl (MetricRegistriesImpl.java:lambda$create$1(61)) - First MetricRegistry has been created without registering reporters. You may need to call MetricRegistries.global().addReportRegistration(...) before.
2019-11-07 22:33:37,645 [pool-27-thread-1] INFO  server.RaftServerConfigKeys (ConfUtils.java:logGet(43)) - raft.server.log.segment.cache.num.max = 2 (custom)
2019-11-07 22:33:37,651 [pool-27-thread-1] INFO  segmented.SegmentedRaftLogWorker (SegmentedRaftLogWorker.java:<init>(173)) - new e962ad73-8df2-442a-a6aa-e432c4b367fb@group-E26BF42E228A-SegmentedRaftLogWorker for RaftStorage:Storage Directory /workdir/hadoop-ozone/ozonefs/target/test-dir/MiniOzoneClusterImpl-2a4298e2-fd05-4542-aa51-7e336d4af558/datanode-0/data/ratis/9439bb7e-2f04-49b2-ad25-e26bf42e228a
2019-11-07 22:33:37,652 [pool-27-thread-1] INFO  server.RaftServerConfigKeys (ConfUtils.java:logGet(43)) - raft.server.log.queue.byte-limit = 2147483647 (custom)
2019-11-07 22:33:37,653 [pool-27-thread-1] INFO  server.RaftServerConfigKeys (ConfUtils.java:logGet(43)) - raft.server.log.queue.element-limit = 1024 (custom)
2019-11-07 22:33:37,655 [pool-27-thread-1] INFO  server.RaftServerConfigKeys (ConfUtils.java:logGet(43)) - raft.server.log.segment.size.max = 1048576 (custom)
2019-11-07 22:33:37,655 [pool-27-thread-1] INFO  server.RaftServerConfigKeys (ConfUtils.java:logGet(43)) - raft.server.log.preallocated.size = 16384 (custom)
2019-11-07 22:33:37,656 [pool-27-thread-1] INFO  server.RaftServerConfigKeys (ConfUtils.java:logGet(43)) - raft.server.log.write.buffer.size = 33554432 (custom)
2019-11-07 22:33:37,656 [pool-27-thread-1] INFO  server.RaftServerConfigKeys (ConfUtils.java:logGet(43)) - raft.server.log.force.sync.num = 128 (default)
2019-11-07 22:33:37,658 [pool-27-thread-1] INFO  server.RaftServerConfigKeys (ConfUtils.java:logGet(43)) - raft.server.log.statemachine.data.sync = true (default)
2019-11-07 22:33:37,658 [pool-27-thread-1] INFO  server.RaftServerConfigKeys (ConfUtils.java:logGet(43)) - raft.server.log.statemachine.data.sync.timeout = 10s (default)
2019-11-07 22:33:37,659 [pool-27-thread-1] INFO  server.RaftServerConfigKeys (ConfUtils.java:logGet(43)) - raft.server.log.statemachine.data.sync.timeout.retry = -1 (default)
2019-11-07 22:33:37,673 [pool-27-thread-1] INFO  server.RaftServerConfigKeys (ConfUtils.java:logGet(43)) - raft.server.log.statemachine.data.caching.enabled = true (custom)
2019-11-07 22:33:37,678 [pool-27-thread-1] INFO  segmented.SegmentedRaftLogWorker (SegmentedRaftLogWorker.java:lambda$new$0(128)) - e962ad73-8df2-442a-a6aa-e432c4b367fb@group-E26BF42E228A-SegmentedRaftLogWorker: flushIndex: setUnconditionally 0 -> -1
2019-11-07 22:33:37,683 [pool-27-thread-1] INFO  server.RaftServerConfigKeys (ConfUtils.java:logGet(43)) - raft.server.snapshot.auto.trigger.enabled = true (custom)
2019-11-07 22:33:37,684 [pool-27-thread-1] INFO  server.RaftServerConfigKeys (ConfUtils.java:logGet(43)) - raft.server.snapshot.auto.trigger.threshold = 10000 (custom)
2019-11-07 22:33:37,684 [pool-27-thread-1] INFO  server.RaftServerConfigKeys (ConfUtils.java:logGet(43)) - raft.server.snapshot.retention.file.num = 5 (custom)
2019-11-07 22:33:37,685 [pool-27-thread-1] INFO  server.RaftServerConfigKeys (ConfUtils.java:logGet(43)) - raft.server.retrycache.expirytime = 600000ms (custom)
2019-11-07 22:33:37,709 [pool-27-thread-1] WARN  impl.MetricRegistriesImpl (MetricRegistriesImpl.java:lambda$create$1(61)) - First MetricRegistry has been created without registering reporters. You may need to call MetricRegistries.global().addReportRegistration(...) before.
2019-11-07 22:33:37,711 [pool-27-thread-1] WARN  impl.MetricRegistriesImpl (MetricRegistriesImpl.java:lambda$create$1(61)) - First MetricRegistry has been created without registering reporters. You may need to call MetricRegistries.global().addReportRegistration(...) before.
2019-11-07 22:33:37,713 [pool-27-thread-1] INFO  impl.RaftServerImpl (RaftServerImpl.java:start(184)) - e962ad73-8df2-442a-a6aa-e432c4b367fb@group-E26BF42E228A: start as a follower, conf=-1: [e962ad73-8df2-442a-a6aa-e432c4b367fb:192.168.34.6:45916], old=null
2019-11-07 22:33:37,714 [pool-27-thread-1] INFO  impl.RaftServerImpl (RaftServerImpl.java:setRole(173)) - e962ad73-8df2-442a-a6aa-e432c4b367fb@group-E26BF42E228A: changes role from      null to FOLLOWER at term 0 for startAsFollower
2019-11-07 22:33:37,715 [pool-27-thread-1] INFO  impl.RoleInfo (RoleInfo.java:updateAndGet(143)) - e962ad73-8df2-442a-a6aa-e432c4b367fb: start FollowerState
2019-11-07 22:33:37,718 [pool-27-thread-1] INFO  util.JmxRegister (JmxRegister.java:tryRegister(44)) - Successfully registered JMX Bean with object name Ratis:service=RaftServer,group=group-E26BF42E228A,id=e962ad73-8df2-442a-a6aa-e432c4b367fb
2019-11-07 22:33:37,720 [pool-27-thread-1] WARN  impl.MetricRegistriesImpl (MetricRegistriesImpl.java:lambda$create$1(61)) - First MetricRegistry has been created without registering reporters. You may need to call MetricRegistries.global().addReportRegistration(...) before.
2019-11-07 22:33:37,795 [RatisPipelineUtilsThread] INFO  pipeline.PipelineStateManager (PipelineStateManager.java:addPipeline(56)) - Created pipeline Pipeline[ Id: 9439bb7e-2f04-49b2-ad25-e26bf42e228a, Nodes: e962ad73-8df2-442a-a6aa-e432c4b367fb{ip: 192.168.34.6, host: pr-hdds-1987-tb7ct-940245468, networkLocation: /default-rack, certSerialId: null}, Type:RATIS, Factor:ONE, State:OPEN]
2019-11-07 22:33:37,816 [grpc-default-executor-0] INFO  impl.RaftServerProxy (RaftServerProxy.java:addNew(89)) - 3a1ffc96-4896-44dd-8f7e-17f5b56e0b33: addNew group-C2B757943792:[3a1ffc96-4896-44dd-8f7e-17f5b56e0b33:192.168.34.6:46493] returns group-C2B757943792:java.util.concurrent.CompletableFuture@3a0474f3[Not completed]
2019-11-07 22:33:37,847 [pool-57-thread-1] INFO  impl.RaftServerImpl (RaftServerImpl.java:<init>(98)) - 3a1ffc96-4896-44dd-8f7e-17f5b56e0b33: new RaftServerImpl for group-C2B757943792:[3a1ffc96-4896-44dd-8f7e-17f5b56e0b33:192.168.34.6:46493] with ContainerStateMachine:uninitialized
2019-11-07 22:33:37,848 [pool-57-thread-1] INFO  server.RaftServerConfigKeys (ConfUtils.java:logGet(43)) - raft.server.rpc.timeout.min = 5s (custom)
2019-11-07 22:33:37,848 [pool-57-thread-1] INFO  server.RaftServerConfigKeys (ConfUtils.java:logGet(43)) - raft.server.rpc.timeout.max = 5200ms (custom)
2019-11-07 22:33:37,849 [pool-57-thread-1] INFO  server.RaftServerConfigKeys (ConfUtils.java:logGet(43)) - raft.server.rpcslowness.timeout = 120s (custom)
2019-11-07 22:33:37,849 [pool-57-thread-1] INFO  server.RaftServerConfigKeys (ConfUtils.java:logGet(43)) - raft.server.sleep.deviation.threshold = 300 (default)
2019-11-07 22:33:37,849 [pool-57-thread-1] INFO  server.RaftServerConfigKeys (ConfUtils.java:logGet(43)) - raft.server.log.appender.install.snapshot.enabled = false (custom)
2019-11-07 22:33:37,849 [pool-57-thread-1] INFO  impl.RaftServerImpl (ServerState.java:<init>(103)) - 3a1ffc96-4896-44dd-8f7e-17f5b56e0b33@group-C2B757943792: ConfigurationManager, init=-1: [3a1ffc96-4896-44dd-8f7e-17f5b56e0b33:192.168.34.6:46493], old=null, confs=<EMPTY_MAP>
2019-11-07 22:33:37,850 [pool-57-thread-1] INFO  server.RaftServerConfigKeys (ConfUtils.java:logGet(43)) - raft.server.storage.dir = [/workdir/hadoop-ozone/ozonefs/target/test-dir/MiniOzoneClusterImpl-2a4298e2-fd05-4542-aa51-7e336d4af558/datanode-3/data/ratis] (custom)
2019-11-07 22:33:37,850 [pool-57-thread-1] INFO  server.RaftServerConfigKeys (ConfUtils.java:logGet(43)) - raft.server.log.corruption.policy = EXCEPTION (default)
2019-11-07 22:33:37,850 [pool-57-thread-1] INFO  storage.RaftStorageDirectory (RaftStorageDirectory.java:analyzeStorage(246)) - The storage directory /workdir/hadoop-ozone/ozonefs/target/test-dir/MiniOzoneClusterImpl-2a4298e2-fd05-4542-aa51-7e336d4af558/datanode-3/data/ratis/9151ea27-2014-4537-a4a2-c2b757943792 does not exist. Creating ...
2019-11-07 22:33:37,859 [pool-57-thread-1] INFO  storage.RaftStorageDirectory (RaftStorageDirectory.java:tryLock(328)) - Lock on /workdir/hadoop-ozone/ozonefs/target/test-dir/MiniOzoneClusterImpl-2a4298e2-fd05-4542-aa51-7e336d4af558/datanode-3/data/ratis/9151ea27-2014-4537-a4a2-c2b757943792/in_use.lock acquired by nodename 19624@pr-hdds-1987-tb7ct-940245468
2019-11-07 22:33:37,868 [pool-57-thread-1] INFO  storage.RaftStorage (RaftStorage.java:format(84)) - Storage directory /workdir/hadoop-ozone/ozonefs/target/test-dir/MiniOzoneClusterImpl-2a4298e2-fd05-4542-aa51-7e336d4af558/datanode-3/data/ratis/9151ea27-2014-4537-a4a2-c2b757943792 has been successfully formatted.
2019-11-07 22:33:37,869 [pool-57-thread-1] INFO  ratis.ContainerStateMachine (ContainerStateMachine.java:loadSnapshot(221)) - group-C2B757943792: The snapshot info is null. Setting the last applied indexto:(t:0, i:~)
2019-11-07 22:33:37,870 [pool-57-thread-1] INFO  server.RaftServerConfigKeys (ConfUtils.java:logGet(43)) - raft.server.notification.no-leader.timeout = 120s (custom)
2019-11-07 22:33:37,870 [pool-57-thread-1] INFO  server.RaftServerConfigKeys (ConfUtils.java:logGet(43)) - raft.server.log.use.memory = false (default)
2019-11-07 22:33:37,870 [pool-57-thread-1] INFO  server.RaftServerConfigKeys (ConfUtils.java:logGet(43)) - raft.server.log.purge.gap = 1000000 (custom)
2019-11-07 22:33:37,870 [pool-57-thread-1] INFO  server.RaftServerConfigKeys (ConfUtils.java:logGet(43)) - raft.server.log.appender.buffer.byte-limit = 33554432 (custom)
2019-11-07 22:33:37,871 [pool-57-thread-1] INFO  server.RaftServerConfigKeys (ConfUtils.java:logGet(43)) - raft.server.log.segment.size.max = 1048576 (custom)
2019-11-07 22:33:37,871 [pool-57-thread-1] WARN  impl.MetricRegistriesImpl (MetricRegistriesImpl.java:lambda$create$1(61)) - First MetricRegistry has been created without registering reporters. You may need to call MetricRegistries.global().addReportRegistration(...) before.
2019-11-07 22:33:37,872 [pool-57-thread-1] INFO  server.RaftServerConfigKeys (ConfUtils.java:logGet(43)) - raft.server.log.segment.cache.num.max = 2 (custom)
[...]
2019-11-07 22:34:00,571 [LocalJobRunner Map Task Executor #0] INFO  output.FileOutputCommitter (FileOutputCommitter.java:<init>(140)) - File Output Committer Algorithm version is 2
2019-11-07 22:34:00,571 [LocalJobRunner Map Task Executor #0] INFO  output.FileOutputCommitter (FileOutputCommitter.java:<init>(155)) - FileOutputCommitter skip cleanup _temporary folders under output directory:false, ignore cleanup failures: false
2019-11-07 22:34:00,584 [LocalJobRunner Map Task Executor #0] INFO  mapred.CopyMapper (CopyMapper.java:map(154)) - Copying file:/workdir/hadoop-ozone/ozonefs/target/test-dir/ITestOzoneContractDistCp/testUpdateDeepDirectoryStructureToRemote/local/inputDir/subDir1/file2 to o3fs://bucket97309.volume84344/test/ITestOzoneContractDistCp/testUpdateDeepDirectoryStructureToRemote/remote/outputDir/inputDir/subDir1/file2
2019-11-07 22:34:00,589 [LocalJobRunner Map Task Executor #0] INFO  mapred.CopyMapper (CopyMapper.java:map(198)) - Skipping copy of file:/workdir/hadoop-ozone/ozonefs/target/test-dir/ITestOzoneContractDistCp/testUpdateDeepDirectoryStructureToRemote/local/inputDir/subDir1/file2 to o3fs://bucket97309.volume84344/test/ITestOzoneContractDistCp/testUpdateDeepDirectoryStructureToRemote/remote/outputDir/inputDir/subDir1/file2
2019-11-07 22:34:00,590 [LocalJobRunner Map Task Executor #0] INFO  mapred.LocalJobRunner (LocalJobRunner.java:statusUpdate(634)) - 
2019-11-07 22:34:00,590 [LocalJobRunner Map Task Executor #0] INFO  mapred.Task (Task.java:done(1244)) - Task:attempt_local948197406_0008_m_000003_0 is done. And is in the process of committing
2019-11-07 22:34:00,591 [LocalJobRunner Map Task Executor #0] INFO  mapred.LocalJobRunner (LocalJobRunner.java:statusUpdate(634)) - 
2019-11-07 22:34:00,591 [LocalJobRunner Map Task Executor #0] INFO  mapred.Task (Task.java:commit(1421)) - Task attempt_local948197406_0008_m_000003_0 is allowed to commit now
2019-11-07 22:34:00,592 [LocalJobRunner Map Task Executor #0] INFO  output.FileOutputCommitter (FileOutputCommitter.java:commitTask(598)) - Saved output of task 'attempt_local948197406_0008_m_000003_0' to file:/tmp/hadoop/mapred/staging/jenkins10001015938129/.staging/_distcp292628783/_logs
2019-11-07 22:34:00,592 [LocalJobRunner Map Task Executor #0] INFO  mapred.LocalJobRunner (LocalJobRunner.java:statusUpdate(634)) - Copying file:/workdir/hadoop-ozone/ozonefs/target/test-dir/ITestOzoneContractDistCp/testUpdateDeepDirectoryStructureToRemote/local/inputDir/subDir1/file2 to o3fs://bucket97309.volume84344/test/ITestOzoneContractDistCp/testUpdateDeepDirectoryStructureToRemote/remote/outputDir/inputDir/subDir1/file2
2019-11-07 22:34:00,592 [LocalJobRunner Map Task Executor #0] INFO  mapred.Task (Task.java:sendDone(1380)) - Task 'attempt_local948197406_0008_m_000003_0' done.
2019-11-07 22:34:00,593 [LocalJobRunner Map Task Executor #0] INFO  mapred.Task (Task.java:done(1276)) - Final Counters for attempt_local948197406_0008_m_000003_0: Counters: 23
	File System Counters
		FILE: Number of bytes read=20723500
		FILE: Number of bytes written=25505860
		FILE: Number of read operations=0
		FILE: Number of large read operations=0
		FILE: Number of write operations=0
		O3FS: Number of bytes read=0
		O3FS: Number of bytes written=18878868
		O3FS: Number of read operations=430
		O3FS: Number of large read operations=0
		O3FS: Number of write operations=87
	Map-Reduce Framework
		Map input records=1
		Map output records=1
		Input split bytes=157
		Spilled Records=0
		Failed Shuffles=0
		Merged Map outputs=0
		GC time elapsed (ms)=0
		Total committed heap usage (bytes)=2008547328
	File Input Format Counters 
		Bytes Read=1720
	File Output Format Counters 
		Bytes Written=164
	DistCp Counters
		Bandwidth in Btyes=0
		Bytes Skipped=200
		Files Skipped=1
2019-11-07 22:34:00,593 [LocalJobRunner Map Task Executor #0] INFO  mapred.LocalJobRunner (LocalJobRunner.java:run(277)) - Finishing task: attempt_local948197406_0008_m_000003_0
2019-11-07 22:34:00,593 [LocalJobRunner Map Task Executor #0] INFO  mapred.LocalJobRunner (LocalJobRunner.java:run(252)) - Starting task: attempt_local948197406_0008_m_000004_0
2019-11-07 22:34:00,593 [LocalJobRunner Map Task Executor #0] INFO  output.FileOutputCommitter (FileOutputCommitter.java:<init>(140)) - File Output Committer Algorithm version is 2
2019-11-07 22:34:00,594 [LocalJobRunner Map Task Executor #0] INFO  output.FileOutputCommitter (FileOutputCommitter.java:<init>(155)) - FileOutputCommitter skip cleanup _temporary folders under output directory:false, ignore cleanup failures: false
2019-11-07 22:34:00,594 [LocalJobRunner Map Task Executor #0] INFO  mapred.Task (Task.java:initialize(626)) -  Using ResourceCalculatorProcessTree : [ ]
2019-11-07 22:34:00,595 [LocalJobRunner Map Task Executor #0] INFO  mapred.MapTask (MapTask.java:runNewMapper(768)) - Processing split: file:/tmp/hadoop/mapred/staging/jenkins10001015938129/.staging/_distcp292628783/fileList.seq:624+256
2019-11-07 22:34:00,595 [LocalJobRunner Map Task Executor #0] INFO  output.FileOutputCommitter (FileOutputCommitter.java:<init>(140)) - File Output Committer Algorithm version is 2
2019-11-07 22:34:00,595 [LocalJobRunner Map Task Executor #0] INFO  output.FileOutputCommitter (FileOutputCommitter.java:<init>(155)) - FileOutputCommitter skip cleanup _temporary folders under output directory:false, ignore cleanup failures: false
2019-11-07 22:34:00,607 [LocalJobRunner Map Task Executor #0] INFO  mapred.CopyMapper (CopyMapper.java:map(154)) - Copying file:/workdir/hadoop-ozone/ozonefs/target/test-dir/ITestOzoneContractDistCp/testUpdateDeepDirectoryStructureToRemote/local/inputDir/subDir2 to o3fs://bucket97309.volume84344/test/ITestOzoneContractDistCp/testUpdateDeepDirectoryStructureToRemote/remote/outputDir/inputDir/subDir2
2019-11-07 22:34:00,626 [LocalJobRunner Map Task Executor #0] INFO  mapred.LocalJobRunner (LocalJobRunner.java:statusUpdate(634)) - 
2019-11-07 22:34:00,627 [LocalJobRunner Map Task Executor #0] INFO  mapred.Task (Task.java:done(1244)) - Task:attempt_local948197406_0008_m_000004_0 is done. And is in the process of committing
2019-11-07 22:34:00,627 [LocalJobRunner Map Task Executor #0] INFO  mapred.LocalJobRunner (LocalJobRunner.java:statusUpdate(634)) - 
2019-11-07 22:34:00,627 [LocalJobRunner Map Task Executor #0] INFO  mapred.Task (Task.java:commit(1421)) - Task attempt_local948197406_0008_m_000004_0 is allowed to commit now
2019-11-07 22:34:00,628 [LocalJobRunner Map Task Executor #0] INFO  output.FileOutputCommitter (FileOutputCommitter.java:commitTask(598)) - Saved output of task 'attempt_local948197406_0008_m_000004_0' to file:/tmp/hadoop/mapred/staging/jenkins10001015938129/.staging/_distcp292628783/_logs
2019-11-07 22:34:00,628 [LocalJobRunner Map Task Executor #0] INFO  mapred.LocalJobRunner (LocalJobRunner.java:statusUpdate(634)) - Copying file:/workdir/hadoop-ozone/ozonefs/target/test-dir/ITestOzoneContractDistCp/testUpdateDeepDirectoryStructureToRemote/local/inputDir/subDir2 to o3fs://bucket97309.volume84344/test/ITestOzoneContractDistCp/testUpdateDeepDirectoryStructureToRemote/remote/outputDir/inputDir/subDir2
2019-11-07 22:34:00,629 [LocalJobRunner Map Task Executor #0] INFO  mapred.Task (Task.java:sendDone(1380)) - Task 'attempt_local948197406_0008_m_000004_0' done.
2019-11-07 22:34:00,629 [LocalJobRunner Map Task Executor #0] INFO  mapred.Task (Task.java:done(1276)) - Final Counters for attempt_local948197406_0008_m_000004_0: Counters: 22
	File System Counters
		FILE: Number of bytes read=20725673
		FILE: Number of bytes written=25505868
		FILE: Number of read operations=0
		FILE: Number of large read operations=0
		FILE: Number of write operations=0
		O3FS: Number of bytes read=0
		O3FS: Number of bytes written=18878868
		O3FS: Number of read operations=432
		O3FS: Number of large read operations=0
		O3FS: Number of write operations=87
	Map-Reduce Framework
		Map input records=1
		Map output records=0
		Input split bytes=157
		Spilled Records=0
		Failed Shuffles=0
		Merged Map outputs=0
		GC time elapsed (ms)=0
		Total committed heap usage (bytes)=2008547328
	File Input Format Counters 
		Bytes Read=1720
	File Output Format Counters 
		Bytes Written=8
	DistCp Counters
		Bandwidth in Btyes=0
		DIR_COPY=1
2019-11-07 22:34:00,629 [LocalJobRunner Map Task Executor #0] INFO  mapred.LocalJobRunner (LocalJobRunner.java:run(277)) - Finishing task: attempt_local948197406_0008_m_000004_0
2019-11-07 22:34:00,629 [LocalJobRunner Map Task Executor #0] INFO  mapred.LocalJobRunner (LocalJobRunner.java:run(252)) - Starting task: attempt_local948197406_0008_m_000005_0
2019-11-07 22:34:00,629 [LocalJobRunner Map Task Executor #0] INFO  output.FileOutputCommitter (FileOutputCommitter.java:<init>(140)) - File Output Committer Algorithm version is 2
2019-11-07 22:34:00,629 [LocalJobRunner Map Task Executor #0] INFO  output.FileOutputCommitter (FileOutputCommitter.java:<init>(155)) - FileOutputCommitter skip cleanup _temporary folders under output directory:false, ignore cleanup failures: false
2019-11-07 22:34:00,630 [LocalJobRunner Map Task Executor #0] INFO  mapred.Task (Task.java:initialize(626)) -  Using ResourceCalculatorProcessTree : [ ]
2019-11-07 22:34:00,630 [LocalJobRunner Map Task Executor #0] INFO  mapred.MapTask (MapTask.java:runNewMapper(768)) - Processing split: file:/tmp/hadoop/mapred/staging/jenkins10001015938129/.staging/_distcp292628783/fileList.seq:880+256
2019-11-07 22:34:00,630 [LocalJobRunner Map Task Executor #0] INFO  output.FileOutputCommitter (FileOutputCommitter.java:<init>(140)) - File Output Committer Algorithm version is 2
2019-11-07 22:34:00,630 [LocalJobRunner Map Task Executor #0] INFO  output.FileOutputCommitter (FileOutputCommitter.java:<init>(155)) - FileOutputCommitter skip cleanup _temporary folders under output directory:false, ignore cleanup failures: false
2019-11-07 22:34:00,642 [LocalJobRunner Map Task Executor #0] INFO  mapred.CopyMapper (CopyMapper.java:map(154)) - Copying file:/workdir/hadoop-ozone/ozonefs/target/test-dir/ITestOzoneContractDistCp/testUpdateDeepDirectoryStructureToRemote/local/inputDir/subDir1 to o3fs://bucket97309.volume84344/test/ITestOzoneContractDistCp/testUpdateDeepDirectoryStructureToRemote/remote/outputDir/inputDir/subDir1
2019-11-07 22:34:00,660 [LocalJobRunner Map Task Executor #0] INFO  mapred.LocalJobRunner (LocalJobRunner.java:statusUpdate(634)) - 
2019-11-07 22:34:00,660 [LocalJobRunner Map Task Executor #0] INFO  mapred.Task (Task.java:done(1244)) - Task:attempt_local948197406_0008_m_000005_0 is done. And is in the process of committing
2019-11-07 22:34:00,660 [LocalJobRunner Map Task Executor #0] INFO  mapred.LocalJobRunner (LocalJobRunner.java:statusUpdate(634)) - 
2019-11-07 22:34:00,660 [LocalJobRunner Map Task Executor #0] INFO  mapred.Task (Task.java:commit(1421)) - Task attempt_local948197406_0008_m_000005_0 is allowed to commit now
2019-11-07 22:34:00,661 [LocalJobRunner Map Task Executor #0] INFO  output.FileOutputCommitter (FileOutputCommitter.java:commitTask(598)) - Saved output of task 'attempt_local948197406_0008_m_000005_0' to file:/tmp/hadoop/mapred/staging/jenkins10001015938129/.staging/_distcp292628783/_logs
2019-11-07 22:34:00,661 [LocalJobRunner Map Task Executor #0] INFO  mapred.LocalJobRunner (LocalJobRunner.java:statusUpdate(634)) - Copying file:/workdir/hadoop-ozone/ozonefs/target/test-dir/ITestOzoneContractDistCp/testUpdateDeepDirectoryStructureToRemote/local/inputDir/subDir1 to o3fs://bucket97309.volume84344/test/ITestOzoneContractDistCp/testUpdateDeepDirectoryStructureToRemote/remote/outputDir/inputDir/subDir1
2019-11-07 22:34:00,662 [LocalJobRunner Map Task Executor #0] INFO  mapred.Task (Task.java:sendDone(1380)) - Task 'attempt_local948197406_0008_m_000005_0' done.
2019-11-07 22:34:00,662 [LocalJobRunner Map Task Executor #0] INFO  mapred.Task (Task.java:done(1276)) - Final Counters for attempt_local948197406_0008_m_000005_0: Counters: 22
	File System Counters
		FILE: Number of bytes read=20727846
		FILE: Number of bytes written=25505876
		FILE: Number of read operations=0
		FILE: Number of large read operations=0
		FILE: Number of write operations=0
		O3FS: Number of bytes read=0
		O3FS: Number of bytes written=18878868
		O3FS: Number of read operations=434
		O3FS: Number of large read operations=0
		O3FS: Number of write operations=87
	Map-Reduce Framework
		Map input records=1
		Map output records=0
		Input split bytes=157
		Spilled Records=0
		Failed Shuffles=0
		Merged Map outputs=0
		GC time elapsed (ms)=0
		Total committed heap usage (bytes)=2008547328
	File Input Format Counters 
		Bytes Read=1720
	File Output Format Counters 
		Bytes Written=8
	DistCp Counters
		Bandwidth in Btyes=0
		DIR_COPY=1
2019-11-07 22:34:00,662 [LocalJobRunner Map Task Executor #0] INFO  mapred.LocalJobRunner (LocalJobRunner.java:run(277)) - Finishing task: attempt_local948197406_0008_m_000005_0
2019-11-07 22:34:00,662 [Thread-1254] INFO  mapred.LocalJobRunner (LocalJobRunner.java:runTasks(486)) - map task executor complete.
2019-11-07 22:34:00,679 [Thread-1254] INFO  mapred.CopyCommitter (CopyCommitter.java:deleteMissing(393)) - -delete option is enabled. About to remove entries from target that are missing in source
2019-11-07 22:34:00,748 [Thread-1254] INFO  mapred.CopyCommitter (CopyCommitter.java:deleteMissing(402)) - Source listing completed in 0:00:00.068
2019-11-07 22:34:00,749 [Thread-1254] INFO  mapred.CopyCommitter (CopyCommitter.java:listTargetFiles(560)) - Scanning destination directory o3fs://bucket97309.volume84344/test/ITestOzoneContractDistCp/testUpdateDeepDirectoryStructureToRemote/remote/outputDir/inputDir with thread count: 40
22:34:00.752 [IPC Server handler 13 on 44190] ERROR OMAudit - user=jenkins1000 | ip=127.0.0.1 | op=GET_FILE_STATUS {volume=volume84344, bucket=bucket97309, key=NONE, dataSize=0, replicationType=null, replicationFactor=null, keyLocationInfo=null} | ret=FAILURE
org.apache.hadoop.ozone.om.exceptions.OMException: Unable to get file status: volume: volume84344 bucket: bucket97309 key: NONE
	at org.apache.hadoop.ozone.om.KeyManagerImpl.getFileStatus(KeyManagerImpl.java:1784) ~[hadoop-ozone-ozone-manager-0.5.0-SNAPSHOT.jar:?]
	at org.apache.hadoop.ozone.om.OzoneManager.getFileStatus(OzoneManager.java:2765) ~[hadoop-ozone-ozone-manager-0.5.0-SNAPSHOT.jar:?]
	at org.apache.hadoop.ozone.protocolPB.OzoneManagerRequestHandler.getOzoneFileStatus(OzoneManagerRequestHandler.java:1053) ~[hadoop-ozone-ozone-manager-0.5.0-SNAPSHOT.jar:?]
	at org.apache.hadoop.ozone.protocolPB.OzoneManagerRequestHandler.handle(OzoneManagerRequestHandler.java:340) ~[hadoop-ozone-ozone-manager-0.5.0-SNAPSHOT.jar:?]
	at org.apache.hadoop.ozone.protocolPB.OzoneManagerProtocolServerSideTranslatorPB.submitRequestDirectlyToOM(OzoneManagerProtocolServerSideTranslatorPB.java:208) ~[hadoop-ozone-ozone-manager-0.5.0-SNAPSHOT.jar:?]
	at org.apache.hadoop.ozone.protocolPB.OzoneManagerProtocolServerSideTranslatorPB.processRequest(OzoneManagerProtocolServerSideTranslatorPB.java:132) ~[hadoop-ozone-ozone-manager-0.5.0-SNAPSHOT.jar:?]
	at org.apache.hadoop.hdds.server.OzoneProtocolMessageDispatcher.processRequest(OzoneProtocolMessageDispatcher.java:72) [hadoop-hdds-server-framework-0.5.0-SNAPSHOT.jar:?]
	at org.apache.hadoop.ozone.protocolPB.OzoneManagerProtocolServerSideTranslatorPB.submitRequest(OzoneManagerProtocolServerSideTranslatorPB.java:100) [hadoop-ozone-ozone-manager-0.5.0-SNAPSHOT.jar:?]
	at org.apache.hadoop.ozone.protocol.proto.OzoneManagerProtocolProtos$OzoneManagerService$2.callBlockingMethod(OzoneManagerProtocolProtos.java) [hadoop-ozone-common-0.5.0-SNAPSHOT.jar:?]
	at org.apache.hadoop.ipc.ProtobufRpcEngine$Server$ProtoBufRpcInvoker.call(ProtobufRpcEngine.java:524) [hadoop-common-3.2.0.jar:?]
	at org.apache.hadoop.ipc.RPC$Server.call(RPC.java:1025) [hadoop-common-3.2.0.jar:?]
	at org.apache.hadoop.ipc.Server$RpcCall.run(Server.java:876) [hadoop-common-3.2.0.jar:?]
	at org.apache.hadoop.ipc.Server$RpcCall.run(Server.java:822) [hadoop-common-3.2.0.jar:?]
	at java.security.AccessController.doPrivileged(Native Method) [?:1.8.0_222]
	at javax.security.auth.Subject.doAs(Subject.java:422) [?:1.8.0_222]
	at org.apache.hadoop.security.UserGroupInformation.doAs(UserGroupInformation.java:1730) [hadoop-common-3.2.0.jar:?]
	at org.apache.hadoop.ipc.Server$Handler.run(Server.java:2682) [hadoop-common-3.2.0.jar:?]
2019-11-07 22:34:00,773 [Thread-1254] INFO  tools.SimpleCopyListing (SimpleCopyListing.java:printStats(608)) - Paths (files+dirs) cnt = 20; dirCnt = 5
2019-11-07 22:34:00,773 [Thread-1254] INFO  tools.SimpleCopyListing (SimpleCopyListing.java:doBuildListing(402)) - Build file listing completed.
2019-11-07 22:34:00,783 [Thread-1254] INFO  mapred.CopyCommitter (CopyCommitter.java:cleanup(189)) - Cleaning up temporary work folder: file:/tmp/hadoop/mapred/staging/jenkins10001015938129/.staging/_distcp292628783
2019-11-07 22:34:00,790 [Thread-1254] INFO  mapred.CopyCommitter (CopyCommitter.java:cleanup(189)) - Cleaning up temporary work folder: file:/tmp/hadoop/mapred/staging/jenkins10001015938129/.staging/_distcp292628783
2019-11-07 22:34:00,790 [Thread-1254] WARN  mapred.LocalJobRunner (LocalJobRunner.java:run(590)) - job_local948197406_0008
org.apache.hadoop.tools.CopyListing$DuplicateFileException: File o3fs://bucket97309.volume84344/test/ITestOzoneContractDistCp/testUpdateDeepDirectoryStructureToRemote/remote/outputDir/inputDir/subDir1/file2 and o3fs://bucket97309.volume84344/test/ITestOzoneContractDistCp/testUpdateDeepDirectoryStructureToRemote/remote/outputDir/inputDir/subDir1/file2 would cause duplicates. Aborting
	at org.apache.hadoop.tools.CopyListing.validateFinalListing(CopyListing.java:175)
	at org.apache.hadoop.tools.CopyListing.buildListing(CopyListing.java:93)
	at org.apache.hadoop.tools.GlobbedCopyListing.doBuildListing(GlobbedCopyListing.java:89)
	at org.apache.hadoop.tools.CopyListing.buildListing(CopyListing.java:86)
	at org.apache.hadoop.tools.mapred.CopyCommitter.listTargetFiles(CopyCommitter.java:570)
	at org.apache.hadoop.tools.mapred.CopyCommitter.deleteMissing(CopyCommitter.java:409)
	at org.apache.hadoop.tools.mapred.CopyCommitter.commitJob(CopyCommitter.java:121)
	at org.apache.hadoop.mapred.LocalJobRunner$Job.run(LocalJobRunner.java:567)
2019-11-07 22:34:01,373 [Thread-1029] INFO  mapreduce.Job (Job.java:monitorAndPrintJob(1640)) - Job job_local948197406_0008 running in uber mode : false
2019-11-07 22:34:01,374 [Thread-1029] INFO  mapreduce.Job (Job.java:monitorAndPrintJob(1647)) -  map 100% reduce 0%
2019-11-07 22:34:01,374 [Thread-1029] INFO  mapreduce.Job (Job.java:monitorAndPrintJob(1660)) - Job job_local948197406_0008 failed with state FAILED due to: NA
2019-11-07 22:34:01,376 [Thread-1029] INFO  mapreduce.Job (Job.java:monitorAndPrintJob(1665)) - Counters: 27
	File System Counters
		FILE: Number of bytes read=124331401
		FILE: Number of bytes written=153034668
		FILE: Number of read operations=0
		FILE: Number of large read operations=0
		FILE: Number of write operations=0
		O3FS: Number of bytes read=0
		O3FS: Number of bytes written=113273208
		O3FS: Number of read operations=2566
		O3FS: Number of large read operations=0
		O3FS: Number of write operations=519
	Map-Reduce Framework
		Map input records=6
		Map output records=1
		Input split bytes=942
		Spilled Records=0
		Failed Shuffles=0
		Merged Map outputs=0
		GC time elapsed (ms)=0
		Total committed heap usage (bytes)=12051283968
	File Input Format Counters 
		Bytes Read=10320
	File Output Format Counters 
		Bytes Written=204
	DistCp Counters
		Bandwidth in Btyes=0
		Bytes Copied=0
		Bytes Expected=0
		Bytes Skipped=200
		Files Copied=1
		DIR_COPY=4
		Files Skipped=1
]]></system-out>
  </testcase>
  <testcase name="testDeepDirectoryStructureFromRemote" classname="org.apache.hadoop.fs.ozone.contract.ITestOzoneContractDistCp" time="1.942"/>
</testsuite>