# JRE version: OpenJDK Runtime Environment (8.0_222-b10) (build 1.8.0_222-b10)
# Java VM: OpenJDK 64-Bit Server VM (25.222-b10 mixed mode linux-amd64 compressed oops)
Heap:
 PSYoungGen      total 654336K, used 147749K [0x00000000d5580000, 0x0000000100000000, 0x0000000100000000)
  eden space 623104K, 18% used [0x00000000d5580000,0x00000000dc7b11d0,0x00000000fb600000)
  from space 31232K, 98% used [0x00000000fb600000,0x00000000fd4182b8,0x00000000fd480000)
  to   space 39936K, 0% used [0x00000000fd900000,0x00000000fd900000,0x0000000100000000)
 ParOldGen       total 864256K, used 14881K [0x0000000080000000, 0x00000000b4c00000, 0x00000000d5580000)
  object space 864256K, 1% used [0x0000000080000000,0x0000000080e884e8,0x00000000b4c00000)
 Metaspace       used 25229K, capacity 25718K, committed 25984K, reserved 1073152K
  class space    used 2781K, capacity 2922K, committed 2944K, reserved 1048576K
GC Heap History (20 events):
Event: 2.169 GC heap before
{Heap before GC invocations=1 (full 0):
 PSYoungGen      total 611840K, used 188940K [0x00000000d5580000, 0x0000000100000000, 0x0000000100000000)
  eden space 524800K, 36% used [0x00000000d5580000,0x00000000e0e033b8,0x00000000f5600000)
  from space 87040K, 0% used [0x00000000fab00000,0x00000000fab00000,0x0000000100000000)
  to   space 87040K, 0% used [0x00000000f5600000,0x00000000f5600000,0x00000000fab00000)
 ParOldGen       total 1398272K, used 0K [0x0000000080000000, 0x00000000d5580000, 0x00000000d5580000)
  object space 1398272K, 0% used [0x0000000080000000,0x0000000080000000,0x00000000d5580000)
 Metaspace       used 20834K, capacity 21140K, committed 21296K, reserved 1069056K
  class space    used 2359K, capacity 2427K, committed 2432K, reserved 1048576K
Event: 2.204 GC heap after
Heap after GC invocations=1 (full 0):
 PSYoungGen      total 611840K, used 12376K [0x00000000d5580000, 0x0000000100000000, 0x0000000100000000)
  eden space 524800K, 0% used [0x00000000d5580000,0x00000000d5580000,0x00000000f5600000)
  from space 87040K, 14% used [0x00000000f5600000,0x00000000f6216058,0x00000000fab00000)
  to   space 87040K, 0% used [0x00000000fab00000,0x00000000fab00000,0x0000000100000000)
 ParOldGen       total 1398272K, used 80K [0x0000000080000000, 0x00000000d5580000, 0x00000000d5580000)
  object space 1398272K, 0% used [0x0000000080000000,0x0000000080014010,0x00000000d5580000)
 Metaspace       used 20834K, capacity 21140K, committed 21296K, reserved 1069056K
  class space    used 2359K, capacity 2427K, committed 2432K, reserved 1048576K
}
Event: 2.204 GC heap before
{Heap before GC invocations=2 (full 1):
 PSYoungGen      total 611840K, used 12376K [0x00000000d5580000, 0x0000000100000000, 0x0000000100000000)
  eden space 524800K, 0% used [0x00000000d5580000,0x00000000d5580000,0x00000000f5600000)
  from space 87040K, 14% used [0x00000000f5600000,0x00000000f6216058,0x00000000fab00000)
  to   space 87040K, 0% used [0x00000000fab00000,0x00000000fab00000,0x0000000100000000)
 ParOldGen       total 1398272K, used 80K [0x0000000080000000, 0x00000000d5580000, 0x00000000d5580000)
  object space 1398272K, 0% used [0x0000000080000000,0x0000000080014010,0x00000000d5580000)
 Metaspace       used 20834K, capacity 21140K, committed 21296K, reserved 1069056K
  class space    used 2359K, capacity 2427K, committed 2432K, reserved 1048576K
Event: 2.263 GC heap after
Heap after GC invocations=2 (full 1):
 PSYoungGen      total 611840K, used 0K [0x00000000d5580000, 0x0000000100000000, 0x0000000100000000)
  eden space 524800K, 0% used [0x00000000d5580000,0x00000000d5580000,0x00000000f5600000)
  from space 87040K, 0% used [0x00000000f5600000,0x00000000f5600000,0x00000000fab00000)
  to   space 87040K, 0% used [0x00000000fab00000,0x00000000fab00000,0x0000000100000000)
 ParOldGen       total 864256K, used 11913K [0x0000000080000000, 0x00000000b4c00000, 0x00000000d5580000)
  object space 864256K, 1% used [0x0000000080000000,0x0000000080ba24c8,0x00000000b4c00000)
 Metaspace       used 20834K, capacity 21140K, committed 21296K, reserved 1069056K
  class space    used 2359K, capacity 2427K, committed 2432K, reserved 1048576K
}
Event: 17.122 GC heap before
{Heap before GC invocations=3 (full 1):
 PSYoungGen      total 611840K, used 524800K [0x00000000d5580000, 0x0000000100000000, 0x0000000100000000)
  eden space 524800K, 100% used [0x00000000d5580000,0x00000000f5600000,0x00000000f5600000)
  from space 87040K, 0% used [0x00000000f5600000,0x00000000f5600000,0x00000000fab00000)
  to   space 87040K, 0% used [0x00000000fab00000,0x00000000fab00000,0x0000000100000000)
 ParOldGen       total 864256K, used 11913K [0x0000000080000000, 0x00000000b4c00000, 0x00000000d5580000)
  object space 864256K, 1% used [0x0000000080000000,0x0000000080ba24c8,0x00000000b4c00000)
 Metaspace       used 24842K, capacity 25246K, committed 25472K, reserved 1071104K
  class space    used 2770K, capacity 2882K, committed 2944K, reserved 1048576K
Event: 17.168 GC heap after
Heap after GC invocations=3 (full 1):
 PSYoungGen      total 611840K, used 16641K [0x00000000d5580000, 0x0000000100000000, 0x0000000100000000)
  eden space 524800K, 0% used [0x00000000d5580000,0x00000000d5580000,0x00000000f5600000)
  from space 87040K, 19% used [0x00000000fab00000,0x00000000fbb406e8,0x0000000100000000)
  to   space 87040K, 0% used [0x00000000f5600000,0x00000000f5600000,0x00000000fab00000)
 ParOldGen       total 864256K, used 11913K [0x0000000080000000, 0x00000000b4c00000, 0x00000000d5580000)
  object space 864256K, 1% used [0x0000000080000000,0x0000000080ba24c8,0x00000000b4c00000)
 Metaspace       used 24842K, capacity 25246K, committed 25472K, reserved 1071104K
  class space    used 2770K, capacity 2882K, committed 2944K, reserved 1048576K
}
Event: 19.392 GC heap before
{Heap before GC invocations=4 (full 1):
 PSYoungGen      total 611840K, used 541441K [0x00000000d5580000, 0x0000000100000000, 0x0000000100000000)
  eden space 524800K, 100% used [0x00000000d5580000,0x00000000f5600000,0x00000000f5600000)
  from space 87040K, 19% used [0x00000000fab00000,0x00000000fbb406e8,0x0000000100000000)
  to   space 87040K, 0% used [0x00000000f5600000,0x00000000f5600000,0x00000000fab00000)
 ParOldGen       total 864256K, used 11913K [0x0000000080000000, 0x00000000b4c00000, 0x00000000d5580000)
  object space 864256K, 1% used [0x0000000080000000,0x0000000080ba24c8,0x00000000b4c00000)
 Metaspace       used 24854K, capacity 25258K, committed 25472K, reserved 1071104K
  class space    used 2772K, capacity 2884K, committed 2944K, reserved 1048576K
Event: 19.442 GC heap after
Heap after GC invocations=4 (full 1):
 PSYoungGen      total 611840K, used 16931K [0x00000000d5580000, 0x0000000100000000, 0x0000000100000000)
  eden space 524800K, 0% used [0x00000000d5580000,0x00000000d5580000,0x00000000f5600000)
  from space 87040K, 19% used [0x00000000f5600000,0x00000000f6688e60,0x00000000fab00000)
  to   space 87040K, 0% used [0x00000000fab00000,0x00000000fab00000,0x0000000100000000)
 ParOldGen       total 864256K, used 11921K [0x0000000080000000, 0x00000000b4c00000, 0x00000000d5580000)
  object space 864256K, 1% used [0x0000000080000000,0x0000000080ba44c8,0x00000000b4c00000)
 Metaspace       used 24854K, capacity 25258K, committed 25472K, reserved 1071104K
  class space    used 2772K, capacity 2884K, committed 2944K, reserved 1048576K
}
Event: 21.374 GC heap before
{Heap before GC invocations=5 (full 1):
 PSYoungGen      total 611840K, used 541731K [0x00000000d5580000, 0x0000000100000000, 0x0000000100000000)
  eden space 524800K, 100% used [0x00000000d5580000,0x00000000f5600000,0x00000000f5600000)
  from space 87040K, 19% used [0x00000000f5600000,0x00000000f6688e60,0x00000000fab00000)
  to   space 87040K, 0% used [0x00000000fab00000,0x00000000fab00000,0x0000000100000000)
 ParOldGen       total 864256K, used 11921K [0x0000000080000000, 0x00000000b4c00000, 0x00000000d5580000)
  object space 864256K, 1% used [0x0000000080000000,0x0000000080ba44c8,0x00000000b4c00000)
 Metaspace       used 24992K, capacity 25492K, committed 25728K, reserved 1073152K
  class space    used 2775K, capacity 2917K, committed 2944K, reserved 1048576K
Event: 21.400 GC heap after
Heap after GC invocations=5 (full 1):
 PSYoungGen      total 611840K, used 15603K [0x00000000d5580000, 0x0000000100000000, 0x0000000100000000)
  eden space 524800K, 0% used [0x00000000d5580000,0x00000000d5580000,0x00000000f5600000)
  from space 87040K, 17% used [0x00000000fab00000,0x00000000fba3ce80,0x0000000100000000)
  to   space 87040K, 0% used [0x00000000f5600000,0x00000000f5600000,0x00000000fab00000)
 ParOldGen       total 864256K, used 11929K [0x0000000080000000, 0x00000000b4c00000, 0x00000000d5580000)
  object space 864256K, 1% used [0x0000000080000000,0x0000000080ba64c8,0x00000000b4c00000)
 Metaspace       used 24992K, capacity 25492K, committed 25728K, reserved 1073152K
  class space    used 2775K, capacity 2917K, committed 2944K, reserved 1048576K
}
Event: 40.680 GC heap before
{Heap before GC invocations=6 (full 1):
 PSYoungGen      total 611840K, used 540403K [0x00000000d5580000, 0x0000000100000000, 0x0000000100000000)
  eden space 524800K, 100% used [0x00000000d5580000,0x00000000f5600000,0x00000000f5600000)
  from space 87040K, 17% used [0x00000000fab00000,0x00000000fba3ce80,0x0000000100000000)
  to   space 87040K, 0% used [0x00000000f5600000,0x00000000f5600000,0x00000000fab00000)
 ParOldGen       total 864256K, used 11929K [0x0000000080000000, 0x00000000b4c00000, 0x00000000d5580000)
  object space 864256K, 1% used [0x0000000080000000,0x0000000080ba64c8,0x00000000b4c00000)
 Metaspace       used 25208K, capacity 25644K, committed 25728K, reserved 1073152K
  class space    used 2780K, capacity 2921K, committed 2944K, reserved 1048576K
Event: 40.755 GC heap after
Heap after GC invocations=6 (full 1):
 PSYoungGen      total 555008K, used 30092K [0x00000000d5580000, 0x00000000fab80000, 0x0000000100000000)
  eden space 524800K, 0% used [0x00000000d5580000,0x00000000d5580000,0x00000000f5600000)
  from space 30208K, 99% used [0x00000000f5600000,0x00000000f73632e8,0x00000000f7380000)
  to   space 28160K, 0% used [0x00000000f9000000,0x00000000f9000000,0x00000000fab80000)
 ParOldGen       total 864256K, used 11937K [0x0000000080000000, 0x00000000b4c00000, 0x00000000d5580000)
  object space 864256K, 1% used [0x0000000080000000,0x0000000080ba84c8,0x00000000b4c00000)
 Metaspace       used 25208K, capacity 25644K, committed 25728K, reserved 1073152K
  class space    used 2780K, capacity 2921K, committed 2944K, reserved 1048576K
}
Event: 42.946 GC heap before
{Heap before GC invocations=7 (full 1):
 PSYoungGen      total 555008K, used 554892K [0x00000000d5580000, 0x00000000fab80000, 0x0000000100000000)
  eden space 524800K, 100% used [0x00000000d5580000,0x00000000f5600000,0x00000000f5600000)
  from space 30208K, 99% used [0x00000000f5600000,0x00000000f73632e8,0x00000000f7380000)
  to   space 28160K, 0% used [0x00000000f9000000,0x00000000f9000000,0x00000000fab80000)
 ParOldGen       total 864256K, used 11937K [0x0000000080000000, 0x00000000b4c00000, 0x00000000d5580000)
  object space 864256K, 1% used [0x0000000080000000,0x0000000080ba84c8,0x00000000b4c00000)
 Metaspace       used 25211K, capacity 25644K, committed 25728K, reserved 1073152K
  class space    used 2780K, capacity 2921K, committed 2944K, reserved 1048576K
Event: 43.016 GC heap after
Heap after GC invocations=7 (full 1):
 PSYoungGen      total 578560K, used 28133K [0x00000000d5580000, 0x0000000100000000, 0x0000000100000000)
  eden space 550400K, 0% used [0x00000000d5580000,0x00000000d5580000,0x00000000f6f00000)
  from space 28160K, 99% used [0x00000000f9000000,0x00000000fab79480,0x00000000fab80000)
  to   space 33792K, 0% used [0x00000000f6f00000,0x00000000f6f00000,0x00000000f9000000)
 ParOldGen       total 864256K, used 14873K [0x0000000080000000, 0x00000000b4c00000, 0x00000000d5580000)
  object space 864256K, 1% used [0x0000000080000000,0x0000000080e864e8,0x00000000b4c00000)
 Metaspace       used 25211K, capacity 25644K, committed 25728K, reserved 1073152K
  class space    used 2780K, capacity 2921K, committed 2944K, reserved 1048576K
}
Event: 45.615 GC heap before
{Heap before GC invocations=8 (full 1):
 PSYoungGen      total 578560K, used 578533K [0x00000000d5580000, 0x0000000100000000, 0x0000000100000000)
  eden space 550400K, 100% used [0x00000000d5580000,0x00000000f6f00000,0x00000000f6f00000)
  from space 28160K, 99% used [0x00000000f9000000,0x00000000fab79480,0x00000000fab80000)
  to   space 33792K, 0% used [0x00000000f6f00000,0x00000000f6f00000,0x00000000f9000000)
 ParOldGen       total 864256K, used 14873K [0x0000000080000000, 0x00000000b4c00000, 0x00000000d5580000)
  object space 864256K, 1% used [0x0000000080000000,0x0000000080e864e8,0x00000000b4c00000)
 Metaspace       used 25211K, capacity 25644K, committed 25728K, reserved 1073152K
  class space    used 2780K, capacity 2921K, committed 2944K, reserved 1048576K
Event: 45.695 GC heap after
Heap after GC invocations=8 (full 1):
 PSYoungGen      total 584192K, used 28957K [0x00000000d5580000, 0x0000000100000000, 0x0000000100000000)
  eden space 550400K, 0% used [0x00000000d5580000,0x00000000d5580000,0x00000000f6f00000)
  from space 33792K, 85% used [0x00000000f6f00000,0x00000000f8b47408,0x00000000f9000000)
  to   space 36352K, 0% used [0x00000000fdc80000,0x00000000fdc80000,0x0000000100000000)
 ParOldGen       total 864256K, used 14873K [0x0000000080000000, 0x00000000b4c00000, 0x00000000d5580000)
  object space 864256K, 1% used [0x0000000080000000,0x0000000080e864e8,0x00000000b4c00000)
 Metaspace       used 25211K, capacity 25644K, committed 25728K, reserved 1073152K
  class space    used 2780K, capacity 2921K, committed 2944K, reserved 1048576K
}
Event: 47.585 GC heap before
{Heap before GC invocations=9 (full 1):
 PSYoungGen      total 584192K, used 579357K [0x00000000d5580000, 0x0000000100000000, 0x0000000100000000)
  eden space 550400K, 100% used [0x00000000d5580000,0x00000000f6f00000,0x00000000f6f00000)
  from space 33792K, 85% used [0x00000000f6f00000,0x00000000f8b47408,0x00000000f9000000)
  to   space 36352K, 0% used [0x00000000fdc80000,0x00000000fdc80000,0x0000000100000000)
 ParOldGen       total 864256K, used 14873K [0x0000000080000000, 0x00000000b4c00000, 0x00000000d5580000)
  object space 864256K, 1% used [0x0000000080000000,0x0000000080e864e8,0x00000000b4c00000)
 Metaspace       used 25214K, capacity 25644K, committed 25728K, reserved 1073152K
  class space    used 2780K, capacity 2921K, committed 2944K, reserved 1048576K
Event: 47.654 GC heap after
Heap after GC invocations=9 (full 1):
 PSYoungGen      total 659456K, used 29749K [0x00000000d5580000, 0x0000000100000000, 0x0000000100000000)
  eden space 623104K, 0% used [0x00000000d5580000,0x00000000d5580000,0x00000000fb600000)
  from space 36352K, 81% used [0x00000000fdc80000,0x00000000ff98d490,0x0000000100000000)
  to   space 37888K, 0% used [0x00000000fb600000,0x00000000fb600000,0x00000000fdb00000)
 ParOldGen       total 864256K, used 14881K [0x0000000080000000, 0x00000000b4c00000, 0x00000000d5580000)
  object space 864256K, 1% used [0x0000000080000000,0x0000000080e884e8,0x00000000b4c00000)
 Metaspace       used 25214K, capacity 25644K, committed 25728K, reserved 1073152K
  class space    used 2780K, capacity 2921K, committed 2944K, reserved 1048576K
}
Event: 50.853 GC heap before
{Heap before GC invocations=10 (full 1):
 PSYoungGen      total 659456K, used 652853K [0x00000000d5580000, 0x0000000100000000, 0x0000000100000000)
  eden space 623104K, 100% used [0x00000000d5580000,0x00000000fb600000,0x00000000fb600000)
  from space 36352K, 81% used [0x00000000fdc80000,0x00000000ff98d490,0x0000000100000000)
  to   space 37888K, 0% used [0x00000000fb600000,0x00000000fb600000,0x00000000fdb00000)
 ParOldGen       total 864256K, used 14881K [0x0000000080000000, 0x00000000b4c00000, 0x00000000d5580000)
  object space 864256K, 1% used [0x0000000080000000,0x0000000080e884e8,0x00000000b4c00000)
 Metaspace       used 25222K, capacity 25718K, committed 25984K, reserved 1073152K
  class space    used 2781K, capacity 2922K, committed 2944K, reserved 1048576K
Event: 50.916 GC heap after
Heap after GC invocations=10 (full 1):
 PSYoungGen      total 654336K, used 30816K [0x00000000d5580000, 0x0000000100000000, 0x0000000100000000)
  eden space 623104K, 0% used [0x00000000d5580000,0x00000000d5580000,0x00000000fb600000)
  from space 31232K, 98% used [0x00000000fb600000,0x00000000fd4182b8,0x00000000fd480000)
  to   space 39936K, 0% used [0x00000000fd900000,0x00000000fd900000,0x0000000100000000)
 ParOldGen       total 864256K, used 14881K [0x0000000080000000, 0x00000000b4c00000, 0x00000000d5580000)
  object space 864256K, 1% used [0x0000000080000000,0x0000000080e884e8,0x00000000b4c00000)
 Metaspace       used 25222K, capacity 25718K, committed 25984K, reserved 1073152K
  class space    used 2781K, capacity 2922K, committed 2944K, reserved 1048576K
}

