-------------------------------------------------------------------------------
Test set: org.apache.hadoop.ozone.container.common.impl.TestContainerPersistence
-------------------------------------------------------------------------------
Tests run: 18, Failures: 1, Errors: 0, Skipped: 0, Time elapsed: 27.551 s <<< FAILURE! - in org.apache.hadoop.ozone.container.common.impl.TestContainerPersistence
testDeleteChunk(org.apache.hadoop.ozone.container.common.impl.TestContainerPersistence)  Time elapsed: 0.117 s  <<< FAILURE!
java.lang.AssertionError: 

Expected: (an instance of org.apache.hadoop.hdds.scm.container.common.helpers.StorageContainerException and exception with message a string containing "Unable to find the chunk file.")
     but: exception with message a string containing "Unable to find the chunk file." message was "Chunk file can't be found [/workdir/hadoop-ozone/integration-test/target/test-dir/TestContainerPersistence/hdds/685a39f6-2ec2-4f52-ab2a-b5579c4d3f3d/current/containerDir230/1573733256561/chunks/1573733256618.data.0]"
Stacktrace was: org.apache.hadoop.hdds.scm.container.common.helpers.StorageContainerException: Chunk file can't be found [/workdir/hadoop-ozone/integration-test/target/test-dir/TestContainerPersistence/hdds/685a39f6-2ec2-4f52-ab2a-b5579c4d3f3d/current/containerDir230/1573733256561/chunks/1573733256618.data.0]
	at org.apache.hadoop.ozone.container.keyvalue.impl.ChunkManagerImpl.readChunk(ChunkManagerImpl.java:249)
	at org.apache.hadoop.ozone.container.common.impl.TestContainerPersistence.testDeleteChunk(TestContainerPersistence.java:579)
	at sun.reflect.NativeMethodAccessorImpl.invoke0(Native Method)
	at sun.reflect.NativeMethodAccessorImpl.invoke(NativeMethodAccessorImpl.java:62)
	at sun.reflect.DelegatingMethodAccessorImpl.invoke(DelegatingMethodAccessorImpl.java:43)
	at java.lang.reflect.Method.invoke(Method.java:498)
	at org.junit.runners.model.FrameworkMethod$1.runReflectiveCall(FrameworkMethod.java:47)
	at org.junit.internal.runners.model.ReflectiveCallable.run(ReflectiveCallable.java:12)
	at org.junit.runners.model.FrameworkMethod.invokeExplosively(FrameworkMethod.java:44)
	at org.junit.internal.runners.statements.InvokeMethod.evaluate(InvokeMethod.java:17)
	at org.junit.internal.runners.statements.RunBefores.evaluate(RunBefores.java:26)
	at org.junit.internal.runners.statements.RunAfters.evaluate(RunAfters.java:27)
	at org.junit.rules.ExpectedException$ExpectedExceptionStatement.evaluate(ExpectedException.java:168)
	at org.junit.internal.runners.statements.FailOnTimeout$StatementThread.run(FailOnTimeout.java:74)

	at org.hamcrest.MatcherAssert.assertThat(MatcherAssert.java:20)
	at org.junit.Assert.assertThat(Assert.java:865)
	at org.junit.Assert.assertThat(Assert.java:832)
	at org.junit.rules.ExpectedException.handleException(ExpectedException.java:198)
	at org.junit.rules.ExpectedException.access$500(ExpectedException.java:85)
	at org.junit.rules.ExpectedException$ExpectedExceptionStatement.evaluate(ExpectedException.java:177)
	at org.junit.internal.runners.statements.FailOnTimeout$StatementThread.run(FailOnTimeout.java:74)

