# JRE version: OpenJDK Runtime Environment (8.0_222-b10) (build 1.8.0_222-b10)
# Java VM: OpenJDK 64-Bit Server VM (25.222-b10 mixed mode linux-amd64 compressed oops)
Heap:
 PSYoungGen      total 611840K, used 402607K [0x00000000d5580000, 0x0000000100000000, 0x0000000100000000)
  eden space 524800K, 76% used [0x00000000d5580000,0x00000000edeabee0,0x00000000f5600000)
  from space 87040K, 0% used [0x00000000fab00000,0x00000000fab00000,0x0000000100000000)
  to   space 87040K, 0% used [0x00000000f5600000,0x00000000f5600000,0x00000000fab00000)
 ParOldGen       total 1398272K, used 26566K [0x0000000080000000, 0x00000000d5580000, 0x00000000d5580000)
  object space 1398272K, 1% used [0x0000000080000000,0x00000000819f1b28,0x00000000d5580000)
 Metaspace       used 40739K, capacity 41266K, committed 41688K, reserved 1085440K
  class space    used 4607K, capacity 4763K, committed 4864K, reserved 1048576K
GC Heap History (8 events):
Event: 4.098 GC heap before
{Heap before GC invocations=1 (full 0):
 PSYoungGen      total 611840K, used 304385K [0x00000000d5580000, 0x0000000100000000, 0x0000000100000000)
  eden space 524800K, 58% used [0x00000000d5580000,0x00000000e7ec0730,0x00000000f5600000)
  from space 87040K, 0% used [0x00000000fab00000,0x00000000fab00000,0x0000000100000000)
  to   space 87040K, 0% used [0x00000000f5600000,0x00000000f5600000,0x00000000fab00000)
 ParOldGen       total 1398272K, used 0K [0x0000000080000000, 0x00000000d5580000, 0x00000000d5580000)
  object space 1398272K, 0% used [0x0000000080000000,0x0000000080000000,0x00000000d5580000)
 Metaspace       used 20839K, capacity 21056K, committed 21248K, reserved 1069056K
  class space    used 2413K, capacity 2492K, committed 2560K, reserved 1048576K
Event: 4.146 GC heap after
Heap after GC invocations=1 (full 0):
 PSYoungGen      total 611840K, used 18001K [0x00000000d5580000, 0x0000000100000000, 0x0000000100000000)
  eden space 524800K, 0% used [0x00000000d5580000,0x00000000d5580000,0x00000000f5600000)
  from space 87040K, 20% used [0x00000000f5600000,0x00000000f67944e0,0x00000000fab00000)
  to   space 87040K, 0% used [0x00000000fab00000,0x00000000fab00000,0x0000000100000000)
 ParOldGen       total 1398272K, used 24K [0x0000000080000000, 0x00000000d5580000, 0x00000000d5580000)
  object space 1398272K, 0% used [0x0000000080000000,0x0000000080006000,0x00000000d5580000)
 Metaspace       used 20839K, capacity 21056K, committed 21248K, reserved 1069056K
  class space    used 2413K, capacity 2492K, committed 2560K, reserved 1048576K
}
Event: 4.146 GC heap before
{Heap before GC invocations=2 (full 1):
 PSYoungGen      total 611840K, used 18001K [0x00000000d5580000, 0x0000000100000000, 0x0000000100000000)
  eden space 524800K, 0% used [0x00000000d5580000,0x00000000d5580000,0x00000000f5600000)
  from space 87040K, 20% used [0x00000000f5600000,0x00000000f67944e0,0x00000000fab00000)
  to   space 87040K, 0% used [0x00000000fab00000,0x00000000fab00000,0x0000000100000000)
 ParOldGen       total 1398272K, used 24K [0x0000000080000000, 0x00000000d5580000, 0x00000000d5580000)
  object space 1398272K, 0% used [0x0000000080000000,0x0000000080006000,0x00000000d5580000)
 Metaspace       used 20839K, capacity 21056K, committed 21248K, reserved 1069056K
  class space    used 2413K, capacity 2492K, committed 2560K, reserved 1048576K
Event: 4.232 GC heap after
Heap after GC invocations=2 (full 1):
 PSYoungGen      total 611840K, used 0K [0x00000000d5580000, 0x0000000100000000, 0x0000000100000000)
  eden space 524800K, 0% used [0x00000000d5580000,0x00000000d5580000,0x00000000f5600000)
  from space 87040K, 0% used [0x00000000f5600000,0x00000000f5600000,0x00000000fab00000)
  to   space 87040K, 0% used [0x00000000fab00000,0x00000000fab00000,0x0000000100000000)
 ParOldGen       total 878080K, used 17454K [0x0000000080000000, 0x00000000b5980000, 0x00000000d5580000)
  object space 878080K, 1% used [0x0000000080000000,0x000000008110bbd8,0x00000000b5980000)
 Metaspace       used 20839K, capacity 21056K, committed 21248K, reserved 1069056K
  class space    used 2413K, capacity 2492K, committed 2560K, reserved 1048576K
}
Event: 8.376 GC heap before
{Heap before GC invocations=3 (full 1):
 PSYoungGen      total 611840K, used 311318K [0x00000000d5580000, 0x0000000100000000, 0x0000000100000000)
  eden space 524800K, 59% used [0x00000000d5580000,0x00000000e85859b8,0x00000000f5600000)
  from space 87040K, 0% used [0x00000000f5600000,0x00000000f5600000,0x00000000fab00000)
  to   space 87040K, 0% used [0x00000000fab00000,0x00000000fab00000,0x0000000100000000)
 ParOldGen       total 878080K, used 17454K [0x0000000080000000, 0x00000000b5980000, 0x00000000d5580000)
  object space 878080K, 1% used [0x0000000080000000,0x000000008110bbd8,0x00000000b5980000)
 Metaspace       used 34690K, capacity 35020K, committed 35416K, reserved 1081344K
  class space    used 4012K, capacity 4134K, committed 4224K, reserved 1048576K
Event: 8.416 GC heap after
Heap after GC invocations=3 (full 1):
 PSYoungGen      total 611840K, used 18779K [0x00000000d5580000, 0x0000000100000000, 0x0000000100000000)
  eden space 524800K, 0% used [0x00000000d5580000,0x00000000d5580000,0x00000000f5600000)
  from space 87040K, 21% used [0x00000000fab00000,0x00000000fbd56ef8,0x0000000100000000)
  to   space 87040K, 0% used [0x00000000f5600000,0x00000000f5600000,0x00000000fab00000)
 ParOldGen       total 878080K, used 17462K [0x0000000080000000, 0x00000000b5980000, 0x00000000d5580000)
  object space 878080K, 1% used [0x0000000080000000,0x000000008110dbd8,0x00000000b5980000)
 Metaspace       used 34690K, capacity 35020K, committed 35416K, reserved 1081344K
  class space    used 4012K, capacity 4134K, committed 4224K, reserved 1048576K
}
Event: 8.416 GC heap before
{Heap before GC invocations=4 (full 2):
 PSYoungGen      total 611840K, used 18779K [0x00000000d5580000, 0x0000000100000000, 0x0000000100000000)
  eden space 524800K, 0% used [0x00000000d5580000,0x00000000d5580000,0x00000000f5600000)
  from space 87040K, 21% used [0x00000000fab00000,0x00000000fbd56ef8,0x0000000100000000)
  to   space 87040K, 0% used [0x00000000f5600000,0x00000000f5600000,0x00000000fab00000)
 ParOldGen       total 878080K, used 17462K [0x0000000080000000, 0x00000000b5980000, 0x00000000d5580000)
  object space 878080K, 1% used [0x0000000080000000,0x000000008110dbd8,0x00000000b5980000)
 Metaspace       used 34690K, capacity 35020K, committed 35416K, reserved 1081344K
  class space    used 4012K, capacity 4134K, committed 4224K, reserved 1048576K
Event: 8.531 GC heap after
Heap after GC invocations=4 (full 2):
 PSYoungGen      total 611840K, used 0K [0x00000000d5580000, 0x0000000100000000, 0x0000000100000000)
  eden space 524800K, 0% used [0x00000000d5580000,0x00000000d5580000,0x00000000f5600000)
  from space 87040K, 0% used [0x00000000fab00000,0x00000000fab00000,0x0000000100000000)
  to   space 87040K, 0% used [0x00000000f5600000,0x00000000f5600000,0x00000000fab00000)
 ParOldGen       total 1398272K, used 26566K [0x0000000080000000, 0x00000000d5580000, 0x00000000d5580000)
  object space 1398272K, 1% used [0x0000000080000000,0x00000000819f1b28,0x00000000d5580000)
 Metaspace       used 34690K, capacity 35020K, committed 35416K, reserved 1081344K
  class space    used 4012K, capacity 4134K, committed 4224K, reserved 1048576K
}

