rm: cannot remove '/workdir/hadoop-ozone/dist/target/ozone-0.5.0-SNAPSHOT/compose/result/*': No such file or directory
Executing test in /workdir/hadoop-ozone/dist/target/ozone-0.5.0-SNAPSHOT/compose/ozone-mr/hadoop27
Removing network hadoop27_default
Network hadoop27_default not found.
Creating network "hadoop27_default" with the default driver
Pulling scm (apache/ozone-runner:20191107-1)...
20191107-1: Pulling from apache/ozone-runner
Digest: sha256:185e18663394e1976d73a6f7de2aa8ade4d20a0e7314b415cad6f26f446323fe
Status: Downloaded newer image for apache/ozone-runner:20191107-1
Pulling nm (flokkr/hadoop:2.7.7)...
2.7.7: Pulling from flokkr/hadoop
Digest: sha256:594a1cc971f4e91218132f2027617859d4624a55bda01bc43ec07545022ac6c9
Status: Downloaded newer image for flokkr/hadoop:2.7.7
Creating hadoop27_rm_1 ... 
Creating hadoop27_om_1 ... 
Creating hadoop27_scm_1 ... 
Creating hadoop27_datanode_1 ... 
Creating hadoop27_datanode_2 ... 
Creating hadoop27_datanode_3 ... 
Creating hadoop27_nm_1       ... 
Creating hadoop27_s3g_1      ... 
Creating hadoop27_nm_1       ... done
Creating hadoop27_om_1       ... done
Creating hadoop27_scm_1      ... done
Creating hadoop27_rm_1       ... done
Creating hadoop27_datanode_2 ... done
Creating hadoop27_datanode_1 ... done
Creating hadoop27_s3g_1      ... done
Creating hadoop27_datanode_3 ... done
0 datanode is up and healthy (until now)
3 datanodes are up and registered to the scm
SCM is in safe mode.
SCM is in safe mode.
SCM is in safe mode.
SCM is out of safe mode.
Safe mode is off
==============================================================================
hadoop27-createmrenv :: Create directories required for MR test               
==============================================================================
Create test volume, bucket and key                                    | PASS |
------------------------------------------------------------------------------
Create user dir for hadoop                                            | PASS |
------------------------------------------------------------------------------
hadoop27-createmrenv :: Create directories required for MR test       | PASS |
2 critical tests, 2 passed, 0 failed
2 tests total, 2 passed, 0 failed
==============================================================================
Output:  /tmp/smoketest/hadoop27/result/robot-hadoop27-hadoop27-createmrenv-scm.xml
fetch http://dl-cdn.alpinelinux.org/alpine/v3.8/main/x86_64/APKINDEX.tar.gz
fetch http://dl-cdn.alpinelinux.org/alpine/v3.8/community/x86_64/APKINDEX.tar.gz
(1/7) Installing libbz2 (1.0.6-r7)
(2/7) Installing libffi (3.2.1-r4)
(3/7) Installing gdbm (1.13-r1)
(4/7) Installing sqlite-libs (3.25.3-r2)
(5/7) Installing python2 (2.7.15-r2)
(6/7) Installing py-setuptools (39.1.0-r0)
(7/7) Installing py2-pip (10.0.1-r0)
Executing busybox-1.28.4-r0.trigger
Executing glibc-bin-2.27-r0.trigger
OK: 93 MiB in 45 packages
Collecting robotframework
  Downloading https://files.pythonhosted.org/packages/22/0f/1b9ffa0c4e59789b50e6034866e823b7d4a5c7eaedad7bfd0bba42f2aa9d/robotframework-3.1.2-py2.py3-none-any.whl (602kB)
Installing collected packages: robotframework
Successfully installed robotframework-3.1.2
You are using pip version 10.0.1, however version 19.3.1 is available.
You should consider upgrading via the 'pip install --upgrade pip' command.
==============================================================================
hadoop27-hadoopo3fs :: Test ozone fs with hadoopfs                            
==============================================================================
Test hadoop dfs                                                       | PASS |
------------------------------------------------------------------------------
hadoop27-hadoopo3fs :: Test ozone fs with hadoopfs                    | PASS |
1 critical test, 1 passed, 0 failed
1 test total, 1 passed, 0 failed
==============================================================================
Output:  /tmp/smoketest/hadoop27/result/robot-hadoop27-hadoop27-hadoopo3fs-rm.xml
==============================================================================
hadoop27-mapreduce :: Execute MR jobs                                         
==============================================================================
Execute PI calculation                                                | PASS |
------------------------------------------------------------------------------
Execute WordCount                                                     | PASS |
------------------------------------------------------------------------------
hadoop27-mapreduce :: Execute MR jobs                                 | PASS |
2 critical tests, 2 passed, 0 failed
2 tests total, 2 passed, 0 failed
==============================================================================
Output:  /tmp/smoketest/hadoop27/result/robot-hadoop27-hadoop27-mapreduce-rm.xml
Connection pool is full, discarding connection: 0.0.0.0
Connection pool is full, discarding connection: 0.0.0.0
Stopping hadoop27_datanode_1 ... 
Stopping hadoop27_datanode_3 ... 
Stopping hadoop27_s3g_1      ... 
Stopping hadoop27_datanode_2 ... 
Stopping hadoop27_om_1       ... 
Stopping hadoop27_scm_1      ... 
Stopping hadoop27_nm_1       ... 
Stopping hadoop27_rm_1       ... 
Stopping hadoop27_nm_1       ... done
Stopping hadoop27_rm_1       ... done
Stopping hadoop27_scm_1      ... done
Stopping hadoop27_datanode_3 ... done
Stopping hadoop27_om_1       ... done
Stopping hadoop27_s3g_1      ... done
Stopping hadoop27_datanode_2 ... done
Stopping hadoop27_datanode_1 ... done
Removing hadoop27_datanode_1 ... 
Removing hadoop27_datanode_3 ... 
Removing hadoop27_s3g_1      ... 
Removing hadoop27_datanode_2 ... 
Removing hadoop27_om_1       ... 
Removing hadoop27_scm_1      ... 
Removing hadoop27_nm_1       ... 
Removing hadoop27_rm_1       ... 
Removing hadoop27_datanode_3 ... done
Removing hadoop27_nm_1       ... done
Removing hadoop27_rm_1       ... done
Removing hadoop27_scm_1      ... done
Removing hadoop27_datanode_2 ... done
Removing hadoop27_om_1       ... done
Removing hadoop27_s3g_1      ... done
Removing hadoop27_datanode_1 ... done
Removing network hadoop27_default
Log:     /workdir/hadoop-ozone/dist/target/ozone-0.5.0-SNAPSHOT/compose/ozone-mr/hadoop27/result/log.html
Report:  /workdir/hadoop-ozone/dist/target/ozone-0.5.0-SNAPSHOT/compose/ozone-mr/hadoop27/result/report.html
Executing test in /workdir/hadoop-ozone/dist/target/ozone-0.5.0-SNAPSHOT/compose/ozone-mr/hadoop31
Removing network hadoop31_default
Network hadoop31_default not found.
Creating network "hadoop31_default" with the default driver
Pulling nm (flokkr/hadoop:3.1.2)...
3.1.2: Pulling from flokkr/hadoop
Digest: sha256:aaed24f2f15ef520340c98c99c96c62056e018fdfe4591b8dfdfa8fd50636dc1
Status: Downloaded newer image for flokkr/hadoop:3.1.2
Creating hadoop31_rm_1 ... 
Creating hadoop31_om_1 ... 
Creating hadoop31_s3g_1 ... 
Creating hadoop31_nm_1  ... 
Creating hadoop31_scm_1 ... 
Creating hadoop31_datanode_1 ... 
Creating hadoop31_datanode_2 ... 
Creating hadoop31_datanode_3 ... 
Creating hadoop31_rm_1       ... done
Creating hadoop31_om_1       ... done
Creating hadoop31_scm_1      ... done
Creating hadoop31_datanode_3 ... done
Creating hadoop31_s3g_1      ... done
Creating hadoop31_datanode_2 ... done
Creating hadoop31_datanode_1 ... done
Creating hadoop31_nm_1       ... done
0 datanode is up and healthy (until now)
1 datanode is up and healthy (until now)
3 datanodes are up and registered to the scm
SCM is in safe mode.
SCM is in safe mode.
SCM is out of safe mode.
Safe mode is off
==============================================================================
hadoop31-createmrenv :: Create directories required for MR test               
==============================================================================
Create test volume, bucket and key                                    | PASS |
------------------------------------------------------------------------------
Create user dir for hadoop                                            | PASS |
------------------------------------------------------------------------------
hadoop31-createmrenv :: Create directories required for MR test       | PASS |
2 critical tests, 2 passed, 0 failed
2 tests total, 2 passed, 0 failed
==============================================================================
Output:  /tmp/smoketest/hadoop31/result/robot-hadoop31-hadoop31-createmrenv-scm.xml
fetch http://dl-cdn.alpinelinux.org/alpine/v3.8/main/x86_64/APKINDEX.tar.gz
fetch http://dl-cdn.alpinelinux.org/alpine/v3.8/community/x86_64/APKINDEX.tar.gz
(1/7) Installing libbz2 (1.0.6-r7)
(2/7) Installing libffi (3.2.1-r4)
(3/7) Installing gdbm (1.13-r1)
(4/7) Installing sqlite-libs (3.25.3-r2)
(5/7) Installing python2 (2.7.15-r2)
(6/7) Installing py-setuptools (39.1.0-r0)
(7/7) Installing py2-pip (10.0.1-r0)
Executing busybox-1.28.4-r0.trigger
Executing glibc-bin-2.27-r0.trigger
OK: 93 MiB in 45 packages
Collecting robotframework
  Downloading https://files.pythonhosted.org/packages/22/0f/1b9ffa0c4e59789b50e6034866e823b7d4a5c7eaedad7bfd0bba42f2aa9d/robotframework-3.1.2-py2.py3-none-any.whl (602kB)
Installing collected packages: robotframework
Successfully installed robotframework-3.1.2
You are using pip version 10.0.1, however version 19.3.1 is available.
You should consider upgrading via the 'pip install --upgrade pip' command.
==============================================================================
hadoop31-hadoopo3fs :: Test ozone fs with hadoopfs                            
==============================================================================
Test hadoop dfs                                                       | PASS |
------------------------------------------------------------------------------
hadoop31-hadoopo3fs :: Test ozone fs with hadoopfs                    | PASS |
1 critical test, 1 passed, 0 failed
1 test total, 1 passed, 0 failed
==============================================================================
Output:  /tmp/smoketest/hadoop31/result/robot-hadoop31-hadoop31-hadoopo3fs-rm.xml
==============================================================================
hadoop31-mapreduce :: Execute MR jobs                                         
==============================================================================
Execute PI calculation                                                | PASS |
------------------------------------------------------------------------------
Execute WordCount                                                     | PASS |
------------------------------------------------------------------------------
hadoop31-mapreduce :: Execute MR jobs                                 | PASS |
2 critical tests, 2 passed, 0 failed
2 tests total, 2 passed, 0 failed
==============================================================================
Output:  /tmp/smoketest/hadoop31/result/robot-hadoop31-hadoop31-mapreduce-rm.xml
Connection pool is full, discarding connection: 0.0.0.0
Connection pool is full, discarding connection: 0.0.0.0
Connection pool is full, discarding connection: 0.0.0.0
Stopping hadoop31_datanode_3 ... 
Stopping hadoop31_datanode_1 ... 
Stopping hadoop31_datanode_2 ... 
Stopping hadoop31_s3g_1      ... 
Stopping hadoop31_scm_1      ... 
Stopping hadoop31_nm_1       ... 
Stopping hadoop31_om_1       ... 
Stopping hadoop31_rm_1       ... 
Stopping hadoop31_nm_1       ... done
Stopping hadoop31_rm_1       ... done
Stopping hadoop31_scm_1      ... done
Stopping hadoop31_om_1       ... done
Stopping hadoop31_s3g_1      ... done
Stopping hadoop31_datanode_3 ... done
Stopping hadoop31_datanode_2 ... done
Stopping hadoop31_datanode_1 ... done
Removing hadoop31_datanode_3 ... 
Removing hadoop31_datanode_1 ... 
Removing hadoop31_datanode_2 ... 
Removing hadoop31_s3g_1      ... 
Removing hadoop31_scm_1      ... 
Removing hadoop31_nm_1       ... 
Removing hadoop31_om_1       ... 
Removing hadoop31_rm_1       ... 
Removing hadoop31_om_1       ... done
Removing hadoop31_datanode_1 ... done
Removing hadoop31_s3g_1      ... done
Removing hadoop31_datanode_2 ... done
Removing hadoop31_rm_1       ... done
Removing hadoop31_scm_1      ... done
Removing hadoop31_nm_1       ... done
Removing hadoop31_datanode_3 ... done
Removing network hadoop31_default
Log:     /workdir/hadoop-ozone/dist/target/ozone-0.5.0-SNAPSHOT/compose/ozone-mr/hadoop31/result/log.html
Report:  /workdir/hadoop-ozone/dist/target/ozone-0.5.0-SNAPSHOT/compose/ozone-mr/hadoop31/result/report.html
Executing test in /workdir/hadoop-ozone/dist/target/ozone-0.5.0-SNAPSHOT/compose/ozone-mr/hadoop32
Removing network hadoop32_default
Network hadoop32_default not found.
Creating network "hadoop32_default" with the default driver
Pulling nm (apache/hadoop:3)...
3: Pulling from apache/hadoop
Digest: sha256:5cba355fd83de1bcce907abaa7f8ac3cfbc2ab74a09785ecdc892392883344f6
Status: Downloaded newer image for apache/hadoop:3
Creating hadoop32_nm_1 ... 
Creating hadoop32_s3g_1 ... 
Creating hadoop32_datanode_1 ... 
Creating hadoop32_datanode_2 ... 
Creating hadoop32_datanode_3 ... 
Creating hadoop32_scm_1      ... 
Creating hadoop32_om_1       ... 
Creating hadoop32_rm_1       ... 
Creating hadoop32_s3g_1      ... done
Creating hadoop32_datanode_2 ... done
Creating hadoop32_datanode_1 ... done
Creating hadoop32_nm_1       ... done
Creating hadoop32_om_1       ... done
Creating hadoop32_datanode_3 ... done
Creating hadoop32_rm_1       ... done
Creating hadoop32_scm_1      ... done
0 datanode is up and healthy (until now)
3 datanodes are up and registered to the scm
SCM is in safe mode.
SCM is in safe mode.
SCM is in safe mode.
SCM is in safe mode.
SCM is in safe mode.
SCM is in safe mode.
SCM is out of safe mode.
Safe mode is off
==============================================================================
hadoop32-createmrenv :: Create directories required for MR test               
==============================================================================
Create test volume, bucket and key                                    | PASS |
------------------------------------------------------------------------------
Create user dir for hadoop                                            | PASS |
------------------------------------------------------------------------------
hadoop32-createmrenv :: Create directories required for MR test       | PASS |
2 critical tests, 2 passed, 0 failed
2 tests total, 2 passed, 0 failed
==============================================================================
Output:  /tmp/smoketest/hadoop32/result/robot-hadoop32-hadoop32-createmrenv-scm.xml
==============================================================================
hadoop32-hadoopo3fs :: Test ozone fs with hadoopfs                            
==============================================================================
Test hadoop dfs                                                       | PASS |
------------------------------------------------------------------------------
hadoop32-hadoopo3fs :: Test ozone fs with hadoopfs                    | PASS |
1 critical test, 1 passed, 0 failed
1 test total, 1 passed, 0 failed
==============================================================================
Output:  /tmp/smoketest/hadoop32/result/robot-hadoop32-hadoop32-hadoopo3fs-rm.xml
==============================================================================
hadoop32-mapreduce :: Execute MR jobs                                         
==============================================================================
Execute PI calculation                                                | PASS |
------------------------------------------------------------------------------
Execute WordCount                                                     | PASS |
------------------------------------------------------------------------------
hadoop32-mapreduce :: Execute MR jobs                                 | PASS |
2 critical tests, 2 passed, 0 failed
2 tests total, 2 passed, 0 failed
==============================================================================
Output:  /tmp/smoketest/hadoop32/result/robot-hadoop32-hadoop32-mapreduce-rm.xml
Connection pool is full, discarding connection: 0.0.0.0
Connection pool is full, discarding connection: 0.0.0.0
Stopping hadoop32_scm_1      ... 
Stopping hadoop32_om_1       ... 
Stopping hadoop32_rm_1       ... 
Stopping hadoop32_datanode_3 ... 
Stopping hadoop32_nm_1       ... 
Stopping hadoop32_datanode_1 ... 
Stopping hadoop32_datanode_2 ... 
Stopping hadoop32_s3g_1      ... 
Stopping hadoop32_nm_1       ... done
Stopping hadoop32_rm_1       ... done
Stopping hadoop32_s3g_1      ... done
Stopping hadoop32_scm_1      ... done
Stopping hadoop32_datanode_2 ... done
Stopping hadoop32_om_1       ... done
Stopping hadoop32_datanode_1 ... done
Stopping hadoop32_datanode_3 ... done
Removing hadoop32_scm_1      ... 
Removing hadoop32_om_1       ... 
Removing hadoop32_rm_1       ... 
Removing hadoop32_datanode_3 ... 
Removing hadoop32_nm_1       ... 
Removing hadoop32_datanode_1 ... 
Removing hadoop32_datanode_2 ... 
Removing hadoop32_s3g_1      ... 
Removing hadoop32_scm_1      ... done
Removing hadoop32_datanode_3 ... done
Removing hadoop32_rm_1       ... done
Removing hadoop32_datanode_2 ... done
Removing hadoop32_nm_1       ... done
Removing hadoop32_datanode_1 ... done
Removing hadoop32_om_1       ... done
Removing hadoop32_s3g_1      ... done
Removing network hadoop32_default
Log:     /workdir/hadoop-ozone/dist/target/ozone-0.5.0-SNAPSHOT/compose/ozone-mr/hadoop32/result/log.html
Report:  /workdir/hadoop-ozone/dist/target/ozone-0.5.0-SNAPSHOT/compose/ozone-mr/hadoop32/result/report.html
Executing test in /workdir/hadoop-ozone/dist/target/ozone-0.5.0-SNAPSHOT/compose/ozone-om-ha-s3
Removing network ozone-om-ha-s3_default
Network ozone-om-ha-s3_default not found.
Creating network "ozone-om-ha-s3_default" with the default driver
Creating ozone-om-ha-s3_scm_1 ... 
Creating ozone-om-ha-s3_s3g_1 ... 
Creating ozone-om-ha-s3_datanode_1 ... 
Creating ozone-om-ha-s3_om1_1      ... 
Creating ozone-om-ha-s3_om2_1      ... 
Creating ozone-om-ha-s3_om3_1      ... 
Creating ozone-om-ha-s3_datanode_2 ... 
Creating ozone-om-ha-s3_datanode_3 ... 
Creating ozone-om-ha-s3_scm_1      ... done
Creating ozone-om-ha-s3_om2_1      ... done
Creating ozone-om-ha-s3_datanode_3 ... done
Creating ozone-om-ha-s3_datanode_1 ... done
Creating ozone-om-ha-s3_s3g_1      ... done
Creating ozone-om-ha-s3_datanode_2 ... done
Creating ozone-om-ha-s3_om1_1      ... done
Creating ozone-om-ha-s3_om3_1      ... done
0 datanode is up and healthy (until now)
3 datanodes are up and registered to the scm
SCM is in safe mode.
SCM is in safe mode.
SCM is in safe mode.
SCM is out of safe mode.
Safe mode is off
==============================================================================
ozone-om-ha-s3-s3                                                             
==============================================================================
ozone-om-ha-s3-s3.Awss3 :: S3 gateway test with aws cli                       
==============================================================================
File upload and directory list                                        | PASS |
------------------------------------------------------------------------------
ozone-om-ha-s3-s3.Awss3 :: S3 gateway test with aws cli               | PASS |
1 critical test, 1 passed, 0 failed
1 test total, 1 passed, 0 failed
==============================================================================
ozone-om-ha-s3-s3.Bucketcreate :: S3 gateway test with aws cli                
==============================================================================
Create bucket which already exists                                    | PASS |
------------------------------------------------------------------------------
ozone-om-ha-s3-s3.Bucketcreate :: S3 gateway test with aws cli        | PASS |
1 critical test, 1 passed, 0 failed
1 test total, 1 passed, 0 failed
==============================================================================
ozone-om-ha-s3-s3.Buckethead :: S3 gateway test with aws cli                  
==============================================================================
Head Bucket not existent                                              | PASS |
------------------------------------------------------------------------------
ozone-om-ha-s3-s3.Buckethead :: S3 gateway test with aws cli          | PASS |
1 critical test, 1 passed, 0 failed
1 test total, 1 passed, 0 failed
==============================================================================
ozone-om-ha-s3-s3.Bucketlist :: S3 gateway test with aws cli                  
==============================================================================
List buckets                                                          | PASS |
------------------------------------------------------------------------------
ozone-om-ha-s3-s3.Bucketlist :: S3 gateway test with aws cli          | PASS |
1 critical test, 1 passed, 0 failed
1 test total, 1 passed, 0 failed
==============================================================================
ozone-om-ha-s3-s3.MultipartUpload :: S3 gateway test with aws cli             
==============================================================================
Test Multipart Upload                                                 | PASS |
------------------------------------------------------------------------------
Test Multipart Upload Complete                                        | PASS |
------------------------------------------------------------------------------
Test Multipart Upload Complete Entity too small                       | PASS |
------------------------------------------------------------------------------
Test Multipart Upload Complete Invalid part errors and complete mp... | PASS |
------------------------------------------------------------------------------
Test abort Multipart upload                                           | PASS |
------------------------------------------------------------------------------
Test abort Multipart upload with invalid uploadId                     | PASS |
------------------------------------------------------------------------------
Upload part with Incorrect uploadID                                   | PASS |
------------------------------------------------------------------------------
Test list parts                                                       | PASS |
------------------------------------------------------------------------------
Test Multipart Upload with the simplified aws s3 cp API               | PASS |
------------------------------------------------------------------------------
Test Multipart Upload Put With Copy                                   | PASS |
------------------------------------------------------------------------------
Test Multipart Upload Put With Copy and range                         | PASS |
------------------------------------------------------------------------------
Test Multipart Upload list                                            | PASS |
------------------------------------------------------------------------------
ozone-om-ha-s3-s3.MultipartUpload :: S3 gateway test with aws cli     | PASS |
12 critical tests, 12 passed, 0 failed
12 tests total, 12 passed, 0 failed
==============================================================================
ozone-om-ha-s3-s3.Objectcopy :: S3 gateway test with aws cli                  
==============================================================================
Copy Object Happy Scenario                                            | PASS |
------------------------------------------------------------------------------
Copy Object Where Bucket is not available                             | PASS |
------------------------------------------------------------------------------
Copy Object Where both source and dest are same with change to sto... | PASS |
------------------------------------------------------------------------------
Copy Object Where Key not available                                   | PASS |
------------------------------------------------------------------------------
ozone-om-ha-s3-s3.Objectcopy :: S3 gateway test with aws cli          | PASS |
4 critical tests, 4 passed, 0 failed
4 tests total, 4 passed, 0 failed
==============================================================================
ozone-om-ha-s3-s3.Objectdelete :: S3 gateway test with aws cli                
==============================================================================
Delete file with s3api                                                | PASS |
------------------------------------------------------------------------------
Delete file with s3api, file doesn't exist                            | PASS |
------------------------------------------------------------------------------
Delete dir with s3api                                                 | PASS |
------------------------------------------------------------------------------
Delete file with s3api, file doesn't exist, prefix of a real file     | PASS |
------------------------------------------------------------------------------
Delete file with s3api, bucket doesn't exist                          | PASS |
------------------------------------------------------------------------------
ozone-om-ha-s3-s3.Objectdelete :: S3 gateway test with aws cli        | PASS |
5 critical tests, 5 passed, 0 failed
5 tests total, 5 passed, 0 failed
==============================================================================
ozone-om-ha-s3-s3.Objectmultidelete :: S3 gateway test with aws cli           
==============================================================================
Delete file with multi delete                                         | PASS |
------------------------------------------------------------------------------
ozone-om-ha-s3-s3.Objectmultidelete :: S3 gateway test with aws cli   | PASS |
1 critical test, 1 passed, 0 failed
1 test total, 1 passed, 0 failed
==============================================================================
ozone-om-ha-s3-s3.Objectputget :: S3 gateway test with aws cli                
==============================================================================
Put object to s3                                                      | PASS |
------------------------------------------------------------------------------
Get object from s3                                                    | PASS |
------------------------------------------------------------------------------
Get Partial object from s3 with both start and endoffset              | PASS |
------------------------------------------------------------------------------
Get Partial object from s3 with both start and endoffset(start off... | PASS |
------------------------------------------------------------------------------
Get Partial object from s3 with both start and endoffset(end offse... | PASS |
------------------------------------------------------------------------------
Get Partial object from s3 with only start offset                     | PASS |
------------------------------------------------------------------------------
Get Partial object from s3 with both start and endoffset which are... | PASS |
------------------------------------------------------------------------------
Get Partial object from s3 to get last n bytes                        | PASS |
------------------------------------------------------------------------------
Incorrect values for end and start offset                             | PASS |
------------------------------------------------------------------------------
Zero byte file                                                        | PASS |
------------------------------------------------------------------------------
ozone-om-ha-s3-s3.Objectputget :: S3 gateway test with aws cli        | PASS |
10 critical tests, 10 passed, 0 failed
10 tests total, 10 passed, 0 failed
==============================================================================
ozone-om-ha-s3-s3.Webui :: S3 gateway web ui test                             
==============================================================================
S3 Gateway Web UI                                                     | PASS |
------------------------------------------------------------------------------
ozone-om-ha-s3-s3.Webui :: S3 gateway web ui test                     | PASS |
1 critical test, 1 passed, 0 failed
1 test total, 1 passed, 0 failed
==============================================================================
ozone-om-ha-s3-s3                                                     | PASS |
37 critical tests, 37 passed, 0 failed
37 tests total, 37 passed, 0 failed
==============================================================================
Output:  /tmp/smoketest/ozone-om-ha-s3/result/robot-ozone-om-ha-s3-ozone-om-ha-s3-s3-scm.xml
Connection pool is full, discarding connection: 0.0.0.0
Connection pool is full, discarding connection: 0.0.0.0
Connection pool is full, discarding connection: 0.0.0.0
Stopping ozone-om-ha-s3_om3_1      ... 
Stopping ozone-om-ha-s3_om1_1      ... 
Stopping ozone-om-ha-s3_datanode_2 ... 
Stopping ozone-om-ha-s3_datanode_3 ... 
Stopping ozone-om-ha-s3_datanode_1 ... 
Stopping ozone-om-ha-s3_s3g_1      ... 
Stopping ozone-om-ha-s3_om2_1      ... 
Stopping ozone-om-ha-s3_scm_1      ... 
Stopping ozone-om-ha-s3_datanode_2 ... done
Stopping ozone-om-ha-s3_scm_1      ... done
Stopping ozone-om-ha-s3_datanode_3 ... done
Stopping ozone-om-ha-s3_om2_1      ... done
Stopping ozone-om-ha-s3_s3g_1      ... done
Stopping ozone-om-ha-s3_om1_1      ... done
Stopping ozone-om-ha-s3_datanode_1 ... done
Stopping ozone-om-ha-s3_om3_1      ... done
Removing ozone-om-ha-s3_om3_1      ... 
Removing ozone-om-ha-s3_om1_1      ... 
Removing ozone-om-ha-s3_datanode_2 ... 
Removing ozone-om-ha-s3_datanode_3 ... 
Removing ozone-om-ha-s3_datanode_1 ... 
Removing ozone-om-ha-s3_s3g_1      ... 
Removing ozone-om-ha-s3_om2_1      ... 
Removing ozone-om-ha-s3_scm_1      ... 
Removing ozone-om-ha-s3_scm_1      ... done
Removing ozone-om-ha-s3_om2_1      ... done
Removing ozone-om-ha-s3_datanode_1 ... done
Removing ozone-om-ha-s3_datanode_2 ... done
Removing ozone-om-ha-s3_datanode_3 ... done
Removing ozone-om-ha-s3_om3_1      ... done
Removing ozone-om-ha-s3_s3g_1      ... done
Removing ozone-om-ha-s3_om1_1      ... done
Removing network ozone-om-ha-s3_default
Log:     /workdir/hadoop-ozone/dist/target/ozone-0.5.0-SNAPSHOT/compose/ozone-om-ha-s3/result/log.html
Report:  /workdir/hadoop-ozone/dist/target/ozone-0.5.0-SNAPSHOT/compose/ozone-om-ha-s3/result/report.html
Executing test in /workdir/hadoop-ozone/dist/target/ozone-0.5.0-SNAPSHOT/compose/ozone-om-ha
Removing network ozone-om-ha_default
Network ozone-om-ha_default not found.
Creating network "ozone-om-ha_default" with the default driver
Building om3
Step 1/22 : ARG OZONE_RUNNER_VERSION
Step 2/22 : FROM apache/ozone-runner:${OZONE_RUNNER_VERSION}
 ---> 3322bed1cb7c
Step 3/22 : RUN sudo yum install -y openssh-clients openssh-server
 ---> Running in ba6d08cf2347
Loaded plugins: fastestmirror, ovl
Loading mirror speeds from cached hostfile
 * base: mirror.fileplanet.com
 * epel: mirror.sfo12.us.leaseweb.net
 * extras: mirror.sfo12.us.leaseweb.net
 * updates: mirror.fileplanet.com
Resolving Dependencies
--> Running transaction check
---> Package openssh-clients.x86_64 0:7.4p1-21.el7 will be installed
--> Processing Dependency: openssh = 7.4p1-21.el7 for package: openssh-clients-7.4p1-21.el7.x86_64
--> Processing Dependency: fipscheck-lib(x86-64) >= 1.3.0 for package: openssh-clients-7.4p1-21.el7.x86_64
--> Processing Dependency: libfipscheck.so.1()(64bit) for package: openssh-clients-7.4p1-21.el7.x86_64
--> Processing Dependency: libedit.so.0()(64bit) for package: openssh-clients-7.4p1-21.el7.x86_64
---> Package openssh-server.x86_64 0:7.4p1-21.el7 will be installed
--> Processing Dependency: libwrap.so.0()(64bit) for package: openssh-server-7.4p1-21.el7.x86_64
--> Running transaction check
---> Package fipscheck-lib.x86_64 0:1.4.1-6.el7 will be installed
--> Processing Dependency: /usr/bin/fipscheck for package: fipscheck-lib-1.4.1-6.el7.x86_64
---> Package libedit.x86_64 0:3.0-12.20121213cvs.el7 will be installed
---> Package openssh.x86_64 0:7.4p1-21.el7 will be installed
---> Package tcp_wrappers-libs.x86_64 0:7.6-77.el7 will be installed
--> Running transaction check
---> Package fipscheck.x86_64 0:1.4.1-6.el7 will be installed
--> Finished Dependency Resolution

Dependencies Resolved

================================================================================
 Package                Arch        Version                     Repository
                                                                           Size
================================================================================
Installing:
 openssh-clients        x86_64      7.4p1-21.el7                base      655 k
 openssh-server         x86_64      7.4p1-21.el7                base      459 k
Installing for dependencies:
 fipscheck              x86_64      1.4.1-6.el7                 base       21 k
 fipscheck-lib          x86_64      1.4.1-6.el7                 base       11 k
 libedit                x86_64      3.0-12.20121213cvs.el7      base       92 k
 openssh                x86_64      7.4p1-21.el7                base      510 k
 tcp_wrappers-libs      x86_64      7.6-77.el7                  base       66 k

Transaction Summary
================================================================================
Install  2 Packages (+5 Dependent packages)

Total download size: 1.8 M
Installed size: 5.8 M
Downloading packages:
--------------------------------------------------------------------------------
Total                                               11 MB/s | 1.8 MB  00:00     
Running transaction check
Running transaction test
Transaction test succeeded
Running transaction
  Installing : fipscheck-1.4.1-6.el7.x86_64                                 1/7 
  Installing : fipscheck-lib-1.4.1-6.el7.x86_64                             2/7 
  Installing : openssh-7.4p1-21.el7.x86_64                                  3/7 
  Installing : tcp_wrappers-libs-7.6-77.el7.x86_64                          4/7 
  Installing : libedit-3.0-12.20121213cvs.el7.x86_64                        5/7 
  Installing : openssh-clients-7.4p1-21.el7.x86_64                          6/7 
  Installing : openssh-server-7.4p1-21.el7.x86_64                           7/7 
  Verifying  : fipscheck-lib-1.4.1-6.el7.x86_64                             1/7 
  Verifying  : fipscheck-1.4.1-6.el7.x86_64                                 2/7 
  Verifying  : openssh-clients-7.4p1-21.el7.x86_64                          3/7 
  Verifying  : libedit-3.0-12.20121213cvs.el7.x86_64                        4/7 
  Verifying  : tcp_wrappers-libs-7.6-77.el7.x86_64                          5/7 
  Verifying  : openssh-7.4p1-21.el7.x86_64                                  6/7 
  Verifying  : openssh-server-7.4p1-21.el7.x86_64                           7/7 

Installed:
  openssh-clients.x86_64 0:7.4p1-21.el7   openssh-server.x86_64 0:7.4p1-21.el7  

Dependency Installed:
  fipscheck.x86_64 0:1.4.1-6.el7            fipscheck-lib.x86_64 0:1.4.1-6.el7  
  libedit.x86_64 0:3.0-12.20121213cvs.el7   openssh.x86_64 0:7.4p1-21.el7       
  tcp_wrappers-libs.x86_64 0:7.6-77.el7    

Complete!
 ---> 69fbd1bf387e
Step 4/22 : RUN sudo ssh-keygen -A
 ---> Running in 3a5806dd7fbc
ssh-keygen: generating new host keys: RSA1 RSA DSA ECDSA ED25519 
 ---> 2a3be3cfdfc8
Step 5/22 : RUN sudo mkdir -p /run/sshd
 ---> Running in 64faf0099404
 ---> 1b353eefe236
Step 6/22 : RUN sudo sed -i "s/.*UsePrivilegeSeparation.*/UsePrivilegeSeparation no/g" /etc/ssh/sshd_config
 ---> Running in c9fbc4dc486e
 ---> 17541325afb9
Step 7/22 : RUN sudo sed -i "s/.*PermitUserEnvironment.*/PermitUserEnvironment yes/g" /etc/ssh/sshd_config
 ---> Running in 384d796d9174
 ---> 047298798931
Step 8/22 : RUN sudo sed 's@session\s*required\s*pam_loginuid.so@session optional pam_loginuid.so@g' -i /etc/pam.d/sshd
 ---> Running in c474ab190367
 ---> 0ec76181062e
Step 9/22 : RUN sudo usermod -d /opt hadoop
 ---> Running in d9de163ac360
 ---> 54a7441b38e7
Step 10/22 : ADD .ssh /opt/.ssh
 ---> 0e4a020dfa63
Step 11/22 : RUN sudo chown -R hadoop /opt/.ssh
 ---> Running in e5c353d56695
 ---> a3d23d67c4b5
Step 12/22 : RUN sudo chown hadoop /opt
 ---> Running in 4fe9de3b306e
 ---> 59976d32eca6
Step 13/22 : RUN sudo chmod 600 /opt/.ssh/*
 ---> Running in 2b468a3ce7dd
 ---> 40e46357ae81
Step 14/22 : RUN sudo chmod 700 /opt/.ssh
 ---> Running in f9b496a79c11
 ---> dffba9ba707c
Step 15/22 : RUN sudo sh -c 'echo "export JAVA_HOME=/usr/lib/jvm/jre/" >> /etc/profile'
 ---> Running in d7fafa5f8b46
 ---> 5ff4d8d290b4
Step 16/22 : RUN sudo pip install robotframework-sshlibrary
 ---> Running in 8bd2c7b19eff
Collecting robotframework-sshlibrary
  Downloading https://files.pythonhosted.org/packages/5e/a3/25010fc4a2c126e1b5dcd1d08d55653aba819509c42d210e4dfbc2f1e844/robotframework-sshlibrary-3.4.0.tar.gz (47kB)
Requirement already satisfied (use --upgrade to upgrade): robotframework>=3.0 in /usr/lib/python2.7/site-packages (from robotframework-sshlibrary)
Collecting paramiko>=1.15.3 (from robotframework-sshlibrary)
  Downloading https://files.pythonhosted.org/packages/4b/80/74dace9e48b0ef923633dfb5e48798f58a168e4734bca8ecfaf839ba051a/paramiko-2.6.0-py2.py3-none-any.whl (199kB)
Collecting scp>=0.13.0 (from robotframework-sshlibrary)
  Downloading https://files.pythonhosted.org/packages/4d/7a/3d76dc5ad8deea79642f50a572e1c057cb27e8b427f83781a2c05ce4e5b6/scp-0.13.2-py2.py3-none-any.whl
Collecting pynacl>=1.0.1 (from paramiko>=1.15.3->robotframework-sshlibrary)
  Downloading https://files.pythonhosted.org/packages/b3/25/e605574f24948a8a53b497744e93f061eb1dbe7c44b6465fc1c172d591aa/PyNaCl-1.3.0-cp27-cp27mu-manylinux1_x86_64.whl (762kB)
Collecting cryptography>=2.5 (from paramiko>=1.15.3->robotframework-sshlibrary)
  Downloading https://files.pythonhosted.org/packages/e2/67/4597fc5d5de01bb44887844647ab8e73239079dd478c35c52d58a9eb3d45/cryptography-2.8-cp27-cp27mu-manylinux1_x86_64.whl (2.3MB)
Collecting bcrypt>=3.1.3 (from paramiko>=1.15.3->robotframework-sshlibrary)
  Downloading https://files.pythonhosted.org/packages/ad/36/9a0227d048e98409f012570f7bef8a8c2373b9c9c5dfbf82963cbae05ede/bcrypt-3.1.7-cp27-cp27mu-manylinux1_x86_64.whl (59kB)
Collecting six (from pynacl>=1.0.1->paramiko>=1.15.3->robotframework-sshlibrary)
  Downloading https://files.pythonhosted.org/packages/65/26/32b8464df2a97e6dd1b656ed26b2c194606c16fe163c695a992b36c11cdf/six-1.13.0-py2.py3-none-any.whl
Collecting cffi>=1.4.1 (from pynacl>=1.0.1->paramiko>=1.15.3->robotframework-sshlibrary)
  Downloading https://files.pythonhosted.org/packages/93/5d/c4f950891251e478929036ca07b22f0b10324460c1d0a4434c584481db51/cffi-1.13.2-cp27-cp27mu-manylinux1_x86_64.whl (384kB)
Collecting enum34; python_version < "3" (from cryptography>=2.5->paramiko>=1.15.3->robotframework-sshlibrary)
  Downloading https://files.pythonhosted.org/packages/c5/db/e56e6b4bbac7c4a06de1c50de6fe1ef3810018ae11732a50f15f62c7d050/enum34-1.1.6-py2-none-any.whl
Requirement already satisfied (use --upgrade to upgrade): ipaddress; python_version < "3" in /usr/lib/python2.7/site-packages (from cryptography>=2.5->paramiko>=1.15.3->robotframework-sshlibrary)
Collecting pycparser (from cffi>=1.4.1->pynacl>=1.0.1->paramiko>=1.15.3->robotframework-sshlibrary)
  Downloading https://files.pythonhosted.org/packages/68/9e/49196946aee219aead1290e00d1e7fdeab8567783e83e1b9ab5585e6206a/pycparser-2.19.tar.gz (158kB)
Installing collected packages: six, pycparser, cffi, pynacl, enum34, cryptography, bcrypt, paramiko, scp, robotframework-sshlibrary
  Running setup.py install for pycparser: started
    Running setup.py install for pycparser: finished with status 'done'
  Running setup.py install for robotframework-sshlibrary: started
    Running setup.py install for robotframework-sshlibrary: finished with status 'done'
Successfully installed bcrypt-3.1.7 cffi-1.13.2 cryptography-2.8 enum34-1.1.6 paramiko-2.6.0 pycparser-2.19 pynacl-1.3.0 robotframework-sshlibrary-3.4.0 scp-0.13.2 six-1.13.0
[91mYou are using pip version 8.1.2, however version 19.3.1 is available.
You should consider upgrading via the 'pip install --upgrade pip' command.
[0m ---> 6755b27a19ce
Step 17/22 : ADD startOM.sh /opt/startOM.sh
 ---> faabd38a32e7
Step 18/22 : ADD stopOM.sh /opt/stopOM.sh
 ---> 1d3b1f43160d
Step 19/22 : RUN sudo chown -R hadoop /opt/startOM.sh
 ---> Running in d7104db1b037
 ---> e88982acb0b2
Step 20/22 : RUN sudo chown -R hadoop /opt/stopOM.sh
 ---> Running in 0462c7062135
 ---> 2de81eb35c30
Step 21/22 : RUN sudo chmod 700 /opt/startOM.sh
 ---> Running in 14141aea44b4
 ---> 5ebe7c475cc8
Step 22/22 : RUN sudo chmod 700 /opt/stopOM.sh
 ---> Running in 2abefd01fe77
 ---> f56407d14ae9
Removing intermediate container 3a5806dd7fbc
Removing intermediate container e5c353d56695
Removing intermediate container 2abefd01fe77
Removing intermediate container 4fe9de3b306e
Removing intermediate container f9b496a79c11
Removing intermediate container ba6d08cf2347
Removing intermediate container 64faf0099404
Removing intermediate container c9fbc4dc486e
Removing intermediate container d9de163ac360
Removing intermediate container c474ab190367
Removing intermediate container d7fafa5f8b46
Removing intermediate container 8bd2c7b19eff
Removing intermediate container 14141aea44b4
Removing intermediate container 384d796d9174
Removing intermediate container 2b468a3ce7dd
Removing intermediate container d7104db1b037
Removing intermediate container 0462c7062135
Successfully built f56407d14ae9
Successfully tagged ozone-runner-om-ha:20191107-1
Image for service om3 was built because it did not already exist. To rebuild this image you must use `docker-compose build` or `docker-compose up --build`.
Creating ozone-om-ha_om2_1 ... 
Creating ozone-om-ha_om1_1 ... 
Creating ozone-om-ha_scm_1 ... 
Creating ozone-om-ha_datanode_1 ... 
Creating ozone-om-ha_datanode_2 ... 
Creating ozone-om-ha_datanode_3 ... 
Creating ozone-om-ha_om3_1      ... 
Creating ozone-om-ha_om1_1      ... done
Creating ozone-om-ha_datanode_3 ... done
Creating ozone-om-ha_om2_1      ... done
Creating ozone-om-ha_scm_1      ... done
Creating ozone-om-ha_om3_1      ... done
Creating ozone-om-ha_datanode_1 ... done
Creating ozone-om-ha_datanode_2 ... done
0 datanode is up and healthy (until now)
3 datanodes are up and registered to the scm
SCM is in safe mode.
SCM is in safe mode.
SCM is in safe mode.
SCM is in safe mode.
SCM is out of safe mode.
Safe mode is off
==============================================================================
ozone-om-ha-testOMHA :: Smoketest ozone cluster startup                       
==============================================================================
Stop Leader OM and Verify Failover                                    | FAIL |
OMs did not failover: om1 == om1
------------------------------------------------------------------------------
Restart OM and Verify Ratis Logs                                      | FAIL |
SSHException: EOF during negotiation
------------------------------------------------------------------------------
Test Multiple Failovers                                               | FAIL |
OMs did not failover: om1 == om1
------------------------------------------------------------------------------
ozone-om-ha-testOMHA :: Smoketest ozone cluster startup               | FAIL |
3 critical tests, 0 passed, 3 failed
3 tests total, 0 passed, 3 failed
==============================================================================
Output:  /tmp/smoketest/ozone-om-ha/result/robot-ozone-om-ha-ozone-om-ha-testOMHA-scm.xml
Connection pool is full, discarding connection: 0.0.0.0
Connection pool is full, discarding connection: 0.0.0.0
Stopping ozone-om-ha_om3_1      ... 
Stopping ozone-om-ha_datanode_1 ... 
Stopping ozone-om-ha_datanode_2 ... 
Stopping ozone-om-ha_datanode_3 ... 
Stopping ozone-om-ha_scm_1      ... 
Stopping ozone-om-ha_om2_1      ... 
Stopping ozone-om-ha_om1_1      ... 
Stopping ozone-om-ha_datanode_3 ... done
Stopping ozone-om-ha_datanode_2 ... done
Stopping ozone-om-ha_scm_1      ... done
Stopping ozone-om-ha_datanode_1 ... done

ERROR: for ozone-om-ha_om2_1  HTTPConnectionPool(host='0.0.0.0', port=2375): Read timed out. (read timeout=70)

ERROR: for ozone-om-ha_om3_1  HTTPConnectionPool(host='0.0.0.0', port=2375): Read timed out. (read timeout=70)

ERROR: for ozone-om-ha_om1_1  HTTPConnectionPool(host='0.0.0.0', port=2375): Read timed out. (read timeout=70)
An HTTP request took too long to complete. Retry with --verbose to obtain debug information.
If you encounter this issue regularly because of slow network conditions, consider setting COMPOSE_HTTP_TIMEOUT to a higher value (current value: 60).
ERROR: Test execution of /workdir/hadoop-ozone/dist/target/ozone-0.5.0-SNAPSHOT/compose/ozone-om-ha is FAILED!!!!
Executing test in /workdir/hadoop-ozone/dist/target/ozone-0.5.0-SNAPSHOT/compose/ozone-recon
Removing network ozone-recon_default
Network ozone-recon_default not found.
Creating network "ozone-recon_default" with the default driver
Creating ozone-recon_datanode_1 ... 
Creating ozone-recon_datanode_2 ... 
Creating ozone-recon_datanode_3 ... 
Creating ozone-recon_scm_1      ... 
Creating ozone-recon_om_1       ... 
Creating ozone-recon_recon_1    ... 
Creating ozone-recon_datanode_1 ... done
Creating ozone-recon_datanode_2 ... done
Creating ozone-recon_scm_1      ... done
Creating ozone-recon_om_1       ... done
Creating ozone-recon_recon_1    ... done
Creating ozone-recon_datanode_3 ... done
3 datanodes are up and registered to the scm
SCM is in safe mode.
SCM is in safe mode.
SCM is out of safe mode.
Safe mode is off
==============================================================================
ozone-recon-basic :: Smoketest ozone cluster startup                          
==============================================================================
Check webui static resources                                          | PASS |
------------------------------------------------------------------------------
Start freon testing                                                   | PASS |
------------------------------------------------------------------------------
ozone-recon-basic :: Smoketest ozone cluster startup                  | PASS |
2 critical tests, 2 passed, 0 failed
2 tests total, 2 passed, 0 failed
==============================================================================
Output:  /tmp/smoketest/ozone-recon/result/robot-ozone-recon-ozone-recon-basic-scm.xml
Stopping ozone-recon_datanode_3 ... 
Stopping ozone-recon_scm_1      ... 
Stopping ozone-recon_om_1       ... 
Stopping ozone-recon_datanode_1 ... 
Stopping ozone-recon_datanode_2 ... 
Stopping ozone-recon_om_1       ... done
Stopping ozone-recon_scm_1      ... done
Stopping ozone-recon_datanode_1 ... done
Stopping ozone-recon_datanode_2 ... done
Stopping ozone-recon_datanode_3 ... done
Removing ozone-recon_recon_1    ... 
Removing ozone-recon_datanode_3 ... 
Removing ozone-recon_scm_1      ... 
Removing ozone-recon_om_1       ... 
Removing ozone-recon_datanode_1 ... 
Removing ozone-recon_datanode_2 ... 
Removing ozone-recon_datanode_2 ... done
Removing ozone-recon_datanode_3 ... done
Removing ozone-recon_recon_1    ... done
Removing ozone-recon_om_1       ... done
Removing ozone-recon_scm_1      ... done
Removing ozone-recon_datanode_1 ... done
Removing network ozone-recon_default
Log:     /workdir/hadoop-ozone/dist/target/ozone-0.5.0-SNAPSHOT/compose/ozone-recon/result/log.html
Report:  /workdir/hadoop-ozone/dist/target/ozone-0.5.0-SNAPSHOT/compose/ozone-recon/result/report.html
Executing test in /workdir/hadoop-ozone/dist/target/ozone-0.5.0-SNAPSHOT/compose/ozone-topology
Removing network ozone-topology_net
Network ozone-topology_net not found.
Creating network "ozone-topology_net" with driver "bridge"
Creating ozone-topology_om_1 ... 
Creating ozone-topology_datanode_4_1 ... 
Creating ozone-topology_datanode_3_1 ... 
Creating ozone-topology_datanode_1_1 ... 
Creating ozone-topology_scm_1        ... 
Creating ozone-topology_datanode_2_1 ... 
Creating ozone-topology_datanode_4_1 ... done
Creating ozone-topology_datanode_3_1 ... done
Creating ozone-topology_om_1         ... done
Creating ozone-topology_datanode_1_1 ... done
Creating ozone-topology_scm_1        ... done
Creating ozone-topology_datanode_2_1 ... done
0 datanode is up and healthy (until now)
4 datanodes are up and registered to the scm
SCM is in safe mode.
SCM is in safe mode.
SCM is in safe mode.
SCM is out of safe mode.
Safe mode is off
==============================================================================
ozone-topology-basic :: Smoketest ozone cluster startup                       
==============================================================================
Check webui static resources                                          | PASS |
------------------------------------------------------------------------------
Start freon testing                                                   | PASS |
------------------------------------------------------------------------------
ozone-topology-basic :: Smoketest ozone cluster startup               | PASS |
2 critical tests, 2 passed, 0 failed
2 tests total, 2 passed, 0 failed
==============================================================================
Output:  /tmp/smoketest/ozone-topology/result/robot-ozone-topology-ozone-topology-basic-scm.xml
==============================================================================
ozone-topology-scmcli :: Smoketest ozone cluster startup                      
==============================================================================
Run printTopology                                                     | PASS |
------------------------------------------------------------------------------
Run printTopology -o                                                  | PASS |
------------------------------------------------------------------------------
ozone-topology-scmcli :: Smoketest ozone cluster startup              | PASS |
2 critical tests, 2 passed, 0 failed
2 tests total, 2 passed, 0 failed
==============================================================================
Output:  /tmp/smoketest/ozone-topology/result/robot-ozone-topology-ozone-topology-scmcli-scm.xml
Stopping ozone-topology_datanode_2_1 ... 
Stopping ozone-topology_scm_1        ... 
Stopping ozone-topology_datanode_1_1 ... 
Stopping ozone-topology_datanode_4_1 ... 
Stopping ozone-topology_datanode_3_1 ... 
Stopping ozone-topology_om_1         ... 
Stopping ozone-topology_datanode_1_1 ... done
Stopping ozone-topology_scm_1        ... done
Stopping ozone-topology_datanode_4_1 ... done
Stopping ozone-topology_om_1         ... done
Stopping ozone-topology_datanode_3_1 ... done
Stopping ozone-topology_datanode_2_1 ... done
Removing ozone-topology_datanode_2_1 ... 
Removing ozone-topology_scm_1        ... 
Removing ozone-topology_datanode_1_1 ... 
Removing ozone-topology_datanode_4_1 ... 
Removing ozone-topology_datanode_3_1 ... 
Removing ozone-topology_om_1         ... 
Removing ozone-topology_datanode_3_1 ... done
Removing ozone-topology_datanode_4_1 ... done
Removing ozone-topology_datanode_2_1 ... done
Removing ozone-topology_datanode_1_1 ... done
Removing ozone-topology_scm_1        ... done
Removing ozone-topology_om_1         ... done
Removing network ozone-topology_net
Log:     /workdir/hadoop-ozone/dist/target/ozone-0.5.0-SNAPSHOT/compose/ozone-topology/result/log.html
Report:  /workdir/hadoop-ozone/dist/target/ozone-0.5.0-SNAPSHOT/compose/ozone-topology/result/report.html
Executing test in /workdir/hadoop-ozone/dist/target/ozone-0.5.0-SNAPSHOT/compose/ozone
Removing network ozone_default
Network ozone_default not found.
Creating network "ozone_default" with the default driver
Creating ozone_om_1 ... 
Creating ozone_scm_1 ... 
Creating ozone_datanode_1 ... 
Creating ozone_datanode_2 ... 
Creating ozone_datanode_3 ... 
Creating ozone_om_1       ... done
Creating ozone_datanode_1 ... done
Creating ozone_scm_1      ... done
Creating ozone_datanode_3 ... done
Creating ozone_datanode_2 ... done
0 datanode is up and healthy (until now)
3 datanodes are up and registered to the scm
SCM is in safe mode.
SCM is in safe mode.
SCM is in safe mode.
SCM is in safe mode.
SCM is in safe mode.
SCM is in safe mode.
SCM is out of safe mode.
Safe mode is off
==============================================================================
ozone-basic :: Smoketest ozone cluster startup                                
==============================================================================
Check webui static resources                                          | PASS |
------------------------------------------------------------------------------
Start freon testing                                                   | PASS |
------------------------------------------------------------------------------
ozone-basic :: Smoketest ozone cluster startup                        | PASS |
2 critical tests, 2 passed, 0 failed
2 tests total, 2 passed, 0 failed
==============================================================================
Output:  /tmp/smoketest/ozone/result/robot-ozone-ozone-basic-scm.xml
==============================================================================
ozone-gdpr :: Smoketest Ozone GDPR Feature                                    
==============================================================================
Test GDPR disabled                                                    | PASS |
------------------------------------------------------------------------------
Test GDPR --enforcegdpr=true                                          | PASS |
------------------------------------------------------------------------------
Test GDPR -g=true                                                     | PASS |
------------------------------------------------------------------------------
Test GDPR -g=false                                                    | PASS |
------------------------------------------------------------------------------
ozone-gdpr :: Smoketest Ozone GDPR Feature                            | PASS |
4 critical tests, 4 passed, 0 failed
4 tests total, 4 passed, 0 failed
==============================================================================
Output:  /tmp/smoketest/ozone/result/robot-ozone-ozone-gdpr-scm.xml
Stopping ozone_datanode_2 ... 
Stopping ozone_datanode_3 ... 
Stopping ozone_scm_1      ... 
Stopping ozone_datanode_1 ... 
Stopping ozone_om_1       ... 
Stopping ozone_om_1       ... done
Stopping ozone_datanode_2 ... done
Stopping ozone_scm_1      ... done
Stopping ozone_datanode_1 ... done
Stopping ozone_datanode_3 ... done
Removing ozone_datanode_2 ... 
Removing ozone_datanode_3 ... 
Removing ozone_scm_1      ... 
Removing ozone_datanode_1 ... 
Removing ozone_om_1       ... 
Removing ozone_datanode_2 ... done
Removing ozone_datanode_3 ... done
Removing ozone_scm_1      ... done
Removing ozone_datanode_1 ... done
Removing ozone_om_1       ... done
Removing network ozone_default
Log:     /workdir/hadoop-ozone/dist/target/ozone-0.5.0-SNAPSHOT/compose/ozone/result/log.html
Report:  /workdir/hadoop-ozone/dist/target/ozone-0.5.0-SNAPSHOT/compose/ozone/result/report.html
Executing test in /workdir/hadoop-ozone/dist/target/ozone-0.5.0-SNAPSHOT/compose/ozoneperf
Removing network ozoneperf_default
Network ozoneperf_default not found.
Creating network "ozoneperf_default" with the default driver
Pulling jaeger (jaegertracing/all-in-one:latest)...
latest: Pulling from jaegertracing/all-in-one
Digest: sha256:b2fc1eca3556529726d217743f78fedf446a953aed9084e45c4e2ef9b91bd2f5
Status: Downloaded newer image for jaegertracing/all-in-one:latest
Pulling grafana (grafana/grafana:)...
latest: Pulling from grafana/grafana
Digest: sha256:29c47dca382edcf80bf17a5485b7a3ded0a90781148f5db371d0f129dca08d9a
Status: Downloaded newer image for grafana/grafana:latest
Pulling prometheus (prom/prometheus:)...
latest: Pulling from prom/prometheus
Digest: sha256:907e20b3b0f8b0a76a33c088fe9827e8edc180e874bd2173c27089eade63d8b8
Status: Downloaded newer image for prom/prometheus:latest
Creating ozoneperf_s3g_1 ... 
Creating ozoneperf_grafana_1 ... 
Creating ozoneperf_prometheus_1 ... 
Creating ozoneperf_om_1         ... 
Creating ozoneperf_scm_1        ... 
Creating ozoneperf_jaeger_1     ... 
Creating ozoneperf_datanode_1   ... 
Creating ozoneperf_datanode_2   ... 
Creating ozoneperf_datanode_3   ... 
Creating ozoneperf_s3g_1        ... done
Creating ozoneperf_om_1         ... done
Creating ozoneperf_datanode_1   ... done
Creating ozoneperf_grafana_1    ... done
Creating ozoneperf_prometheus_1 ... done
Creating ozoneperf_datanode_3   ... done
Creating ozoneperf_scm_1        ... done
Creating ozoneperf_datanode_2   ... done
Creating ozoneperf_jaeger_1     ... done
0 datanode is up and healthy (until now)
3 datanodes are up and registered to the scm
SCM is in safe mode.
SCM is in safe mode.
SCM is in safe mode.
SCM is out of safe mode.
Safe mode is off
==============================================================================
ozoneperf-basic :: Smoketest ozone cluster startup                            
==============================================================================
Check webui static resources                                          | PASS |
------------------------------------------------------------------------------
Start freon testing                                                   | PASS |
------------------------------------------------------------------------------
ozoneperf-basic :: Smoketest ozone cluster startup                    | PASS |
2 critical tests, 2 passed, 0 failed
2 tests total, 2 passed, 0 failed
==============================================================================
Output:  /tmp/smoketest/ozoneperf/result/robot-ozoneperf-ozoneperf-basic-scm.xml
Connection pool is full, discarding connection: 0.0.0.0
Connection pool is full, discarding connection: 0.0.0.0
Connection pool is full, discarding connection: 0.0.0.0
Stopping ozoneperf_datanode_2   ... 
Stopping ozoneperf_scm_1        ... 
Stopping ozoneperf_datanode_3   ... 
Stopping ozoneperf_jaeger_1     ... 
Stopping ozoneperf_datanode_1   ... 
Stopping ozoneperf_om_1         ... 
Stopping ozoneperf_prometheus_1 ... 
Stopping ozoneperf_s3g_1        ... 
Stopping ozoneperf_grafana_1    ... 
Stopping ozoneperf_jaeger_1     ... done
Stopping ozoneperf_prometheus_1 ... done
Stopping ozoneperf_grafana_1    ... done
Stopping ozoneperf_datanode_2   ... done
Stopping ozoneperf_s3g_1        ... done
Stopping ozoneperf_om_1         ... done
Stopping ozoneperf_scm_1        ... done
Stopping ozoneperf_datanode_1   ... done
Stopping ozoneperf_datanode_3   ... done
Removing ozoneperf_datanode_2   ... 
Removing ozoneperf_scm_1        ... 
Removing ozoneperf_datanode_3   ... 
Removing ozoneperf_jaeger_1     ... 
Removing ozoneperf_datanode_1   ... 
Removing ozoneperf_om_1         ... 
Removing ozoneperf_prometheus_1 ... 
Removing ozoneperf_s3g_1        ... 
Removing ozoneperf_grafana_1    ... 
Removing ozoneperf_s3g_1        ... done
Removing ozoneperf_datanode_3   ... done
Removing ozoneperf_datanode_1   ... done
Removing ozoneperf_grafana_1    ... done
Removing ozoneperf_om_1         ... done
Removing ozoneperf_scm_1        ... done
Removing ozoneperf_prometheus_1 ... done
Removing ozoneperf_datanode_2   ... done
Removing ozoneperf_jaeger_1     ... done
Removing network ozoneperf_default
Log:     /workdir/hadoop-ozone/dist/target/ozone-0.5.0-SNAPSHOT/compose/ozoneperf/result/log.html
Report:  /workdir/hadoop-ozone/dist/target/ozone-0.5.0-SNAPSHOT/compose/ozoneperf/result/report.html
Executing test in /workdir/hadoop-ozone/dist/target/ozone-0.5.0-SNAPSHOT/compose/ozones3-haproxy
Removing network ozones3-haproxy_default
Network ozones3-haproxy_default not found.
Creating network "ozones3-haproxy_default" with the default driver
Pulling s3g (haproxy:latest)...
latest: Pulling from library/haproxy
Digest: sha256:ce509ee2d93817a90e8fe72144365f5af3ccfaad14446bcf232382baf4032245
Status: Downloaded newer image for haproxy:latest
Creating ozones3-haproxy_s3g_1 ... 
Creating ozones3-haproxy_s3g3_1 ... 
Creating ozones3-haproxy_om_1   ... 
Creating ozones3-haproxy_s3g1_1 ... 
Creating ozones3-haproxy_scm_1  ... 
Creating ozones3-haproxy_s3g2_1 ... 
Creating ozones3-haproxy_datanode_1 ... 
Creating ozones3-haproxy_datanode_2 ... 
Creating ozones3-haproxy_datanode_3 ... 
Creating ozones3-haproxy_s3g_1      ... done
Creating ozones3-haproxy_scm_1      ... done
Creating ozones3-haproxy_s3g1_1     ... done
Creating ozones3-haproxy_datanode_3 ... done
Creating ozones3-haproxy_s3g3_1     ... done
Creating ozones3-haproxy_datanode_1 ... done
Creating ozones3-haproxy_s3g2_1     ... error

ERROR: for ozones3-haproxy_s3g2_1  Cannot start service s3g2: driver failed programming external connectivity on endpoint ozones3-haproxy_s3g2_1 (04214602d040f4c26f4b383a01d08ce43150a2f8c10efa5eeedd5777afd5f78b): Bind for 0.0.0.0:9880 failed: port is already allocated
Creating ozones3-haproxy_om_1       ... done
Creating ozones3-haproxy_datanode_2 ... done

ERROR: for s3g2  Cannot start service s3g2: driver failed programming external connectivity on endpoint ozones3-haproxy_s3g2_1 (04214602d040f4c26f4b383a01d08ce43150a2f8c10efa5eeedd5777afd5f78b): Bind for 0.0.0.0:9880 failed: port is already allocated
Encountered errors while bringing up the project.
Connection pool is full, discarding connection: 0.0.0.0
Stopping ozones3-haproxy_om_1       ... 
Stopping ozones3-haproxy_datanode_2 ... 
Stopping ozones3-haproxy_datanode_3 ... 
Stopping ozones3-haproxy_datanode_1 ... 
Stopping ozones3-haproxy_s3g1_1     ... 
Stopping ozones3-haproxy_s3g3_1     ... 
Stopping ozones3-haproxy_scm_1      ... 
Stopping ozones3-haproxy_om_1       ... done
Stopping ozones3-haproxy_s3g3_1     ... done
Stopping ozones3-haproxy_datanode_2 ... done
Stopping ozones3-haproxy_s3g1_1     ... done
Stopping ozones3-haproxy_scm_1      ... done
Stopping ozones3-haproxy_datanode_3 ... done
Stopping ozones3-haproxy_datanode_1 ... done
Removing ozones3-haproxy_om_1       ... 
Removing ozones3-haproxy_datanode_2 ... 
Removing ozones3-haproxy_s3g2_1     ... 
Removing ozones3-haproxy_datanode_3 ... 
Removing ozones3-haproxy_datanode_1 ... 
Removing ozones3-haproxy_s3g1_1     ... 
Removing ozones3-haproxy_s3g3_1     ... 
Removing ozones3-haproxy_scm_1      ... 
Removing ozones3-haproxy_s3g_1      ... 
Removing ozones3-haproxy_s3g1_1     ... done
Removing ozones3-haproxy_datanode_3 ... done
Removing ozones3-haproxy_om_1       ... done
Removing ozones3-haproxy_s3g2_1     ... done
Removing ozones3-haproxy_s3g_1      ... done
Removing ozones3-haproxy_datanode_2 ... done
Removing ozones3-haproxy_scm_1      ... done
Removing ozones3-haproxy_datanode_1 ... done
Removing ozones3-haproxy_s3g3_1     ... done
Removing network ozones3-haproxy_default
ERROR: Test execution of /workdir/hadoop-ozone/dist/target/ozone-0.5.0-SNAPSHOT/compose/ozones3-haproxy is FAILED!!!!
cp: cannot stat '/workdir/hadoop-ozone/dist/target/ozone-0.5.0-SNAPSHOT/compose/ozones3-haproxy/result/robot-*.xml': No such file or directory
Executing test in /workdir/hadoop-ozone/dist/target/ozone-0.5.0-SNAPSHOT/compose/ozones3
Removing network ozones3_default
Network ozones3_default not found.
Creating network "ozones3_default" with the default driver
Creating ozones3_s3g_1 ... 
Creating ozones3_scm_1 ... 
Creating ozones3_om_1  ... 
Creating ozones3_datanode_1 ... 
Creating ozones3_datanode_2 ... 
Creating ozones3_datanode_3 ... 
Creating ozones3_scm_1      ... done
Creating ozones3_om_1       ... done
Creating ozones3_datanode_1 ... done
Creating ozones3_datanode_2 ... done
Creating ozones3_datanode_3 ... done
Creating ozones3_s3g_1      ... done
1 datanode is up and healthy (until now)
3 datanodes are up and registered to the scm
SCM is in safe mode.
SCM is in safe mode.
SCM is out of safe mode.
Safe mode is off
==============================================================================
ozones3-basic :: Smoketest ozone cluster startup                              
==============================================================================
Check webui static resources                                          | PASS |
------------------------------------------------------------------------------
Start freon testing                                                   | PASS |
------------------------------------------------------------------------------
ozones3-basic :: Smoketest ozone cluster startup                      | PASS |
2 critical tests, 2 passed, 0 failed
2 tests total, 2 passed, 0 failed
==============================================================================
Output:  /tmp/smoketest/ozones3/result/robot-ozones3-ozones3-basic-scm.xml
==============================================================================
ozones3-s3                                                                    
==============================================================================
ozones3-s3.Awss3 :: S3 gateway test with aws cli                              
==============================================================================
File upload and directory list                                        | PASS |
------------------------------------------------------------------------------
ozones3-s3.Awss3 :: S3 gateway test with aws cli                      | PASS |
1 critical test, 1 passed, 0 failed
1 test total, 1 passed, 0 failed
==============================================================================
ozones3-s3.Bucketcreate :: S3 gateway test with aws cli                       
==============================================================================
Create bucket which already exists                                    | PASS |
------------------------------------------------------------------------------
ozones3-s3.Bucketcreate :: S3 gateway test with aws cli               | PASS |
1 critical test, 1 passed, 0 failed
1 test total, 1 passed, 0 failed
==============================================================================
ozones3-s3.Buckethead :: S3 gateway test with aws cli                         
==============================================================================
Head Bucket not existent                                              | PASS |
------------------------------------------------------------------------------
ozones3-s3.Buckethead :: S3 gateway test with aws cli                 | PASS |
1 critical test, 1 passed, 0 failed
1 test total, 1 passed, 0 failed
==============================================================================
ozones3-s3.Bucketlist :: S3 gateway test with aws cli                         
==============================================================================
List buckets                                                          | PASS |
------------------------------------------------------------------------------
ozones3-s3.Bucketlist :: S3 gateway test with aws cli                 | PASS |
1 critical test, 1 passed, 0 failed
1 test total, 1 passed, 0 failed
==============================================================================
ozones3-s3.MultipartUpload :: S3 gateway test with aws cli                    
==============================================================================
Test Multipart Upload                                                 | PASS |
------------------------------------------------------------------------------
Test Multipart Upload Complete                                        | PASS |
------------------------------------------------------------------------------
Test Multipart Upload Complete Entity too small                       | PASS |
------------------------------------------------------------------------------
Test Multipart Upload Complete Invalid part errors and complete mp... | PASS |
------------------------------------------------------------------------------
Test abort Multipart upload                                           | PASS |
------------------------------------------------------------------------------
Test abort Multipart upload with invalid uploadId                     | PASS |
------------------------------------------------------------------------------
Upload part with Incorrect uploadID                                   | PASS |
------------------------------------------------------------------------------
Test list parts                                                       | PASS |
------------------------------------------------------------------------------
Test Multipart Upload with the simplified aws s3 cp API               | PASS |
------------------------------------------------------------------------------
Test Multipart Upload Put With Copy                                   | PASS |
------------------------------------------------------------------------------
Test Multipart Upload Put With Copy and range                         | PASS |
------------------------------------------------------------------------------
Test Multipart Upload list                                            | PASS |
------------------------------------------------------------------------------
ozones3-s3.MultipartUpload :: S3 gateway test with aws cli            | PASS |
12 critical tests, 12 passed, 0 failed
12 tests total, 12 passed, 0 failed
==============================================================================
ozones3-s3.Objectcopy :: S3 gateway test with aws cli                         
==============================================================================
Copy Object Happy Scenario                                            | PASS |
------------------------------------------------------------------------------
Copy Object Where Bucket is not available                             | PASS |
------------------------------------------------------------------------------
Copy Object Where both source and dest are same with change to sto... | PASS |
------------------------------------------------------------------------------
Copy Object Where Key not available                                   | PASS |
------------------------------------------------------------------------------
ozones3-s3.Objectcopy :: S3 gateway test with aws cli                 | PASS |
4 critical tests, 4 passed, 0 failed
4 tests total, 4 passed, 0 failed
==============================================================================
ozones3-s3.Objectdelete :: S3 gateway test with aws cli                       
==============================================================================
Delete file with s3api                                                | PASS |
------------------------------------------------------------------------------
Delete file with s3api, file doesn't exist                            | PASS |
------------------------------------------------------------------------------
Delete dir with s3api                                                 | PASS |
------------------------------------------------------------------------------
Delete file with s3api, file doesn't exist, prefix of a real file     | PASS |
------------------------------------------------------------------------------
Delete file with s3api, bucket doesn't exist                          | PASS |
------------------------------------------------------------------------------
ozones3-s3.Objectdelete :: S3 gateway test with aws cli               | PASS |
5 critical tests, 5 passed, 0 failed
5 tests total, 5 passed, 0 failed
==============================================================================
ozones3-s3.Objectmultidelete :: S3 gateway test with aws cli                  
==============================================================================
Delete file with multi delete                                         | PASS |
------------------------------------------------------------------------------
ozones3-s3.Objectmultidelete :: S3 gateway test with aws cli          | PASS |
1 critical test, 1 passed, 0 failed
1 test total, 1 passed, 0 failed
==============================================================================
ozones3-s3.Objectputget :: S3 gateway test with aws cli                       
==============================================================================
Put object to s3                                                      | PASS |
------------------------------------------------------------------------------
Get object from s3                                                    | PASS |
------------------------------------------------------------------------------
Get Partial object from s3 with both start and endoffset              | PASS |
------------------------------------------------------------------------------
Get Partial object from s3 with both start and endoffset(start off... | PASS |
------------------------------------------------------------------------------
Get Partial object from s3 with both start and endoffset(end offse... | PASS |
------------------------------------------------------------------------------
Get Partial object from s3 with only start offset                     | PASS |
------------------------------------------------------------------------------
Get Partial object from s3 with both start and endoffset which are... | PASS |
------------------------------------------------------------------------------
Get Partial object from s3 to get last n bytes                        | PASS |
------------------------------------------------------------------------------
Incorrect values for end and start offset                             | PASS |
------------------------------------------------------------------------------
Zero byte file                                                        | PASS |
------------------------------------------------------------------------------
ozones3-s3.Objectputget :: S3 gateway test with aws cli               | PASS |
10 critical tests, 10 passed, 0 failed
10 tests total, 10 passed, 0 failed
==============================================================================
ozones3-s3.Webui :: S3 gateway web ui test                                    
==============================================================================
S3 Gateway Web UI                                                     | PASS |
------------------------------------------------------------------------------
ozones3-s3.Webui :: S3 gateway web ui test                            | PASS |
1 critical test, 1 passed, 0 failed
1 test total, 1 passed, 0 failed
==============================================================================
ozones3-s3                                                            | PASS |
37 critical tests, 37 passed, 0 failed
37 tests total, 37 passed, 0 failed
==============================================================================
Output:  /tmp/smoketest/ozones3/result/robot-ozones3-ozones3-s3-scm.xml
Stopping ozones3_datanode_2 ... 
Stopping ozones3_datanode_3 ... 
Stopping ozones3_om_1       ... 
Stopping ozones3_datanode_1 ... 
Stopping ozones3_s3g_1      ... 
Stopping ozones3_scm_1      ... 
Stopping ozones3_om_1       ... done
Stopping ozones3_datanode_3 ... done
Stopping ozones3_datanode_2 ... done
Stopping ozones3_datanode_1 ... done
Stopping ozones3_s3g_1      ... done
Stopping ozones3_scm_1      ... done
Removing ozones3_datanode_2 ... 
Removing ozones3_datanode_3 ... 
Removing ozones3_om_1       ... 
Removing ozones3_datanode_1 ... 
Removing ozones3_s3g_1      ... 
Removing ozones3_scm_1      ... 
Removing ozones3_datanode_3 ... done
Removing ozones3_scm_1      ... done
Removing ozones3_s3g_1      ... done
Removing ozones3_datanode_1 ... done
Removing ozones3_om_1       ... done
Removing ozones3_datanode_2 ... done
Removing network ozones3_default
Log:     /workdir/hadoop-ozone/dist/target/ozone-0.5.0-SNAPSHOT/compose/ozones3/result/log.html
Report:  /workdir/hadoop-ozone/dist/target/ozone-0.5.0-SNAPSHOT/compose/ozones3/result/report.html
Executing test in /workdir/hadoop-ozone/dist/target/ozone-0.5.0-SNAPSHOT/compose/ozonesecure-mr
Removing network ozone
Network ozone not found.
Creating network "ozone" with the default driver
Building kdc
Step 1/16 : FROM openjdk:8u191-jdk-alpine3.9
8u191-jdk-alpine3.9: Pulling from library/openjdk
Digest: sha256:d2e2716147d1f7fe73b1a9f72a9cff7a7aa92d32eb8de4fffbfddc596e004984
Status: Downloaded newer image for openjdk:8u191-jdk-alpine3.9
 ---> e9ea51023687
Step 2/16 : RUN apk add --no-cache bash ca-certificates openssl krb5-server krb5 && rm -rf /var/cache/apk/* && update-ca-certificates
 ---> Running in d7617b079052
fetch http://dl-cdn.alpinelinux.org/alpine/v3.9/main/x86_64/APKINDEX.tar.gz
fetch http://dl-cdn.alpinelinux.org/alpine/v3.9/community/x86_64/APKINDEX.tar.gz
(1/15) Installing ncurses-terminfo-base (6.1_p20190105-r0)
(2/15) Installing ncurses-terminfo (6.1_p20190105-r0)
(3/15) Installing ncurses-libs (6.1_p20190105-r0)
(4/15) Installing readline (7.0.003-r1)
(5/15) Installing bash (4.4.19-r1)
Executing bash-4.4.19-r1.post-install
(6/15) Installing e2fsprogs-libs (1.44.5-r1)
(7/15) Installing krb5 (1.15.5-r0)
(8/15) Installing libev (4.25-r0)
(9/15) Installing libverto-libev (0.3.0-r1)
(10/15) Installing db (5.3.28-r1)
(11/15) Installing libsasl (2.1.27-r1)
(12/15) Installing libldap (2.4.48-r0)
(13/15) Installing krb5-server-ldap (1.15.5-r0)
(14/15) Installing krb5-server (1.15.5-r0)
(15/15) Installing openssl (1.1.1d-r0)
Executing busybox-1.29.3-r10.trigger
OK: 117 MiB in 69 packages
[91mWARNING: ca-certificates.crt does not contain exactly one certificate or CRL: skipping
[0m ---> 62b1a0066050
Step 3/16 : RUN wget -O /usr/local/bin/dumb-init https://github.com/Yelp/dumb-init/releases/download/v1.2.0/dumb-init_1.2.0_amd64
 ---> Running in 4305ebfa84aa
[91mConnecting to github.com (192.30.255.112:443)
[0m[91mConnecting to github-production-release-asset-2e65be.s3.amazonaws.com (52.216.243.92:443)
[0m[91mdumb-init            100% |********************************| 46400  0:00:00 ETA

[0m ---> 633ffb64d737
Step 4/16 : RUN chmod +x /usr/local/bin/dumb-init
 ---> Running in ee2e83ae6040
 ---> 471dcb306df6
Step 5/16 : RUN wget -O /root/issuer https://github.com/ajayydv/docker/raw/kdc/issuer
 ---> Running in 868a3c9487b0
[91mConnecting to github.com (192.30.255.112:443)
[0m[91mConnecting to raw.githubusercontent.com (151.101.128.133:443)
[0m[91missuer               100% |********************************| 6586k  0:00:00 ETA

[0m ---> c89cb928d457
Step 6/16 : RUN chmod +x /root/issuer
 ---> Running in b9b7ac99ebb5
 ---> dc757564b32b
Step 7/16 : WORKDIR /opt
 ---> 3b0f24610dd9
Step 8/16 : COPY krb5.conf /etc/
 ---> c05f83ad586b
Step 9/16 : COPY kadm5.acl /var/lib/krb5kdc/kadm5.acl
 ---> 2f57ceece275
Step 10/16 : RUN kdb5_util create -s -P Welcome1
 ---> Running in 7fa641d1b525
Loading random data
Initializing database '/var/lib/krb5kdc/principal' for realm 'EXAMPLE.COM',
master key name 'K/M@EXAMPLE.COM'
 ---> e29dbfd1eb24
Step 11/16 : RUN kadmin.local -q "addprinc -randkey admin/admin@EXAMPLE.COM"
 ---> Running in a49a1cb7fa7b
Authenticating as principal root/admin@EXAMPLE.COM with password.
[91mWARNING: no policy specified for admin/admin@EXAMPLE.COM; defaulting to no policy
[0mPrincipal "admin/admin@EXAMPLE.COM" created.
 ---> fc78f2dcdbd8
Step 12/16 : RUN kadmin.local -q "ktadd -k /tmp/admin.keytab admin/admin@EXAMPLE.COM"
 ---> Running in fbd9e54c5b4d
Authenticating as principal root/admin@EXAMPLE.COM with password.
Entry for principal admin/admin@EXAMPLE.COM with kvno 2, encryption type aes256-cts-hmac-sha1-96 added to keytab WRFILE:/tmp/admin.keytab.
Entry for principal admin/admin@EXAMPLE.COM with kvno 2, encryption type aes128-cts-hmac-sha1-96 added to keytab WRFILE:/tmp/admin.keytab.
 ---> bceb335fd4f3
Step 13/16 : COPY launcher.sh .
 ---> ee6edaca0be6
Step 14/16 : RUN chmod +x /opt/launcher.sh
 ---> Running in 14813dc3dc1d
 ---> 0b358c5c0d61
Step 15/16 : RUN mkdir -p /data
 ---> Running in 39c745453dfa
 ---> ca011d6d1c7a
Step 16/16 : ENTRYPOINT ["/usr/local/bin/dumb-init", "--", "/opt/launcher.sh"]
 ---> Running in 31fb97e992ac
 ---> 3da162b5bd4d

Removing intermediate container 4305ebfa84aa
Removing intermediate container 8f2a28edd4b4
Removing intermediate container 7fa641d1b525
Removing intermediate container fbd9e54c5b4d
Removing intermediate container 14813dc3dc1d
Removing intermediate container 31fb97e992ac
Removing intermediate container d7617b079052
Removing intermediate container ee2e83ae6040
Removing intermediate container 868a3c9487b0
Removing intermediate container b9b7ac99ebb5
Removing intermediate container a49a1cb7fa7b
Removing intermediate container 39c745453dfa
[Warning] One or more build-args [buildno] were not consumed
Successfully built 3da162b5bd4d
Successfully tagged ozonesecure-mr_kdc:latest
Image for service kdc was built because it did not already exist. To rebuild this image you must use `docker-compose build` or `docker-compose up --build`.
Creating ozonesecure-mr_kms_1 ... 
Creating ozonesecure-mr_datanode_1 ... 
Creating ozonesecure-mr_datanode_2 ... 
Creating ozonesecure-mr_nm_1       ... 
Creating ozonesecure-mr_datanode_3 ... 
Creating jhs                       ... 
Creating ozonesecure-mr_om_1       ... 
Creating ozonesecure-mr_scm_1      ... 
Creating ozonesecure-mr_rm_1       ... 
Creating ozonesecure-mr_kdc_1      ... 
Creating ozonesecure-mr_s3g_1      ... 
Creating ozonesecure-mr_kms_1      ... done
Creating ozonesecure-mr_datanode_1 ... done
Creating ozonesecure-mr_om_1       ... done
Creating ozonesecure-mr_rm_1       ... done
Creating ozonesecure-mr_scm_1      ... done
Creating jhs                       ... done
Creating ozonesecure-mr_kdc_1      ... done
Creating ozonesecure-mr_s3g_1      ... done
Creating ozonesecure-mr_datanode_2 ... done
Creating ozonesecure-mr_datanode_3 ... done
Connection pool is full, discarding connection: 0.0.0.0
Creating ozonesecure-mr_nm_1       ... done
kinit: Cannot contact any KDC for realm 'EXAMPLE.COM' while getting initial credentials
kinit: Cannot contact any KDC for realm 'EXAMPLE.COM' while getting initial credentials
kinit: Cannot contact any KDC for realm 'EXAMPLE.COM' while getting initial credentials
kinit: Cannot contact any KDC for realm 'EXAMPLE.COM' while getting initial credentials
kinit: Cannot contact any KDC for realm 'EXAMPLE.COM' while getting initial credentials
kinit: Cannot contact any KDC for realm 'EXAMPLE.COM' while getting initial credentials
kinit: Cannot contact any KDC for realm 'EXAMPLE.COM' while getting initial credentials
kinit: Cannot contact any KDC for realm 'EXAMPLE.COM' while getting initial credentials
kinit: Cannot contact any KDC for realm 'EXAMPLE.COM' while getting initial credentials
kinit: Cannot contact any KDC for realm 'EXAMPLE.COM' while getting initial credentials
kinit: Cannot contact any KDC for realm 'EXAMPLE.COM' while getting initial credentials
kinit: Cannot contact any KDC for realm 'EXAMPLE.COM' while getting initial credentials
kinit: Cannot contact any KDC for realm 'EXAMPLE.COM' while getting initial credentials
0 datanode is up and healthy (until now)
0 datanode is up and healthy (until now)
3 datanodes are up and registered to the scm
bash: -c: line 0: unexpected EOF while looking for matching `''
bash: -c: line 1: syntax error: unexpected end of file

bash: -c: line 0: unexpected EOF while looking for matching `''
bash: -c: line 1: syntax error: unexpected end of file

bash: -c: line 0: unexpected EOF while looking for matching `''
bash: -c: line 1: syntax error: unexpected end of file

bash: -c: line 0: unexpected EOF while looking for matching `''
bash: -c: line 1: syntax error: unexpected end of file

bash: -c: line 0: unexpected EOF while looking for matching `''
bash: -c: line 1: syntax error: unexpected end of file

bash: -c: line 0: unexpected EOF while looking for matching `''
bash: -c: line 1: syntax error: unexpected end of file

bash: -c: line 0: unexpected EOF while looking for matching `''
bash: -c: line 1: syntax error: unexpected end of file

bash: -c: line 0: unexpected EOF while looking for matching `''
bash: -c: line 1: syntax error: unexpected end of file

bash: -c: line 0: unexpected EOF while looking for matching `''
bash: -c: line 1: syntax error: unexpected end of file

bash: -c: line 0: unexpected EOF while looking for matching `''
bash: -c: line 1: syntax error: unexpected end of file

bash: -c: line 0: unexpected EOF while looking for matching `''
bash: -c: line 1: syntax error: unexpected end of file

bash: -c: line 0: unexpected EOF while looking for matching `''
bash: -c: line 1: syntax error: unexpected end of file

bash: -c: line 0: unexpected EOF while looking for matching `''
bash: -c: line 1: syntax error: unexpected end of file

bash: -c: line 0: unexpected EOF while looking for matching `''
bash: -c: line 1: syntax error: unexpected end of file

bash: -c: line 0: unexpected EOF while looking for matching `''
bash: -c: line 1: syntax error: unexpected end of file

bash: -c: line 0: unexpected EOF while looking for matching `''
bash: -c: line 1: syntax error: unexpected end of file

bash: -c: line 0: unexpected EOF while looking for matching `''
bash: -c: line 1: syntax error: unexpected end of file

bash: -c: line 0: unexpected EOF while looking for matching `''
bash: -c: line 1: syntax error: unexpected end of file

bash: -c: line 0: unexpected EOF while looking for matching `''
bash: -c: line 1: syntax error: unexpected end of file

bash: -c: line 0: unexpected EOF while looking for matching `''
bash: -c: line 1: syntax error: unexpected end of file

bash: -c: line 0: unexpected EOF while looking for matching `''
bash: -c: line 1: syntax error: unexpected end of file

bash: -c: line 0: unexpected EOF while looking for matching `''
bash: -c: line 1: syntax error: unexpected end of file

bash: -c: line 0: unexpected EOF while looking for matching `''
bash: -c: line 1: syntax error: unexpected end of file

bash: -c: line 0: unexpected EOF while looking for matching `''
bash: -c: line 1: syntax error: unexpected end of file

bash: -c: line 0: unexpected EOF while looking for matching `''
bash: -c: line 1: syntax error: unexpected end of file

bash: -c: line 0: unexpected EOF while looking for matching `''
bash: -c: line 1: syntax error: unexpected end of file

bash: -c: line 0: unexpected EOF while looking for matching `''
bash: -c: line 1: syntax error: unexpected end of file

bash: -c: line 0: unexpected EOF while looking for matching `''
bash: -c: line 1: syntax error: unexpected end of file

bash: -c: line 0: unexpected EOF while looking for matching `''
bash: -c: line 1: syntax error: unexpected end of file

bash: -c: line 0: unexpected EOF while looking for matching `''
bash: -c: line 1: syntax error: unexpected end of file

bash: -c: line 0: unexpected EOF while looking for matching `''
bash: -c: line 1: syntax error: unexpected end of file

bash: -c: line 0: unexpected EOF while looking for matching `''
bash: -c: line 1: syntax error: unexpected end of file

bash: -c: line 0: unexpected EOF while looking for matching `''
bash: -c: line 1: syntax error: unexpected end of file

bash: -c: line 0: unexpected EOF while looking for matching `''
bash: -c: line 1: syntax error: unexpected end of file

bash: -c: line 0: unexpected EOF while looking for matching `''
bash: -c: line 1: syntax error: unexpected end of file

bash: -c: line 0: unexpected EOF while looking for matching `''
bash: -c: line 1: syntax error: unexpected end of file

WARNING! Safemode is still on. Please check the docker-compose files
Connection pool is full, discarding connection: 0.0.0.0
Connection pool is full, discarding connection: 0.0.0.0
Connection pool is full, discarding connection: 0.0.0.0
Connection pool is full, discarding connection: 0.0.0.0
Connection pool is full, discarding connection: 0.0.0.0
Stopping ozonesecure-mr_s3g_1      ... 
Stopping ozonesecure-mr_datanode_3 ... 
Stopping ozonesecure-mr_nm_1       ... 
Stopping ozonesecure-mr_datanode_2 ... 
Stopping ozonesecure-mr_scm_1      ... 
Stopping ozonesecure-mr_kdc_1      ... 
Stopping ozonesecure-mr_om_1       ... 
Stopping ozonesecure-mr_rm_1       ... 
Stopping ozonesecure-mr_datanode_1 ... 
Stopping jhs                       ... 
Stopping ozonesecure-mr_kms_1      ... 
Stopping ozonesecure-mr_nm_1       ... done
Stopping ozonesecure-mr_kdc_1      ... done
Stopping ozonesecure-mr_rm_1       ... done
Stopping jhs                       ... done
Stopping ozonesecure-mr_s3g_1      ... done
Stopping ozonesecure-mr_kms_1      ... done
Stopping ozonesecure-mr_datanode_3 ... done
Stopping ozonesecure-mr_om_1       ... done
Connection pool is full, discarding connection: 0.0.0.0
Stopping ozonesecure-mr_scm_1      ... done
Stopping ozonesecure-mr_datanode_2 ... done
Stopping ozonesecure-mr_datanode_1 ... done
Removing ozonesecure-mr_s3g_1      ... 
Removing ozonesecure-mr_datanode_3 ... 
Removing ozonesecure-mr_nm_1       ... 
Removing ozonesecure-mr_datanode_2 ... 
Removing ozonesecure-mr_scm_1      ... 
Removing ozonesecure-mr_kdc_1      ... 
Removing ozonesecure-mr_om_1       ... 
Removing ozonesecure-mr_rm_1       ... 
Removing ozonesecure-mr_datanode_1 ... 
Removing jhs                       ... 
Removing ozonesecure-mr_kms_1      ... 
Removing ozonesecure-mr_kdc_1      ... done
Removing ozonesecure-mr_datanode_3 ... done
Removing ozonesecure-mr_nm_1       ... done
Removing ozonesecure-mr_datanode_2 ... done
Removing jhs                       ... done
Removing ozonesecure-mr_om_1       ... done
Removing ozonesecure-mr_scm_1      ... done
Removing ozonesecure-mr_kms_1      ... done
Removing ozonesecure-mr_s3g_1      ... done
Removing ozonesecure-mr_datanode_1 ... done
Connection pool is full, discarding connection: 0.0.0.0
Removing ozonesecure-mr_rm_1       ... done
Removing network ozone
ERROR: Test execution of /workdir/hadoop-ozone/dist/target/ozone-0.5.0-SNAPSHOT/compose/ozonesecure-mr is FAILED!!!!
cp: cannot stat '/workdir/hadoop-ozone/dist/target/ozone-0.5.0-SNAPSHOT/compose/ozonesecure-mr/result/robot-*.xml': No such file or directory
Executing test in /workdir/hadoop-ozone/dist/target/ozone-0.5.0-SNAPSHOT/compose/ozonesecure
Removing network ozonesecure_default
Network ozonesecure_default not found.
Creating network "ozonesecure_default" with the default driver
Building kdc
Step 1/16 : FROM openjdk:8u191-jdk-alpine3.9
 ---> e9ea51023687
Step 2/16 : RUN apk add --update bash ca-certificates openssl krb5-server krb5 && rm -rf /var/cache/apk/* && update-ca-certificates
 ---> Running in 812e5609f391
fetch http://dl-cdn.alpinelinux.org/alpine/v3.9/main/x86_64/APKINDEX.tar.gz
fetch http://dl-cdn.alpinelinux.org/alpine/v3.9/community/x86_64/APKINDEX.tar.gz
(1/15) Installing ncurses-terminfo-base (6.1_p20190105-r0)
(2/15) Installing ncurses-terminfo (6.1_p20190105-r0)
(3/15) Installing ncurses-libs (6.1_p20190105-r0)
(4/15) Installing readline (7.0.003-r1)
(5/15) Installing bash (4.4.19-r1)
Executing bash-4.4.19-r1.post-install
(6/15) Installing e2fsprogs-libs (1.44.5-r1)
(7/15) Installing krb5 (1.15.5-r0)
(8/15) Installing libev (4.25-r0)
(9/15) Installing libverto-libev (0.3.0-r1)
(10/15) Installing db (5.3.28-r1)
(11/15) Installing libsasl (2.1.27-r1)
(12/15) Installing libldap (2.4.48-r0)
(13/15) Installing krb5-server-ldap (1.15.5-r0)
(14/15) Installing krb5-server (1.15.5-r0)
(15/15) Installing openssl (1.1.1d-r0)
Executing busybox-1.29.3-r10.trigger
OK: 117 MiB in 69 packages
[91mWARNING: ca-certificates.crt does not contain exactly one certificate or CRL: skipping
[0m ---> daed1696f228
Step 3/16 : RUN wget -O /usr/local/bin/dumb-init https://github.com/Yelp/dumb-init/releases/download/v1.2.0/dumb-init_1.2.0_amd64
 ---> Running in 05a89cfe5482
[91mConnecting to github.com (192.30.255.113:443)
[0m[91mConnecting to github-production-release-asset-2e65be.s3.amazonaws.com (52.216.146.3:443)
[0m[91mdumb-init            100% |********************************| 46400  0:00:00 ETA

[0m ---> d7b4fcb304f5
Step 4/16 : RUN chmod +x /usr/local/bin/dumb-init
 ---> Running in 6b8005172191
 ---> 0e25d2c1d950
Step 5/16 : RUN wget -O /root/issuer https://github.com/ajayydv/docker/raw/kdc/issuer
 ---> Running in c518a685dfb0
[91mConnecting to github.com (192.30.255.113:443)
[0m[91mConnecting to raw.githubusercontent.com (151.101.128.133:443)
[0m[91missuer               100% |********************************| 6586k  0:00:00 ETA

[0m ---> 5037d75c439f
Step 6/16 : RUN chmod +x /root/issuer
 ---> Running in f191a4f8b817
 ---> d65f94444d3f
Step 7/16 : WORKDIR /opt
 ---> 33ce74c8c8bb
Step 8/16 : ADD krb5.conf /etc/
 ---> f193317cfa8d
Step 9/16 : ADD kadm5.acl /var/lib/krb5kdc/kadm5.acl
 ---> 14fc88f27c92
Step 10/16 : RUN kdb5_util create -s -P Welcome1
 ---> Running in 15a708c57293
Loading random data
Initializing database '/var/lib/krb5kdc/principal' for realm 'EXAMPLE.COM',
master key name 'K/M@EXAMPLE.COM'
 ---> 3765aa44c2e3
Step 11/16 : RUN kadmin.local -q "addprinc -randkey admin/admin@EXAMPLE.COM"
 ---> Running in 88585c0de85a
Authenticating as principal root/admin@EXAMPLE.COM with password.
[91mWARNING: no policy specified for admin/admin@EXAMPLE.COM; defaulting to no policy
[0mPrincipal "admin/admin@EXAMPLE.COM" created.
 ---> c5af176fa9a1
Step 12/16 : RUN kadmin.local -q "ktadd -k /tmp/admin.keytab admin/admin@EXAMPLE.COM"
 ---> Running in 179f9f728030
Authenticating as principal root/admin@EXAMPLE.COM with password.
Entry for principal admin/admin@EXAMPLE.COM with kvno 2, encryption type aes256-cts-hmac-sha1-96 added to keytab WRFILE:/tmp/admin.keytab.
Entry for principal admin/admin@EXAMPLE.COM with kvno 2, encryption type aes128-cts-hmac-sha1-96 added to keytab WRFILE:/tmp/admin.keytab.
 ---> bec48df4ec24
Step 13/16 : ADD launcher.sh .
 ---> 9dce52bfbc44
Step 14/16 : RUN chmod +x /opt/launcher.sh
 ---> Running in 65da19106ff3
 ---> edb817d84f6d
Step 15/16 : RUN mkdir -p /data
 ---> Running in 550d1ad20ea4
 ---> 2d0b56e0728e
Step 16/16 : ENTRYPOINT ["/usr/local/bin/dumb-init", "--", "/opt/launcher.sh"]
 ---> Running in 90b0d533d3f6
 ---> 128a0d853e2c
Removing intermediate container 6b8005172191
Removing intermediate container 6cc01184a8ac
Removing intermediate container 15a708c57293
Removing intermediate container 88585c0de85a
Removing intermediate container 65da19106ff3
Removing intermediate container 550d1ad20ea4
Removing intermediate container 05a89cfe5482
Removing intermediate container c518a685dfb0
Removing intermediate container f191a4f8b817
Removing intermediate container 179f9f728030
Removing intermediate container 90b0d533d3f6
Removing intermediate container 812e5609f391
[Warning] One or more build-args [buildno] were not consumed
Successfully built 128a0d853e2c
Successfully tagged ozonesecure_kdc:latest
Image for service kdc was built because it did not already exist. To rebuild this image you must use `docker-compose build` or `docker-compose up --build`.
Creating ozonesecure_kms_1 ... 
Creating ozonesecure_om_1  ... 
Creating ozonesecure_s3g_1 ... 
Creating ozonesecure_kdc_1 ... 
Creating ozonesecure_recon_1 ... 
Creating ozonesecure_datanode_1 ... 
Creating ozonesecure_datanode_2 ... 
Creating ozonesecure_datanode_3 ... 
Creating ozonesecure_scm_1      ... 
Creating ozonesecure_om_1       ... done
Creating ozonesecure_kdc_1      ... done
Creating ozonesecure_kms_1      ... done
Creating ozonesecure_recon_1    ... done
Creating ozonesecure_s3g_1      ... done
Creating ozonesecure_datanode_3 ... done
Creating ozonesecure_scm_1      ... done
Creating ozonesecure_datanode_1 ... done
Creating ozonesecure_datanode_2 ... done
kinit: Cannot contact any KDC for realm 'EXAMPLE.COM' while getting initial credentials
kinit: Cannot contact any KDC for realm 'EXAMPLE.COM' while getting initial credentials
kinit: Cannot contact any KDC for realm 'EXAMPLE.COM' while getting initial credentials
kinit: Cannot contact any KDC for realm 'EXAMPLE.COM' while getting initial credentials
kinit: Cannot contact any KDC for realm 'EXAMPLE.COM' while getting initial credentials
kinit: Cannot contact any KDC for realm 'EXAMPLE.COM' while getting initial credentials
kinit: Cannot contact any KDC for realm 'EXAMPLE.COM' while getting initial credentials
kinit: Cannot contact any KDC for realm 'EXAMPLE.COM' while getting initial credentials
0 datanode is up and healthy (until now)
0 datanode is up and healthy (until now)
3 datanodes are up and registered to the scm
bash: -c: line 0: unexpected EOF while looking for matching `''
bash: -c: line 1: syntax error: unexpected end of file

bash: -c: line 0: unexpected EOF while looking for matching `''
bash: -c: line 1: syntax error: unexpected end of file

bash: -c: line 0: unexpected EOF while looking for matching `''
bash: -c: line 1: syntax error: unexpected end of file

bash: -c: line 0: unexpected EOF while looking for matching `''
bash: -c: line 1: syntax error: unexpected end of file

bash: -c: line 0: unexpected EOF while looking for matching `''
bash: -c: line 1: syntax error: unexpected end of file

bash: -c: line 0: unexpected EOF while looking for matching `''
bash: -c: line 1: syntax error: unexpected end of file

bash: -c: line 0: unexpected EOF while looking for matching `''
bash: -c: line 1: syntax error: unexpected end of file

bash: -c: line 0: unexpected EOF while looking for matching `''
bash: -c: line 1: syntax error: unexpected end of file

bash: -c: line 0: unexpected EOF while looking for matching `''
bash: -c: line 1: syntax error: unexpected end of file

bash: -c: line 0: unexpected EOF while looking for matching `''
bash: -c: line 1: syntax error: unexpected end of file

bash: -c: line 0: unexpected EOF while looking for matching `''
bash: -c: line 1: syntax error: unexpected end of file

bash: -c: line 0: unexpected EOF while looking for matching `''
bash: -c: line 1: syntax error: unexpected end of file

bash: -c: line 0: unexpected EOF while looking for matching `''
bash: -c: line 1: syntax error: unexpected end of file

bash: -c: line 0: unexpected EOF while looking for matching `''
bash: -c: line 1: syntax error: unexpected end of file

bash: -c: line 0: unexpected EOF while looking for matching `''
bash: -c: line 1: syntax error: unexpected end of file

bash: -c: line 0: unexpected EOF while looking for matching `''
bash: -c: line 1: syntax error: unexpected end of file

bash: -c: line 0: unexpected EOF while looking for matching `''
bash: -c: line 1: syntax error: unexpected end of file

bash: -c: line 0: unexpected EOF while looking for matching `''
bash: -c: line 1: syntax error: unexpected end of file

bash: -c: line 0: unexpected EOF while looking for matching `''
bash: -c: line 1: syntax error: unexpected end of file

bash: -c: line 0: unexpected EOF while looking for matching `''
bash: -c: line 1: syntax error: unexpected end of file

bash: -c: line 0: unexpected EOF while looking for matching `''
bash: -c: line 1: syntax error: unexpected end of file

bash: -c: line 0: unexpected EOF while looking for matching `''
bash: -c: line 1: syntax error: unexpected end of file

bash: -c: line 0: unexpected EOF while looking for matching `''
bash: -c: line 1: syntax error: unexpected end of file

bash: -c: line 0: unexpected EOF while looking for matching `''
bash: -c: line 1: syntax error: unexpected end of file

bash: -c: line 0: unexpected EOF while looking for matching `''
bash: -c: line 1: syntax error: unexpected end of file

bash: -c: line 0: unexpected EOF while looking for matching `''
bash: -c: line 1: syntax error: unexpected end of file

bash: -c: line 0: unexpected EOF while looking for matching `''
bash: -c: line 1: syntax error: unexpected end of file

bash: -c: line 0: unexpected EOF while looking for matching `''
bash: -c: line 1: syntax error: unexpected end of file

bash: -c: line 0: unexpected EOF while looking for matching `''
bash: -c: line 1: syntax error: unexpected end of file

bash: -c: line 0: unexpected EOF while looking for matching `''
bash: -c: line 1: syntax error: unexpected end of file

bash: -c: line 0: unexpected EOF while looking for matching `''
bash: -c: line 1: syntax error: unexpected end of file

bash: -c: line 0: unexpected EOF while looking for matching `''
bash: -c: line 1: syntax error: unexpected end of file

bash: -c: line 0: unexpected EOF while looking for matching `''
bash: -c: line 1: syntax error: unexpected end of file

bash: -c: line 0: unexpected EOF while looking for matching `''
bash: -c: line 1: syntax error: unexpected end of file

bash: -c: line 0: unexpected EOF while looking for matching `''
bash: -c: line 1: syntax error: unexpected end of file

bash: -c: line 0: unexpected EOF while looking for matching `''
bash: -c: line 1: syntax error: unexpected end of file

WARNING! Safemode is still on. Please check the docker-compose files
Connection pool is full, discarding connection: 0.0.0.0
Connection pool is full, discarding connection: 0.0.0.0
Connection pool is full, discarding connection: 0.0.0.0
Stopping ozonesecure_datanode_1 ... 
Stopping ozonesecure_datanode_2 ... 
Stopping ozonesecure_datanode_3 ... 
Stopping ozonesecure_scm_1      ... 
Stopping ozonesecure_s3g_1      ... 
Stopping ozonesecure_kdc_1      ... 
Stopping ozonesecure_om_1       ... 
Stopping ozonesecure_kms_1      ... 
Stopping ozonesecure_kdc_1      ... done
Stopping ozonesecure_kms_1      ... done
Stopping ozonesecure_s3g_1      ... done
Stopping ozonesecure_om_1       ... done
Stopping ozonesecure_scm_1      ... done
Stopping ozonesecure_datanode_3 ... done
Stopping ozonesecure_datanode_2 ... done
Stopping ozonesecure_datanode_1 ... done
Removing ozonesecure_datanode_1 ... 
Removing ozonesecure_datanode_2 ... 
Removing ozonesecure_datanode_3 ... 
Removing ozonesecure_scm_1      ... 
Removing ozonesecure_recon_1    ... 
Removing ozonesecure_s3g_1      ... 
Removing ozonesecure_kdc_1      ... 
Removing ozonesecure_om_1       ... 
Removing ozonesecure_kms_1      ... 
Removing ozonesecure_datanode_3 ... done
Removing ozonesecure_s3g_1      ... done
Removing ozonesecure_recon_1    ... done
Removing ozonesecure_scm_1      ... done
Removing ozonesecure_datanode_2 ... done
Removing ozonesecure_om_1       ... done
Removing ozonesecure_kdc_1      ... done
Removing ozonesecure_kms_1      ... done
Removing ozonesecure_datanode_1 ... done
Removing network ozonesecure_default
ERROR: Test execution of /workdir/hadoop-ozone/dist/target/ozone-0.5.0-SNAPSHOT/compose/ozonesecure is FAILED!!!!
cp: cannot stat '/workdir/hadoop-ozone/dist/target/ozone-0.5.0-SNAPSHOT/compose/ozonesecure/result/robot-*.xml': No such file or directory
Log:     /workdir/hadoop-ozone/dist/target/ozone-0.5.0-SNAPSHOT/compose/result/log.html
Report:  /workdir/hadoop-ozone/dist/target/ozone-0.5.0-SNAPSHOT/compose/result/report.html
