<?xml version="1.0" encoding="UTF-8"?>
<testsuite xmlns:xsi="http://www.w3.org/2001/XMLSchema-instance" xsi:noNamespaceSchemaLocation="https://maven.apache.org/surefire/maven-surefire-plugin/xsd/surefire-test-report.xsd" name="org.apache.hadoop.hdds.scm.pipeline.TestSCMPipelineManager" time="1.873" tests="5" errors="2" skipped="0" failures="0">
  <properties>
[...]
</properties>
  <testcase name="testRemovePipeline" classname="org.apache.hadoop.hdds.scm.pipeline.TestSCMPipelineManager" time="0.955"/>
  <testcase name="testActivateDeactivatePipeline" classname="org.apache.hadoop.hdds.scm.pipeline.TestSCMPipelineManager" time="0.175"/>
  <testcase name="testPipelineReload" classname="org.apache.hadoop.hdds.scm.pipeline.TestSCMPipelineManager" time="0.354"/>
  <testcase name="testPipelineReport" classname="org.apache.hadoop.hdds.scm.pipeline.TestSCMPipelineManager" time="0.272">
    <error message="Cannot create pipeline of factor 3 using 1 nodes." type="org.apache.hadoop.hdds.scm.pipeline.InsufficientDatanodesException">org.apache.hadoop.hdds.scm.pipeline.InsufficientDatanodesException: Cannot create pipeline of factor 3 using 1 nodes.
	at org.apache.hadoop.hdds.scm.pipeline.RatisPipelineProvider.create(RatisPipelineProvider.java:144)
	at org.apache.hadoop.hdds.scm.pipeline.PipelineFactory.create(PipelineFactory.java:60)
	at org.apache.hadoop.hdds.scm.pipeline.SCMPipelineManager.createPipeline(SCMPipelineManager.java:159)
	at org.apache.hadoop.hdds.scm.pipeline.TestSCMPipelineManager.testPipelineReport(TestSCMPipelineManager.java:169)
	at sun.reflect.NativeMethodAccessorImpl.invoke0(Native Method)
	at sun.reflect.NativeMethodAccessorImpl.invoke(NativeMethodAccessorImpl.java:62)
	at sun.reflect.DelegatingMethodAccessorImpl.invoke(DelegatingMethodAccessorImpl.java:43)
	at java.lang.reflect.Method.invoke(Method.java:498)
	at org.junit.runners.model.FrameworkMethod$1.runReflectiveCall(FrameworkMethod.java:47)
	at org.junit.internal.runners.model.ReflectiveCallable.run(ReflectiveCallable.java:12)
	at org.junit.runners.model.FrameworkMethod.invokeExplosively(FrameworkMethod.java:44)
	at org.junit.internal.runners.statements.InvokeMethod.evaluate(InvokeMethod.java:17)
	at org.junit.internal.runners.statements.RunBefores.evaluate(RunBefores.java:26)
	at org.junit.internal.runners.statements.RunAfters.evaluate(RunAfters.java:27)
	at org.junit.runners.ParentRunner.runLeaf(ParentRunner.java:271)
	at org.junit.runners.BlockJUnit4ClassRunner.runChild(BlockJUnit4ClassRunner.java:70)
	at org.junit.runners.BlockJUnit4ClassRunner.runChild(BlockJUnit4ClassRunner.java:50)
	at org.junit.runners.ParentRunner$3.run(ParentRunner.java:238)
	at org.junit.runners.ParentRunner$1.schedule(ParentRunner.java:63)
	at org.junit.runners.ParentRunner.runChildren(ParentRunner.java:236)
	at org.junit.runners.ParentRunner.access$000(ParentRunner.java:53)
	at org.junit.runners.ParentRunner$2.evaluate(ParentRunner.java:229)
	at org.junit.runners.ParentRunner.run(ParentRunner.java:309)
	at org.apache.maven.surefire.junit4.JUnit4Provider.execute(JUnit4Provider.java:365)
	at org.apache.maven.surefire.junit4.JUnit4Provider.executeWithRerun(JUnit4Provider.java:273)
	at org.apache.maven.surefire.junit4.JUnit4Provider.executeTestSet(JUnit4Provider.java:238)
	at org.apache.maven.surefire.junit4.JUnit4Provider.invoke(JUnit4Provider.java:159)
	at org.apache.maven.surefire.booter.ForkedBooter.invokeProviderInSameClassLoader(ForkedBooter.java:384)
	at org.apache.maven.surefire.booter.ForkedBooter.runSuitesInProcess(ForkedBooter.java:345)
	at org.apache.maven.surefire.booter.ForkedBooter.execute(ForkedBooter.java:126)
	at org.apache.maven.surefire.booter.ForkedBooter.main(ForkedBooter.java:418)
</error>
    <system-out><![CDATA[2019-10-24 13:30:21,531 [main] WARN  server.ServerUtils (ServerUtils.java:getScmDbDir(145)) - ozone.scm.db.dirs is not configured. We recommend adding this setting. Falling back to ozone.metadata.dirs instead.
2019-10-24 13:30:21,674 [main] INFO  pipeline.SCMPipelineManager (SCMPipelineManager.java:initializePipelineState(136)) - No pipeline exists in current db
2019-10-24 13:30:21,714 [main] INFO  safemode.HealthyPipelineSafeModeRule (HealthyPipelineSafeModeRule.java:<init>(89)) -  Total pipeline count is 0, healthy pipeline threshold count is 1
2019-10-24 13:30:21,717 [main] INFO  safemode.OneReplicaPipelineSafeModeRule (OneReplicaPipelineSafeModeRule.java:<init>(79)) - Total pipeline count is 0, pipeline's with at least one datanode reported threshold count is 0
2019-10-24 13:30:21,718 [main] WARN  events.EventQueue (EventQueue.java:fireEvent(183)) - No event handler registered for event TypedEvent{payloadType=SafeModeStatus, name='SafeModeStatus'}
2019-10-24 13:30:21,719 [RatisPipelineUtilsThread] INFO  pipeline.RatisPipelineProvider (RatisPipelineProvider.java:lambda$create$4(163)) - Send pipeline:PipelineID=2803fb50-220d-44d8-8134-5e39ee1c15b0 create command to datanode 746869d4-33b1-4ac4-876a-f1780bfcce70
2019-10-24 13:30:21,720 [RatisPipelineUtilsThread] WARN  events.EventQueue (EventQueue.java:fireEvent(183)) - No event handler registered for event TypedEvent{payloadType=CommandForDatanode, name='Datanode_Command'}
2019-10-24 13:30:21,721 [RatisPipelineUtilsThread] INFO  pipeline.RatisPipelineProvider (RatisPipelineProvider.java:lambda$create$4(163)) - Send pipeline:PipelineID=7b03e290-df47-467e-9380-3b82f135ff57 create command to datanode 7f43424b-7ed7-4e46-b219-e2ed89efe745
2019-10-24 13:30:21,722 [RatisPipelineUtilsThread] WARN  events.EventQueue (EventQueue.java:fireEvent(183)) - No event handler registered for event TypedEvent{payloadType=CommandForDatanode, name='Datanode_Command'}
2019-10-24 13:30:21,733 [RatisPipelineUtilsThread] INFO  pipeline.RatisPipelineProvider (RatisPipelineProvider.java:lambda$create$4(163)) - Send pipeline:PipelineID=cdb24001-9265-475a-917c-faa8a78cfe43 create command to datanode ea256f4d-b9d4-4967-bc8e-90aee6b2432f
2019-10-24 13:30:21,734 [RatisPipelineUtilsThread] WARN  events.EventQueue (EventQueue.java:fireEvent(183)) - No event handler registered for event TypedEvent{payloadType=CommandForDatanode, name='Datanode_Command'}
2019-10-24 13:30:21,735 [RatisPipelineUtilsThread] INFO  pipeline.RatisPipelineProvider (RatisPipelineProvider.java:lambda$create$4(163)) - Send pipeline:PipelineID=4f230f42-1496-4bd5-98dc-cb74b4e6203b create command to datanode d64d2e86-30c4-4e53-b0b9-165a98fad2d8
2019-10-24 13:30:21,735 [RatisPipelineUtilsThread] WARN  events.EventQueue (EventQueue.java:fireEvent(183)) - No event handler registered for event TypedEvent{payloadType=CommandForDatanode, name='Datanode_Command'}
2019-10-24 13:30:21,736 [RatisPipelineUtilsThread] INFO  pipeline.RatisPipelineProvider (RatisPipelineProvider.java:lambda$create$4(163)) - Send pipeline:PipelineID=3089390e-be47-4fce-a541-2401c78ca2e5 create command to datanode 2a7849cd-364f-428d-94bf-c968f7c1eec8
2019-10-24 13:30:21,737 [RatisPipelineUtilsThread] WARN  events.EventQueue (EventQueue.java:fireEvent(183)) - No event handler registered for event TypedEvent{payloadType=CommandForDatanode, name='Datanode_Command'}
2019-10-24 13:30:21,738 [RatisPipelineUtilsThread] INFO  pipeline.RatisPipelineProvider (RatisPipelineProvider.java:lambda$create$4(163)) - Send pipeline:PipelineID=1450da6f-b46d-4004-8318-dfa2bdc416bc create command to datanode fd604ae5-7bb9-401b-aee3-6f8a717b35f0
2019-10-24 13:30:21,738 [RatisPipelineUtilsThread] WARN  events.EventQueue (EventQueue.java:fireEvent(183)) - No event handler registered for event TypedEvent{payloadType=CommandForDatanode, name='Datanode_Command'}
2019-10-24 13:30:21,739 [RatisPipelineUtilsThread] INFO  pipeline.RatisPipelineProvider (RatisPipelineProvider.java:lambda$create$4(163)) - Send pipeline:PipelineID=deb304bd-4ea1-4176-94a6-7df17b61f7cb create command to datanode a07c1a74-a894-47fa-b1ce-21c06f4fb91b
2019-10-24 13:30:21,740 [RatisPipelineUtilsThread] WARN  events.EventQueue (EventQueue.java:fireEvent(183)) - No event handler registered for event TypedEvent{payloadType=CommandForDatanode, name='Datanode_Command'}
2019-10-24 13:30:21,741 [RatisPipelineUtilsThread] INFO  pipeline.RatisPipelineProvider (RatisPipelineProvider.java:lambda$create$4(163)) - Send pipeline:PipelineID=f9730762-8fea-49ba-9a91-6914cefd365d create command to datanode 08ab59a3-7a1b-47ad-bf04-d5cede8d603b
2019-10-24 13:30:21,741 [RatisPipelineUtilsThread] WARN  events.EventQueue (EventQueue.java:fireEvent(183)) - No event handler registered for event TypedEvent{payloadType=CommandForDatanode, name='Datanode_Command'}
2019-10-24 13:30:21,742 [RatisPipelineUtilsThread] INFO  pipeline.RatisPipelineProvider (RatisPipelineProvider.java:lambda$create$4(163)) - Send pipeline:PipelineID=2bc1d571-e5aa-4c3c-bd3c-57875e53e17e create command to datanode 25e94142-e9bc-47f6-9b17-3f11ef4bb48d
2019-10-24 13:30:21,743 [RatisPipelineUtilsThread] WARN  events.EventQueue (EventQueue.java:fireEvent(183)) - No event handler registered for event TypedEvent{payloadType=CommandForDatanode, name='Datanode_Command'}
2019-10-24 13:30:21,744 [RatisPipelineUtilsThread] INFO  pipeline.RatisPipelineProvider (RatisPipelineProvider.java:lambda$create$4(163)) - Send pipeline:PipelineID=7f1aadf8-2129-43f2-bdad-09fa0ea046d3 create command to datanode 6148e9a9-ac19-407c-b3ab-c23c9cdf5ea3
2019-10-24 13:30:21,744 [RatisPipelineUtilsThread] WARN  events.EventQueue (EventQueue.java:fireEvent(183)) - No event handler registered for event TypedEvent{payloadType=CommandForDatanode, name='Datanode_Command'}
2019-10-24 13:30:21,745 [RatisPipelineUtilsThread] INFO  pipeline.RatisPipelineProvider (RatisPipelineProvider.java:lambda$create$4(163)) - Send pipeline:PipelineID=0fc0cc56-36d2-4d15-814f-580e51f88834 create command to datanode 033858e0-1295-4bc2-b72b-17e3989cf464
2019-10-24 13:30:21,745 [RatisPipelineUtilsThread] WARN  events.EventQueue (EventQueue.java:fireEvent(183)) - No event handler registered for event TypedEvent{payloadType=CommandForDatanode, name='Datanode_Command'}
2019-10-24 13:30:21,746 [RatisPipelineUtilsThread] INFO  pipeline.RatisPipelineProvider (RatisPipelineProvider.java:lambda$create$4(163)) - Send pipeline:PipelineID=e55673f6-037b-4dfa-a8ed-dfd5e6fe4d19 create command to datanode 02fde8a7-bccb-49f6-ad43-e0b6cd9ce6ed
2019-10-24 13:30:21,747 [RatisPipelineUtilsThread] WARN  events.EventQueue (EventQueue.java:fireEvent(183)) - No event handler registered for event TypedEvent{payloadType=CommandForDatanode, name='Datanode_Command'}
2019-10-24 13:30:21,748 [RatisPipelineUtilsThread] INFO  pipeline.RatisPipelineProvider (RatisPipelineProvider.java:lambda$create$4(163)) - Send pipeline:PipelineID=a61b2c89-b5e3-4dc3-bc45-63ae60f6ae31 create command to datanode b22b93ec-5161-4205-8914-3925a5ec5369
2019-10-24 13:30:21,748 [RatisPipelineUtilsThread] WARN  events.EventQueue (EventQueue.java:fireEvent(183)) - No event handler registered for event TypedEvent{payloadType=CommandForDatanode, name='Datanode_Command'}
2019-10-24 13:30:21,749 [RatisPipelineUtilsThread] INFO  pipeline.RatisPipelineProvider (RatisPipelineProvider.java:lambda$create$4(163)) - Send pipeline:PipelineID=ab1fb670-4711-46d5-98d3-b9af500c64b4 create command to datanode b206875b-388e-454a-a0f5-f2142d7df09a
2019-10-24 13:30:21,749 [RatisPipelineUtilsThread] WARN  events.EventQueue (EventQueue.java:fireEvent(183)) - No event handler registered for event TypedEvent{payloadType=CommandForDatanode, name='Datanode_Command'}
2019-10-24 13:30:21,750 [RatisPipelineUtilsThread] INFO  pipeline.RatisPipelineProvider (RatisPipelineProvider.java:lambda$create$4(163)) - Send pipeline:PipelineID=bba6f765-0cab-4abd-9d63-8425f26ed75d create command to datanode f2631e9b-c0f1-42c8-ab9a-2b7933730e2a
2019-10-24 13:30:21,751 [RatisPipelineUtilsThread] WARN  events.EventQueue (EventQueue.java:fireEvent(183)) - No event handler registered for event TypedEvent{payloadType=CommandForDatanode, name='Datanode_Command'}
2019-10-24 13:30:21,752 [RatisPipelineUtilsThread] INFO  pipeline.RatisPipelineProvider (RatisPipelineProvider.java:lambda$create$4(163)) - Send pipeline:PipelineID=5c9cbfd6-14f4-4794-8e02-9fe32be40d5e create command to datanode 3a378f92-1be7-4dab-9475-f241cf4a2a72
2019-10-24 13:30:21,752 [RatisPipelineUtilsThread] WARN  events.EventQueue (EventQueue.java:fireEvent(183)) - No event handler registered for event TypedEvent{payloadType=CommandForDatanode, name='Datanode_Command'}
2019-10-24 13:30:21,754 [RatisPipelineUtilsThread] INFO  pipeline.RatisPipelineProvider (RatisPipelineProvider.java:lambda$create$4(163)) - Send pipeline:PipelineID=f8193fae-2734-41d4-accc-a11bd4f6aadb create command to datanode 746869d4-33b1-4ac4-876a-f1780bfcce70
2019-10-24 13:30:21,754 [RatisPipelineUtilsThread] WARN  events.EventQueue (EventQueue.java:fireEvent(183)) - No event handler registered for event TypedEvent{payloadType=CommandForDatanode, name='Datanode_Command'}
2019-10-24 13:30:21,754 [RatisPipelineUtilsThread] INFO  pipeline.RatisPipelineProvider (RatisPipelineProvider.java:lambda$create$4(163)) - Send pipeline:PipelineID=f8193fae-2734-41d4-accc-a11bd4f6aadb create command to datanode 7f43424b-7ed7-4e46-b219-e2ed89efe745
2019-10-24 13:30:21,754 [RatisPipelineUtilsThread] WARN  events.EventQueue (EventQueue.java:fireEvent(183)) - No event handler registered for event TypedEvent{payloadType=CommandForDatanode, name='Datanode_Command'}
2019-10-24 13:30:21,754 [RatisPipelineUtilsThread] INFO  pipeline.RatisPipelineProvider (RatisPipelineProvider.java:lambda$create$4(163)) - Send pipeline:PipelineID=f8193fae-2734-41d4-accc-a11bd4f6aadb create command to datanode ea256f4d-b9d4-4967-bc8e-90aee6b2432f
2019-10-24 13:30:21,755 [RatisPipelineUtilsThread] WARN  events.EventQueue (EventQueue.java:fireEvent(183)) - No event handler registered for event TypedEvent{payloadType=CommandForDatanode, name='Datanode_Command'}
2019-10-24 13:30:21,756 [RatisPipelineUtilsThread] INFO  pipeline.RatisPipelineProvider (RatisPipelineProvider.java:lambda$create$4(163)) - Send pipeline:PipelineID=f4237184-874f-4c87-9b56-bfd5e9148b09 create command to datanode d64d2e86-30c4-4e53-b0b9-165a98fad2d8
2019-10-24 13:30:21,756 [RatisPipelineUtilsThread] WARN  events.EventQueue (EventQueue.java:fireEvent(183)) - No event handler registered for event TypedEvent{payloadType=CommandForDatanode, name='Datanode_Command'}
2019-10-24 13:30:21,756 [RatisPipelineUtilsThread] INFO  pipeline.RatisPipelineProvider (RatisPipelineProvider.java:lambda$create$4(163)) - Send pipeline:PipelineID=f4237184-874f-4c87-9b56-bfd5e9148b09 create command to datanode 2a7849cd-364f-428d-94bf-c968f7c1eec8
2019-10-24 13:30:21,756 [RatisPipelineUtilsThread] WARN  events.EventQueue (EventQueue.java:fireEvent(183)) - No event handler registered for event TypedEvent{payloadType=CommandForDatanode, name='Datanode_Command'}
2019-10-24 13:30:21,756 [RatisPipelineUtilsThread] INFO  pipeline.RatisPipelineProvider (RatisPipelineProvider.java:lambda$create$4(163)) - Send pipeline:PipelineID=f4237184-874f-4c87-9b56-bfd5e9148b09 create command to datanode fd604ae5-7bb9-401b-aee3-6f8a717b35f0
2019-10-24 13:30:21,756 [RatisPipelineUtilsThread] WARN  events.EventQueue (EventQueue.java:fireEvent(183)) - No event handler registered for event TypedEvent{payloadType=CommandForDatanode, name='Datanode_Command'}
2019-10-24 13:30:21,758 [RatisPipelineUtilsThread] INFO  pipeline.RatisPipelineProvider (RatisPipelineProvider.java:lambda$create$4(163)) - Send pipeline:PipelineID=bf5d08ff-a0db-41cd-a2fc-21935b1a14ce create command to datanode a07c1a74-a894-47fa-b1ce-21c06f4fb91b
2019-10-24 13:30:21,758 [RatisPipelineUtilsThread] WARN  events.EventQueue (EventQueue.java:fireEvent(183)) - No event handler registered for event TypedEvent{payloadType=CommandForDatanode, name='Datanode_Command'}
2019-10-24 13:30:21,758 [RatisPipelineUtilsThread] INFO  pipeline.RatisPipelineProvider (RatisPipelineProvider.java:lambda$create$4(163)) - Send pipeline:PipelineID=bf5d08ff-a0db-41cd-a2fc-21935b1a14ce create command to datanode 08ab59a3-7a1b-47ad-bf04-d5cede8d603b
2019-10-24 13:30:21,758 [RatisPipelineUtilsThread] WARN  events.EventQueue (EventQueue.java:fireEvent(183)) - No event handler registered for event TypedEvent{payloadType=CommandForDatanode, name='Datanode_Command'}
2019-10-24 13:30:21,758 [RatisPipelineUtilsThread] INFO  pipeline.RatisPipelineProvider (RatisPipelineProvider.java:lambda$create$4(163)) - Send pipeline:PipelineID=bf5d08ff-a0db-41cd-a2fc-21935b1a14ce create command to datanode 25e94142-e9bc-47f6-9b17-3f11ef4bb48d
2019-10-24 13:30:21,759 [RatisPipelineUtilsThread] WARN  events.EventQueue (EventQueue.java:fireEvent(183)) - No event handler registered for event TypedEvent{payloadType=CommandForDatanode, name='Datanode_Command'}
2019-10-24 13:30:21,760 [RatisPipelineUtilsThread] INFO  pipeline.RatisPipelineProvider (RatisPipelineProvider.java:lambda$create$4(163)) - Send pipeline:PipelineID=96818544-879e-4d92-80c0-962fe9c2cff8 create command to datanode 6148e9a9-ac19-407c-b3ab-c23c9cdf5ea3
2019-10-24 13:30:21,760 [RatisPipelineUtilsThread] WARN  events.EventQueue (EventQueue.java:fireEvent(183)) - No event handler registered for event TypedEvent{payloadType=CommandForDatanode, name='Datanode_Command'}
2019-10-24 13:30:21,760 [RatisPipelineUtilsThread] INFO  pipeline.RatisPipelineProvider (RatisPipelineProvider.java:lambda$create$4(163)) - Send pipeline:PipelineID=96818544-879e-4d92-80c0-962fe9c2cff8 create command to datanode 033858e0-1295-4bc2-b72b-17e3989cf464
2019-10-24 13:30:21,760 [RatisPipelineUtilsThread] WARN  events.EventQueue (EventQueue.java:fireEvent(183)) - No event handler registered for event TypedEvent{payloadType=CommandForDatanode, name='Datanode_Command'}
2019-10-24 13:30:21,760 [RatisPipelineUtilsThread] INFO  pipeline.RatisPipelineProvider (RatisPipelineProvider.java:lambda$create$4(163)) - Send pipeline:PipelineID=96818544-879e-4d92-80c0-962fe9c2cff8 create command to datanode 02fde8a7-bccb-49f6-ad43-e0b6cd9ce6ed
2019-10-24 13:30:21,761 [RatisPipelineUtilsThread] WARN  events.EventQueue (EventQueue.java:fireEvent(183)) - No event handler registered for event TypedEvent{payloadType=CommandForDatanode, name='Datanode_Command'}
2019-10-24 13:30:21,762 [RatisPipelineUtilsThread] INFO  pipeline.RatisPipelineProvider (RatisPipelineProvider.java:lambda$create$4(163)) - Send pipeline:PipelineID=156f71e8-3849-480b-bae4-50757372a3eb create command to datanode b22b93ec-5161-4205-8914-3925a5ec5369
2019-10-24 13:30:21,762 [RatisPipelineUtilsThread] WARN  events.EventQueue (EventQueue.java:fireEvent(183)) - No event handler registered for event TypedEvent{payloadType=CommandForDatanode, name='Datanode_Command'}
2019-10-24 13:30:21,762 [RatisPipelineUtilsThread] INFO  pipeline.RatisPipelineProvider (RatisPipelineProvider.java:lambda$create$4(163)) - Send pipeline:PipelineID=156f71e8-3849-480b-bae4-50757372a3eb create command to datanode b206875b-388e-454a-a0f5-f2142d7df09a
2019-10-24 13:30:21,762 [RatisPipelineUtilsThread] WARN  events.EventQueue (EventQueue.java:fireEvent(183)) - No event handler registered for event TypedEvent{payloadType=CommandForDatanode, name='Datanode_Command'}
2019-10-24 13:30:21,763 [RatisPipelineUtilsThread] INFO  pipeline.RatisPipelineProvider (RatisPipelineProvider.java:lambda$create$4(163)) - Send pipeline:PipelineID=156f71e8-3849-480b-bae4-50757372a3eb create command to datanode f2631e9b-c0f1-42c8-ab9a-2b7933730e2a
2019-10-24 13:30:21,763 [RatisPipelineUtilsThread] WARN  events.EventQueue (EventQueue.java:fireEvent(183)) - No event handler registered for event TypedEvent{payloadType=CommandForDatanode, name='Datanode_Command'}
]]></system-out>
  </testcase>
  <testcase name="testPipelineCreationFailedMetric" classname="org.apache.hadoop.hdds.scm.pipeline.TestSCMPipelineManager" time="0.027">
    <error message="Failed init RocksDB, db path : /workdir/hadoop-ozone/integration-test/target/test-dir/TestSCMPipelineManager/scm-pipeline.db" type="java.io.IOException"><![CDATA[java.io.IOException: Failed init RocksDB, db path : /workdir/hadoop-ozone/integration-test/target/test-dir/TestSCMPipelineManager/scm-pipeline.db
	at org.apache.hadoop.hdds.utils.RocksDBStore.<init>(RocksDBStore.java:82)
	at org.apache.hadoop.hdds.utils.MetadataStoreBuilder.build(MetadataStoreBuilder.java:148)
	at org.apache.hadoop.hdds.scm.pipeline.SCMPipelineManager.<init>(SCMPipelineManager.java:111)
	at org.apache.hadoop.hdds.scm.pipeline.TestSCMPipelineManager.testPipelineCreationFailedMetric(TestSCMPipelineManager.java:223)
	at sun.reflect.NativeMethodAccessorImpl.invoke0(Native Method)
	at sun.reflect.NativeMethodAccessorImpl.invoke(NativeMethodAccessorImpl.java:62)
	at sun.reflect.DelegatingMethodAccessorImpl.invoke(DelegatingMethodAccessorImpl.java:43)
	at java.lang.reflect.Method.invoke(Method.java:498)
	at org.junit.runners.model.FrameworkMethod$1.runReflectiveCall(FrameworkMethod.java:47)
	at org.junit.internal.runners.model.ReflectiveCallable.run(ReflectiveCallable.java:12)
	at org.junit.runners.model.FrameworkMethod.invokeExplosively(FrameworkMethod.java:44)
	at org.junit.internal.runners.statements.InvokeMethod.evaluate(InvokeMethod.java:17)
	at org.junit.internal.runners.statements.RunBefores.evaluate(RunBefores.java:26)
	at org.junit.internal.runners.statements.RunAfters.evaluate(RunAfters.java:27)
	at org.junit.runners.ParentRunner.runLeaf(ParentRunner.java:271)
	at org.junit.runners.BlockJUnit4ClassRunner.runChild(BlockJUnit4ClassRunner.java:70)
	at org.junit.runners.BlockJUnit4ClassRunner.runChild(BlockJUnit4ClassRunner.java:50)
	at org.junit.runners.ParentRunner$3.run(ParentRunner.java:238)
	at org.junit.runners.ParentRunner$1.schedule(ParentRunner.java:63)
	at org.junit.runners.ParentRunner.runChildren(ParentRunner.java:236)
	at org.junit.runners.ParentRunner.access$000(ParentRunner.java:53)
	at org.junit.runners.ParentRunner$2.evaluate(ParentRunner.java:229)
	at org.junit.runners.ParentRunner.run(ParentRunner.java:309)
	at org.apache.maven.surefire.junit4.JUnit4Provider.execute(JUnit4Provider.java:365)
	at org.apache.maven.surefire.junit4.JUnit4Provider.executeWithRerun(JUnit4Provider.java:273)
	at org.apache.maven.surefire.junit4.JUnit4Provider.executeTestSet(JUnit4Provider.java:238)
	at org.apache.maven.surefire.junit4.JUnit4Provider.invoke(JUnit4Provider.java:159)
	at org.apache.maven.surefire.booter.ForkedBooter.invokeProviderInSameClassLoader(ForkedBooter.java:384)
	at org.apache.maven.surefire.booter.ForkedBooter.runSuitesInProcess(ForkedBooter.java:345)
	at org.apache.maven.surefire.booter.ForkedBooter.execute(ForkedBooter.java:126)
	at org.apache.maven.surefire.booter.ForkedBooter.main(ForkedBooter.java:418)
Caused by: org.rocksdb.RocksDBException: lock : /workdir/hadoop-ozone/integration-test/target/test-dir/TestSCMPipelineManager/scm-pipeline.db/LOCK: No locks available
	at org.rocksdb.RocksDB.open(Native Method)
	at org.rocksdb.RocksDB.open(RocksDB.java:235)
	at org.apache.hadoop.hdds.utils.RocksDBStore.<init>(RocksDBStore.java:68)
	... 30 more
]]></error>
    <system-out><![CDATA[2019-10-24 13:30:21,799 [main] WARN  server.ServerUtils (ServerUtils.java:getScmDbDir(145)) - ozone.scm.db.dirs is not configured. We recommend adding this setting. Falling back to ozone.metadata.dirs instead.
]]></system-out>
  </testcase>
</testsuite>