<?xml version="1.0" encoding="UTF-8"?>
<testsuite xmlns:xsi="http://www.w3.org/2001/XMLSchema-instance" xsi:noNamespaceSchemaLocation="https://maven.apache.org/surefire/maven-surefire-plugin/xsd/surefire-test-report.xsd" name="org.apache.hadoop.fs.ozone.TestOzoneFileSystem" time="366.792" tests="8" errors="1" skipped="0" failures="0">
  <properties>
[...]
</properties>
  <testcase name="testOzoneFsServiceLoader" classname="org.apache.hadoop.fs.ozone.TestOzoneFileSystem" time="33.854"/>
  <testcase name="testListStatusOnRoot" classname="org.apache.hadoop.fs.ozone.TestOzoneFileSystem" time="24.881"/>
  <testcase name="testListStatusOnSubDirs" classname="org.apache.hadoop.fs.ozone.TestOzoneFileSystem" time="25.181"/>
  <testcase name="testListStatus" classname="org.apache.hadoop.fs.ozone.TestOzoneFileSystem" time="53.372">
    <error message="Allocated 0 blocks. Requested 1 blocks" type="INTERNAL_ERROR org.apache.hadoop.ozone.om.exceptions.OMException">INTERNAL_ERROR org.apache.hadoop.ozone.om.exceptions.OMException: Allocated 0 blocks. Requested 1 blocks
	at org.apache.hadoop.ozone.om.protocolPB.OzoneManagerProtocolClientSideTranslatorPB.handleError(OzoneManagerProtocolClientSideTranslatorPB.java:761)
	at org.apache.hadoop.ozone.om.protocolPB.OzoneManagerProtocolClientSideTranslatorPB.createFile(OzoneManagerProtocolClientSideTranslatorPB.java:1565)
	at sun.reflect.NativeMethodAccessorImpl.invoke0(Native Method)
	at sun.reflect.NativeMethodAccessorImpl.invoke(NativeMethodAccessorImpl.java:62)
	at sun.reflect.DelegatingMethodAccessorImpl.invoke(DelegatingMethodAccessorImpl.java:43)
	at java.lang.reflect.Method.invoke(Method.java:498)
	at org.apache.hadoop.hdds.tracing.TraceAllMethod.invoke(TraceAllMethod.java:66)
	at com.sun.proxy.$Proxy38.createFile(Unknown Source)
	at org.apache.hadoop.ozone.client.rpc.RpcClient.createFile(RpcClient.java:1037)
	at org.apache.hadoop.ozone.client.OzoneBucket.createFile(OzoneBucket.java:537)
	at org.apache.hadoop.fs.ozone.BasicOzoneClientAdapterImpl.createFile(BasicOzoneClientAdapterImpl.java:208)
	at org.apache.hadoop.fs.ozone.BasicOzoneFileSystem.createOutputStream(BasicOzoneFileSystem.java:250)
	at org.apache.hadoop.fs.ozone.BasicOzoneFileSystem.create(BasicOzoneFileSystem.java:231)
	at org.apache.hadoop.fs.FileSystem.create(FileSystem.java:1118)
	at org.apache.hadoop.fs.FileSystem.create(FileSystem.java:1098)
	at org.apache.hadoop.fs.FileSystem.create(FileSystem.java:987)
	at org.apache.hadoop.fs.contract.ContractTestUtils.createFile(ContractTestUtils.java:633)
	at org.apache.hadoop.fs.contract.ContractTestUtils.touch(ContractTestUtils.java:669)
	at org.apache.hadoop.fs.ozone.TestOzoneFileSystem.testListStatus(TestOzoneFileSystem.java:160)
	at sun.reflect.NativeMethodAccessorImpl.invoke0(Native Method)
	at sun.reflect.NativeMethodAccessorImpl.invoke(NativeMethodAccessorImpl.java:62)
	at sun.reflect.DelegatingMethodAccessorImpl.invoke(DelegatingMethodAccessorImpl.java:43)
	at java.lang.reflect.Method.invoke(Method.java:498)
	at org.junit.runners.model.FrameworkMethod$1.runReflectiveCall(FrameworkMethod.java:47)
	at org.junit.internal.runners.model.ReflectiveCallable.run(ReflectiveCallable.java:12)
	at org.junit.runners.model.FrameworkMethod.invokeExplosively(FrameworkMethod.java:44)
	at org.junit.internal.runners.statements.InvokeMethod.evaluate(InvokeMethod.java:17)
	at org.junit.internal.runners.statements.RunBefores.evaluate(RunBefores.java:26)
	at org.junit.internal.runners.statements.RunAfters.evaluate(RunAfters.java:27)
	at org.junit.internal.runners.statements.FailOnTimeout$StatementThread.run(FailOnTimeout.java:74)
</error>
    <system-out><![CDATA[2019-11-13 21:46:08,439 [Thread-748] WARN  server.ServerUtils (ServerUtils.java:getScmDbDir(145)) - ozone.scm.db.dirs is not configured. We recommend adding this setting. Falling back to ozone.metadata.dirs instead.
2019-11-13 21:46:08,454 [Thread-748] WARN  server.ServerUtils (ServerUtils.java:getScmDbDir(145)) - ozone.scm.db.dirs is not configured. We recommend adding this setting. Falling back to ozone.metadata.dirs instead.
2019-11-13 21:46:08,454 [Thread-748] WARN  server.ServerUtils (ServerUtils.java:getScmDbDir(145)) - ozone.scm.db.dirs is not configured. We recommend adding this setting. Falling back to ozone.metadata.dirs instead.
2019-11-13 21:46:08,455 [Thread-748] INFO  db.DBStoreBuilder (DBStoreBuilder.java:addTable(127)) - using custom profile for table: deletedBlocks
2019-11-13 21:46:08,455 [Thread-748] INFO  db.DBStoreBuilder (DBStoreBuilder.java:processTables(183)) - Using default column profile:DBProfile.DISK for Table:deletedBlocks
2019-11-13 21:46:08,455 [Thread-748] INFO  db.DBStoreBuilder (DBStoreBuilder.java:addTable(127)) - using custom profile for table: validCerts
2019-11-13 21:46:08,455 [Thread-748] INFO  db.DBStoreBuilder (DBStoreBuilder.java:processTables(183)) - Using default column profile:DBProfile.DISK for Table:validCerts
2019-11-13 21:46:08,455 [Thread-748] INFO  db.DBStoreBuilder (DBStoreBuilder.java:addTable(127)) - using custom profile for table: revokedCerts
2019-11-13 21:46:08,455 [Thread-748] INFO  db.DBStoreBuilder (DBStoreBuilder.java:processTables(183)) - Using default column profile:DBProfile.DISK for Table:revokedCerts
2019-11-13 21:46:08,455 [Thread-748] INFO  db.DBStoreBuilder (DBStoreBuilder.java:addTable(127)) - using custom profile for table: default
2019-11-13 21:46:08,456 [Thread-748] INFO  db.DBStoreBuilder (DBStoreBuilder.java:processTables(189)) - Using default column profile:DBProfile.DISK for Table:default
2019-11-13 21:46:08,456 [Thread-748] INFO  db.DBStoreBuilder (DBStoreBuilder.java:getDbProfile(220)) - Using default options. DBProfile.DISK
2019-11-13 21:46:08,557 [Thread-748] INFO  net.NodeSchemaLoader (NodeSchemaLoader.java:loadSchemaFromFile(125)) - Loading file from sun.misc.CompoundEnumeration@250b8c9b
2019-11-13 21:46:08,558 [Thread-748] INFO  net.NodeSchemaLoader (NodeSchemaLoader.java:loadSchema(171)) - Loading network topology layer schema file
2019-11-13 21:46:08,564 [Thread-748] WARN  server.ServerUtils (ServerUtils.java:sanitizeUserArgs(70)) - ozone.scm.stale.node.interval value = 300000 is larger than max = 100000 based on the key value of ozone.scm.heartbeat.thread.interval, reset to the max value 100000.
2019-11-13 21:46:08,564 [Thread-748] WARN  server.ServerUtils (ServerUtils.java:sanitizeUserArgs(70)) - ozone.scm.stale.node.interval value = 300000 is larger than max = 100000 based on the key value of ozone.scm.heartbeat.thread.interval, reset to the max value 100000.
2019-11-13 21:46:08,564 [Thread-748] INFO  node.SCMNodeManager (SCMNodeManager.java:<init>(116)) - Entering startup safe mode.
2019-11-13 21:46:08,565 [Thread-748] INFO  algorithms.ContainerPlacementPolicyFactory (ContainerPlacementPolicyFactory.java:getPolicy(57)) - Create container placement policy of type org.apache.hadoop.hdds.scm.container.placement.algorithms.SCMContainerPlacementRandom
2019-11-13 21:46:08,566 [Thread-748] WARN  server.ServerUtils (ServerUtils.java:getScmDbDir(145)) - ozone.scm.db.dirs is not configured. We recommend adding this setting. Falling back to ozone.metadata.dirs instead.
2019-11-13 21:46:08,590 [Thread-748] INFO  pipeline.SCMPipelineManager (SCMPipelineManager.java:initializePipelineState(132)) - No pipeline exists in current db
2019-11-13 21:46:08,590 [Thread-748] WARN  server.ServerUtils (ServerUtils.java:getScmDbDir(145)) - ozone.scm.db.dirs is not configured. We recommend adding this setting. Falling back to ozone.metadata.dirs instead.
2019-11-13 21:46:08,614 [Thread-748] WARN  events.EventQueue (EventQueue.java:fireEvent(183)) - No event handler registered for event TypedEvent{payloadType=SafeModeStatus, name='SafeModeStatus'}
2019-11-13 21:46:08,616 [Thread-748] INFO  ipc.CallQueueManager (CallQueueManager.java:<init>(84)) - Using callQueue: class java.util.concurrent.LinkedBlockingQueue, queueCapacity: 2000, scheduler: class org.apache.hadoop.ipc.DefaultRpcScheduler, ipcBackoff: false.
2019-11-13 21:46:08,617 [Socket Reader #1 for port 43490] INFO  ipc.Server (Server.java:run(1074)) - Starting Socket Reader #1 for port 43490
2019-11-13 21:46:08,619 [Thread-748] INFO  ipc.CallQueueManager (CallQueueManager.java:<init>(84)) - Using callQueue: class java.util.concurrent.LinkedBlockingQueue, queueCapacity: 2000, scheduler: class org.apache.hadoop.ipc.DefaultRpcScheduler, ipcBackoff: false.
2019-11-13 21:46:08,620 [Socket Reader #1 for port 37166] INFO  ipc.Server (Server.java:run(1074)) - Starting Socket Reader #1 for port 37166
2019-11-13 21:46:08,621 [Thread-748] INFO  ipc.CallQueueManager (CallQueueManager.java:<init>(84)) - Using callQueue: class java.util.concurrent.LinkedBlockingQueue, queueCapacity: 2000, scheduler: class org.apache.hadoop.ipc.DefaultRpcScheduler, ipcBackoff: false.
2019-11-13 21:46:08,622 [Socket Reader #1 for port 41955] INFO  ipc.Server (Server.java:run(1074)) - Starting Socket Reader #1 for port 41955
2019-11-13 21:46:08,624 [Thread-748] INFO  hdfs.DFSUtil (DFSUtil.java:httpServerTemplateForNNAndJN(1641)) - Starting Web-server for scm at: http://0.0.0.0:0
2019-11-13 21:46:08,627 [Thread-748] INFO  server.AuthenticationFilter (AuthenticationFilter.java:constructSecretProvider(240)) - Unable to initialize FileSignerSecretProvider, falling back to use random secrets.
2019-11-13 21:46:08,628 [Thread-748] WARN  http.HttpRequestLog (HttpRequestLog.java:getRequestLog(97)) - Jetty request log can only be enabled using Log4j
2019-11-13 21:46:08,630 [Thread-748] INFO  http.HttpServer2 (HttpServer2.java:addGlobalFilter(975)) - Added global filter 'safety' (class=org.apache.hadoop.http.HttpServer2$QuotingInputFilter)
2019-11-13 21:46:08,631 [Thread-748] INFO  http.HttpServer2 (HttpServer2.java:addFilter(948)) - Added filter static_user_filter (class=org.apache.hadoop.http.lib.StaticUserWebFilter$StaticUserFilter) to context scm
2019-11-13 21:46:08,632 [Thread-748] INFO  http.HttpServer2 (HttpServer2.java:addFilter(958)) - Added filter static_user_filter (class=org.apache.hadoop.http.lib.StaticUserWebFilter$StaticUserFilter) to context logs
2019-11-13 21:46:08,632 [Thread-748] INFO  http.HttpServer2 (HttpServer2.java:addFilter(958)) - Added filter static_user_filter (class=org.apache.hadoop.http.lib.StaticUserWebFilter$StaticUserFilter) to context static
2019-11-13 21:46:08,634 [Thread-748] INFO  server.StorageContainerManager (StorageContainerManager.java:start(764)) - StorageContainerLocationProtocol RPC server is listening at /0.0.0.0:41955
2019-11-13 21:46:08,636 [Thread-748] WARN  impl.MetricsConfig (MetricsConfig.java:loadFirst(134)) - Cannot locate configuration: tried hadoop-metrics2-storagecontainermanager.properties,hadoop-metrics2.properties
2019-11-13 21:46:08,638 [Thread-748] INFO  impl.MetricsSystemImpl (MetricsSystemImpl.java:startTimer(374)) - Scheduled Metric snapshot period at 10 second(s).
2019-11-13 21:46:08,638 [Thread-748] INFO  impl.MetricsSystemImpl (MetricsSystemImpl.java:start(191)) - StorageContainerManager metrics system started
2019-11-13 21:46:08,683 [Thread-748] WARN  impl.MetricsSystemImpl (MetricsSystemImpl.java:register(276)) - Sink prometheus already exists!
2019-11-13 21:46:08,687 [Thread-748] INFO  server.SCMClientProtocolServer (SCMClientProtocolServer.java:start(159)) - RPC server for Client  is listening at /0.0.0.0:41955
2019-11-13 21:46:08,687 [IPC Server Responder] INFO  ipc.Server (Server.java:run(1314)) - IPC Server Responder: starting
2019-11-13 21:46:08,688 [IPC Server listener on 41955] INFO  ipc.Server (Server.java:run(1153)) - IPC Server listener on 41955: starting
2019-11-13 21:46:08,691 [Thread-748] INFO  server.StorageContainerManager (StorageContainerManager.java:start(774)) - ScmBlockLocationProtocol RPC server is listening at /0.0.0.0:37166
2019-11-13 21:46:08,691 [Thread-748] INFO  server.SCMBlockProtocolServer (SCMBlockProtocolServer.java:start(146)) - RPC server for Block Protocol is listening at /0.0.0.0:37166
2019-11-13 21:46:08,692 [IPC Server Responder] INFO  ipc.Server (Server.java:run(1314)) - IPC Server Responder: starting
2019-11-13 21:46:08,692 [IPC Server listener on 37166] INFO  ipc.Server (Server.java:run(1153)) - IPC Server listener on 37166: starting
2019-11-13 21:46:08,695 [Thread-748] INFO  server.StorageContainerManager (StorageContainerManager.java:start(778)) - ScmDatanodeProtocl RPC server is listening at /0.0.0.0:43490
2019-11-13 21:46:08,695 [Thread-748] INFO  server.SCMDatanodeProtocolServer (SCMDatanodeProtocolServer.java:start(169)) - RPC server for DataNodes is listening at /0.0.0.0:43490
2019-11-13 21:46:08,696 [IPC Server Responder] INFO  ipc.Server (Server.java:run(1314)) - IPC Server Responder: starting
2019-11-13 21:46:08,696 [IPC Server listener on 43490] INFO  ipc.Server (Server.java:run(1153)) - IPC Server listener on 43490: starting
2019-11-13 21:46:08,699 [Thread-748] INFO  http.HttpServer2 (HttpServer2.java:bindListener(1191)) - Jetty bound to port 33082
2019-11-13 21:46:08,699 [Thread-748] INFO  server.Server (Server.java:doStart(351)) - jetty-9.3.25.v20180904, build timestamp: 2018-09-04T21:11:46Z, git hash: 3ce520221d0240229c862b122d2b06c12a625732
2019-11-13 21:46:08,702 [Thread-748] INFO  handler.ContextHandler (ContextHandler.java:doStart(781)) - Started o.e.j.s.ServletContextHandler@7c6d51fa{/logs,file:///workdir/hadoop-ozone/ozonefs/target/log,AVAILABLE}
2019-11-13 21:46:08,702 [Thread-748] INFO  handler.ContextHandler (ContextHandler.java:doStart(781)) - Started o.e.j.s.ServletContextHandler@5f005197{/static,jar:file:/home/user/.m2/repository/org/apache/hadoop/hadoop-hdds-server-scm/0.5.0-SNAPSHOT/hadoop-hdds-server-scm-0.5.0-SNAPSHOT.jar!/webapps/static,AVAILABLE}
2019-11-13 21:46:08,744 [Thread-748] INFO  handler.ContextHandler (ContextHandler.java:doStart(781)) - Started o.e.j.w.WebAppContext@286432e0{/,file:///tmp/jetty-0.0.0.0-33082-scm-_-any-7517359053799539755.dir/webapp/,AVAILABLE}{/scm}
2019-11-13 21:46:08,744 [Thread-748] INFO  server.AbstractConnector (AbstractConnector.java:doStart(278)) - Started ServerConnector@6ea9fdad{HTTP/1.1,[http/1.1]}{0.0.0.0:33082}
2019-11-13 21:46:08,745 [Thread-748] INFO  server.Server (Server.java:doStart(419)) - Started @84689ms
2019-11-13 21:46:08,745 [Thread-748] WARN  impl.MetricsSystemImpl (MetricsSystemImpl.java:register(276)) - Sink prometheus already exists!
2019-11-13 21:46:08,746 [Thread-748] INFO  server.BaseHttpServer (BaseHttpServer.java:updateConnectorAddress(215)) - HTTP server of SCM is listening at http://0.0.0.0:33082
2019-11-13 21:46:08,747 [Thread-748] WARN  server.ServerUtils (ServerUtils.java:getDBPath(222)) - ozone.om.db.dirs is not configured. We recommend adding this setting. Falling back to ozone.metadata.dirs instead.
2019-11-13 21:46:08,747 [org.apache.hadoop.util.JvmPauseMonitor$Monitor@29517f57] INFO  util.JvmPauseMonitor (JvmPauseMonitor.java:run(188)) - Starting JVM pause monitor
2019-11-13 21:46:08,756 [Thread-748] INFO  ha.OMHANodeDetails (OMHANodeDetails.java:loadOMHAConfig(190)) - Configuration either no ozone.om.address set. Falling back to the default OM address /127.0.0.1:0
2019-11-13 21:46:08,756 [Thread-748] INFO  ha.OMHANodeDetails (OMHANodeDetails.java:getOMNodeDetails(220)) - OM Service ID is not set. Setting it to the default ID: omServiceIdDefault
2019-11-13 21:46:08,756 [Thread-748] WARN  server.ServerUtils (ServerUtils.java:getDBPath(222)) - ozone.om.db.dirs is not configured. We recommend adding this setting. Falling back to ozone.metadata.dirs instead.
2019-11-13 21:46:08,757 [Thread-748] WARN  server.ServerUtils (ServerUtils.java:getDBPath(222)) - ozone.om.db.dirs is not configured. We recommend adding this setting. Falling back to ozone.metadata.dirs instead.
2019-11-13 21:46:08,763 [Thread-748] WARN  server.ServerUtils (ServerUtils.java:getDBPath(222)) - ozone.om.db.dirs is not configured. We recommend adding this setting. Falling back to ozone.metadata.dirs instead.
2019-11-13 21:46:08,764 [Thread-748] INFO  db.DBStoreBuilder (DBStoreBuilder.java:addTable(127)) - using custom profile for table: userTable
2019-11-13 21:46:08,764 [Thread-748] INFO  db.DBStoreBuilder (DBStoreBuilder.java:processTables(183)) - Using default column profile:DBProfile.DISK for Table:userTable
2019-11-13 21:46:08,764 [Thread-748] INFO  db.DBStoreBuilder (DBStoreBuilder.java:addTable(127)) - using custom profile for table: volumeTable
2019-11-13 21:46:08,764 [Thread-748] INFO  db.DBStoreBuilder (DBStoreBuilder.java:processTables(183)) - Using default column profile:DBProfile.DISK for Table:volumeTable
2019-11-13 21:46:08,764 [Thread-748] INFO  db.DBStoreBuilder (DBStoreBuilder.java:addTable(127)) - using custom profile for table: bucketTable
2019-11-13 21:46:08,764 [Thread-748] INFO  db.DBStoreBuilder (DBStoreBuilder.java:processTables(183)) - Using default column profile:DBProfile.DISK for Table:bucketTable
2019-11-13 21:46:08,765 [Thread-748] INFO  db.DBStoreBuilder (DBStoreBuilder.java:addTable(127)) - using custom profile for table: keyTable
2019-11-13 21:46:08,765 [Thread-748] INFO  db.DBStoreBuilder (DBStoreBuilder.java:processTables(183)) - Using default column profile:DBProfile.DISK for Table:keyTable
2019-11-13 21:46:08,765 [Thread-748] INFO  db.DBStoreBuilder (DBStoreBuilder.java:addTable(127)) - using custom profile for table: deletedTable
2019-11-13 21:46:08,765 [Thread-748] INFO  db.DBStoreBuilder (DBStoreBuilder.java:processTables(183)) - Using default column profile:DBProfile.DISK for Table:deletedTable
2019-11-13 21:46:08,765 [Thread-748] INFO  db.DBStoreBuilder (DBStoreBuilder.java:addTable(127)) - using custom profile for table: openKeyTable
2019-11-13 21:46:08,765 [Thread-748] INFO  db.DBStoreBuilder (DBStoreBuilder.java:processTables(183)) - Using default column profile:DBProfile.DISK for Table:openKeyTable
2019-11-13 21:46:08,766 [Thread-748] INFO  db.DBStoreBuilder (DBStoreBuilder.java:addTable(127)) - using custom profile for table: s3Table
2019-11-13 21:46:08,766 [Thread-748] INFO  db.DBStoreBuilder (DBStoreBuilder.java:processTables(183)) - Using default column profile:DBProfile.DISK for Table:s3Table
2019-11-13 21:46:08,766 [Thread-748] INFO  db.DBStoreBuilder (DBStoreBuilder.java:addTable(127)) - using custom profile for table: multipartInfoTable
2019-11-13 21:46:08,766 [Thread-748] INFO  db.DBStoreBuilder (DBStoreBuilder.java:processTables(183)) - Using default column profile:DBProfile.DISK for Table:multipartInfoTable
2019-11-13 21:46:08,766 [Thread-748] INFO  db.DBStoreBuilder (DBStoreBuilder.java:addTable(127)) - using custom profile for table: dTokenTable
2019-11-13 21:46:08,766 [Thread-748] INFO  db.DBStoreBuilder (DBStoreBuilder.java:processTables(183)) - Using default column profile:DBProfile.DISK for Table:dTokenTable
2019-11-13 21:46:08,767 [Thread-748] INFO  db.DBStoreBuilder (DBStoreBuilder.java:addTable(127)) - using custom profile for table: s3SecretTable
2019-11-13 21:46:08,767 [Thread-748] INFO  db.DBStoreBuilder (DBStoreBuilder.java:processTables(183)) - Using default column profile:DBProfile.DISK for Table:s3SecretTable
2019-11-13 21:46:08,767 [Thread-748] INFO  db.DBStoreBuilder (DBStoreBuilder.java:addTable(127)) - using custom profile for table: prefixTable
2019-11-13 21:46:08,767 [Thread-748] INFO  db.DBStoreBuilder (DBStoreBuilder.java:processTables(183)) - Using default column profile:DBProfile.DISK for Table:prefixTable
2019-11-13 21:46:08,767 [Thread-748] INFO  db.DBStoreBuilder (DBStoreBuilder.java:addTable(127)) - using custom profile for table: default
2019-11-13 21:46:08,767 [Thread-748] INFO  db.DBStoreBuilder (DBStoreBuilder.java:processTables(189)) - Using default column profile:DBProfile.DISK for Table:default
2019-11-13 21:46:08,768 [Thread-748] INFO  db.DBStoreBuilder (DBStoreBuilder.java:getDbProfile(220)) - Using default options. DBProfile.DISK
2019-11-13 21:46:09,081 [Thread-748] INFO  ipc.CallQueueManager (CallQueueManager.java:<init>(84)) - Using callQueue: class java.util.concurrent.LinkedBlockingQueue, queueCapacity: 2000, scheduler: class org.apache.hadoop.ipc.DefaultRpcScheduler, ipcBackoff: false.
2019-11-13 21:46:09,082 [Socket Reader #1 for port 35530] INFO  ipc.Server (Server.java:run(1074)) - Starting Socket Reader #1 for port 35530
2019-11-13 21:46:09,103 [Thread-748] INFO  om.OzoneManager (OzoneManager.java:start(1077)) - OzoneManager RPC server is listening at localhost/127.0.0.1:35530
2019-11-13 21:46:09,104 [Thread-748] INFO  impl.MetricsSystemImpl (MetricsSystemImpl.java:init(158)) - OzoneManager metrics system started (again)
2019-11-13 21:46:09,107 [IPC Server listener on 35530] INFO  ipc.Server (Server.java:run(1153)) - IPC Server listener on 35530: starting
2019-11-13 21:46:09,107 [IPC Server Responder] INFO  ipc.Server (Server.java:run(1314)) - IPC Server Responder: starting
2019-11-13 21:46:09,112 [Thread-748] INFO  hdfs.DFSUtil (DFSUtil.java:httpServerTemplateForNNAndJN(1641)) - Starting Web-server for ozoneManager at: http://0.0.0.0:0
2019-11-13 21:46:09,114 [Thread-748] INFO  server.AuthenticationFilter (AuthenticationFilter.java:constructSecretProvider(240)) - Unable to initialize FileSignerSecretProvider, falling back to use random secrets.
2019-11-13 21:46:09,115 [Thread-748] WARN  http.HttpRequestLog (HttpRequestLog.java:getRequestLog(97)) - Jetty request log can only be enabled using Log4j
2019-11-13 21:46:09,117 [Thread-748] INFO  http.HttpServer2 (HttpServer2.java:addGlobalFilter(975)) - Added global filter 'safety' (class=org.apache.hadoop.http.HttpServer2$QuotingInputFilter)
2019-11-13 21:46:09,118 [Thread-748] INFO  http.HttpServer2 (HttpServer2.java:addFilter(948)) - Added filter static_user_filter (class=org.apache.hadoop.http.lib.StaticUserWebFilter$StaticUserFilter) to context ozoneManager
2019-11-13 21:46:09,118 [Thread-748] INFO  http.HttpServer2 (HttpServer2.java:addFilter(958)) - Added filter static_user_filter (class=org.apache.hadoop.http.lib.StaticUserWebFilter$StaticUserFilter) to context static
2019-11-13 21:46:09,118 [Thread-748] INFO  http.HttpServer2 (HttpServer2.java:addFilter(958)) - Added filter static_user_filter (class=org.apache.hadoop.http.lib.StaticUserWebFilter$StaticUserFilter) to context logs
2019-11-13 21:46:09,119 [Thread-748] INFO  http.HttpServer2 (HttpServer2.java:bindListener(1191)) - Jetty bound to port 39450
2019-11-13 21:46:09,120 [Thread-748] INFO  server.Server (Server.java:doStart(351)) - jetty-9.3.25.v20180904, build timestamp: 2018-09-04T21:11:46Z, git hash: 3ce520221d0240229c862b122d2b06c12a625732
2019-11-13 21:46:09,122 [Thread-748] INFO  handler.ContextHandler (ContextHandler.java:doStart(781)) - Started o.e.j.s.ServletContextHandler@7248815a{/logs,file:///workdir/hadoop-ozone/ozonefs/target/log,AVAILABLE}
2019-11-13 21:46:09,122 [Thread-748] INFO  handler.ContextHandler (ContextHandler.java:doStart(781)) - Started o.e.j.s.ServletContextHandler@589c781c{/static,jar:file:/home/user/.m2/repository/org/apache/hadoop/hadoop-ozone-ozone-manager/0.5.0-SNAPSHOT/hadoop-ozone-ozone-manager-0.5.0-SNAPSHOT.jar!/webapps/static,AVAILABLE}
2019-11-13 21:46:13,315 [Thread-748] INFO  handler.ContextHandler (ContextHandler.java:doStart(781)) - Started o.e.j.w.WebAppContext@5489b8d4{/,file:///tmp/jetty-0.0.0.0-39450-ozoneManager-_-any-6768591160786755541.dir/webapp/,AVAILABLE}{/ozoneManager}
2019-11-13 21:46:13,316 [Thread-748] INFO  server.AbstractConnector (AbstractConnector.java:doStart(278)) - Started ServerConnector@a84c9a1{HTTP/1.1,[http/1.1]}{0.0.0.0:39450}
2019-11-13 21:46:13,317 [Thread-748] INFO  server.Server (Server.java:doStart(419)) - Started @89261ms
2019-11-13 21:46:13,318 [Thread-748] WARN  impl.MetricsSystemImpl (MetricsSystemImpl.java:register(276)) - Sink prometheus already exists!
2019-11-13 21:46:13,319 [Thread-748] INFO  server.BaseHttpServer (BaseHttpServer.java:updateConnectorAddress(215)) - HTTP server of OZONEMANAGER is listening at http://0.0.0.0:39450
2019-11-13 21:46:13,332 [Thread-748] INFO  impl.MetricsSystemImpl (MetricsSystemImpl.java:init(158)) - HddsDatanode metrics system started (again)
2019-11-13 21:46:13,334 [Thread-748] INFO  ozone.HddsDatanodeService (HddsDatanodeService.java:start(186)) - HddsDatanodeService host:pr-hdds-2470-fxbl9-3826649461 ip:192.168.34.20
2019-11-13 21:46:13,343 [Thread-748] INFO  volume.HddsVolume (HddsVolume.java:<init>(176)) - Creating Volume: /workdir/hadoop-ozone/ozonefs/target/test-dir/MiniOzoneClusterImpl-2bb5002b-f3eb-4fa7-bf0d-d672f8b55c5b/datanode-0/data/containers/hdds of  storage type : DISK and capacity : 1482555576320
2019-11-13 21:46:13,343 [Thread-748] INFO  volume.VolumeSet (VolumeSet.java:initializeVolumeSet(170)) - Added Volume : /workdir/hadoop-ozone/ozonefs/target/test-dir/MiniOzoneClusterImpl-2bb5002b-f3eb-4fa7-bf0d-d672f8b55c5b/datanode-0/data/containers/hdds to VolumeSet
2019-11-13 21:46:13,343 [Thread-748] INFO  volume.ThrottledAsyncChecker (ThrottledAsyncChecker.java:schedule(141)) - Scheduling a check for /workdir/hadoop-ozone/ozonefs/target/test-dir/MiniOzoneClusterImpl-2bb5002b-f3eb-4fa7-bf0d-d672f8b55c5b/datanode-0/data/containers/hdds
2019-11-13 21:46:13,344 [Thread-748] INFO  volume.HddsVolumeChecker (HddsVolumeChecker.java:checkAllVolumes(204)) - Scheduled health check for volume /workdir/hadoop-ozone/ozonefs/target/test-dir/MiniOzoneClusterImpl-2bb5002b-f3eb-4fa7-bf0d-d672f8b55c5b/datanode-0/data/containers/hdds
2019-11-13 21:46:13,367 [Thread-748] INFO  impl.RaftServerProxy (ConfUtils.java:logGet(43)) - raft.rpc.type = GRPC (default)
2019-11-13 21:46:13,367 [Thread-748] INFO  grpc.GrpcFactory (GrpcFactory.java:checkPooledByteBufAllocatorUseCacheForAllThreads(45)) - PERFORMANCE WARNING: useCacheForAllThreads is true that may cause Netty to create a lot garbage objects and, as a result, trigger GC.
	It is recommended to disable useCacheForAllThreads by setting -Dorg.apache.ratis.thirdparty.io.netty.allocator.useCacheForAllThreads=false in command line.
2019-11-13 21:46:13,367 [Thread-748] INFO  grpc.GrpcConfigKeys$Server (ConfUtils.java:logGet(43)) - raft.grpc.server.port = 0 (default)
2019-11-13 21:46:13,367 [Thread-748] INFO  server.GrpcService (ConfUtils.java:logGet(43)) - raft.grpc.message.size.max = 33570816 (custom)
2019-11-13 21:46:13,367 [Thread-748] INFO  server.RaftServerConfigKeys (ConfUtils.java:logGet(43)) - raft.server.log.appender.buffer.byte-limit = 33554432 (custom)
2019-11-13 21:46:13,367 [Thread-748] INFO  server.GrpcService (ConfUtils.java:logGet(43)) - raft.grpc.flow.control.window = 1MB (=1048576) (default)
2019-11-13 21:46:13,368 [Thread-748] INFO  server.RaftServerConfigKeys (ConfUtils.java:logGet(43)) - raft.server.rpc.request.timeout = 3000ms (default)
2019-11-13 21:46:13,368 [Thread-748] INFO  server.RaftServerConfigKeys (ConfUtils.java:logGet(43)) - raft.server.storage.dir = [/workdir/hadoop-ozone/ozonefs/target/test-dir/MiniOzoneClusterImpl-2bb5002b-f3eb-4fa7-bf0d-d672f8b55c5b/datanode-0/data/ratis] (custom)
2019-11-13 21:46:13,370 [Thread-748] INFO  hdfs.DFSUtil (DFSUtil.java:httpServerTemplateForNNAndJN(1641)) - Starting Web-server for hddsDatanode at: http://0.0.0.0:0
2019-11-13 21:46:13,372 [Thread-748] INFO  server.AuthenticationFilter (AuthenticationFilter.java:constructSecretProvider(240)) - Unable to initialize FileSignerSecretProvider, falling back to use random secrets.
2019-11-13 21:46:13,372 [Thread-748] WARN  http.HttpRequestLog (HttpRequestLog.java:getRequestLog(97)) - Jetty request log can only be enabled using Log4j
2019-11-13 21:46:13,374 [Thread-748] INFO  http.HttpServer2 (HttpServer2.java:addGlobalFilter(975)) - Added global filter 'safety' (class=org.apache.hadoop.http.HttpServer2$QuotingInputFilter)
2019-11-13 21:46:13,374 [Thread-748] INFO  http.HttpServer2 (HttpServer2.java:addFilter(948)) - Added filter static_user_filter (class=org.apache.hadoop.http.lib.StaticUserWebFilter$StaticUserFilter) to context hddsDatanode
2019-11-13 21:46:13,375 [Thread-748] INFO  http.HttpServer2 (HttpServer2.java:addFilter(958)) - Added filter static_user_filter (class=org.apache.hadoop.http.lib.StaticUserWebFilter$StaticUserFilter) to context static
2019-11-13 21:46:13,375 [Thread-748] INFO  http.HttpServer2 (HttpServer2.java:addFilter(958)) - Added filter static_user_filter (class=org.apache.hadoop.http.lib.StaticUserWebFilter$StaticUserFilter) to context logs
2019-11-13 21:46:13,375 [Thread-748] INFO  http.HttpServer2 (HttpServer2.java:bindListener(1191)) - Jetty bound to port 41390
2019-11-13 21:46:13,376 [Thread-748] INFO  server.Server (Server.java:doStart(351)) - jetty-9.3.25.v20180904, build timestamp: 2018-09-04T21:11:46Z, git hash: 3ce520221d0240229c862b122d2b06c12a625732
2019-11-13 21:46:13,377 [Thread-748] INFO  handler.ContextHandler (ContextHandler.java:doStart(781)) - Started o.e.j.s.ServletContextHandler@14ae3c61{/logs,file:///workdir/hadoop-ozone/ozonefs/target/log,AVAILABLE}
2019-11-13 21:46:13,377 [Thread-748] INFO  handler.ContextHandler (ContextHandler.java:doStart(781)) - Started o.e.j.s.ServletContextHandler@6b958138{/static,jar:file:/home/user/.m2/repository/org/apache/hadoop/hadoop-hdds-container-service/0.5.0-SNAPSHOT/hadoop-hdds-container-service-0.5.0-SNAPSHOT.jar!/webapps/static,AVAILABLE}
2019-11-13 21:46:13,406 [Thread-748] INFO  handler.ContextHandler (ContextHandler.java:doStart(781)) - Started o.e.j.w.WebAppContext@1e6fdee7{/,file:///tmp/jetty-0.0.0.0-41390-hddsDatanode-_-any-5415278111115096922.dir/webapp/,AVAILABLE}{/hddsDatanode}
2019-11-13 21:46:13,406 [Thread-748] INFO  server.AbstractConnector (AbstractConnector.java:doStart(278)) - Started ServerConnector@23a2daaf{HTTP/1.1,[http/1.1]}{0.0.0.0:41390}
2019-11-13 21:46:13,406 [Thread-748] INFO  server.Server (Server.java:doStart(419)) - Started @89350ms
2019-11-13 21:46:13,407 [Thread-748] WARN  impl.MetricsSystemImpl (MetricsSystemImpl.java:register(276)) - Sink prometheus already exists!
2019-11-13 21:46:13,408 [Thread-748] INFO  server.BaseHttpServer (BaseHttpServer.java:updateConnectorAddress(215)) - HTTP server of HDDSDATANODE is listening at http://0.0.0.0:41390
2019-11-13 21:46:13,408 [Thread-748] INFO  impl.MetricsSystemImpl (MetricsSystemImpl.java:init(158)) - HddsDatanode metrics system started (again)
2019-11-13 21:46:13,410 [Thread-748] INFO  ozone.HddsDatanodeService (HddsDatanodeService.java:start(186)) - HddsDatanodeService host:pr-hdds-2470-fxbl9-3826649461 ip:192.168.34.20
2019-11-13 21:46:13,411 [org.apache.hadoop.util.JvmPauseMonitor$Monitor@7f40af74] INFO  util.JvmPauseMonitor (JvmPauseMonitor.java:run(188)) - Starting JVM pause monitor
2019-11-13 21:46:13,414 [Datanode State Machine Thread - 0] INFO  datanode.InitDatanodeState (InitDatanodeState.java:persistContainerDatanodeDetails(140)) - DatanodeDetails is persisted to /workdir/hadoop-ozone/ozonefs/target/test-dir/MiniOzoneClusterImpl-2bb5002b-f3eb-4fa7-bf0d-d672f8b55c5b/datanode-0/meta/datanode.id
2019-11-13 21:46:13,417 [Thread-748] INFO  volume.HddsVolume (HddsVolume.java:<init>(176)) - Creating Volume: /workdir/hadoop-ozone/ozonefs/target/test-dir/MiniOzoneClusterImpl-2bb5002b-f3eb-4fa7-bf0d-d672f8b55c5b/datanode-1/data/containers/hdds of  storage type : DISK and capacity : 1482555576320
2019-11-13 21:46:13,417 [Thread-748] INFO  volume.VolumeSet (VolumeSet.java:initializeVolumeSet(170)) - Added Volume : /workdir/hadoop-ozone/ozonefs/target/test-dir/MiniOzoneClusterImpl-2bb5002b-f3eb-4fa7-bf0d-d672f8b55c5b/datanode-1/data/containers/hdds to VolumeSet
2019-11-13 21:46:13,417 [Thread-748] INFO  volume.ThrottledAsyncChecker (ThrottledAsyncChecker.java:schedule(141)) - Scheduling a check for /workdir/hadoop-ozone/ozonefs/target/test-dir/MiniOzoneClusterImpl-2bb5002b-f3eb-4fa7-bf0d-d672f8b55c5b/datanode-1/data/containers/hdds
2019-11-13 21:46:13,417 [Thread-748] INFO  volume.HddsVolumeChecker (HddsVolumeChecker.java:checkAllVolumes(204)) - Scheduled health check for volume /workdir/hadoop-ozone/ozonefs/target/test-dir/MiniOzoneClusterImpl-2bb5002b-f3eb-4fa7-bf0d-d672f8b55c5b/datanode-1/data/containers/hdds
2019-11-13 21:46:13,435 [Thread-748] INFO  impl.RaftServerProxy (ConfUtils.java:logGet(43)) - raft.rpc.type = GRPC (default)
2019-11-13 21:46:13,435 [Thread-748] INFO  grpc.GrpcFactory (GrpcFactory.java:checkPooledByteBufAllocatorUseCacheForAllThreads(45)) - PERFORMANCE WARNING: useCacheForAllThreads is true that may cause Netty to create a lot garbage objects and, as a result, trigger GC.
	It is recommended to disable useCacheForAllThreads by setting -Dorg.apache.ratis.thirdparty.io.netty.allocator.useCacheForAllThreads=false in command line.
2019-11-13 21:46:13,435 [Thread-748] INFO  grpc.GrpcConfigKeys$Server (ConfUtils.java:logGet(43)) - raft.grpc.server.port = 0 (default)
2019-11-13 21:46:13,436 [Thread-748] INFO  server.GrpcService (ConfUtils.java:logGet(43)) - raft.grpc.message.size.max = 33570816 (custom)
2019-11-13 21:46:13,436 [Thread-748] INFO  server.RaftServerConfigKeys (ConfUtils.java:logGet(43)) - raft.server.log.appender.buffer.byte-limit = 33554432 (custom)
2019-11-13 21:46:13,436 [Thread-748] INFO  server.GrpcService (ConfUtils.java:logGet(43)) - raft.grpc.flow.control.window = 1MB (=1048576) (default)
2019-11-13 21:46:13,436 [Thread-748] INFO  server.RaftServerConfigKeys (ConfUtils.java:logGet(43)) - raft.server.rpc.request.timeout = 3000ms (default)
2019-11-13 21:46:13,436 [Thread-748] INFO  server.RaftServerConfigKeys (ConfUtils.java:logGet(43)) - raft.server.storage.dir = [/workdir/hadoop-ozone/ozonefs/target/test-dir/MiniOzoneClusterImpl-2bb5002b-f3eb-4fa7-bf0d-d672f8b55c5b/datanode-1/data/ratis] (custom)
2019-11-13 21:46:13,438 [Thread-748] INFO  hdfs.DFSUtil (DFSUtil.java:httpServerTemplateForNNAndJN(1641)) - Starting Web-server for hddsDatanode at: http://0.0.0.0:0
2019-11-13 21:46:13,439 [Thread-748] INFO  server.AuthenticationFilter (AuthenticationFilter.java:constructSecretProvider(240)) - Unable to initialize FileSignerSecretProvider, falling back to use random secrets.
2019-11-13 21:46:13,439 [Thread-748] WARN  http.HttpRequestLog (HttpRequestLog.java:getRequestLog(97)) - Jetty request log can only be enabled using Log4j
2019-11-13 21:46:13,441 [Thread-748] INFO  http.HttpServer2 (HttpServer2.java:addGlobalFilter(975)) - Added global filter 'safety' (class=org.apache.hadoop.http.HttpServer2$QuotingInputFilter)
2019-11-13 21:46:13,441 [Thread-748] INFO  http.HttpServer2 (HttpServer2.java:addFilter(948)) - Added filter static_user_filter (class=org.apache.hadoop.http.lib.StaticUserWebFilter$StaticUserFilter) to context hddsDatanode
2019-11-13 21:46:13,442 [Thread-748] INFO  http.HttpServer2 (HttpServer2.java:addFilter(958)) - Added filter static_user_filter (class=org.apache.hadoop.http.lib.StaticUserWebFilter$StaticUserFilter) to context static
2019-11-13 21:46:13,442 [Thread-748] INFO  http.HttpServer2 (HttpServer2.java:addFilter(958)) - Added filter static_user_filter (class=org.apache.hadoop.http.lib.StaticUserWebFilter$StaticUserFilter) to context logs
2019-11-13 21:46:13,442 [Thread-748] INFO  http.HttpServer2 (HttpServer2.java:bindListener(1191)) - Jetty bound to port 46357
2019-11-13 21:46:13,442 [Thread-748] INFO  server.Server (Server.java:doStart(351)) - jetty-9.3.25.v20180904, build timestamp: 2018-09-04T21:11:46Z, git hash: 3ce520221d0240229c862b122d2b06c12a625732
2019-11-13 21:46:13,584 [Thread-748] INFO  handler.ContextHandler (ContextHandler.java:doStart(781)) - Started o.e.j.s.ServletContextHandler@4616de29{/logs,file:///workdir/hadoop-ozone/ozonefs/target/log,AVAILABLE}
2019-11-13 21:46:13,587 [Thread-748] INFO  handler.ContextHandler (ContextHandler.java:doStart(781)) - Started o.e.j.s.ServletContextHandler@45dfff57{/static,jar:file:/home/user/.m2/repository/org/apache/hadoop/hadoop-hdds-container-service/0.5.0-SNAPSHOT/hadoop-hdds-container-service-0.5.0-SNAPSHOT.jar!/webapps/static,AVAILABLE}
2019-11-13 21:46:13,636 [Thread-748] INFO  handler.ContextHandler (ContextHandler.java:doStart(781)) - Started o.e.j.w.WebAppContext@61dbf2fe{/,file:///tmp/jetty-0.0.0.0-46357-hddsDatanode-_-any-2997751715706119063.dir/webapp/,AVAILABLE}{/hddsDatanode}
2019-11-13 21:46:13,636 [Thread-748] INFO  server.AbstractConnector (AbstractConnector.java:doStart(278)) - Started ServerConnector@6150b93d{HTTP/1.1,[http/1.1]}{0.0.0.0:46357}
2019-11-13 21:46:13,637 [Thread-748] INFO  server.Server (Server.java:doStart(419)) - Started @89581ms
2019-11-13 21:46:13,637 [Thread-748] WARN  impl.MetricsSystemImpl (MetricsSystemImpl.java:register(276)) - Sink prometheus already exists!
2019-11-13 21:46:13,638 [Thread-748] INFO  server.BaseHttpServer (BaseHttpServer.java:updateConnectorAddress(215)) - HTTP server of HDDSDATANODE is listening at http://0.0.0.0:46357
2019-11-13 21:46:13,639 [Thread-748] INFO  impl.MetricsSystemImpl (MetricsSystemImpl.java:init(158)) - HddsDatanode metrics system started (again)
2019-11-13 21:46:13,642 [org.apache.hadoop.util.JvmPauseMonitor$Monitor@4af25d4b] INFO  util.JvmPauseMonitor (JvmPauseMonitor.java:run(188)) - Starting JVM pause monitor
2019-11-13 21:46:13,642 [Thread-748] INFO  ozone.HddsDatanodeService (HddsDatanodeService.java:start(186)) - HddsDatanodeService host:pr-hdds-2470-fxbl9-3826649461 ip:192.168.34.20
2019-11-13 21:46:13,644 [Datanode State Machine Thread - 0] INFO  datanode.InitDatanodeState (InitDatanodeState.java:persistContainerDatanodeDetails(140)) - DatanodeDetails is persisted to /workdir/hadoop-ozone/ozonefs/target/test-dir/MiniOzoneClusterImpl-2bb5002b-f3eb-4fa7-bf0d-d672f8b55c5b/datanode-1/meta/datanode.id
2019-11-13 21:46:13,651 [Thread-748] INFO  volume.HddsVolume (HddsVolume.java:<init>(176)) - Creating Volume: /workdir/hadoop-ozone/ozonefs/target/test-dir/MiniOzoneClusterImpl-2bb5002b-f3eb-4fa7-bf0d-d672f8b55c5b/datanode-2/data/containers/hdds of  storage type : DISK and capacity : 1482555576320
2019-11-13 21:46:13,651 [Thread-748] INFO  volume.VolumeSet (VolumeSet.java:initializeVolumeSet(170)) - Added Volume : /workdir/hadoop-ozone/ozonefs/target/test-dir/MiniOzoneClusterImpl-2bb5002b-f3eb-4fa7-bf0d-d672f8b55c5b/datanode-2/data/containers/hdds to VolumeSet
2019-11-13 21:46:13,652 [Thread-748] INFO  volume.ThrottledAsyncChecker (ThrottledAsyncChecker.java:schedule(141)) - Scheduling a check for /workdir/hadoop-ozone/ozonefs/target/test-dir/MiniOzoneClusterImpl-2bb5002b-f3eb-4fa7-bf0d-d672f8b55c5b/datanode-2/data/containers/hdds
2019-11-13 21:46:13,652 [Thread-748] INFO  volume.HddsVolumeChecker (HddsVolumeChecker.java:checkAllVolumes(204)) - Scheduled health check for volume /workdir/hadoop-ozone/ozonefs/target/test-dir/MiniOzoneClusterImpl-2bb5002b-f3eb-4fa7-bf0d-d672f8b55c5b/datanode-2/data/containers/hdds
2019-11-13 21:46:13,679 [Thread-748] INFO  impl.RaftServerProxy (ConfUtils.java:logGet(43)) - raft.rpc.type = GRPC (default)
2019-11-13 21:46:13,679 [Thread-748] INFO  grpc.GrpcFactory (GrpcFactory.java:checkPooledByteBufAllocatorUseCacheForAllThreads(45)) - PERFORMANCE WARNING: useCacheForAllThreads is true that may cause Netty to create a lot garbage objects and, as a result, trigger GC.
	It is recommended to disable useCacheForAllThreads by setting -Dorg.apache.ratis.thirdparty.io.netty.allocator.useCacheForAllThreads=false in command line.
2019-11-13 21:46:13,679 [Thread-748] INFO  grpc.GrpcConfigKeys$Server (ConfUtils.java:logGet(43)) - raft.grpc.server.port = 0 (default)
2019-11-13 21:46:13,680 [Thread-748] INFO  server.GrpcService (ConfUtils.java:logGet(43)) - raft.grpc.message.size.max = 33570816 (custom)
2019-11-13 21:46:13,680 [Thread-748] INFO  server.RaftServerConfigKeys (ConfUtils.java:logGet(43)) - raft.server.log.appender.buffer.byte-limit = 33554432 (custom)
2019-11-13 21:46:13,680 [Thread-748] INFO  server.GrpcService (ConfUtils.java:logGet(43)) - raft.grpc.flow.control.window = 1MB (=1048576) (default)
2019-11-13 21:46:13,680 [Thread-748] INFO  server.RaftServerConfigKeys (ConfUtils.java:logGet(43)) - raft.server.rpc.request.timeout = 3000ms (default)
2019-11-13 21:46:13,681 [Thread-748] INFO  server.RaftServerConfigKeys (ConfUtils.java:logGet(43)) - raft.server.storage.dir = [/workdir/hadoop-ozone/ozonefs/target/test-dir/MiniOzoneClusterImpl-2bb5002b-f3eb-4fa7-bf0d-d672f8b55c5b/datanode-2/data/ratis] (custom)
2019-11-13 21:46:13,683 [Thread-748] INFO  hdfs.DFSUtil (DFSUtil.java:httpServerTemplateForNNAndJN(1641)) - Starting Web-server for hddsDatanode at: http://0.0.0.0:0
2019-11-13 21:46:13,685 [Thread-748] INFO  server.AuthenticationFilter (AuthenticationFilter.java:constructSecretProvider(240)) - Unable to initialize FileSignerSecretProvider, falling back to use random secrets.
2019-11-13 21:46:13,686 [Thread-748] WARN  http.HttpRequestLog (HttpRequestLog.java:getRequestLog(97)) - Jetty request log can only be enabled using Log4j
2019-11-13 21:46:13,688 [Thread-748] INFO  http.HttpServer2 (HttpServer2.java:addGlobalFilter(975)) - Added global filter 'safety' (class=org.apache.hadoop.http.HttpServer2$QuotingInputFilter)
2019-11-13 21:46:13,689 [Thread-748] INFO  http.HttpServer2 (HttpServer2.java:addFilter(948)) - Added filter static_user_filter (class=org.apache.hadoop.http.lib.StaticUserWebFilter$StaticUserFilter) to context hddsDatanode
2019-11-13 21:46:13,689 [Thread-748] INFO  http.HttpServer2 (HttpServer2.java:addFilter(958)) - Added filter static_user_filter (class=org.apache.hadoop.http.lib.StaticUserWebFilter$StaticUserFilter) to context logs
2019-11-13 21:46:13,690 [Thread-748] INFO  http.HttpServer2 (HttpServer2.java:addFilter(958)) - Added filter static_user_filter (class=org.apache.hadoop.http.lib.StaticUserWebFilter$StaticUserFilter) to context static
2019-11-13 21:46:13,691 [Thread-748] INFO  http.HttpServer2 (HttpServer2.java:bindListener(1191)) - Jetty bound to port 42162
2019-11-13 21:46:13,691 [Thread-748] INFO  server.Server (Server.java:doStart(351)) - jetty-9.3.25.v20180904, build timestamp: 2018-09-04T21:11:46Z, git hash: 3ce520221d0240229c862b122d2b06c12a625732
2019-11-13 21:46:13,693 [Thread-748] INFO  handler.ContextHandler (ContextHandler.java:doStart(781)) - Started o.e.j.s.ServletContextHandler@53e02a48{/logs,file:///workdir/hadoop-ozone/ozonefs/target/log,AVAILABLE}
2019-11-13 21:46:13,694 [Thread-748] INFO  handler.ContextHandler (ContextHandler.java:doStart(781)) - Started o.e.j.s.ServletContextHandler@221166f8{/static,jar:file:/home/user/.m2/repository/org/apache/hadoop/hadoop-hdds-container-service/0.5.0-SNAPSHOT/hadoop-hdds-container-service-0.5.0-SNAPSHOT.jar!/webapps/static,AVAILABLE}
2019-11-13 21:46:14,225 [Thread-748] INFO  handler.ContextHandler (ContextHandler.java:doStart(781)) - Started o.e.j.w.WebAppContext@efc4790{/,file:///tmp/jetty-0.0.0.0-42162-hddsDatanode-_-any-2220074957942478898.dir/webapp/,AVAILABLE}{/hddsDatanode}
2019-11-13 21:46:14,226 [Thread-748] INFO  server.AbstractConnector (AbstractConnector.java:doStart(278)) - Started ServerConnector@49cd1202{HTTP/1.1,[http/1.1]}{0.0.0.0:42162}
2019-11-13 21:46:14,227 [Thread-748] INFO  server.Server (Server.java:doStart(419)) - Started @90171ms
2019-11-13 21:46:14,227 [Thread-748] WARN  impl.MetricsSystemImpl (MetricsSystemImpl.java:register(276)) - Sink prometheus already exists!
2019-11-13 21:46:14,228 [Thread-748] INFO  server.BaseHttpServer (BaseHttpServer.java:updateConnectorAddress(215)) - HTTP server of HDDSDATANODE is listening at http://0.0.0.0:42162
2019-11-13 21:46:14,228 [Thread-748] INFO  ozone.MiniOzoneClusterImpl (MiniOzoneClusterImpl.java:lambda$waitForClusterToBeReady$2(171)) - Waiting for cluster to be ready. Got 0 of 3 DN Heartbeats.
2019-11-13 21:46:14,230 [org.apache.hadoop.util.JvmPauseMonitor$Monitor@6c7ed98f] INFO  util.JvmPauseMonitor (JvmPauseMonitor.java:run(188)) - Starting JVM pause monitor
2019-11-13 21:46:14,233 [Datanode State Machine Thread - 0] INFO  datanode.InitDatanodeState (InitDatanodeState.java:persistContainerDatanodeDetails(140)) - DatanodeDetails is persisted to /workdir/hadoop-ozone/ozonefs/target/test-dir/MiniOzoneClusterImpl-2bb5002b-f3eb-4fa7-bf0d-d672f8b55c5b/datanode-2/meta/datanode.id
2019-11-13 21:46:15,229 [Thread-748] INFO  ozone.MiniOzoneClusterImpl (MiniOzoneClusterImpl.java:lambda$waitForClusterToBeReady$2(171)) - Waiting for cluster to be ready. Got 0 of 3 DN Heartbeats.
2019-11-13 21:46:15,431 [Datanode State Machine Thread - 0] INFO  ozoneimpl.OzoneContainer (OzoneContainer.java:start(230)) - Attempting to start container services.
2019-11-13 21:46:15,432 [Datanode State Machine Thread - 0] INFO  ozoneimpl.OzoneContainer (OzoneContainer.java:startContainerScrub(194)) - Background container scanner has been disabled.
2019-11-13 21:46:15,432 [Datanode State Machine Thread - 0] INFO  ratis.XceiverServerRatis (XceiverServerRatis.java:start(421)) - Starting XceiverServerRatis dcad5acd-0e3b-4336-98e2-abbadaf23ad5 at port 0
2019-11-13 21:46:15,440 [Datanode State Machine Thread - 0] INFO  impl.RaftServerProxy (RaftServerProxy.java:lambda$start$3(299)) - dcad5acd-0e3b-4336-98e2-abbadaf23ad5: start RPC server
2019-11-13 21:46:15,443 [Datanode State Machine Thread - 0] INFO  server.GrpcService (GrpcService.java:startImpl(158)) - dcad5acd-0e3b-4336-98e2-abbadaf23ad5: GrpcService started, listening on 0.0.0.0/0.0.0.0:33066
2019-11-13 21:46:15,443 [Datanode State Machine Thread - 0] INFO  ratis.XceiverServerRatis (XceiverServerRatis.java:start(431)) - XceiverServerRatis dcad5acd-0e3b-4336-98e2-abbadaf23ad5 is started using port 33066
2019-11-13 21:46:15,448 [Datanode State Machine Thread - 0] INFO  server.XceiverServerGrpc (XceiverServerGrpc.java:start(145)) - XceiverServerGrpc dcad5acd-0e3b-4336-98e2-abbadaf23ad5 is started using port 32936
2019-11-13 21:46:15,670 [Datanode State Machine Thread - 0] INFO  ozoneimpl.OzoneContainer (OzoneContainer.java:start(230)) - Attempting to start container services.
2019-11-13 21:46:15,670 [Datanode State Machine Thread - 0] INFO  ozoneimpl.OzoneContainer (OzoneContainer.java:startContainerScrub(194)) - Background container scanner has been disabled.
2019-11-13 21:46:15,670 [Datanode State Machine Thread - 0] INFO  ratis.XceiverServerRatis (XceiverServerRatis.java:start(421)) - Starting XceiverServerRatis 6cc8209c-e457-4756-a8d8-a7119d564131 at port 0
2019-11-13 21:46:15,678 [Datanode State Machine Thread - 0] INFO  impl.RaftServerProxy (RaftServerProxy.java:lambda$start$3(299)) - 6cc8209c-e457-4756-a8d8-a7119d564131: start RPC server
2019-11-13 21:46:15,679 [Datanode State Machine Thread - 0] INFO  server.GrpcService (GrpcService.java:startImpl(158)) - 6cc8209c-e457-4756-a8d8-a7119d564131: GrpcService started, listening on 0.0.0.0/0.0.0.0:40739
2019-11-13 21:46:15,679 [Datanode State Machine Thread - 0] INFO  ratis.XceiverServerRatis (XceiverServerRatis.java:start(431)) - XceiverServerRatis 6cc8209c-e457-4756-a8d8-a7119d564131 is started using port 40739
2019-11-13 21:46:15,680 [Datanode State Machine Thread - 0] INFO  server.XceiverServerGrpc (XceiverServerGrpc.java:start(145)) - XceiverServerGrpc 6cc8209c-e457-4756-a8d8-a7119d564131 is started using port 45766
2019-11-13 21:46:16,229 [Thread-748] INFO  ozone.MiniOzoneClusterImpl (MiniOzoneClusterImpl.java:lambda$waitForClusterToBeReady$2(171)) - Waiting for cluster to be ready. Got 0 of 3 DN Heartbeats.
2019-11-13 21:46:16,252 [Datanode State Machine Thread - 0] INFO  ozoneimpl.OzoneContainer (OzoneContainer.java:start(230)) - Attempting to start container services.
2019-11-13 21:46:16,253 [Datanode State Machine Thread - 0] INFO  ozoneimpl.OzoneContainer (OzoneContainer.java:startContainerScrub(194)) - Background container scanner has been disabled.
2019-11-13 21:46:16,253 [Datanode State Machine Thread - 0] INFO  ratis.XceiverServerRatis (XceiverServerRatis.java:start(421)) - Starting XceiverServerRatis 967749f5-60f8-4775-800f-ac118f332ec3 at port 0
2019-11-13 21:46:16,261 [Datanode State Machine Thread - 0] INFO  impl.RaftServerProxy (RaftServerProxy.java:lambda$start$3(299)) - 967749f5-60f8-4775-800f-ac118f332ec3: start RPC server
2019-11-13 21:46:16,262 [Datanode State Machine Thread - 0] INFO  server.GrpcService (GrpcService.java:startImpl(158)) - 967749f5-60f8-4775-800f-ac118f332ec3: GrpcService started, listening on 0.0.0.0/0.0.0.0:39594
2019-11-13 21:46:16,263 [Datanode State Machine Thread - 0] INFO  ratis.XceiverServerRatis (XceiverServerRatis.java:start(431)) - XceiverServerRatis 967749f5-60f8-4775-800f-ac118f332ec3 is started using port 39594
2019-11-13 21:46:16,264 [Datanode State Machine Thread - 0] INFO  server.XceiverServerGrpc (XceiverServerGrpc.java:start(145)) - XceiverServerGrpc 967749f5-60f8-4775-800f-ac118f332ec3 is started using port 41439
2019-11-13 21:46:17,230 [Thread-748] INFO  ozone.MiniOzoneClusterImpl (MiniOzoneClusterImpl.java:lambda$waitForClusterToBeReady$2(171)) - Waiting for cluster to be ready. Got 0 of 3 DN Heartbeats.
2019-11-13 21:46:17,414 [IPC Server handler 2 on 43490] INFO  net.NetworkTopology (NetworkTopologyImpl.java:add(111)) - Added a new node: /default-rack/dcad5acd-0e3b-4336-98e2-abbadaf23ad5
2019-11-13 21:46:17,416 [IPC Server handler 2 on 43490] INFO  node.SCMNodeManager (SCMNodeManager.java:register(267)) - Registered Data node : dcad5acd-0e3b-4336-98e2-abbadaf23ad5{ip: 192.168.34.20, host: pr-hdds-2470-fxbl9-3826649461, networkLocation: /default-rack, certSerialId: null}
2019-11-13 21:46:17,417 [EventQueue-NodeRegistrationContainerReportForDataNodeSafeModeRule] INFO  safemode.SCMSafeModeManager (DataNodeSafeModeRule.java:process(71)) - SCM in safe mode. 1 DataNodes registered, 1 required.
2019-11-13 21:46:17,418 [EventQueue-NodeRegistrationContainerReportForDataNodeSafeModeRule] INFO  safemode.SCMSafeModeManager (SCMSafeModeManager.java:validateSafeModeExitRules(177)) - ScmSafeModeManager, all rules are successfully validated
2019-11-13 21:46:17,418 [EventQueue-NodeRegistrationContainerReportForDataNodeSafeModeRule] INFO  safemode.SCMSafeModeManager (SCMSafeModeManager.java:exitSafeMode(193)) - SCM exiting safe mode.
2019-11-13 21:46:17,434 [grpc-default-executor-0] INFO  impl.RaftServerProxy (RaftServerProxy.java:addNew(89)) - dcad5acd-0e3b-4336-98e2-abbadaf23ad5: addNew group-878DA669B5E1:[dcad5acd-0e3b-4336-98e2-abbadaf23ad5:192.168.34.20:33066] returns group-878DA669B5E1:java.util.concurrent.CompletableFuture@3ad5bd23[Not completed]
2019-11-13 21:46:17,436 [pool-177-thread-1] INFO  impl.RaftServerImpl (RaftServerImpl.java:<init>(98)) - dcad5acd-0e3b-4336-98e2-abbadaf23ad5: new RaftServerImpl for group-878DA669B5E1:[dcad5acd-0e3b-4336-98e2-abbadaf23ad5:192.168.34.20:33066] with ContainerStateMachine:uninitialized
2019-11-13 21:46:17,436 [pool-177-thread-1] INFO  server.RaftServerConfigKeys (ConfUtils.java:logGet(43)) - raft.server.rpc.timeout.min = 5s (custom)
2019-11-13 21:46:17,436 [pool-177-thread-1] INFO  server.RaftServerConfigKeys (ConfUtils.java:logGet(43)) - raft.server.rpc.timeout.max = 5200ms (custom)
2019-11-13 21:46:17,436 [pool-177-thread-1] INFO  server.RaftServerConfigKeys (ConfUtils.java:logGet(43)) - raft.server.rpcslowness.timeout = 120s (custom)
2019-11-13 21:46:17,436 [pool-177-thread-1] INFO  server.RaftServerConfigKeys (ConfUtils.java:logGet(43)) - raft.server.sleep.deviation.threshold = 300 (default)
2019-11-13 21:46:17,437 [pool-177-thread-1] INFO  server.RaftServerConfigKeys (ConfUtils.java:logGet(43)) - raft.server.log.appender.install.snapshot.enabled = false (custom)
2019-11-13 21:46:17,437 [pool-177-thread-1] INFO  impl.RaftServerImpl (ServerState.java:<init>(103)) - dcad5acd-0e3b-4336-98e2-abbadaf23ad5@group-878DA669B5E1: ConfigurationManager, init=-1: [dcad5acd-0e3b-4336-98e2-abbadaf23ad5:192.168.34.20:33066], old=null, confs=<EMPTY_MAP>
2019-11-13 21:46:17,437 [pool-177-thread-1] INFO  server.RaftServerConfigKeys (ConfUtils.java:logGet(43)) - raft.server.storage.dir = [/workdir/hadoop-ozone/ozonefs/target/test-dir/MiniOzoneClusterImpl-2bb5002b-f3eb-4fa7-bf0d-d672f8b55c5b/datanode-0/data/ratis] (custom)
2019-11-13 21:46:17,437 [pool-177-thread-1] INFO  server.RaftServerConfigKeys (ConfUtils.java:logGet(43)) - raft.server.log.corruption.policy = EXCEPTION (default)
2019-11-13 21:46:17,438 [pool-177-thread-1] INFO  storage.RaftStorageDirectory (RaftStorageDirectory.java:analyzeStorage(246)) - The storage directory /workdir/hadoop-ozone/ozonefs/target/test-dir/MiniOzoneClusterImpl-2bb5002b-f3eb-4fa7-bf0d-d672f8b55c5b/datanode-0/data/ratis/baad8ebc-d774-4905-88fd-878da669b5e1 does not exist. Creating ...
2019-11-13 21:46:17,450 [pool-177-thread-1] INFO  storage.RaftStorageDirectory (RaftStorageDirectory.java:tryLock(328)) - Lock on /workdir/hadoop-ozone/ozonefs/target/test-dir/MiniOzoneClusterImpl-2bb5002b-f3eb-4fa7-bf0d-d672f8b55c5b/datanode-0/data/ratis/baad8ebc-d774-4905-88fd-878da669b5e1/in_use.lock acquired by nodename 28847@pr-hdds-2470-fxbl9-3826649461
2019-11-13 21:46:17,465 [pool-177-thread-1] INFO  storage.RaftStorage (RaftStorage.java:format(84)) - Storage directory /workdir/hadoop-ozone/ozonefs/target/test-dir/MiniOzoneClusterImpl-2bb5002b-f3eb-4fa7-bf0d-d672f8b55c5b/datanode-0/data/ratis/baad8ebc-d774-4905-88fd-878da669b5e1 has been successfully formatted.
2019-11-13 21:46:17,466 [pool-177-thread-1] INFO  ratis.ContainerStateMachine (ContainerStateMachine.java:loadSnapshot(223)) - group-878DA669B5E1: The snapshot info is null. Setting the last applied indexto:(t:0, i:~)
2019-11-13 21:46:17,466 [pool-177-thread-1] INFO  server.RaftServerConfigKeys (ConfUtils.java:logGet(43)) - raft.server.notification.no-leader.timeout = 120s (custom)
2019-11-13 21:46:17,466 [pool-177-thread-1] INFO  server.RaftServerConfigKeys (ConfUtils.java:logGet(43)) - raft.server.log.use.memory = false (default)
2019-11-13 21:46:17,466 [pool-177-thread-1] INFO  server.RaftServerConfigKeys (ConfUtils.java:logGet(43)) - raft.server.log.purge.gap = 1000000 (custom)
2019-11-13 21:46:17,466 [pool-177-thread-1] INFO  server.RaftServerConfigKeys (ConfUtils.java:logGet(43)) - raft.server.log.appender.buffer.byte-limit = 33554432 (custom)
2019-11-13 21:46:17,466 [pool-177-thread-1] INFO  server.RaftServerConfigKeys (ConfUtils.java:logGet(43)) - raft.server.log.segment.size.max = 1048576 (custom)
2019-11-13 21:46:17,467 [pool-177-thread-1] WARN  impl.MetricRegistriesImpl (MetricRegistriesImpl.java:lambda$create$1(61)) - First MetricRegistry has been created without registering reporters. You may need to call MetricRegistries.global().addReportRegistration(...) before.
2019-11-13 21:46:17,467 [pool-177-thread-1] INFO  server.RaftServerConfigKeys (ConfUtils.java:logGet(43)) - raft.server.log.segment.cache.num.max = 2 (custom)
2019-11-13 21:46:17,467 [pool-177-thread-1] INFO  segmented.SegmentedRaftLogWorker (SegmentedRaftLogWorker.java:<init>(173)) - new dcad5acd-0e3b-4336-98e2-abbadaf23ad5@group-878DA669B5E1-SegmentedRaftLogWorker for RaftStorage:Storage Directory /workdir/hadoop-ozone/ozonefs/target/test-dir/MiniOzoneClusterImpl-2bb5002b-f3eb-4fa7-bf0d-d672f8b55c5b/datanode-0/data/ratis/baad8ebc-d774-4905-88fd-878da669b5e1
2019-11-13 21:46:17,467 [pool-177-thread-1] INFO  server.RaftServerConfigKeys (ConfUtils.java:logGet(43)) - raft.server.log.queue.byte-limit = 2147483647 (custom)
2019-11-13 21:46:17,467 [pool-177-thread-1] INFO  server.RaftServerConfigKeys (ConfUtils.java:logGet(43)) - raft.server.log.queue.element-limit = 1024 (custom)
2019-11-13 21:46:17,467 [pool-177-thread-1] INFO  server.RaftServerConfigKeys (ConfUtils.java:logGet(43)) - raft.server.log.segment.size.max = 1048576 (custom)
2019-11-13 21:46:17,467 [pool-177-thread-1] INFO  server.RaftServerConfigKeys (ConfUtils.java:logGet(43)) - raft.server.log.preallocated.size = 16384 (custom)
2019-11-13 21:46:17,468 [pool-177-thread-1] INFO  server.RaftServerConfigKeys (ConfUtils.java:logGet(43)) - raft.server.log.write.buffer.size = 33554432 (custom)
2019-11-13 21:46:17,468 [pool-177-thread-1] INFO  server.RaftServerConfigKeys (ConfUtils.java:logGet(43)) - raft.server.log.force.sync.num = 128 (default)
2019-11-13 21:46:17,468 [pool-177-thread-1] INFO  server.RaftServerConfigKeys (ConfUtils.java:logGet(43)) - raft.server.log.statemachine.data.sync = true (default)
2019-11-13 21:46:17,468 [pool-177-thread-1] INFO  server.RaftServerConfigKeys (ConfUtils.java:logGet(43)) - raft.server.log.statemachine.data.sync.timeout = 10s (default)
2019-11-13 21:46:17,468 [pool-177-thread-1] INFO  server.RaftServerConfigKeys (ConfUtils.java:logGet(43)) - raft.server.log.statemachine.data.sync.timeout.retry = -1 (default)
2019-11-13 21:46:17,468 [pool-177-thread-1] INFO  server.RaftServerConfigKeys (ConfUtils.java:logGet(43)) - raft.server.log.statemachine.data.caching.enabled = true (custom)
2019-11-13 21:46:17,469 [pool-177-thread-1] INFO  segmented.SegmentedRaftLogWorker (SegmentedRaftLogWorker.java:lambda$new$0(128)) - dcad5acd-0e3b-4336-98e2-abbadaf23ad5@group-878DA669B5E1-SegmentedRaftLogWorker: flushIndex: setUnconditionally 0 -> -1
2019-11-13 21:46:17,469 [pool-177-thread-1] INFO  server.RaftServerConfigKeys (ConfUtils.java:logGet(43)) - raft.server.snapshot.auto.trigger.enabled = true (custom)
2019-11-13 21:46:17,469 [pool-177-thread-1] INFO  server.RaftServerConfigKeys (ConfUtils.java:logGet(43)) - raft.server.snapshot.auto.trigger.threshold = 10000 (custom)
2019-11-13 21:46:17,469 [pool-177-thread-1] INFO  server.RaftServerConfigKeys (ConfUtils.java:logGet(43)) - raft.server.snapshot.retention.file.num = 5 (custom)
2019-11-13 21:46:17,469 [pool-177-thread-1] INFO  server.RaftServerConfigKeys (ConfUtils.java:logGet(43)) - raft.server.retrycache.expirytime = 600000ms (custom)
2019-11-13 21:46:17,470 [pool-177-thread-1] WARN  impl.MetricRegistriesImpl (MetricRegistriesImpl.java:lambda$create$1(61)) - First MetricRegistry has been created without registering reporters. You may need to call MetricRegistries.global().addReportRegistration(...) before.
2019-11-13 21:46:17,470 [pool-177-thread-1] WARN  impl.MetricRegistriesImpl (MetricRegistriesImpl.java:lambda$create$1(61)) - First MetricRegistry has been created without registering reporters. You may need to call MetricRegistries.global().addReportRegistration(...) before.
2019-11-13 21:46:17,470 [pool-177-thread-1] INFO  impl.RaftServerImpl (RaftServerImpl.java:start(184)) - dcad5acd-0e3b-4336-98e2-abbadaf23ad5@group-878DA669B5E1: start as a follower, conf=-1: [dcad5acd-0e3b-4336-98e2-abbadaf23ad5:192.168.34.20:33066], old=null
2019-11-13 21:46:17,470 [pool-177-thread-1] INFO  impl.RaftServerImpl (RaftServerImpl.java:setRole(173)) - dcad5acd-0e3b-4336-98e2-abbadaf23ad5@group-878DA669B5E1: changes role from      null to FOLLOWER at term 0 for startAsFollower
2019-11-13 21:46:17,470 [pool-177-thread-1] INFO  impl.RoleInfo (RoleInfo.java:updateAndGet(143)) - dcad5acd-0e3b-4336-98e2-abbadaf23ad5: start FollowerState
2019-11-13 21:46:17,471 [pool-177-thread-1] INFO  util.JmxRegister (JmxRegister.java:tryRegister(44)) - Successfully registered JMX Bean with object name Ratis:service=RaftServer,group=group-878DA669B5E1,id=dcad5acd-0e3b-4336-98e2-abbadaf23ad5
2019-11-13 21:46:17,471 [pool-177-thread-1] WARN  impl.MetricRegistriesImpl (MetricRegistriesImpl.java:lambda$create$1(61)) - First MetricRegistry has been created without registering reporters. You may need to call MetricRegistries.global().addReportRegistration(...) before.
2019-11-13 21:46:17,476 [RatisPipelineUtilsThread] INFO  pipeline.PipelineStateManager (PipelineStateManager.java:addPipeline(55)) - Created pipeline Pipeline[ Id: baad8ebc-d774-4905-88fd-878da669b5e1, Nodes: dcad5acd-0e3b-4336-98e2-abbadaf23ad5{ip: 192.168.34.20, host: pr-hdds-2470-fxbl9-3826649461, networkLocation: /default-rack, certSerialId: null}, Type:RATIS, Factor:ONE, State:ALLOCATED]
2019-11-13 21:46:17,645 [IPC Server handler 3 on 43490] INFO  net.NetworkTopology (NetworkTopologyImpl.java:add(111)) - Added a new node: /default-rack/6cc8209c-e457-4756-a8d8-a7119d564131
2019-11-13 21:46:17,645 [IPC Server handler 3 on 43490] INFO  node.SCMNodeManager (SCMNodeManager.java:register(267)) - Registered Data node : 6cc8209c-e457-4756-a8d8-a7119d564131{ip: 192.168.34.20, host: pr-hdds-2470-fxbl9-3826649461, networkLocation: /default-rack, certSerialId: null}
2019-11-13 21:46:17,659 [grpc-default-executor-1] INFO  impl.RaftServerProxy (RaftServerProxy.java:addNew(89)) - 6cc8209c-e457-4756-a8d8-a7119d564131: addNew group-A6F81A1C094E:[6cc8209c-e457-4756-a8d8-a7119d564131:192.168.34.20:40739] returns group-A6F81A1C094E:java.util.concurrent.CompletableFuture@408524c9[Not completed]
2019-11-13 21:46:17,661 [pool-187-thread-1] INFO  impl.RaftServerImpl (RaftServerImpl.java:<init>(98)) - 6cc8209c-e457-4756-a8d8-a7119d564131: new RaftServerImpl for group-A6F81A1C094E:[6cc8209c-e457-4756-a8d8-a7119d564131:192.168.34.20:40739] with ContainerStateMachine:uninitialized
2019-11-13 21:46:17,662 [pool-187-thread-1] INFO  server.RaftServerConfigKeys (ConfUtils.java:logGet(43)) - raft.server.rpc.timeout.min = 5s (custom)
2019-11-13 21:46:17,662 [pool-187-thread-1] INFO  server.RaftServerConfigKeys (ConfUtils.java:logGet(43)) - raft.server.rpc.timeout.max = 5200ms (custom)
2019-11-13 21:46:17,662 [pool-187-thread-1] INFO  server.RaftServerConfigKeys (ConfUtils.java:logGet(43)) - raft.server.rpcslowness.timeout = 120s (custom)
2019-11-13 21:46:17,662 [pool-187-thread-1] INFO  server.RaftServerConfigKeys (ConfUtils.java:logGet(43)) - raft.server.sleep.deviation.threshold = 300 (default)
2019-11-13 21:46:17,662 [pool-187-thread-1] INFO  server.RaftServerConfigKeys (ConfUtils.java:logGet(43)) - raft.server.log.appender.install.snapshot.enabled = false (custom)
2019-11-13 21:46:17,662 [pool-187-thread-1] INFO  impl.RaftServerImpl (ServerState.java:<init>(103)) - 6cc8209c-e457-4756-a8d8-a7119d564131@group-A6F81A1C094E: ConfigurationManager, init=-1: [6cc8209c-e457-4756-a8d8-a7119d564131:192.168.34.20:40739], old=null, confs=<EMPTY_MAP>
2019-11-13 21:46:17,663 [pool-187-thread-1] INFO  server.RaftServerConfigKeys (ConfUtils.java:logGet(43)) - raft.server.storage.dir = [/workdir/hadoop-ozone/ozonefs/target/test-dir/MiniOzoneClusterImpl-2bb5002b-f3eb-4fa7-bf0d-d672f8b55c5b/datanode-1/data/ratis] (custom)
2019-11-13 21:46:17,663 [pool-187-thread-1] INFO  server.RaftServerConfigKeys (ConfUtils.java:logGet(43)) - raft.server.log.corruption.policy = EXCEPTION (default)
2019-11-13 21:46:17,664 [pool-187-thread-1] INFO  storage.RaftStorageDirectory (RaftStorageDirectory.java:analyzeStorage(246)) - The storage directory /workdir/hadoop-ozone/ozonefs/target/test-dir/MiniOzoneClusterImpl-2bb5002b-f3eb-4fa7-bf0d-d672f8b55c5b/datanode-1/data/ratis/394c2684-2a39-4297-a142-a6f81a1c094e does not exist. Creating ...
2019-11-13 21:46:17,678 [pool-187-thread-1] INFO  storage.RaftStorageDirectory (RaftStorageDirectory.java:tryLock(328)) - Lock on /workdir/hadoop-ozone/ozonefs/target/test-dir/MiniOzoneClusterImpl-2bb5002b-f3eb-4fa7-bf0d-d672f8b55c5b/datanode-1/data/ratis/394c2684-2a39-4297-a142-a6f81a1c094e/in_use.lock acquired by nodename 28847@pr-hdds-2470-fxbl9-3826649461
2019-11-13 21:46:17,692 [pool-187-thread-1] INFO  storage.RaftStorage (RaftStorage.java:format(84)) - Storage directory /workdir/hadoop-ozone/ozonefs/target/test-dir/MiniOzoneClusterImpl-2bb5002b-f3eb-4fa7-bf0d-d672f8b55c5b/datanode-1/data/ratis/394c2684-2a39-4297-a142-a6f81a1c094e has been successfully formatted.
2019-11-13 21:46:17,692 [pool-187-thread-1] INFO  ratis.ContainerStateMachine (ContainerStateMachine.java:loadSnapshot(223)) - group-A6F81A1C094E: The snapshot info is null. Setting the last applied indexto:(t:0, i:~)
2019-11-13 21:46:17,693 [pool-187-thread-1] INFO  server.RaftServerConfigKeys (ConfUtils.java:logGet(43)) - raft.server.notification.no-leader.timeout = 120s (custom)
2019-11-13 21:46:17,693 [pool-187-thread-1] INFO  server.RaftServerConfigKeys (ConfUtils.java:logGet(43)) - raft.server.log.use.memory = false (default)
2019-11-13 21:46:17,693 [pool-187-thread-1] INFO  server.RaftServerConfigKeys (ConfUtils.java:logGet(43)) - raft.server.log.purge.gap = 1000000 (custom)
2019-11-13 21:46:17,693 [pool-187-thread-1] INFO  server.RaftServerConfigKeys (ConfUtils.java:logGet(43)) - raft.server.log.appender.buffer.byte-limit = 33554432 (custom)
2019-11-13 21:46:17,694 [pool-187-thread-1] INFO  server.RaftServerConfigKeys (ConfUtils.java:logGet(43)) - raft.server.log.segment.size.max = 1048576 (custom)
2019-11-13 21:46:17,694 [pool-187-thread-1] WARN  impl.MetricRegistriesImpl (MetricRegistriesImpl.java:lambda$create$1(61)) - First MetricRegistry has been created without registering reporters. You may need to call MetricRegistries.global().addReportRegistration(...) before.
2019-11-13 21:46:17,694 [pool-187-thread-1] INFO  server.RaftServerConfigKeys (ConfUtils.java:logGet(43)) - raft.server.log.segment.cache.num.max = 2 (custom)
2019-11-13 21:46:17,694 [pool-187-thread-1] INFO  segmented.SegmentedRaftLogWorker (SegmentedRaftLogWorker.java:<init>(173)) - new 6cc8209c-e457-4756-a8d8-a7119d564131@group-A6F81A1C094E-SegmentedRaftLogWorker for RaftStorage:Storage Directory /workdir/hadoop-ozone/ozonefs/target/test-dir/MiniOzoneClusterImpl-2bb5002b-f3eb-4fa7-bf0d-d672f8b55c5b/datanode-1/data/ratis/394c2684-2a39-4297-a142-a6f81a1c094e
2019-11-13 21:46:17,695 [pool-187-thread-1] INFO  server.RaftServerConfigKeys (ConfUtils.java:logGet(43)) - raft.server.log.queue.byte-limit = 2147483647 (custom)
2019-11-13 21:46:17,695 [pool-187-thread-1] INFO  server.RaftServerConfigKeys (ConfUtils.java:logGet(43)) - raft.server.log.queue.element-limit = 1024 (custom)
2019-11-13 21:46:17,695 [pool-187-thread-1] INFO  server.RaftServerConfigKeys (ConfUtils.java:logGet(43)) - raft.server.log.segment.size.max = 1048576 (custom)
2019-11-13 21:46:17,695 [pool-187-thread-1] INFO  server.RaftServerConfigKeys (ConfUtils.java:logGet(43)) - raft.server.log.preallocated.size = 16384 (custom)
2019-11-13 21:46:17,696 [pool-187-thread-1] INFO  server.RaftServerConfigKeys (ConfUtils.java:logGet(43)) - raft.server.log.write.buffer.size = 33554432 (custom)
2019-11-13 21:46:17,696 [pool-187-thread-1] INFO  server.RaftServerConfigKeys (ConfUtils.java:logGet(43)) - raft.server.log.force.sync.num = 128 (default)
2019-11-13 21:46:17,696 [pool-187-thread-1] INFO  server.RaftServerConfigKeys (ConfUtils.java:logGet(43)) - raft.server.log.statemachine.data.sync = true (default)
2019-11-13 21:46:17,696 [pool-187-thread-1] INFO  server.RaftServerConfigKeys (ConfUtils.java:logGet(43)) - raft.server.log.statemachine.data.sync.timeout = 10s (default)
2019-11-13 21:46:17,696 [pool-187-thread-1] INFO  server.RaftServerConfigKeys (ConfUtils.java:logGet(43)) - raft.server.log.statemachine.data.sync.timeout.retry = -1 (default)
2019-11-13 21:46:17,697 [pool-187-thread-1] INFO  server.RaftServerConfigKeys (ConfUtils.java:logGet(43)) - raft.server.log.statemachine.data.caching.enabled = true (custom)
2019-11-13 21:46:17,697 [pool-187-thread-1] INFO  segmented.SegmentedRaftLogWorker (SegmentedRaftLogWorker.java:lambda$new$0(128)) - 6cc8209c-e457-4756-a8d8-a7119d564131@group-A6F81A1C094E-SegmentedRaftLogWorker: flushIndex: setUnconditionally 0 -> -1
2019-11-13 21:46:17,698 [pool-187-thread-1] INFO  server.RaftServerConfigKeys (ConfUtils.java:logGet(43)) - raft.server.snapshot.auto.trigger.enabled = true (custom)
2019-11-13 21:46:17,698 [pool-187-thread-1] INFO  server.RaftServerConfigKeys (ConfUtils.java:logGet(43)) - raft.server.snapshot.auto.trigger.threshold = 10000 (custom)
2019-11-13 21:46:17,698 [pool-187-thread-1] INFO  server.RaftServerConfigKeys (ConfUtils.java:logGet(43)) - raft.server.snapshot.retention.file.num = 5 (custom)
2019-11-13 21:46:17,698 [pool-187-thread-1] INFO  server.RaftServerConfigKeys (ConfUtils.java:logGet(43)) - raft.server.retrycache.expirytime = 600000ms (custom)
2019-11-13 21:46:17,698 [pool-187-thread-1] WARN  impl.MetricRegistriesImpl (MetricRegistriesImpl.java:lambda$create$1(61)) - First MetricRegistry has been created without registering reporters. You may need to call MetricRegistries.global().addReportRegistration(...) before.
2019-11-13 21:46:17,698 [pool-187-thread-1] WARN  impl.MetricRegistriesImpl (MetricRegistriesImpl.java:lambda$create$1(61)) - First MetricRegistry has been created without registering reporters. You may need to call MetricRegistries.global().addReportRegistration(...) before.
2019-11-13 21:46:17,699 [pool-187-thread-1] INFO  impl.RaftServerImpl (RaftServerImpl.java:start(184)) - 6cc8209c-e457-4756-a8d8-a7119d564131@group-A6F81A1C094E: start as a follower, conf=-1: [6cc8209c-e457-4756-a8d8-a7119d564131:192.168.34.20:40739], old=null
2019-11-13 21:46:17,699 [pool-187-thread-1] INFO  impl.RaftServerImpl (RaftServerImpl.java:setRole(173)) - 6cc8209c-e457-4756-a8d8-a7119d564131@group-A6F81A1C094E: changes role from      null to FOLLOWER at term 0 for startAsFollower
2019-11-13 21:46:17,699 [pool-187-thread-1] INFO  impl.RoleInfo (RoleInfo.java:updateAndGet(143)) - 6cc8209c-e457-4756-a8d8-a7119d564131: start FollowerState
2019-11-13 21:46:17,700 [pool-187-thread-1] INFO  util.JmxRegister (JmxRegister.java:tryRegister(44)) - Successfully registered JMX Bean with object name Ratis:service=RaftServer,group=group-A6F81A1C094E,id=6cc8209c-e457-4756-a8d8-a7119d564131
2019-11-13 21:46:17,700 [pool-187-thread-1] WARN  impl.MetricRegistriesImpl (MetricRegistriesImpl.java:lambda$create$1(61)) - First MetricRegistry has been created without registering reporters. You may need to call MetricRegistries.global().addReportRegistration(...) before.
2019-11-13 21:46:17,706 [RatisPipelineUtilsThread] INFO  pipeline.PipelineStateManager (PipelineStateManager.java:addPipeline(55)) - Created pipeline Pipeline[ Id: 394c2684-2a39-4297-a142-a6f81a1c094e, Nodes: 6cc8209c-e457-4756-a8d8-a7119d564131{ip: 192.168.34.20, host: pr-hdds-2470-fxbl9-3826649461, networkLocation: /default-rack, certSerialId: null}, Type:RATIS, Factor:ONE, State:ALLOCATED]
2019-11-13 21:46:18,230 [Thread-748] INFO  ozone.MiniOzoneClusterImpl (MiniOzoneClusterImpl.java:lambda$waitForClusterToBeReady$2(163)) - Waiting for 2 number of pipelines out of 2, to report a leader.
2019-11-13 21:46:18,232 [IPC Server handler 0 on 43490] INFO  net.NetworkTopology (NetworkTopologyImpl.java:add(111)) - Added a new node: /default-rack/967749f5-60f8-4775-800f-ac118f332ec3
2019-11-13 21:46:18,232 [IPC Server handler 0 on 43490] INFO  node.SCMNodeManager (SCMNodeManager.java:register(267)) - Registered Data node : 967749f5-60f8-4775-800f-ac118f332ec3{ip: 192.168.34.20, host: pr-hdds-2470-fxbl9-3826649461, networkLocation: /default-rack, certSerialId: null}
2019-11-13 21:46:18,244 [grpc-default-executor-1] INFO  impl.RaftServerProxy (RaftServerProxy.java:addNew(89)) - 967749f5-60f8-4775-800f-ac118f332ec3: addNew group-67BAEE852BA9:[967749f5-60f8-4775-800f-ac118f332ec3:192.168.34.20:39594] returns group-67BAEE852BA9:java.util.concurrent.CompletableFuture@5939bcef[Not completed]
2019-11-13 21:46:18,246 [pool-197-thread-1] INFO  impl.RaftServerImpl (RaftServerImpl.java:<init>(98)) - 967749f5-60f8-4775-800f-ac118f332ec3: new RaftServerImpl for group-67BAEE852BA9:[967749f5-60f8-4775-800f-ac118f332ec3:192.168.34.20:39594] with ContainerStateMachine:uninitialized
2019-11-13 21:46:18,246 [pool-197-thread-1] INFO  server.RaftServerConfigKeys (ConfUtils.java:logGet(43)) - raft.server.rpc.timeout.min = 5s (custom)
2019-11-13 21:46:18,246 [pool-197-thread-1] INFO  server.RaftServerConfigKeys (ConfUtils.java:logGet(43)) - raft.server.rpc.timeout.max = 5200ms (custom)
2019-11-13 21:46:18,247 [pool-197-thread-1] INFO  server.RaftServerConfigKeys (ConfUtils.java:logGet(43)) - raft.server.rpcslowness.timeout = 120s (custom)
2019-11-13 21:46:18,247 [pool-197-thread-1] INFO  server.RaftServerConfigKeys (ConfUtils.java:logGet(43)) - raft.server.sleep.deviation.threshold = 300 (default)
2019-11-13 21:46:18,247 [pool-197-thread-1] INFO  server.RaftServerConfigKeys (ConfUtils.java:logGet(43)) - raft.server.log.appender.install.snapshot.enabled = false (custom)
2019-11-13 21:46:18,247 [pool-197-thread-1] INFO  impl.RaftServerImpl (ServerState.java:<init>(103)) - 967749f5-60f8-4775-800f-ac118f332ec3@group-67BAEE852BA9: ConfigurationManager, init=-1: [967749f5-60f8-4775-800f-ac118f332ec3:192.168.34.20:39594], old=null, confs=<EMPTY_MAP>
2019-11-13 21:46:18,247 [pool-197-thread-1] INFO  server.RaftServerConfigKeys (ConfUtils.java:logGet(43)) - raft.server.storage.dir = [/workdir/hadoop-ozone/ozonefs/target/test-dir/MiniOzoneClusterImpl-2bb5002b-f3eb-4fa7-bf0d-d672f8b55c5b/datanode-2/data/ratis] (custom)
2019-11-13 21:46:18,248 [pool-197-thread-1] INFO  server.RaftServerConfigKeys (ConfUtils.java:logGet(43)) - raft.server.log.corruption.policy = EXCEPTION (default)
2019-11-13 21:46:18,248 [pool-197-thread-1] INFO  storage.RaftStorageDirectory (RaftStorageDirectory.java:analyzeStorage(246)) - The storage directory /workdir/hadoop-ozone/ozonefs/target/test-dir/MiniOzoneClusterImpl-2bb5002b-f3eb-4fa7-bf0d-d672f8b55c5b/datanode-2/data/ratis/11642bce-8bae-4998-972f-67baee852ba9 does not exist. Creating ...
2019-11-13 21:46:18,261 [pool-197-thread-1] INFO  storage.RaftStorageDirectory (RaftStorageDirectory.java:tryLock(328)) - Lock on /workdir/hadoop-ozone/ozonefs/target/test-dir/MiniOzoneClusterImpl-2bb5002b-f3eb-4fa7-bf0d-d672f8b55c5b/datanode-2/data/ratis/11642bce-8bae-4998-972f-67baee852ba9/in_use.lock acquired by nodename 28847@pr-hdds-2470-fxbl9-3826649461
2019-11-13 21:46:18,281 [pool-197-thread-1] INFO  storage.RaftStorage (RaftStorage.java:format(84)) - Storage directory /workdir/hadoop-ozone/ozonefs/target/test-dir/MiniOzoneClusterImpl-2bb5002b-f3eb-4fa7-bf0d-d672f8b55c5b/datanode-2/data/ratis/11642bce-8bae-4998-972f-67baee852ba9 has been successfully formatted.
2019-11-13 21:46:18,282 [pool-197-thread-1] INFO  ratis.ContainerStateMachine (ContainerStateMachine.java:loadSnapshot(223)) - group-67BAEE852BA9: The snapshot info is null. Setting the last applied indexto:(t:0, i:~)
2019-11-13 21:46:18,282 [pool-197-thread-1] INFO  server.RaftServerConfigKeys (ConfUtils.java:logGet(43)) - raft.server.notification.no-leader.timeout = 120s (custom)
2019-11-13 21:46:18,282 [pool-197-thread-1] INFO  server.RaftServerConfigKeys (ConfUtils.java:logGet(43)) - raft.server.log.use.memory = false (default)
2019-11-13 21:46:18,282 [pool-197-thread-1] INFO  server.RaftServerConfigKeys (ConfUtils.java:logGet(43)) - raft.server.log.purge.gap = 1000000 (custom)
2019-11-13 21:46:18,282 [pool-197-thread-1] INFO  server.RaftServerConfigKeys (ConfUtils.java:logGet(43)) - raft.server.log.appender.buffer.byte-limit = 33554432 (custom)
2019-11-13 21:46:18,282 [pool-197-thread-1] INFO  server.RaftServerConfigKeys (ConfUtils.java:logGet(43)) - raft.server.log.segment.size.max = 1048576 (custom)
2019-11-13 21:46:18,283 [pool-197-thread-1] WARN  impl.MetricRegistriesImpl (MetricRegistriesImpl.java:lambda$create$1(61)) - First MetricRegistry has been created without registering reporters. You may need to call MetricRegistries.global().addReportRegistration(...) before.
2019-11-13 21:46:18,283 [pool-197-thread-1] INFO  server.RaftServerConfigKeys (ConfUtils.java:logGet(43)) - raft.server.log.segment.cache.num.max = 2 (custom)
2019-11-13 21:46:18,283 [pool-197-thread-1] INFO  segmented.SegmentedRaftLogWorker (SegmentedRaftLogWorker.java:<init>(173)) - new 967749f5-60f8-4775-800f-ac118f332ec3@group-67BAEE852BA9-SegmentedRaftLogWorker for RaftStorage:Storage Directory /workdir/hadoop-ozone/ozonefs/target/test-dir/MiniOzoneClusterImpl-2bb5002b-f3eb-4fa7-bf0d-d672f8b55c5b/datanode-2/data/ratis/11642bce-8bae-4998-972f-67baee852ba9
2019-11-13 21:46:18,283 [pool-197-thread-1] INFO  server.RaftServerConfigKeys (ConfUtils.java:logGet(43)) - raft.server.log.queue.byte-limit = 2147483647 (custom)
2019-11-13 21:46:18,283 [pool-197-thread-1] INFO  server.RaftServerConfigKeys (ConfUtils.java:logGet(43)) - raft.server.log.queue.element-limit = 1024 (custom)
2019-11-13 21:46:18,283 [pool-197-thread-1] INFO  server.RaftServerConfigKeys (ConfUtils.java:logGet(43)) - raft.server.log.segment.size.max = 1048576 (custom)
2019-11-13 21:46:18,283 [pool-197-thread-1] INFO  server.RaftServerConfigKeys (ConfUtils.java:logGet(43)) - raft.server.log.preallocated.size = 16384 (custom)
2019-11-13 21:46:18,284 [pool-197-thread-1] INFO  server.RaftServerConfigKeys (ConfUtils.java:logGet(43)) - raft.server.log.write.buffer.size = 33554432 (custom)
2019-11-13 21:46:18,284 [pool-197-thread-1] INFO  server.RaftServerConfigKeys (ConfUtils.java:logGet(43)) - raft.server.log.force.sync.num = 128 (default)
2019-11-13 21:46:18,284 [pool-197-thread-1] INFO  server.RaftServerConfigKeys (ConfUtils.java:logGet(43)) - raft.server.log.statemachine.data.sync = true (default)
2019-11-13 21:46:18,284 [pool-197-thread-1] INFO  server.RaftServerConfigKeys (ConfUtils.java:logGet(43)) - raft.server.log.statemachine.data.sync.timeout = 10s (default)
2019-11-13 21:46:18,284 [pool-197-thread-1] INFO  server.RaftServerConfigKeys (ConfUtils.java:logGet(43)) - raft.server.log.statemachine.data.sync.timeout.retry = -1 (default)
2019-11-13 21:46:18,284 [pool-197-thread-1] INFO  server.RaftServerConfigKeys (ConfUtils.java:logGet(43)) - raft.server.log.statemachine.data.caching.enabled = true (custom)
2019-11-13 21:46:18,285 [pool-197-thread-1] INFO  segmented.SegmentedRaftLogWorker (SegmentedRaftLogWorker.java:lambda$new$0(128)) - 967749f5-60f8-4775-800f-ac118f332ec3@group-67BAEE852BA9-SegmentedRaftLogWorker: flushIndex: setUnconditionally 0 -> -1
2019-11-13 21:46:18,285 [pool-197-thread-1] INFO  server.RaftServerConfigKeys (ConfUtils.java:logGet(43)) - raft.server.snapshot.auto.trigger.enabled = true (custom)
2019-11-13 21:46:18,285 [pool-197-thread-1] INFO  server.RaftServerConfigKeys (ConfUtils.java:logGet(43)) - raft.server.snapshot.auto.trigger.threshold = 10000 (custom)
2019-11-13 21:46:18,285 [pool-197-thread-1] INFO  server.RaftServerConfigKeys (ConfUtils.java:logGet(43)) - raft.server.snapshot.retention.file.num = 5 (custom)
2019-11-13 21:46:18,285 [pool-197-thread-1] INFO  server.RaftServerConfigKeys (ConfUtils.java:logGet(43)) - raft.server.retrycache.expirytime = 600000ms (custom)
2019-11-13 21:46:18,286 [pool-197-thread-1] WARN  impl.MetricRegistriesImpl (MetricRegistriesImpl.java:lambda$create$1(61)) - First MetricRegistry has been created without registering reporters. You may need to call MetricRegistries.global().addReportRegistration(...) before.
2019-11-13 21:46:18,286 [pool-197-thread-1] WARN  impl.MetricRegistriesImpl (MetricRegistriesImpl.java:lambda$create$1(61)) - First MetricRegistry has been created without registering reporters. You may need to call MetricRegistries.global().addReportRegistration(...) before.
2019-11-13 21:46:18,286 [pool-197-thread-1] INFO  impl.RaftServerImpl (RaftServerImpl.java:start(184)) - 967749f5-60f8-4775-800f-ac118f332ec3@group-67BAEE852BA9: start as a follower, conf=-1: [967749f5-60f8-4775-800f-ac118f332ec3:192.168.34.20:39594], old=null
2019-11-13 21:46:18,286 [pool-197-thread-1] INFO  impl.RaftServerImpl (RaftServerImpl.java:setRole(173)) - 967749f5-60f8-4775-800f-ac118f332ec3@group-67BAEE852BA9: changes role from      null to FOLLOWER at term 0 for startAsFollower
2019-11-13 21:46:18,286 [pool-197-thread-1] INFO  impl.RoleInfo (RoleInfo.java:updateAndGet(143)) - 967749f5-60f8-4775-800f-ac118f332ec3: start FollowerState
2019-11-13 21:46:18,287 [pool-197-thread-1] INFO  util.JmxRegister (JmxRegister.java:tryRegister(44)) - Successfully registered JMX Bean with object name Ratis:service=RaftServer,group=group-67BAEE852BA9,id=967749f5-60f8-4775-800f-ac118f332ec3
2019-11-13 21:46:18,287 [pool-197-thread-1] WARN  impl.MetricRegistriesImpl (MetricRegistriesImpl.java:lambda$create$1(61)) - First MetricRegistry has been created without registering reporters. You may need to call MetricRegistries.global().addReportRegistration(...) before.
[...]
2019-11-13 21:46:56,719 [EventQueue-PipelineReportForPipelineReportHandler] ERROR pipeline.PipelineReportHandler (PipelineReportHandler.java:onMessage(81)) - Could not process pipeline report=pipelineID {
  id: "ff0d8bf2-1344-483b-8ca5-7c70ed9fcaa5"
}
isLeader: true
 from dn=967749f5-60f8-4775-800f-ac118f332ec3{ip: 192.168.34.20, host: pr-hdds-2470-fxbl9-3826649461, networkLocation: /default-rack, certSerialId: null} {}
org.apache.ratis.protocol.GroupMismatchException: 967749f5-60f8-4775-800f-ac118f332ec3: Group group-7C70ED9FCAA5 not found.
	at org.apache.ratis.server.impl.RaftServerProxy.groupRemoveAsync(RaftServerProxy.java:402)
	at org.apache.ratis.server.impl.RaftServerProxy.groupManagementAsync(RaftServerProxy.java:367)
	at org.apache.ratis.grpc.server.GrpcAdminProtocolService.lambda$groupManagement$0(GrpcAdminProtocolService.java:42)
	at org.apache.ratis.grpc.GrpcUtil.asyncCall(GrpcUtil.java:140)
	at org.apache.ratis.grpc.server.GrpcAdminProtocolService.groupManagement(GrpcAdminProtocolService.java:42)
	at org.apache.ratis.proto.grpc.AdminProtocolServiceGrpc$MethodHandlers.invoke(AdminProtocolServiceGrpc.java:361)
	at org.apache.ratis.thirdparty.io.grpc.stub.ServerCalls$UnaryServerCallHandler$UnaryServerCallListener.onHalfClose(ServerCalls.java:171)
	at org.apache.ratis.thirdparty.io.grpc.internal.ServerCallImpl$ServerStreamListenerImpl.halfClosed(ServerCallImpl.java:283)
	at org.apache.ratis.thirdparty.io.grpc.internal.ServerImpl$JumpToApplicationThreadServerStreamListener$1HalfClosed.runInContext(ServerImpl.java:710)
	at org.apache.ratis.thirdparty.io.grpc.internal.ContextRunnable.run(ContextRunnable.java:37)
	at org.apache.ratis.thirdparty.io.grpc.internal.SerializingExecutor.run(SerializingExecutor.java:123)
	at java.util.concurrent.ThreadPoolExecutor.runWorker(ThreadPoolExecutor.java:1149)
	at java.util.concurrent.ThreadPoolExecutor$Worker.run(ThreadPoolExecutor.java:624)
	at java.lang.Thread.run(Thread.java:748)
2019-11-13 21:46:56,722 [grpc-default-executor-5] INFO  impl.RaftServerProxy (RaftServerProxy.java:remove(95)) - 967749f5-60f8-4775-800f-ac118f332ec3: remove group-2670078F4BD4:null
2019-11-13 21:46:56,726 [EventQueue-PipelineReportForPipelineReportHandler] ERROR pipeline.PipelineReportHandler (PipelineReportHandler.java:onMessage(81)) - Could not process pipeline report=pipelineID {
  id: "57591723-27fa-47b6-b2cb-2670078f4bd4"
}
isLeader: true
 from dn=967749f5-60f8-4775-800f-ac118f332ec3{ip: 192.168.34.20, host: pr-hdds-2470-fxbl9-3826649461, networkLocation: /default-rack, certSerialId: null} {}
org.apache.ratis.protocol.GroupMismatchException: 967749f5-60f8-4775-800f-ac118f332ec3: Group group-2670078F4BD4 not found.
	at org.apache.ratis.server.impl.RaftServerProxy.groupRemoveAsync(RaftServerProxy.java:402)
	at org.apache.ratis.server.impl.RaftServerProxy.groupManagementAsync(RaftServerProxy.java:367)
	at org.apache.ratis.grpc.server.GrpcAdminProtocolService.lambda$groupManagement$0(GrpcAdminProtocolService.java:42)
	at org.apache.ratis.grpc.GrpcUtil.asyncCall(GrpcUtil.java:140)
	at org.apache.ratis.grpc.server.GrpcAdminProtocolService.groupManagement(GrpcAdminProtocolService.java:42)
	at org.apache.ratis.proto.grpc.AdminProtocolServiceGrpc$MethodHandlers.invoke(AdminProtocolServiceGrpc.java:361)
	at org.apache.ratis.thirdparty.io.grpc.stub.ServerCalls$UnaryServerCallHandler$UnaryServerCallListener.onHalfClose(ServerCalls.java:171)
	at org.apache.ratis.thirdparty.io.grpc.internal.ServerCallImpl$ServerStreamListenerImpl.halfClosed(ServerCallImpl.java:283)
	at org.apache.ratis.thirdparty.io.grpc.internal.ServerImpl$JumpToApplicationThreadServerStreamListener$1HalfClosed.runInContext(ServerImpl.java:710)
	at org.apache.ratis.thirdparty.io.grpc.internal.ContextRunnable.run(ContextRunnable.java:37)
	at org.apache.ratis.thirdparty.io.grpc.internal.SerializingExecutor.run(SerializingExecutor.java:123)
	at java.util.concurrent.ThreadPoolExecutor.runWorker(ThreadPoolExecutor.java:1149)
	at java.util.concurrent.ThreadPoolExecutor$Worker.run(ThreadPoolExecutor.java:624)
	at java.lang.Thread.run(Thread.java:748)
2019-11-13 21:46:56,730 [grpc-default-executor-5] INFO  impl.RaftServerProxy (RaftServerProxy.java:remove(95)) - 967749f5-60f8-4775-800f-ac118f332ec3: remove group-FC87DB4793F9:null
2019-11-13 21:46:56,735 [EventQueue-PipelineReportForPipelineReportHandler] ERROR pipeline.PipelineReportHandler (PipelineReportHandler.java:onMessage(81)) - Could not process pipeline report=pipelineID {
  id: "3044f0ae-3d19-4f0e-9ef8-fc87db4793f9"
}
isLeader: true
 from dn=967749f5-60f8-4775-800f-ac118f332ec3{ip: 192.168.34.20, host: pr-hdds-2470-fxbl9-3826649461, networkLocation: /default-rack, certSerialId: null} {}
org.apache.ratis.protocol.GroupMismatchException: 967749f5-60f8-4775-800f-ac118f332ec3: Group group-FC87DB4793F9 not found.
	at org.apache.ratis.server.impl.RaftServerProxy.groupRemoveAsync(RaftServerProxy.java:402)
	at org.apache.ratis.server.impl.RaftServerProxy.groupManagementAsync(RaftServerProxy.java:367)
	at org.apache.ratis.grpc.server.GrpcAdminProtocolService.lambda$groupManagement$0(GrpcAdminProtocolService.java:42)
	at org.apache.ratis.grpc.GrpcUtil.asyncCall(GrpcUtil.java:140)
	at org.apache.ratis.grpc.server.GrpcAdminProtocolService.groupManagement(GrpcAdminProtocolService.java:42)
	at org.apache.ratis.proto.grpc.AdminProtocolServiceGrpc$MethodHandlers.invoke(AdminProtocolServiceGrpc.java:361)
	at org.apache.ratis.thirdparty.io.grpc.stub.ServerCalls$UnaryServerCallHandler$UnaryServerCallListener.onHalfClose(ServerCalls.java:171)
	at org.apache.ratis.thirdparty.io.grpc.internal.ServerCallImpl$ServerStreamListenerImpl.halfClosed(ServerCallImpl.java:283)
	at org.apache.ratis.thirdparty.io.grpc.internal.ServerImpl$JumpToApplicationThreadServerStreamListener$1HalfClosed.runInContext(ServerImpl.java:710)
	at org.apache.ratis.thirdparty.io.grpc.internal.ContextRunnable.run(ContextRunnable.java:37)
	at org.apache.ratis.thirdparty.io.grpc.internal.SerializingExecutor.run(SerializingExecutor.java:123)
	at java.util.concurrent.ThreadPoolExecutor.runWorker(ThreadPoolExecutor.java:1149)
	at java.util.concurrent.ThreadPoolExecutor$Worker.run(ThreadPoolExecutor.java:624)
	at java.lang.Thread.run(Thread.java:748)
2019-11-13 21:46:56,740 [grpc-default-executor-5] INFO  impl.RaftServerProxy (RaftServerProxy.java:remove(95)) - 967749f5-60f8-4775-800f-ac118f332ec3: remove group-622AF9E17E76:null
2019-11-13 21:46:56,746 [EventQueue-PipelineReportForPipelineReportHandler] ERROR pipeline.PipelineReportHandler (PipelineReportHandler.java:onMessage(81)) - Could not process pipeline report=pipelineID {
  id: "56a28343-0918-4675-98ec-622af9e17e76"
}
isLeader: true
 from dn=967749f5-60f8-4775-800f-ac118f332ec3{ip: 192.168.34.20, host: pr-hdds-2470-fxbl9-3826649461, networkLocation: /default-rack, certSerialId: null} {}
org.apache.ratis.protocol.GroupMismatchException: 967749f5-60f8-4775-800f-ac118f332ec3: Group group-622AF9E17E76 not found.
	at org.apache.ratis.server.impl.RaftServerProxy.groupRemoveAsync(RaftServerProxy.java:402)
	at org.apache.ratis.server.impl.RaftServerProxy.groupManagementAsync(RaftServerProxy.java:367)
	at org.apache.ratis.grpc.server.GrpcAdminProtocolService.lambda$groupManagement$0(GrpcAdminProtocolService.java:42)
	at org.apache.ratis.grpc.GrpcUtil.asyncCall(GrpcUtil.java:140)
	at org.apache.ratis.grpc.server.GrpcAdminProtocolService.groupManagement(GrpcAdminProtocolService.java:42)
	at org.apache.ratis.proto.grpc.AdminProtocolServiceGrpc$MethodHandlers.invoke(AdminProtocolServiceGrpc.java:361)
	at org.apache.ratis.thirdparty.io.grpc.stub.ServerCalls$UnaryServerCallHandler$UnaryServerCallListener.onHalfClose(ServerCalls.java:171)
	at org.apache.ratis.thirdparty.io.grpc.internal.ServerCallImpl$ServerStreamListenerImpl.halfClosed(ServerCallImpl.java:283)
	at org.apache.ratis.thirdparty.io.grpc.internal.ServerImpl$JumpToApplicationThreadServerStreamListener$1HalfClosed.runInContext(ServerImpl.java:710)
	at org.apache.ratis.thirdparty.io.grpc.internal.ContextRunnable.run(ContextRunnable.java:37)
	at org.apache.ratis.thirdparty.io.grpc.internal.SerializingExecutor.run(SerializingExecutor.java:123)
	at java.util.concurrent.ThreadPoolExecutor.runWorker(ThreadPoolExecutor.java:1149)
	at java.util.concurrent.ThreadPoolExecutor$Worker.run(ThreadPoolExecutor.java:624)
	at java.lang.Thread.run(Thread.java:748)
2019-11-13 21:46:56,750 [grpc-default-executor-5] INFO  impl.RaftServerProxy (RaftServerProxy.java:remove(95)) - 967749f5-60f8-4775-800f-ac118f332ec3: remove group-7C70ED9FCAA5:null
2019-11-13 21:46:56,755 [EventQueue-PipelineReportForPipelineReportHandler] ERROR pipeline.PipelineReportHandler (PipelineReportHandler.java:onMessage(81)) - Could not process pipeline report=pipelineID {
  id: "ff0d8bf2-1344-483b-8ca5-7c70ed9fcaa5"
}
isLeader: true
 from dn=967749f5-60f8-4775-800f-ac118f332ec3{ip: 192.168.34.20, host: pr-hdds-2470-fxbl9-3826649461, networkLocation: /default-rack, certSerialId: null} {}
org.apache.ratis.protocol.GroupMismatchException: 967749f5-60f8-4775-800f-ac118f332ec3: Group group-7C70ED9FCAA5 not found.
	at org.apache.ratis.server.impl.RaftServerProxy.groupRemoveAsync(RaftServerProxy.java:402)
	at org.apache.ratis.server.impl.RaftServerProxy.groupManagementAsync(RaftServerProxy.java:367)
	at org.apache.ratis.grpc.server.GrpcAdminProtocolService.lambda$groupManagement$0(GrpcAdminProtocolService.java:42)
	at org.apache.ratis.grpc.GrpcUtil.asyncCall(GrpcUtil.java:140)
	at org.apache.ratis.grpc.server.GrpcAdminProtocolService.groupManagement(GrpcAdminProtocolService.java:42)
	at org.apache.ratis.proto.grpc.AdminProtocolServiceGrpc$MethodHandlers.invoke(AdminProtocolServiceGrpc.java:361)
	at org.apache.ratis.thirdparty.io.grpc.stub.ServerCalls$UnaryServerCallHandler$UnaryServerCallListener.onHalfClose(ServerCalls.java:171)
	at org.apache.ratis.thirdparty.io.grpc.internal.ServerCallImpl$ServerStreamListenerImpl.halfClosed(ServerCallImpl.java:283)
	at org.apache.ratis.thirdparty.io.grpc.internal.ServerImpl$JumpToApplicationThreadServerStreamListener$1HalfClosed.runInContext(ServerImpl.java:710)
	at org.apache.ratis.thirdparty.io.grpc.internal.ContextRunnable.run(ContextRunnable.java:37)
	at org.apache.ratis.thirdparty.io.grpc.internal.SerializingExecutor.run(SerializingExecutor.java:123)
	at java.util.concurrent.ThreadPoolExecutor.runWorker(ThreadPoolExecutor.java:1149)
	at java.util.concurrent.ThreadPoolExecutor$Worker.run(ThreadPoolExecutor.java:624)
	at java.lang.Thread.run(Thread.java:748)
2019-11-13 21:46:57,496 [Datanode State Machine Thread - 0] INFO  statemachine.DatanodeStateMachine (DatanodeStateMachine.java:lambda$startDaemon$0(350)) - Ozone container server started.
2019-11-13 21:47:01,602 [Thread-748] INFO  ozoneimpl.OzoneContainer (OzoneContainer.java:stop(244)) - Attempting to stop container services.
2019-11-13 21:47:01,604 [Thread-748] INFO  impl.RaftServerProxy (RaftServerProxy.java:lambda$close$4(314)) - 967749f5-60f8-4775-800f-ac118f332ec3: close
2019-11-13 21:47:01,605 [Thread-748] INFO  impl.RaftServerImpl (RaftServerImpl.java:lambda$shutdown$3(250)) - 967749f5-60f8-4775-800f-ac118f332ec3@group-3C9007E7BB47: shutdown
2019-11-13 21:47:01,605 [Thread-748] INFO  util.JmxRegister (JmxRegister.java:unregister(73)) - Successfully un-registered JMX Bean with object name Ratis:service=RaftServer,group=group-3C9007E7BB47,id=967749f5-60f8-4775-800f-ac118f332ec3
2019-11-13 21:47:01,606 [Thread-748] INFO  impl.RoleInfo (RoleInfo.java:shutdownFollowerState(121)) - 967749f5-60f8-4775-800f-ac118f332ec3: shutdown FollowerState
2019-11-13 21:47:01,606 [Thread-748] INFO  impl.StateMachineUpdater (StateMachineUpdater.java:stopAndJoin(136)) - 967749f5-60f8-4775-800f-ac118f332ec3@group-3C9007E7BB47-StateMachineUpdater: set stopIndex = 0
2019-11-13 21:47:01,606 [Thread-1024] INFO  impl.FollowerState (FollowerState.java:run(120)) - 967749f5-60f8-4775-800f-ac118f332ec3@group-3C9007E7BB47-FollowerState was interrupted: java.lang.InterruptedException: sleep interrupted
2019-11-13 21:47:01,609 [Thread-748] INFO  impl.RaftServerImpl (ServerState.java:close(387)) - 967749f5-60f8-4775-800f-ac118f332ec3@group-3C9007E7BB47: closes. applyIndex: 0
2019-11-13 21:47:01,610 [967749f5-60f8-4775-800f-ac118f332ec3@group-3C9007E7BB47-SegmentedRaftLogWorker] INFO  segmented.SegmentedRaftLogWorker (SegmentedRaftLogWorker.java:run(316)) - 967749f5-60f8-4775-800f-ac118f332ec3@group-3C9007E7BB47-SegmentedRaftLogWorker was interrupted, exiting. There are 0 tasks remaining in the queue.
2019-11-13 21:47:01,611 [Thread-748] INFO  segmented.SegmentedRaftLogWorker (SegmentedRaftLogWorker.java:close(224)) - 967749f5-60f8-4775-800f-ac118f332ec3@group-3C9007E7BB47-SegmentedRaftLogWorker close()
2019-11-13 21:47:01,611 [Thread-748] INFO  server.GrpcService (GrpcService.java:closeImpl(164)) - 967749f5-60f8-4775-800f-ac118f332ec3: shutdown server with port 39594 now
2019-11-13 21:47:01,613 [Thread-748] INFO  server.GrpcService (GrpcService.java:closeImpl(172)) - 967749f5-60f8-4775-800f-ac118f332ec3: shutdown server with port 39594 successfully
2019-11-13 21:47:01,618 [refreshUsed-/workdir/hadoop-ozone/ozonefs/target/test-dir/MiniOzoneClusterImpl-2bb5002b-f3eb-4fa7-bf0d-d672f8b55c5b/datanode-2/data/containers] WARN  fs.CachingGetSpaceUsed (CachingGetSpaceUsed.java:run(183)) - Thread Interrupted waiting to refresh disk information: sleep interrupted
2019-11-13 21:47:01,649 [Thread-748] INFO  utils.BackgroundService (BackgroundService.java:shutdown(151)) - Shutting down service BlockDeletingService
2019-11-13 21:47:01,652 [Thread-748] INFO  statemachine.DatanodeStateMachine (DatanodeStateMachine.java:stopDaemon(395)) - Ozone container server stopped.
2019-11-13 21:47:01,661 [Thread-748] INFO  handler.ContextHandler (ContextHandler.java:doStop(910)) - Stopped o.e.j.w.WebAppContext@efc4790{/,null,UNAVAILABLE}{/hddsDatanode}
2019-11-13 21:47:01,663 [Thread-748] INFO  server.AbstractConnector (AbstractConnector.java:doStop(318)) - Stopped ServerConnector@49cd1202{HTTP/1.1,[http/1.1]}{0.0.0.0:0}
2019-11-13 21:47:01,663 [Thread-748] INFO  handler.ContextHandler (ContextHandler.java:doStop(910)) - Stopped o.e.j.s.ServletContextHandler@221166f8{/static,jar:file:/home/user/.m2/repository/org/apache/hadoop/hadoop-hdds-container-service/0.5.0-SNAPSHOT/hadoop-hdds-container-service-0.5.0-SNAPSHOT.jar!/webapps/static,UNAVAILABLE}
2019-11-13 21:47:01,664 [Thread-748] INFO  handler.ContextHandler (ContextHandler.java:doStop(910)) - Stopped o.e.j.s.ServletContextHandler@53e02a48{/logs,file:///workdir/hadoop-ozone/ozonefs/target/log,UNAVAILABLE}
2019-11-13 21:47:01,665 [Thread-748] INFO  ozone.MiniOzoneClusterImpl (MiniOzoneClusterImpl.java:stopSCM(430)) - Stopping the StorageContainerManager
2019-11-13 21:47:01,666 [Thread-748] INFO  server.StorageContainerManager (StorageContainerManager.java:stop(802)) - Stopping Replication Manager Service.
2019-11-13 21:47:01,666 [Thread-748] INFO  container.ReplicationManager (ReplicationManager.java:stop(203)) - Stopping Replication Monitor Thread.
2019-11-13 21:47:01,666 [Thread-748] INFO  server.StorageContainerManager (StorageContainerManager.java:stop(809)) - Stopping Lease Manager of the command watchers
2019-11-13 21:47:01,666 [Thread-748] INFO  server.StorageContainerManager (StorageContainerManager.java:stop(816)) - Stopping datanode service RPC server
2019-11-13 21:47:01,666 [Thread-748] INFO  server.SCMDatanodeProtocolServer (SCMDatanodeProtocolServer.java:stop(346)) - Stopping the RPC server for DataNodes
2019-11-13 21:47:01,666 [Thread-748] INFO  ipc.Server (Server.java:stop(3082)) - Stopping server on 43490
2019-11-13 21:47:01,668 [IPC Server listener on 43490] INFO  ipc.Server (Server.java:run(1185)) - Stopping IPC Server listener on 43490
2019-11-13 21:47:01,668 [IPC Server Responder] INFO  ipc.Server (Server.java:run(1319)) - Stopping IPC Server Responder
2019-11-13 21:47:01,725 [SCM Heartbeat Processing Thread - 0] WARN  node.NodeStateManager (NodeStateManager.java:scheduleNextHealthCheck(646)) - Current Thread is interrupted, shutting down HB processing thread for Node Manager.
2019-11-13 21:47:01,726 [Thread-748] INFO  server.StorageContainerManager (StorageContainerManager.java:stop(824)) - Stopping block service RPC server
2019-11-13 21:47:01,726 [Thread-748] INFO  server.SCMBlockProtocolServer (SCMBlockProtocolServer.java:stop(155)) - Stopping the RPC server for Block Protocol
2019-11-13 21:47:01,726 [Thread-748] INFO  ipc.Server (Server.java:stop(3082)) - Stopping server on 37166
2019-11-13 21:47:01,727 [Thread-748] INFO  server.StorageContainerManager (StorageContainerManager.java:stop(831)) - Stopping the StorageContainerLocationProtocol RPC server
2019-11-13 21:47:01,727 [IPC Server listener on 37166] INFO  ipc.Server (Server.java:run(1185)) - Stopping IPC Server listener on 37166
2019-11-13 21:47:01,728 [IPC Server Responder] INFO  ipc.Server (Server.java:run(1319)) - Stopping IPC Server Responder
2019-11-13 21:47:01,728 [Thread-748] INFO  server.SCMClientProtocolServer (SCMClientProtocolServer.java:stop(168)) - Stopping the RPC server for Client Protocol
2019-11-13 21:47:01,729 [Thread-748] INFO  ipc.Server (Server.java:stop(3082)) - Stopping server on 41955
2019-11-13 21:47:01,730 [IPC Server listener on 41955] INFO  ipc.Server (Server.java:run(1185)) - Stopping IPC Server listener on 41955
2019-11-13 21:47:01,731 [Thread-748] INFO  server.StorageContainerManager (StorageContainerManager.java:stop(838)) - Stopping Storage Container Manager HTTP server.
2019-11-13 21:47:01,731 [IPC Server Responder] INFO  ipc.Server (Server.java:run(1319)) - Stopping IPC Server Responder
2019-11-13 21:47:01,746 [Thread-748] INFO  handler.ContextHandler (ContextHandler.java:doStop(910)) - Stopped o.e.j.w.WebAppContext@286432e0{/,null,UNAVAILABLE}{/scm}
2019-11-13 21:47:01,748 [Thread-748] INFO  server.AbstractConnector (AbstractConnector.java:doStop(318)) - Stopped ServerConnector@6ea9fdad{HTTP/1.1,[http/1.1]}{0.0.0.0:0}
2019-11-13 21:47:01,748 [Thread-748] INFO  handler.ContextHandler (ContextHandler.java:doStop(910)) - Stopped o.e.j.s.ServletContextHandler@5f005197{/static,jar:file:/home/user/.m2/repository/org/apache/hadoop/hadoop-hdds-server-scm/0.5.0-SNAPSHOT/hadoop-hdds-server-scm-0.5.0-SNAPSHOT.jar!/webapps/static,UNAVAILABLE}
2019-11-13 21:47:01,748 [Thread-748] INFO  handler.ContextHandler (ContextHandler.java:doStop(910)) - Stopped o.e.j.s.ServletContextHandler@7c6d51fa{/logs,file:///workdir/hadoop-ozone/ozonefs/target/log,UNAVAILABLE}
2019-11-13 21:47:01,749 [Thread-748] INFO  server.StorageContainerManager (StorageContainerManager.java:stop(849)) - Stopping Block Manager Service.
2019-11-13 21:47:01,749 [Thread-748] INFO  utils.BackgroundService (BackgroundService.java:shutdown(151)) - Shutting down service SCMBlockDeletingService
2019-11-13 21:47:01,750 [Thread-748] INFO  utils.BackgroundService (BackgroundService.java:shutdown(151)) - Shutting down service SCMBlockDeletingService
2019-11-13 21:47:01,750 [Thread-748] INFO  server.StorageContainerManager (StorageContainerManager.java:stop(871)) - Stopping SCM Event Queue.
2019-11-13 21:47:01,757 [Thread-748] INFO  impl.MetricsSystemImpl (MetricsSystemImpl.java:stop(210)) - Stopping HddsDatanode metrics system...
2019-11-13 21:47:01,763 [Thread-748] INFO  impl.MetricsSystemImpl (MetricsSystemImpl.java:stop(216)) - HddsDatanode metrics system stopped.
]]></system-out>
  </testcase>
  <testcase name="testCreateDoesNotAddParentDirKeys" classname="org.apache.hadoop.fs.ozone.TestOzoneFileSystem" time="33.536"/>
  <testcase name="testDeleteCreatesFakeParentDir" classname="org.apache.hadoop.fs.ozone.TestOzoneFileSystem" time="40.071"/>
  <testcase name="testNonExplicitlyCreatedPathExistsAfterItsLeafsWereRemoved" classname="org.apache.hadoop.fs.ozone.TestOzoneFileSystem" time="34.743"/>
  <testcase name="testListStatusOnLargeDirectory" classname="org.apache.hadoop.fs.ozone.TestOzoneFileSystem" time="121.06"/>
</testsuite>