# JRE version: OpenJDK Runtime Environment (8.0_222-b10) (build 1.8.0_222-b10)
# Java VM: OpenJDK 64-Bit Server VM (25.222-b10 mixed mode linux-amd64 compressed oops)
Heap:
 PSYoungGen      total 611840K, used 104840K [0x00000000d5580000, 0x0000000100000000, 0x0000000100000000)
  eden space 524800K, 19% used [0x00000000d5580000,0x00000000dbbe2350,0x00000000f5600000)
  from space 87040K, 0% used [0x00000000fab00000,0x00000000fab00000,0x0000000100000000)
  to   space 87040K, 0% used [0x00000000f5600000,0x00000000f5600000,0x00000000fab00000)
 ParOldGen       total 861696K, used 26643K [0x0000000080000000, 0x00000000b4980000, 0x00000000d5580000)
  object space 861696K, 3% used [0x0000000080000000,0x0000000081a04d70,0x00000000b4980000)
 Metaspace       used 38227K, capacity 38636K, committed 39000K, reserved 1083392K
  class space    used 4355K, capacity 4462K, committed 4480K, reserved 1048576K
GC Heap History (8 events):
Event: 6.988 GC heap before
{Heap before GC invocations=1 (full 0):
 PSYoungGen      total 611840K, used 283393K [0x00000000d5580000, 0x0000000100000000, 0x0000000100000000)
  eden space 524800K, 54% used [0x00000000d5580000,0x00000000e6a40660,0x00000000f5600000)
  from space 87040K, 0% used [0x00000000fab00000,0x00000000fab00000,0x0000000100000000)
  to   space 87040K, 0% used [0x00000000f5600000,0x00000000f5600000,0x00000000fab00000)
 ParOldGen       total 1398272K, used 0K [0x0000000080000000, 0x00000000d5580000, 0x00000000d5580000)
  object space 1398272K, 0% used [0x0000000080000000,0x0000000080000000,0x00000000d5580000)
 Metaspace       used 20845K, capacity 21056K, committed 21248K, reserved 1069056K
  class space    used 2413K, capacity 2492K, committed 2560K, reserved 1048576K
Event: 7.039 GC heap after
Heap after GC invocations=1 (full 0):
 PSYoungGen      total 611840K, used 18031K [0x00000000d5580000, 0x0000000100000000, 0x0000000100000000)
  eden space 524800K, 0% used [0x00000000d5580000,0x00000000d5580000,0x00000000f5600000)
  from space 87040K, 20% used [0x00000000f5600000,0x00000000f679bc78,0x00000000fab00000)
  to   space 87040K, 0% used [0x00000000fab00000,0x00000000fab00000,0x0000000100000000)
 ParOldGen       total 1398272K, used 24K [0x0000000080000000, 0x00000000d5580000, 0x00000000d5580000)
  object space 1398272K, 0% used [0x0000000080000000,0x0000000080006000,0x00000000d5580000)
 Metaspace       used 20845K, capacity 21056K, committed 21248K, reserved 1069056K
  class space    used 2413K, capacity 2492K, committed 2560K, reserved 1048576K
}
Event: 7.039 GC heap before
{Heap before GC invocations=2 (full 1):
 PSYoungGen      total 611840K, used 18031K [0x00000000d5580000, 0x0000000100000000, 0x0000000100000000)
  eden space 524800K, 0% used [0x00000000d5580000,0x00000000d5580000,0x00000000f5600000)
  from space 87040K, 20% used [0x00000000f5600000,0x00000000f679bc78,0x00000000fab00000)
  to   space 87040K, 0% used [0x00000000fab00000,0x00000000fab00000,0x0000000100000000)
 ParOldGen       total 1398272K, used 24K [0x0000000080000000, 0x00000000d5580000, 0x00000000d5580000)
  object space 1398272K, 0% used [0x0000000080000000,0x0000000080006000,0x00000000d5580000)
 Metaspace       used 20845K, capacity 21056K, committed 21248K, reserved 1069056K
  class space    used 2413K, capacity 2492K, committed 2560K, reserved 1048576K
Event: 7.114 GC heap after
Heap after GC invocations=2 (full 1):
 PSYoungGen      total 611840K, used 0K [0x00000000d5580000, 0x0000000100000000, 0x0000000100000000)
  eden space 524800K, 0% used [0x00000000d5580000,0x00000000d5580000,0x00000000f5600000)
  from space 87040K, 0% used [0x00000000f5600000,0x00000000f5600000,0x00000000fab00000)
  to   space 87040K, 0% used [0x00000000fab00000,0x00000000fab00000,0x0000000100000000)
 ParOldGen       total 852480K, used 17462K [0x0000000080000000, 0x00000000b4080000, 0x00000000d5580000)
  object space 852480K, 2% used [0x0000000080000000,0x000000008110d980,0x00000000b4080000)
 Metaspace       used 20845K, capacity 21056K, committed 21248K, reserved 1069056K
  class space    used 2413K, capacity 2492K, committed 2560K, reserved 1048576K
}
Event: 50.887 GC heap before
{Heap before GC invocations=3 (full 1):
 PSYoungGen      total 611840K, used 315025K [0x00000000d5580000, 0x0000000100000000, 0x0000000100000000)
  eden space 524800K, 60% used [0x00000000d5580000,0x00000000e8924530,0x00000000f5600000)
  from space 87040K, 0% used [0x00000000f5600000,0x00000000f5600000,0x00000000fab00000)
  to   space 87040K, 0% used [0x00000000fab00000,0x00000000fab00000,0x0000000100000000)
 ParOldGen       total 852480K, used 17462K [0x0000000080000000, 0x00000000b4080000, 0x00000000d5580000)
  object space 852480K, 2% used [0x0000000080000000,0x000000008110d980,0x00000000b4080000)
 Metaspace       used 34635K, capacity 34988K, committed 35416K, reserved 1081344K
  class space    used 4004K, capacity 4102K, committed 4224K, reserved 1048576K
Event: 50.910 GC heap after
Heap after GC invocations=3 (full 1):
 PSYoungGen      total 611840K, used 18855K [0x00000000d5580000, 0x0000000100000000, 0x0000000100000000)
  eden space 524800K, 0% used [0x00000000d5580000,0x00000000d5580000,0x00000000f5600000)
  from space 87040K, 21% used [0x00000000fab00000,0x00000000fbd69c40,0x0000000100000000)
  to   space 87040K, 0% used [0x00000000f5600000,0x00000000f5600000,0x00000000fab00000)
 ParOldGen       total 852480K, used 17470K [0x0000000080000000, 0x00000000b4080000, 0x00000000d5580000)
  object space 852480K, 2% used [0x0000000080000000,0x000000008110f980,0x00000000b4080000)
 Metaspace       used 34635K, capacity 34988K, committed 35416K, reserved 1081344K
  class space    used 4004K, capacity 4102K, committed 4224K, reserved 1048576K
}
Event: 50.910 GC heap before
{Heap before GC invocations=4 (full 2):
 PSYoungGen      total 611840K, used 18855K [0x00000000d5580000, 0x0000000100000000, 0x0000000100000000)
  eden space 524800K, 0% used [0x00000000d5580000,0x00000000d5580000,0x00000000f5600000)
  from space 87040K, 21% used [0x00000000fab00000,0x00000000fbd69c40,0x0000000100000000)
  to   space 87040K, 0% used [0x00000000f5600000,0x00000000f5600000,0x00000000fab00000)
 ParOldGen       total 852480K, used 17470K [0x0000000080000000, 0x00000000b4080000, 0x00000000d5580000)
  object space 852480K, 2% used [0x0000000080000000,0x000000008110f980,0x00000000b4080000)
 Metaspace       used 34635K, capacity 34988K, committed 35416K, reserved 1081344K
  class space    used 4004K, capacity 4102K, committed 4224K, reserved 1048576K
Event: 50.964 GC heap after
Heap after GC invocations=4 (full 2):
 PSYoungGen      total 611840K, used 0K [0x00000000d5580000, 0x0000000100000000, 0x0000000100000000)
  eden space 524800K, 0% used [0x00000000d5580000,0x00000000d5580000,0x00000000f5600000)
  from space 87040K, 0% used [0x00000000fab00000,0x00000000fab00000,0x0000000100000000)
  to   space 87040K, 0% used [0x00000000f5600000,0x00000000f5600000,0x00000000fab00000)
 ParOldGen       total 861696K, used 26643K [0x0000000080000000, 0x00000000b4980000, 0x00000000d5580000)
  object space 861696K, 3% used [0x0000000080000000,0x0000000081a04d70,0x00000000b4980000)
 Metaspace       used 34635K, capacity 34988K, committed 35416K, reserved 1081344K
  class space    used 4004K, capacity 4102K, committed 4224K, reserved 1048576K
}

