# JRE version: OpenJDK Runtime Environment (8.0_222-b10) (build 1.8.0_222-b10)
# Java VM: OpenJDK 64-Bit Server VM (25.222-b10 mixed mode linux-amd64 compressed oops)
Heap:
 PSYoungGen      total 611840K, used 374289K [0x00000000d5580000, 0x0000000100000000, 0x0000000100000000)
  eden space 524800K, 66% used [0x00000000d5580000,0x00000000eacca070,0x00000000f5600000)
  from space 87040K, 26% used [0x00000000f5600000,0x00000000f6c3a570,0x00000000fab00000)
  to   space 87040K, 0% used [0x00000000fab00000,0x00000000fab00000,0x0000000100000000)
 ParOldGen       total 1398272K, used 31247K [0x0000000080000000, 0x00000000d5580000, 0x00000000d5580000)
  object space 1398272K, 2% used [0x0000000080000000,0x0000000081e83e88,0x00000000d5580000)
 Metaspace       used 46383K, capacity 47060K, committed 47320K, reserved 1091584K
  class space    used 5181K, capacity 5356K, committed 5376K, reserved 1048576K
GC Heap History (10 events):
Event: 4.305 GC heap before
{Heap before GC invocations=1 (full 0):
 PSYoungGen      total 611840K, used 263234K [0x00000000d5580000, 0x0000000100000000, 0x0000000100000000)
  eden space 524800K, 50% used [0x00000000d5580000,0x00000000e5690838,0x00000000f5600000)
  from space 87040K, 0% used [0x00000000fab00000,0x00000000fab00000,0x0000000100000000)
  to   space 87040K, 0% used [0x00000000f5600000,0x00000000f5600000,0x00000000fab00000)
 ParOldGen       total 1398272K, used 0K [0x0000000080000000, 0x00000000d5580000, 0x00000000d5580000)
  object space 1398272K, 0% used [0x0000000080000000,0x0000000080000000,0x00000000d5580000)
 Metaspace       used 20778K, capacity 21024K, committed 21248K, reserved 1069056K
  class space    used 2373K, capacity 2484K, committed 2560K, reserved 1048576K
Event: 4.350 GC heap after
Heap after GC invocations=1 (full 0):
 PSYoungGen      total 611840K, used 21631K [0x00000000d5580000, 0x0000000100000000, 0x0000000100000000)
  eden space 524800K, 0% used [0x00000000d5580000,0x00000000d5580000,0x00000000f5600000)
  from space 87040K, 24% used [0x00000000f5600000,0x00000000f6b1ff98,0x00000000fab00000)
  to   space 87040K, 0% used [0x00000000fab00000,0x00000000fab00000,0x0000000100000000)
 ParOldGen       total 1398272K, used 16K [0x0000000080000000, 0x00000000d5580000, 0x00000000d5580000)
  object space 1398272K, 0% used [0x0000000080000000,0x0000000080004000,0x00000000d5580000)
 Metaspace       used 20778K, capacity 21024K, committed 21248K, reserved 1069056K
  class space    used 2373K, capacity 2484K, committed 2560K, reserved 1048576K
}
Event: 4.350 GC heap before
{Heap before GC invocations=2 (full 1):
 PSYoungGen      total 611840K, used 21631K [0x00000000d5580000, 0x0000000100000000, 0x0000000100000000)
  eden space 524800K, 0% used [0x00000000d5580000,0x00000000d5580000,0x00000000f5600000)
  from space 87040K, 24% used [0x00000000f5600000,0x00000000f6b1ff98,0x00000000fab00000)
  to   space 87040K, 0% used [0x00000000fab00000,0x00000000fab00000,0x0000000100000000)
 ParOldGen       total 1398272K, used 16K [0x0000000080000000, 0x00000000d5580000, 0x00000000d5580000)
  object space 1398272K, 0% used [0x0000000080000000,0x0000000080004000,0x00000000d5580000)
 Metaspace       used 20778K, capacity 21024K, committed 21248K, reserved 1069056K
  class space    used 2373K, capacity 2484K, committed 2560K, reserved 1048576K
Event: 4.425 GC heap after
Heap after GC invocations=2 (full 1):
 PSYoungGen      total 611840K, used 0K [0x00000000d5580000, 0x0000000100000000, 0x0000000100000000)
  eden space 524800K, 0% used [0x00000000d5580000,0x00000000d5580000,0x00000000f5600000)
  from space 87040K, 0% used [0x00000000f5600000,0x00000000f5600000,0x00000000fab00000)
  to   space 87040K, 0% used [0x00000000fab00000,0x00000000fab00000,0x0000000100000000)
 ParOldGen       total 870400K, used 21115K [0x0000000080000000, 0x00000000b5200000, 0x00000000d5580000)
  object space 870400K, 2% used [0x0000000080000000,0x000000008149ed48,0x00000000b5200000)
 Metaspace       used 20778K, capacity 21024K, committed 21248K, reserved 1069056K
  class space    used 2373K, capacity 2484K, committed 2560K, reserved 1048576K
}
Event: 6.048 GC heap before
{Heap before GC invocations=3 (full 1):
 PSYoungGen      total 611840K, used 276030K [0x00000000d5580000, 0x0000000100000000, 0x0000000100000000)
  eden space 524800K, 52% used [0x00000000d5580000,0x00000000e630fb90,0x00000000f5600000)
  from space 87040K, 0% used [0x00000000f5600000,0x00000000f5600000,0x00000000fab00000)
  to   space 87040K, 0% used [0x00000000fab00000,0x00000000fab00000,0x0000000100000000)
 ParOldGen       total 870400K, used 21115K [0x0000000080000000, 0x00000000b5200000, 0x00000000d5580000)
  object space 870400K, 2% used [0x0000000080000000,0x000000008149ed48,0x00000000b5200000)
 Metaspace       used 34711K, capacity 35060K, committed 35416K, reserved 1081344K
  class space    used 4065K, capacity 4176K, committed 4224K, reserved 1048576K
Event: 6.087 GC heap after
Heap after GC invocations=3 (full 1):
 PSYoungGen      total 611840K, used 22873K [0x00000000d5580000, 0x0000000100000000, 0x0000000100000000)
  eden space 524800K, 0% used [0x00000000d5580000,0x00000000d5580000,0x00000000f5600000)
  from space 87040K, 26% used [0x00000000fab00000,0x00000000fc156428,0x0000000100000000)
  to   space 87040K, 0% used [0x00000000f5600000,0x00000000f5600000,0x00000000fab00000)
 ParOldGen       total 870400K, used 21187K [0x0000000080000000, 0x00000000b5200000, 0x00000000d5580000)
  object space 870400K, 2% used [0x0000000080000000,0x00000000814b0d58,0x00000000b5200000)
 Metaspace       used 34711K, capacity 35060K, committed 35416K, reserved 1081344K
  class space    used 4065K, capacity 4176K, committed 4224K, reserved 1048576K
}
Event: 6.087 GC heap before
{Heap before GC invocations=4 (full 2):
 PSYoungGen      total 611840K, used 22873K [0x00000000d5580000, 0x0000000100000000, 0x0000000100000000)
  eden space 524800K, 0% used [0x00000000d5580000,0x00000000d5580000,0x00000000f5600000)
  from space 87040K, 26% used [0x00000000fab00000,0x00000000fc156428,0x0000000100000000)
  to   space 87040K, 0% used [0x00000000f5600000,0x00000000f5600000,0x00000000fab00000)
 ParOldGen       total 870400K, used 21187K [0x0000000080000000, 0x00000000b5200000, 0x00000000d5580000)
  object space 870400K, 2% used [0x0000000080000000,0x00000000814b0d58,0x00000000b5200000)
 Metaspace       used 34711K, capacity 35060K, committed 35416K, reserved 1081344K
  class space    used 4065K, capacity 4176K, committed 4224K, reserved 1048576K
Event: 6.177 GC heap after
Heap after GC invocations=4 (full 2):
 PSYoungGen      total 611840K, used 0K [0x00000000d5580000, 0x0000000100000000, 0x0000000100000000)
  eden space 524800K, 0% used [0x00000000d5580000,0x00000000d5580000,0x00000000f5600000)
  from space 87040K, 0% used [0x00000000fab00000,0x00000000fab00000,0x0000000100000000)
  to   space 87040K, 0% used [0x00000000f5600000,0x00000000f5600000,0x00000000fab00000)
 ParOldGen       total 1398272K, used 31239K [0x0000000080000000, 0x00000000d5580000, 0x00000000d5580000)
  object space 1398272K, 2% used [0x0000000080000000,0x0000000081e81e88,0x00000000d5580000)
 Metaspace       used 34711K, capacity 35060K, committed 35416K, reserved 1081344K
  class space    used 4065K, capacity 4176K, committed 4224K, reserved 1048576K
}
Event: 33.101 GC heap before
{Heap before GC invocations=5 (full 2):
 PSYoungGen      total 611840K, used 524800K [0x00000000d5580000, 0x0000000100000000, 0x0000000100000000)
  eden space 524800K, 100% used [0x00000000d5580000,0x00000000f5600000,0x00000000f5600000)
  from space 87040K, 0% used [0x00000000fab00000,0x00000000fab00000,0x0000000100000000)
  to   space 87040K, 0% used [0x00000000f5600000,0x00000000f5600000,0x00000000fab00000)
 ParOldGen       total 1398272K, used 31239K [0x0000000080000000, 0x00000000d5580000, 0x00000000d5580000)
  object space 1398272K, 2% used [0x0000000080000000,0x0000000081e81e88,0x00000000d5580000)
 Metaspace       used 45866K, capacity 46514K, committed 47064K, reserved 1091584K
  class space    used 5167K, capacity 5343K, committed 5376K, reserved 1048576K
Event: 33.159 GC heap after
Heap after GC invocations=5 (full 2):
 PSYoungGen      total 611840K, used 22761K [0x00000000d5580000, 0x0000000100000000, 0x0000000100000000)
  eden space 524800K, 0% used [0x00000000d5580000,0x00000000d5580000,0x00000000f5600000)
  from space 87040K, 26% used [0x00000000f5600000,0x00000000f6c3a570,0x00000000fab00000)
  to   space 87040K, 0% used [0x00000000fab00000,0x00000000fab00000,0x0000000100000000)
 ParOldGen       total 1398272K, used 31247K [0x0000000080000000, 0x00000000d5580000, 0x00000000d5580000)
  object space 1398272K, 2% used [0x0000000080000000,0x0000000081e83e88,0x00000000d5580000)
 Metaspace       used 45866K, capacity 46514K, committed 47064K, reserved 1091584K
  class space    used 5167K, capacity 5343K, committed 5376K, reserved 1048576K
}

