# JRE version: OpenJDK Runtime Environment (8.0_222-b10) (build 1.8.0_222-b10)
# Java VM: OpenJDK 64-Bit Server VM (25.222-b10 mixed mode linux-amd64 compressed oops)
Heap:
 PSYoungGen      total 611840K, used 89452K [0x00000000d5580000, 0x0000000100000000, 0x0000000100000000)
  eden space 524800K, 17% used [0x00000000d5580000,0x00000000dacdb080,0x00000000f5600000)
  from space 87040K, 0% used [0x00000000fab00000,0x00000000fab00000,0x0000000100000000)
  to   space 87040K, 0% used [0x00000000f5600000,0x00000000f5600000,0x00000000fab00000)
 ParOldGen       total 1298944K, used 26599K [0x0000000080000000, 0x00000000cf480000, 0x00000000d5580000)
  object space 1298944K, 2% used [0x0000000080000000,0x00000000819f9d60,0x00000000cf480000)
 Metaspace       used 38246K, capacity 38636K, committed 39000K, reserved 1083392K
  class space    used 4355K, capacity 4462K, committed 4480K, reserved 1048576K
GC Heap History (8 events):
Event: 4.313 GC heap before
{Heap before GC invocations=1 (full 0):
 PSYoungGen      total 611840K, used 283394K [0x00000000d5580000, 0x0000000100000000, 0x0000000100000000)
  eden space 524800K, 54% used [0x00000000d5580000,0x00000000e6a40850,0x00000000f5600000)
  from space 87040K, 0% used [0x00000000fab00000,0x00000000fab00000,0x0000000100000000)
  to   space 87040K, 0% used [0x00000000f5600000,0x00000000f5600000,0x00000000fab00000)
 ParOldGen       total 1398272K, used 0K [0x0000000080000000, 0x00000000d5580000, 0x00000000d5580000)
  object space 1398272K, 0% used [0x0000000080000000,0x0000000080000000,0x00000000d5580000)
 Metaspace       used 20861K, capacity 21056K, committed 21248K, reserved 1069056K
  class space    used 2413K, capacity 2492K, committed 2560K, reserved 1048576K
Event: 4.375 GC heap after
Heap after GC invocations=1 (full 0):
 PSYoungGen      total 611840K, used 17984K [0x00000000d5580000, 0x0000000100000000, 0x0000000100000000)
  eden space 524800K, 0% used [0x00000000d5580000,0x00000000d5580000,0x00000000f5600000)
  from space 87040K, 20% used [0x00000000f5600000,0x00000000f6790238,0x00000000fab00000)
  to   space 87040K, 0% used [0x00000000fab00000,0x00000000fab00000,0x0000000100000000)
 ParOldGen       total 1398272K, used 24K [0x0000000080000000, 0x00000000d5580000, 0x00000000d5580000)
  object space 1398272K, 0% used [0x0000000080000000,0x0000000080006000,0x00000000d5580000)
 Metaspace       used 20861K, capacity 21056K, committed 21248K, reserved 1069056K
  class space    used 2413K, capacity 2492K, committed 2560K, reserved 1048576K
}
Event: 4.375 GC heap before
{Heap before GC invocations=2 (full 1):
 PSYoungGen      total 611840K, used 17984K [0x00000000d5580000, 0x0000000100000000, 0x0000000100000000)
  eden space 524800K, 0% used [0x00000000d5580000,0x00000000d5580000,0x00000000f5600000)
  from space 87040K, 20% used [0x00000000f5600000,0x00000000f6790238,0x00000000fab00000)
  to   space 87040K, 0% used [0x00000000fab00000,0x00000000fab00000,0x0000000100000000)
 ParOldGen       total 1398272K, used 24K [0x0000000080000000, 0x00000000d5580000, 0x00000000d5580000)
  object space 1398272K, 0% used [0x0000000080000000,0x0000000080006000,0x00000000d5580000)
 Metaspace       used 20861K, capacity 21056K, committed 21248K, reserved 1069056K
  class space    used 2413K, capacity 2492K, committed 2560K, reserved 1048576K
Event: 4.451 GC heap after
Heap after GC invocations=2 (full 1):
 PSYoungGen      total 611840K, used 0K [0x00000000d5580000, 0x0000000100000000, 0x0000000100000000)
  eden space 524800K, 0% used [0x00000000d5580000,0x00000000d5580000,0x00000000f5600000)
  from space 87040K, 0% used [0x00000000f5600000,0x00000000f5600000,0x00000000fab00000)
  to   space 87040K, 0% used [0x00000000fab00000,0x00000000fab00000,0x0000000100000000)
 ParOldGen       total 830464K, used 17455K [0x0000000080000000, 0x00000000b2b00000, 0x00000000d5580000)
  object space 830464K, 2% used [0x0000000080000000,0x000000008110bd20,0x00000000b2b00000)
 Metaspace       used 20861K, capacity 21056K, committed 21248K, reserved 1069056K
  class space    used 2413K, capacity 2492K, committed 2560K, reserved 1048576K
}
Event: 36.649 GC heap before
{Heap before GC invocations=3 (full 1):
 PSYoungGen      total 611840K, used 295285K [0x00000000d5580000, 0x0000000100000000, 0x0000000100000000)
  eden space 524800K, 56% used [0x00000000d5580000,0x00000000e75dd718,0x00000000f5600000)
  from space 87040K, 0% used [0x00000000f5600000,0x00000000f5600000,0x00000000fab00000)
  to   space 87040K, 0% used [0x00000000fab00000,0x00000000fab00000,0x0000000100000000)
 ParOldGen       total 830464K, used 17455K [0x0000000080000000, 0x00000000b2b00000, 0x00000000d5580000)
  object space 830464K, 2% used [0x0000000080000000,0x000000008110bd20,0x00000000b2b00000)
 Metaspace       used 34654K, capacity 34988K, committed 35416K, reserved 1081344K
  class space    used 4002K, capacity 4102K, committed 4224K, reserved 1048576K
Event: 36.684 GC heap after
Heap after GC invocations=3 (full 1):
 PSYoungGen      total 611840K, used 18819K [0x00000000d5580000, 0x0000000100000000, 0x0000000100000000)
  eden space 524800K, 0% used [0x00000000d5580000,0x00000000d5580000,0x00000000f5600000)
  from space 87040K, 21% used [0x00000000fab00000,0x00000000fbd60d40,0x0000000100000000)
  to   space 87040K, 0% used [0x00000000f5600000,0x00000000f5600000,0x00000000fab00000)
 ParOldGen       total 830464K, used 17463K [0x0000000080000000, 0x00000000b2b00000, 0x00000000d5580000)
  object space 830464K, 2% used [0x0000000080000000,0x000000008110dd20,0x00000000b2b00000)
 Metaspace       used 34654K, capacity 34988K, committed 35416K, reserved 1081344K
  class space    used 4002K, capacity 4102K, committed 4224K, reserved 1048576K
}
Event: 36.684 GC heap before
{Heap before GC invocations=4 (full 2):
 PSYoungGen      total 611840K, used 18819K [0x00000000d5580000, 0x0000000100000000, 0x0000000100000000)
  eden space 524800K, 0% used [0x00000000d5580000,0x00000000d5580000,0x00000000f5600000)
  from space 87040K, 21% used [0x00000000fab00000,0x00000000fbd60d40,0x0000000100000000)
  to   space 87040K, 0% used [0x00000000f5600000,0x00000000f5600000,0x00000000fab00000)
 ParOldGen       total 830464K, used 17463K [0x0000000080000000, 0x00000000b2b00000, 0x00000000d5580000)
  object space 830464K, 2% used [0x0000000080000000,0x000000008110dd20,0x00000000b2b00000)
 Metaspace       used 34654K, capacity 34988K, committed 35416K, reserved 1081344K
  class space    used 4002K, capacity 4102K, committed 4224K, reserved 1048576K
Event: 36.771 GC heap after
Heap after GC invocations=4 (full 2):
 PSYoungGen      total 611840K, used 0K [0x00000000d5580000, 0x0000000100000000, 0x0000000100000000)
  eden space 524800K, 0% used [0x00000000d5580000,0x00000000d5580000,0x00000000f5600000)
  from space 87040K, 0% used [0x00000000fab00000,0x00000000fab00000,0x0000000100000000)
  to   space 87040K, 0% used [0x00000000f5600000,0x00000000f5600000,0x00000000fab00000)
 ParOldGen       total 1298944K, used 26599K [0x0000000080000000, 0x00000000cf480000, 0x00000000d5580000)
  object space 1298944K, 2% used [0x0000000080000000,0x00000000819f9d60,0x00000000cf480000)
 Metaspace       used 34654K, capacity 34988K, committed 35416K, reserved 1081344K
  class space    used 4002K, capacity 4102K, committed 4224K, reserved 1048576K
}

