-------------------------------------------------------------------------------
Test set: org.apache.hadoop.ozone.TestSecureOzoneCluster
-------------------------------------------------------------------------------
Tests run: 10, Failures: 0, Errors: 2, Skipped: 0, Time elapsed: 129.724 s <<< FAILURE! - in org.apache.hadoop.ozone.TestSecureOzoneCluster
testSecureOmInitSuccess(org.apache.hadoop.ozone.TestSecureOzoneCluster)  Time elapsed: 80.017 s  <<< ERROR!
java.lang.Exception: test timed out after 80000 milliseconds
	at java.lang.Thread.sleep(Native Method)
	at org.apache.hadoop.util.ThreadUtil.sleepAtLeastIgnoreInterrupts(ThreadUtil.java:45)
	at org.apache.hadoop.hdds.utils.RetriableTask.call(RetriableTask.java:64)
	at org.apache.hadoop.ozone.om.ScmClient.getScmInfo(ScmClient.java:123)
	at org.apache.hadoop.ozone.om.init.FullUnsecureInitializer.initialize(FullUnsecureInitializer.java:36)
	at org.apache.hadoop.ozone.om.init.FullSecureInitializer.initialize(FullSecureInitializer.java:33)
	at org.apache.hadoop.ozone.om.init.OzoneManagerStorageInitializer.run(OzoneManagerStorageInitializer.java:64)
	at org.apache.hadoop.ozone.TestSecureOzoneCluster.initializeOmStorage(TestSecureOzoneCluster.java:890)
	at org.apache.hadoop.ozone.TestSecureOzoneCluster.testSecureOmInitSuccess(TestSecureOzoneCluster.java:821)
	at sun.reflect.NativeMethodAccessorImpl.invoke0(Native Method)
	at sun.reflect.NativeMethodAccessorImpl.invoke(NativeMethodAccessorImpl.java:62)
	at sun.reflect.DelegatingMethodAccessorImpl.invoke(DelegatingMethodAccessorImpl.java:43)
	at java.lang.reflect.Method.invoke(Method.java:498)
	at org.junit.runners.model.FrameworkMethod$1.runReflectiveCall(FrameworkMethod.java:47)
	at org.junit.internal.runners.model.ReflectiveCallable.run(ReflectiveCallable.java:12)
	at org.junit.runners.model.FrameworkMethod.invokeExplosively(FrameworkMethod.java:44)
	at org.junit.internal.runners.statements.InvokeMethod.evaluate(InvokeMethod.java:17)
	at org.junit.internal.runners.statements.RunBefores.evaluate(RunBefores.java:26)
	at org.junit.internal.runners.statements.RunAfters.evaluate(RunAfters.java:27)
	at org.junit.internal.runners.statements.FailOnTimeout$StatementThread.run(FailOnTimeout.java:74)

testSecureScmStartupFailure(org.apache.hadoop.ozone.TestSecureOzoneCluster)  Time elapsed: 1.306 s  <<< ERROR!
org.apache.hadoop.security.KerberosAuthException: 
failure to login: for principal: scm/pr-hdds-2408-7zd56-961914365@EXAMPLE.com from keytab /etc/security/keytabs/scm.keytab javax.security.auth.login.LoginException: Unable to obtain password from user

	at org.apache.hadoop.security.UserGroupInformation.doSubjectLogin(UserGroupInformation.java:1847)
	at org.apache.hadoop.security.UserGroupInformation.loginUserFromKeytabAndReturnUGI(UserGroupInformation.java:1215)
	at org.apache.hadoop.security.UserGroupInformation.loginUserFromKeytab(UserGroupInformation.java:1008)
	at org.apache.hadoop.security.SecurityUtil.login(SecurityUtil.java:315)
	at org.apache.hadoop.hdds.scm.server.StorageContainerManager.loginAsSCMUser(StorageContainerManager.java:508)
	at org.apache.hadoop.hdds.scm.server.StorageContainerManager.<init>(StorageContainerManager.java:255)
	at org.apache.hadoop.hdds.scm.server.StorageContainerManager.<init>(StorageContainerManager.java:213)
	at org.apache.hadoop.hdds.scm.server.StorageContainerManager.createSCM(StorageContainerManager.java:598)
	at org.apache.hadoop.ozone.TestSecureOzoneCluster.lambda$testSecureScmStartupFailure$4(TestSecureOzoneCluster.java:368)
	at org.apache.hadoop.test.LambdaTestUtils.intercept(LambdaTestUtils.java:491)
	at org.apache.hadoop.test.LambdaTestUtils.intercept(LambdaTestUtils.java:377)
	at org.apache.hadoop.test.LambdaTestUtils.intercept(LambdaTestUtils.java:446)
	at org.apache.hadoop.ozone.TestSecureOzoneCluster.testCommonKerberosFailures(TestSecureOzoneCluster.java:375)
	at org.apache.hadoop.ozone.TestSecureOzoneCluster.testSecureScmStartupFailure(TestSecureOzoneCluster.java:367)
	at sun.reflect.NativeMethodAccessorImpl.invoke0(Native Method)
	at sun.reflect.NativeMethodAccessorImpl.invoke(NativeMethodAccessorImpl.java:62)
	at sun.reflect.DelegatingMethodAccessorImpl.invoke(DelegatingMethodAccessorImpl.java:43)
	at java.lang.reflect.Method.invoke(Method.java:498)
	at org.junit.runners.model.FrameworkMethod$1.runReflectiveCall(FrameworkMethod.java:47)
	at org.junit.internal.runners.model.ReflectiveCallable.run(ReflectiveCallable.java:12)
	at org.junit.runners.model.FrameworkMethod.invokeExplosively(FrameworkMethod.java:44)
	at org.junit.internal.runners.statements.InvokeMethod.evaluate(InvokeMethod.java:17)
	at org.junit.internal.runners.statements.RunBefores.evaluate(RunBefores.java:26)
	at org.junit.internal.runners.statements.RunAfters.evaluate(RunAfters.java:27)
	at org.junit.internal.runners.statements.FailOnTimeout$StatementThread.run(FailOnTimeout.java:74)
Caused by: javax.security.auth.login.LoginException: Unable to obtain password from user

	at com.sun.security.auth.module.Krb5LoginModule.promptForPass(Krb5LoginModule.java:897)
	at com.sun.security.auth.module.Krb5LoginModule.attemptAuthentication(Krb5LoginModule.java:760)
	at com.sun.security.auth.module.Krb5LoginModule.login(Krb5LoginModule.java:617)
	at sun.reflect.GeneratedMethodAccessor19.invoke(Unknown Source)
	at sun.reflect.DelegatingMethodAccessorImpl.invoke(DelegatingMethodAccessorImpl.java:43)
	at java.lang.reflect.Method.invoke(Method.java:498)
	at javax.security.auth.login.LoginContext.invoke(LoginContext.java:755)
	at javax.security.auth.login.LoginContext.access$000(LoginContext.java:195)
	at javax.security.auth.login.LoginContext$4.run(LoginContext.java:682)
	at javax.security.auth.login.LoginContext$4.run(LoginContext.java:680)
	at java.security.AccessController.doPrivileged(Native Method)
	at javax.security.auth.login.LoginContext.invokePriv(LoginContext.java:680)
	at javax.security.auth.login.LoginContext.login(LoginContext.java:587)
	at org.apache.hadoop.security.UserGroupInformation$HadoopLoginContext.login(UserGroupInformation.java:1926)
	at org.apache.hadoop.security.UserGroupInformation.doSubjectLogin(UserGroupInformation.java:1837)
	... 24 more

